r1023077.fit is not a target (BIAS)
r1023078.fit is not a target (BIAS)
r1023079.fit is not a target (BIAS)
r1023080.fit is not a target (BIAS)
r1023081.fit is not a target (BIAS)
r1023082.fit is not a target (SKY)
r1023083.fit is not a target (SKY)
r1023084.fit is not a target (SKY)
r1023085.fit is not a target (SKY)
r1023086.fit is not a target (SKY)
r1023087.fit is not a target (SKY)
r1023088.fit is not a target (SKY)
r1023089.fit is not a target (SKY)
r1023090.fit is not a target (SKY)
r1023091.fit is not a target (SKY)
r1023092.fit is not a target (SKY)
r1023093.fit is not a target (SKY)
r1023094.fit is not a target (SKY)
r1023095.fit is not a target (SKY)
r1023096.fit is not a target (SKY)
r1023097.fit is not a target (SKY)
r1023098.fit is not a target (SKY)
r1023099.fit is not a target (SKY)
r1023100.fit is not a target (SKY)
r1023101.fit is not a target (SKY)
r1023102.fit is not a target (SKY)
r1023103.fit is not a target (SKY)
r1023104.fit is not a target (SKY)
r1023105.fit is not a target (SKY)
r1023106.fit is not a target (SKY)
r1023107.fit is not a target (SKY)
r1023108.fit is not a target (SKY)
r1023109.fit is not a target (SKY)
r1023110.fit is not a target (SKY)
r1023111.fit  4.48  1.48 0.095  1294.1 from  25 sources of SA113-260 Ha
r1023112.fit  4.46  1.47 0.056  2320.1 from  42 sources of SA113-260 r
r1023113.fit  4.02  1.33 0.124  2753.6 from  39 sources of SA113-260 i
r1023114.fit  4.47  1.48 0.075   758.8 from  12 sources of SA113-260
r1023115.fit  5.55  1.83 0.053   704.5 from  11 sources of SA113-260
r1023116.fit  4.29  1.42 0.127   466.4 from   9 sources of SA112-250 Ha
r1023117.fit  4.04  1.33 0.061   443.4 from  18 sources of SA112-250 r
r1023118.fit  4.29  1.42 0.091   702.8 from  19 sources of SA112-250 i
r1023119.fit  4.23  1.40 0.118   259.4 from   7 sources of SA112-250 U
r1023120.fit  5.14  1.70 0.118   169.8 from   6 sources of SA112-250 g
r1023121.fit  3.26  1.08 0.074   111.0 from  26 sources of Wolf1346 Ha
r1023122.fit  3.78  1.25 0.054   122.5 from  42 sources of Wolf1346 r
r1023123.fit  3.22  1.06 0.072   186.1 from  40 sources of Wolf1346 i
r1023124.fit  3.61  1.19 0.070   164.0 from  36 sources of intphas_6362 Ha
r1023125.fit  4.26  1.41 0.059   290.1 from  63 sources of intphas_6362 r
r1023126.fit  3.47  1.15 0.058   256.9 from 114 sources of intphas_6362 i
r1023127.fit  4.08  1.35 0.045   105.8 from  37 sources of intphas_6362o Ha
r1023128.fit  3.87  1.28 0.070   228.5 from 123 sources of intphas_6362o r
r1023129.fit  3.23  1.07 0.039   179.2 from 189 sources of intphas_6362o i
r1023130.fit  6.66  2.20 0.049    89.8 from  57 sources of intphas_5818 Ha
r1023131.fit  3.59  1.18 0.045   208.3 from 411 sources of intphas_5818 r
r1023132.fit  4.08  1.35 0.053   177.7 from 287 sources of intphas_5818 i
r1023133.fit  4.85  1.60 0.049    84.4 from 103 sources of intphas_5818o Ha
r1023134.fit  3.60  1.19 0.044   193.1 from 551 sources of intphas_5818o r
r1023135.fit  3.56  1.17 0.048   155.5 from 554 sources of intphas_5818o i
r1023136.fit  3.75  1.24 0.055    82.2 from 159 sources of intphas_5824 Ha
r1023137.fit  3.81  1.26 0.054   189.3 from 382 sources of intphas_5824 r
r1023138.fit  4.11  1.36 0.071   159.9 from 309 sources of intphas_5824 i
r1023139.fit  3.98  1.31 0.068    81.8 from 143 sources of intphas_5824o Ha
r1023140.fit  3.58  1.18 0.043   141.8 from 419 sources of intphas_5824o r
r1023141.fit  3.65  1.20 0.057   118.7 from 390 sources of intphas_5824o i
r1023142.fit  3.66  1.21 0.055    80.8 from 162 sources of intphas_5834 Ha
r1023143.fit  4.43  1.46 0.049   179.8 from 242 sources of intphas_5834 r
r1023144.fit  3.45  1.14 0.060   151.8 from 362 sources of intphas_5834 i
r1023145.fit  3.95  1.30 0.067    78.8 from 158 sources of intphas_5834o Ha
r1023146.fit  4.81  1.59 0.045   187.7 from 251 sources of intphas_5834o r
r1023147.fit  4.49  1.48 0.056   149.9 from 247 sources of intphas_5834o i
r1023148.fit  3.92  1.29 0.081    77.8 from 102 sources of intphas_6734 Ha
r1023149.fit  3.45  1.14 0.062   148.8 from 253 sources of intphas_6734 r
r1023150.fit  3.77  1.24 0.060   121.3 from 179 sources of intphas_6734 i
r1023151.fit  3.55  1.17 0.084    81.5 from  94 sources of intphas_6734o Ha
r1023152.fit  3.76  1.24 0.045   154.9 from 140 sources of intphas_6734o r
r1023153.fit  2.71  0.89 0.084   122.3 from 222 sources of intphas_6734o i
r1023154.fit  3.93  1.30 0.128    82.8 from  88 sources of intphas_6806 Ha
r1023155.fit  3.33  1.10 0.075   194.6 from 136 sources of intphas_6806 r
r1023156.fit  3.76  1.24 0.052   178.1 from  59 sources of intphas_6806 i
r1023157.fit  4.41  1.46 0.071    84.9 from  32 sources of intphas_6806o Ha
r1023158.fit  4.91  1.62 0.033   214.2 from 123 sources of intphas_6806o r
r1023159.fit  4.83  1.59 0.072   171.9 from  98 sources of intphas_6806o i
r1023160.fit  5.87  1.94 0.029    77.8 from  19 sources of intphas_7107 Ha
r1023161.fit  4.62  1.52 0.056   205.1 from  44 sources of intphas_7107 r
r1023162.fit  3.30  1.09 0.074   167.5 from  89 sources of intphas_7107 i
r1023163.fit  6.02  1.99 0.059    77.0 from  22 sources of intphas_7107o Ha
r1023164.fit  5.36  1.77 0.027   191.2 from  34 sources of intphas_7107o r
r1023165.fit  4.27  1.41 0.047   153.7 from  60 sources of intphas_7107o i
r1023166.fit  3.86  1.27 0.057   106.5 from 131 sources of intphas_6686 Ha
r1023167.fit  5.85  1.93 0.046   186.2 from 171 sources of intphas_6686 r
r1023168.fit  3.64  1.20 0.058   147.4 from 316 sources of intphas_6686 i
r1023169.fit  5.87  1.94 0.042   100.8 from  60 sources of intphas_6686o Ha
r1023170.fit  5.83  1.92 0.039   186.3 from 165 sources of intphas_6686o r
r1023171.fit  6.38  2.11 0.061   154.4 from 118 sources of intphas_6686o i
r1023172.fit  4.38  1.45 0.060    74.2 from  75 sources of intphas_7220 Ha
r1023173.fit  3.55  1.17 0.092   186.3 from 273 sources of intphas_7220 r
r1023174.fit  4.51  1.49 0.039   114.1 from 135 sources of intphas_7220 i
r1023175.fit  4.51  1.49 0.050    74.8 from  47 sources of intphas_7220o Ha
r1023176.fit  3.11  1.03 0.077   182.6 from 188 sources of intphas_7220o r
r1023177.fit  3.56  1.17 0.061   151.6 from 142 sources of intphas_7220o i
r1023178.fit  3.26  1.08 0.085    80.5 from  67 sources of intphas_7115 Ha
r1023179.fit  5.70  1.88 0.036   192.0 from  70 sources of intphas_7115 r
r1023180.fit  4.78  1.58 0.033   149.7 from  94 sources of intphas_7115 i
r1023181.fit  3.52  1.16 0.086    81.5 from  48 sources of intphas_7115o Ha
r1023182.fit  2.96  0.98 0.052   209.6 from  78 sources of intphas_7115o r
r1023183.fit  3.29  1.09 0.042   165.2 from  65 sources of intphas_7115o i
r1023184.fit  3.84  1.27 0.041    79.0 from  26 sources of intphas_7123 Ha
r1023185.fit  4.04  1.33 0.063   171.6 from 135 sources of intphas_7123 r
r1023186.fit  3.92  1.29 0.037   150.6 from 145 sources of intphas_7123 i
r1023187.fit  3.68  1.21 0.069    76.5 from  56 sources of intphas_7123o Ha
r1023188.fit  4.07  1.34 0.037   185.8 from  77 sources of intphas_7123o r
r1023189.fit  3.98  1.31 0.055   149.6 from 108 sources of intphas_7123o i
r1023190.fit  4.08  1.35 0.056    76.7 from  54 sources of intphas_7124 Ha
r1023191.fit  3.47  1.15 0.049   176.7 from 210 sources of intphas_7124 r
r1023192.fit  3.36  1.11 0.044   152.0 from 259 sources of intphas_7124 i
r1023193.fit  4.16  1.37 0.051    77.6 from  70 sources of intphas_7124o Ha
r1023194.fit  3.98  1.31 0.036   164.4 from 231 sources of intphas_7124o r
r1023195.fit  3.67  1.21 0.061   130.2 from 271 sources of intphas_7124o i
r1023196.fit  4.32  1.43 0.195    32.4 from   9 sources of SA92-502 Ha
r1023197.fit  5.82  1.92 0.286    54.2 from   1 sources of SA92-502 r
r1023198.fit  4.29  1.42 0.109    49.7 from   2 sources of SA92-502 i
r1023199.fit  4.22  1.39 0.217    28.2 from   9 sources of SA92-502 U
r1023200.fit  0.83  0.27 0.090    24.6 from   5 sources of SA92-502 g
r1023201.fit  4.23  1.40 0.064    43.6 from 167 sources of intphas_0508 Ha
r1023202.fit  3.98  1.31 0.074   154.2 from 577 sources of intphas_0508 r
r1023203.fit  3.70  1.22 0.088   110.6 from 611 sources of intphas_0508 i
r1023204.fit  4.52  1.49 0.052    40.9 from 176 sources of intphas_0508o Ha
r1023205.fit  3.90  1.29 0.074   135.8 from 768 sources of intphas_0508o r
r1023206.fit  3.72  1.23 0.076   111.0 from 669 sources of intphas_0508o i
r1023207.fit  4.18  1.38 0.054    20.2 from 206 sources of intphas_0509 Ha
r1023208.fit  3.84  1.27 0.081   123.7 from 627 sources of intphas_0509 r
r1023209.fit  4.00  1.32 0.088   103.8 from 526 sources of intphas_0509 i
r1023210.fit  3.89  1.28 0.066    37.3 from 261 sources of intphas_0509o Ha
r1023211.fit  4.32  1.43 0.055   131.7 from 548 sources of intphas_0509o r
r1023212.fit  7.02  2.32 0.056   114.6 from 199 sources of intphas_0509o i
r1023213.fit  4.32  1.43 0.062    40.1 from 300 sources of intphas_0510 Ha
r1023214.fit  5.00  1.65 0.054   127.5 from 711 sources of intphas_0510 r
r1023215.fit  7.80  2.57 0.062   109.5 from 215 sources of intphas_0510 i
r1023216.fit  4.92  1.62 0.058    34.0 from 251 sources of intphas_0510o Ha
r1023217.fit  5.34  1.76 0.045   124.6 from 592 sources of intphas_0510o r
r1023218.fit  4.30  1.42 0.093    98.1 from 637 sources of intphas_0510o i
r1023219.fit  3.82  1.26 0.079    29.4 from 190 sources of intphas_0511 Ha
r1023220.fit  4.40  1.45 0.052    43.0 from 431 sources of intphas_0511 r
r1023221.fit  5.35  1.77 0.042   100.1 from 244 sources of intphas_0511 i
r1023222.fit  4.35  1.44 0.078    37.3 from 144 sources of intphas_0511o Ha
r1023223.fit  3.56  1.17 0.080    92.7 from 556 sources of intphas_0511o r
r1023224.fit  3.53  1.16 0.084   109.8 from 507 sources of intphas_0511o i
r1023225.fit  5.11  1.69 0.032    39.0 from  95 sources of intphas_0512 Ha
r1023226.fit  4.18  1.38 0.055    93.7 from 355 sources of intphas_0512 r
r1023227.fit  3.96  1.31 0.054    85.4 from 289 sources of intphas_0512 i
r1023228.fit  4.24  1.40 0.065    32.0 from 141 sources of intphas_0512o Ha
r1023229.fit  4.14  1.37 0.050   107.5 from 355 sources of intphas_0512o r
r1023230.fit  3.60  1.19 0.049    85.0 from 303 sources of intphas_0512o i
r1023231.fit  4.60  1.52 0.044    38.6 from 128 sources of intphas_0518 Ha
r1023232.fit  4.74  1.56 0.037   119.2 from 352 sources of intphas_0518 r
r1023233.fit  3.89  1.28 0.065   103.9 from 452 sources of intphas_0518 i
r1023234.fit  4.80  1.58 0.068    30.0 from 147 sources of intphas_0518o Ha
r1023235.fit  4.98  1.64 0.050    98.5 from 356 sources of intphas_0518o r
r1023236.fit  4.67  1.54 0.073    79.2 from 333 sources of intphas_0518o i
r1023237.fit  4.79  1.58 0.038    37.9 from 102 sources of intphas_0519 Ha
r1023238.fit  3.88  1.28 0.068   103.8 from 405 sources of intphas_0519 r
r1023239.fit  3.31  1.09 0.076    87.6 from 471 sources of intphas_0519 i
r1023240.fit  4.82  1.59 0.090    38.6 from 105 sources of intphas_0519o Ha
r1023241.fit  5.07  1.67 0.050   123.9 from 263 sources of intphas_0519o r
r1023242.fit  4.07  1.34 0.051   101.2 from 346 sources of intphas_0519o i
r1023243.fit  4.20  1.39 0.033    39.6 from 120 sources of intphas_0520 Ha
r1023244.fit  4.81  1.59 0.054   124.3 from 243 sources of intphas_0520 r
r1023245.fit  4.96  1.64 0.049   103.4 from 195 sources of intphas_0520 i
r1023246.fit  4.64  1.53 0.068    39.9 from  90 sources of intphas_0520o Ha
r1023247.fit  6.15  2.03 0.043   145.4 from 117 sources of intphas_0520o r
r1023248.fit  5.46  1.80 0.042   115.4 from 105 sources of intphas_0520o i
r1023249.fit  5.01  1.65 0.050    43.9 from  71 sources of intphas_0521 Ha
r1023250.fit  5.14  1.70 0.043   142.6 from 189 sources of intphas_0521 r
r1023251.fit  3.90  1.29 0.064   117.6 from 122 sources of intphas_0521 i
r1023252.fit  5.80  1.91 0.139    45.7 from  29 sources of intphas_0521o Ha
r1023253.fit  4.38  1.45 0.059   165.3 from 108 sources of intphas_0521o r
r1023254.fit  4.63  1.53 0.078   118.0 from  81 sources of intphas_0521o i
r1023255.fit  4.50  1.49 0.048    41.6 from 146 sources of intphas_0965 Ha
r1023256.fit  7.02  2.32 0.040   155.2 from 101 sources of intphas_0965 r
r1023257.fit  5.01  1.65 0.045   115.0 from 120 sources of intphas_0965 i
r1023258.fit  5.63  1.86 0.141    45.8 from 119 sources of intphas_0965o Ha
r1023259.fit  5.70  1.88 0.053   135.8 from 344 sources of intphas_0965o r
r1023260.fit  4.01  1.32 0.073   101.9 from 461 sources of intphas_0965o i
r1023261.fit  4.28  1.41 0.065    36.9 from 106 sources of intphas_0966 Ha
r1023262.fit  4.26  1.41 0.077   118.2 from 266 sources of intphas_0966 r
r1023263.fit  4.74  1.56 0.088   107.7 from 242 sources of intphas_0966 i
r1023264.fit  4.04  1.33 0.083    36.6 from 150 sources of intphas_0966o Ha
r1023265.fit  3.75  1.24 0.101   119.7 from 410 sources of intphas_0966o r
r1023266.fit  3.63  1.20 0.112   100.1 from 411 sources of intphas_0966o i
r1023267.fit  4.25  1.40 0.050    31.1 from 198 sources of intphas_0967 Ha
r1023268.fit  3.88  1.28 0.077    15.6 from 576 sources of intphas_0967 r
r1023269.fit  3.90  1.29 0.080    86.1 from 451 sources of intphas_0967 i
r1023270.fit  3.70  1.22 0.150    31.0 from 255 sources of intphas_0967o Ha
r1023271.fit  3.42  1.13 0.102    84.2 from 707 sources of intphas_0967o r
r1023272.fit  3.22  1.06 0.108    70.5 from 654 sources of intphas_0967o i
r1023273.fit  3.79  1.25 0.069    36.1 from 240 sources of intphas_0968 Ha
r1023274.fit  3.57  1.18 0.071   120.2 from 639 sources of intphas_0968 r
r1023275.fit  3.47  1.15 0.111    69.4 from 624 sources of intphas_0968 i
r1023276.fit  3.89  1.28 0.100    30.4 from 248 sources of intphas_0968o Ha
r1023277.fit  4.30  1.42 0.060    91.0 from 590 sources of intphas_0968o r
r1023278.fit  3.51  1.16 0.092    37.7 from 651 sources of intphas_0968o i
r1023279.fit  4.69  1.55 0.066    38.7 from 134 sources of intphas_0970 Ha
r1023280.fit  3.96  1.31 0.096    55.5 from 433 sources of intphas_0970 r
r1023281.fit  3.61  1.19 0.082    88.3 from 401 sources of intphas_0970 i
r1023282.fit  3.90  1.29 0.075    40.8 from 193 sources of intphas_0970o Ha
r1023283.fit  3.70  1.22 0.071   124.8 from 484 sources of intphas_0970o r
r1023284.fit  3.38  1.12 0.102    84.3 from 529 sources of intphas_0970o i
r1023285.fit  4.08  1.35 0.076    38.1 from 137 sources of intphas_0971 Ha
r1023286.fit  3.71  1.22 0.101   118.5 from 336 sources of intphas_0971 r
r1023287.fit  4.10  1.35 0.076   100.9 from 208 sources of intphas_0971 i
r1023288.fit  3.76  1.24 0.078    38.8 from  89 sources of intphas_0971o Ha
r1023289.fit  3.38  1.12 0.076   138.5 from 203 sources of intphas_0971o r
r1023290.fit  4.36  1.44 0.049    95.5 from 170 sources of intphas_0971o i
r1023291.fit  3.87  1.28 0.074    43.7 from 182 sources of intphas_0972o Ha
r1023292.fit  3.90  1.29 0.080    29.6 from 441 sources of intphas_0972o r
r1023293.fit  3.51  1.16 0.056    35.9 from 306 sources of intphas_0972o i
r1023294.fit  3.95  1.30 0.076    30.3 from 225 sources of intphas_0973 Ha
r1023295.fit  4.15  1.37 0.068   110.2 from 472 sources of intphas_0973 r
r1023296.fit  3.55  1.17 0.072    95.9 from 315 sources of intphas_0973 i
r1023297.fit  4.07  1.34 0.062    38.5 from 174 sources of intphas_0973o Ha
r1023298.fit  4.38  1.45 0.049   107.4 from 434 sources of intphas_0973o r
r1023299.fit  4.18  1.38 0.046   109.0 from 186 sources of intphas_0973o i
r1023300.fit  4.05  1.34 0.050    42.8 from  63 sources of intphas_0974 Ha
r1023301.fit  4.41  1.46 0.055   125.5 from 281 sources of intphas_0974 r
r1023302.fit  3.75  1.24 0.054   103.6 from 271 sources of intphas_0974 i
r1023303.fit  4.25  1.40 0.056    16.4 from 156 sources of intphas_0974o Ha
r1023304.fit  3.96  1.31 0.070   112.9 from 431 sources of intphas_0974o r
r1023305.fit  3.57  1.18 0.074    80.5 from 528 sources of intphas_0974o i
r1023306.fit  3.97  1.31 0.053    37.8 from 209 sources of intphas_0975 Ha
r1023307.fit  4.01  1.32 0.042    90.9 from 500 sources of intphas_0975 r
r1023308.fit  3.54  1.17 0.070    87.2 from 426 sources of intphas_0975 i
r1023309.fit  3.61  1.19 0.093    41.1 from 229 sources of intphas_0975o Ha
r1023310.fit  3.91  1.29 0.090   104.4 from 586 sources of intphas_0975o r
r1023311.fit  3.70  1.22 0.068    80.6 from 512 sources of intphas_0975o i
r1023312.fit  3.80  1.25 0.081    36.6 from 158 sources of intphas_0976 Ha
r1023313.fit  3.96  1.31 0.072    99.7 from 335 sources of intphas_0976 r
r1023314.fit  3.41  1.13 0.088    90.8 from 389 sources of intphas_0976 i
r1023315.fit  4.08  1.35 0.118    36.2 from 142 sources of intphas_0976o Ha
r1023316.fit  4.04  1.33 0.072   109.2 from 315 sources of intphas_0976o r
r1023317.fit  3.26  1.08 0.117    57.8 from 423 sources of intphas_0976o i
r1023318.fit  4.02  1.33 0.057    32.3 from 121 sources of intphas_1012 Ha
r1023319.fit  4.31  1.42 0.082   100.7 from 281 sources of intphas_1012 r
r1023320.fit  3.72  1.23 0.083    83.4 from 332 sources of intphas_1012 i
r1023321.fit  3.73  1.23 0.090    33.5 from 135 sources of intphas_1012o Ha
r1023322.fit  3.96  1.31 0.056   110.7 from 322 sources of intphas_1012o r
r1023323.fit  3.67  1.21 0.083    83.0 from 351 sources of intphas_1012o i
r1023324.fit  4.95  1.63 0.148    26.6 from  29 sources of SA95-271 Ha
r1023325.fit  4.88  1.61 0.057    70.1 from  36 sources of SA95-271 r
r1023326.fit  4.40  1.45 0.061    62.8 from  14 sources of SA95-271 i
r1023327.fit  4.91  1.62 0.195    32.7 from   9 sources of SA95-271 U
r1023328.fit  4.22  1.39 0.094    32.0 from   7 sources of SA95-271 g
r1023329.fit  4.14  1.37 0.102   122.6 from 619 sources of uvex_2033 r
r1023330.fit  5.15  1.70 0.085    46.3 from  41 sources of uvex_2033 U
r1023331.fit  4.55  1.50 0.084    59.0 from 315 sources of uvex_2033 g
r1023332.fit  4.86  1.60 0.103    23.6 from 472 sources of uvex_2033o r
r1023333.fit  4.83  1.59 0.094    51.5 from  55 sources of uvex_2033o U
r1023334.fit  3.84  1.27 0.102    22.9 from 460 sources of uvex_2033o g
r1023335.fit  4.86  1.60 0.048   130.0 from 650 sources of uvex_2071 r
r1023336.fit  5.18  1.71 0.080    46.9 from  75 sources of uvex_2071 U
r1023337.fit  4.03  1.33 0.113    66.4 from 683 sources of uvex_2071 g
r1023338.fit  4.35  1.44 0.155   116.9 from 880 sources of uvex_2071o r
r1023339.fit  5.26  1.74 0.107    46.9 from  92 sources of uvex_2071o U
r1023340.fit  4.12  1.36 0.083    66.7 from 644 sources of uvex_2071o g
r1023341.fit  4.75  1.57 0.079    99.8 from 454 sources of uvex_2100 r
r1023342.fit  5.11  1.69 0.077    50.8 from  52 sources of uvex_2100 U
r1023343.fit  4.20  1.39 0.092    67.4 from 391 sources of uvex_2100 g
r1023344.fit  4.49  1.48 0.131   128.4 from 578 sources of uvex_2100o r
r1023345.fit  5.11  1.69 0.081    49.8 from  72 sources of uvex_2100o U
r1023346.fit  4.26  1.41 0.080    65.4 from 421 sources of uvex_2100o g
r1023347.fit  4.18  1.38 0.073    96.4 from 739 sources of uvex_2195 r
r1023348.fit  5.36  1.77 0.096    46.6 from  72 sources of uvex_2195 U
r1023349.fit  5.35  1.77 0.054    66.5 from 355 sources of uvex_2195 g
r1023350.fit  4.24  1.40 0.077   126.0 from 673 sources of uvex_2195o r
r1023351.fit  5.63  1.86 0.083    49.3 from  50 sources of uvex_2195o U
r1023352.fit  4.82  1.59 0.069    60.5 from 431 sources of uvex_2195o g
r1023353.fit  4.12  1.36 0.062   127.9 from 604 sources of uvex_2239 r
r1023354.fit  5.41  1.79 0.117    45.2 from  68 sources of uvex_2239 U
r1023355.fit  4.98  1.64 0.075    66.4 from 349 sources of uvex_2239 g
r1023356.fit  3.76  1.24 0.101   126.8 from 766 sources of uvex_2239o r
r1023357.fit  5.35  1.77 0.076    44.4 from  70 sources of uvex_2239o U
r1023358.fit  4.90  1.62 0.097    33.7 from 365 sources of uvex_2239o g
r1023359.fit  4.44  1.47 0.110   127.7 from 278 sources of uvex_1943 r
r1023360.fit  4.62  1.52 0.078    52.3 from  14 sources of uvex_1943 U
r1023361.fit  4.08  1.35 0.119    68.6 from 160 sources of uvex_1943 g
r1023362.fit  4.68  1.54 0.104   130.3 from 386 sources of uvex_2022 r
r1023363.fit  6.30  2.08 0.071    54.7 from  43 sources of uvex_2022 U
r1023364.fit  6.22  2.05 0.041    69.3 from 150 sources of uvex_2022 g
r1023365.fit  4.75  1.57 0.091   128.3 from 436 sources of uvex_2022o r
r1023366.fit  5.43  1.79 0.078    46.4 from  49 sources of uvex_2022o U
r1023367.fit  4.66  1.54 0.066    67.7 from 281 sources of uvex_2022o g
r1023368.fit  4.67  1.54 0.050   130.6 from 257 sources of uvex_2025 r
r1023369.fit  5.36  1.77 0.094    52.8 from  26 sources of uvex_2025 U
r1023370.fit  4.36  1.44 0.056    71.2 from 178 sources of uvex_2025 g
r1023371.fit  4.63  1.53 0.072   130.8 from 302 sources of uvex_2025o r
r1023372.fit  5.34  1.76 0.080    50.3 from  23 sources of uvex_2025o U
r1023373.fit  4.98  1.64 0.048    69.2 from 143 sources of uvex_2025o g
r1023374.fit  4.92  1.62 0.052   142.4 from 241 sources of uvex_2031 r
r1023375.fit  5.37  1.77 0.088    55.8 from  21 sources of uvex_2031 U
r1023376.fit  5.93  1.96 0.037    72.5 from 106 sources of uvex_2031 g
r1023377.fit  5.08  1.68 0.065   139.1 from 227 sources of uvex_2031o r
r1023378.fit  5.00  1.65 0.057    56.1 from  21 sources of uvex_2031o U
r1023379.fit  4.83  1.59 0.049    70.2 from 142 sources of uvex_2031o g
r1023380.fit  4.86  1.60 0.102   106.9 from 420 sources of uvex_2522 r
r1023381.fit  5.90  1.95 0.063    49.6 from  49 sources of uvex_2522 U
r1023382.fit  4.55  1.50 0.066    70.2 from 311 sources of uvex_2522 g
r1023383.fit  4.75  1.57 0.051   137.6 from 364 sources of uvex_2522o r
r1023384.fit  4.91  1.62 0.107    47.2 from  62 sources of uvex_2522o U
r1023385.fit  5.22  1.72 0.054    70.2 from 222 sources of uvex_2522o g
r1023386.fit  4.42  1.46 0.064   147.8 from 283 sources of uvex_2524 r
r1023387.fit  6.08  2.01 0.075    51.7 from  38 sources of uvex_2524 U
r1023388.fit  4.96  1.64 0.065    69.4 from 154 sources of uvex_2524 g
r1023389.fit  3.93  1.30 0.076   144.2 from 355 sources of uvex_2524o r
r1023390.fit  5.01  1.65 0.078    46.3 from  40 sources of uvex_2524o U
r1023391.fit  4.01  1.32 0.072    68.2 from 206 sources of uvex_2524o g
r1023392.fit  5.57  1.84 0.041   138.6 from 390 sources of uvex_2526 r
r1023393.fit  5.33  1.76 0.056    52.4 from  74 sources of uvex_2526 U
r1023394.fit  3.90  1.29 0.083    60.9 from 587 sources of uvex_2526 g
r1023395.fit  4.25  1.40 0.082   115.8 from 648 sources of uvex_2526o r
r1023396.fit  5.01  1.65 0.068    47.7 from  81 sources of uvex_2526o U
r1023397.fit  5.07  1.67 0.044    66.1 from 327 sources of uvex_2526o g
r1023398.fit  4.55  1.50 0.051    46.7 from 476 sources of uvex_2528 r
r1023399.fit  4.90  1.62 0.073    54.2 from  68 sources of uvex_2528 U
r1023400.fit  5.16  1.70 0.079    62.1 from 292 sources of uvex_2528 g
r1023401.fit  4.00  1.32 0.072    97.1 from 656 sources of uvex_2528o r
r1023402.fit  4.45  1.47 0.073    51.1 from  78 sources of uvex_2528o U
r1023403.fit  4.51  1.49 0.055    68.1 from 352 sources of uvex_2528o g
r1023404.fit  3.55  1.17 0.077   106.6 from 718 sources of uvex_2531 r
r1023405.fit  5.18  1.71 0.096    49.9 from  59 sources of uvex_2531 U
r1023406.fit  3.53  1.16 0.060    67.1 from 455 sources of uvex_2531 g
r1023407.fit  4.02  1.33 0.143   144.4 from 663 sources of uvex_2531o r
r1023408.fit  5.21  1.72 0.050    50.6 from  62 sources of uvex_2531o U
r1023409.fit  3.70  1.22 0.056    68.9 from 470 sources of uvex_2531o g
r1023410.fit  4.18  1.38 0.073   148.4 from 635 sources of uvex_2533 r
r1023411.fit  4.68  1.54 0.063    46.8 from  96 sources of uvex_2533 U
r1023412.fit  3.66  1.21 0.072    68.0 from 515 sources of uvex_2533 g
r1023413.fit  3.87  1.28 0.059   147.0 from 638 sources of uvex_2533o r
r1023414.fit  5.53  1.82 0.049    43.5 from  64 sources of uvex_2533o U
r1023415.fit  4.34  1.43 0.079    64.6 from 401 sources of uvex_2533o g
r1023416.fit  3.76  1.24 0.067   138.9 from 770 sources of uvex_2535 r
r1023417.fit  4.99  1.65 0.059    25.7 from  72 sources of uvex_2535 U
r1023418.fit  4.31  1.42 0.064    54.4 from 434 sources of uvex_2535 g
r1023419.fit  4.63  1.53 0.081   106.5 from 527 sources of uvex_2535o r
r1023420.fit  4.98  1.64 0.058    41.3 from  75 sources of uvex_2535o U
r1023421.fit  5.18  1.71 0.068    53.0 from 306 sources of uvex_2535o g
r1023422.fit  3.99  1.32 0.046   141.4 from 412 sources of uvex_2536 r
r1023423.fit  5.38  1.78 0.051    43.1 from  42 sources of uvex_2536 U
r1023424.fit  5.11  1.69 0.042    61.6 from 199 sources of uvex_2536 g
r1023425.fit  4.15  1.37 0.031   142.4 from 420 sources of uvex_2536o r
r1023426.fit  5.33  1.76 0.057    43.3 from  47 sources of uvex_2536o U
r1023427.fit  5.32  1.76 0.067    65.9 from 186 sources of uvex_2536o g
r1023428.fit  4.83  1.59 0.089   152.2 from 470 sources of uvex_2543 r
r1023429.fit  5.35  1.77 0.038    48.5 from  67 sources of uvex_2543 U
r1023430.fit  6.07  2.00 0.052    71.3 from 247 sources of uvex_2543 g
r1023431.fit  4.91  1.62 0.061    33.9 from 450 sources of uvex_2543o r
r1023432.fit  6.33  2.09 0.038    46.4 from  56 sources of uvex_2543o U
r1023433.fit  8.70  2.87 0.036    70.5 from 154 sources of uvex_2543o g
r1023434.fit  6.53  2.15 0.022   150.1 from 165 sources of uvex_2550 r
