r1003484.fit is not a target (BIAS)
r1003485.fit is not a target (SKY)
r1003486.fit is not a target (SKY)
r1003487.fit is not a target (SKY)
r1003488.fit is not a target (SKY)
r1003489.fit is not a target (SKY)
r1003490.fit is not a target (SKY)
r1003491.fit is not a target (SKY)
r1003492.fit is not a target (SKY)
r1003493.fit is not a target (SKY)
r1003494.fit is not a target (SKY)
r1003495.fit is not a target (SKY)
r1003496.fit is not a target (SKY)
r1003497.fit is not a target (SKY)
r1003498.fit is not a target (SKY)
r1003499.fit is not a target (SKY)
r1003500.fit is not a target (SKY)
r1003501.fit is not a target (SKY)
r1003502.fit is not a target (SKY)
r1003503.fit is not a target (FOCUS)
r1003504.fit is not a target (FOCUS)
r1003505.fit  4.47  1.48 0.092    61.3 from  28 sources of SA110-246 Ha
r1003506.fit  4.48  1.48 0.067    62.6 from  17 sources of SA110-246 r
r1003507.fit  4.75  1.57 0.127    57.6 from  35 sources of SA110-246 i
r1003508.fit  7.27  2.40 0.219    66.8 from  39 sources of ST_PG1657 Ha
r1003509.fit  4.67  1.54 0.072   132.1 from 122 sources of ST_PG1657 r
r1003510.fit  5.19  1.71 0.100    76.0 from  45 sources of ST_PG1657 i
r1003511.fit  4.15  1.37 0.065    61.6 from  55 sources of ST_PG1657 Ha
r1003512.fit  3.28  1.08 0.062    36.0 from 145 sources of ST_PG1657 r
r1003513.fit  3.60  1.19 0.084    74.3 from  54 sources of ST_PG1657 i
r1003514.fit  4.35  1.44 0.117   105.1 from  55 sources of intphas_4259o Ha
r1003515.fit  3.98  1.31 0.099   339.9 from 104 sources of intphas_4259o r
r1003516.fit  3.82  1.26 0.088   189.5 from 175 sources of intphas_4259o i
r1003517.fit  4.35  1.44 0.102   107.4 from  93 sources of intphas_4577 Ha
r1003518.fit  4.31  1.42 0.128   311.5 from 205 sources of intphas_4577 r
r1003519.fit  3.54  1.17 0.081   185.5 from 311 sources of intphas_4577 i
r1003520.fit  4.27  1.41 0.107   106.0 from  90 sources of intphas_4577o Ha
r1003521.fit  4.19  1.38 0.162   347.3 from 213 sources of intphas_4577o r
r1003522.fit  3.96  1.31 0.112   181.7 from 257 sources of intphas_4577o i
r1003523.fit  4.64  1.53 0.149    89.6 from 614 sources of intphas_5071 Ha
r1003524.fit  3.89  1.28 0.132   134.7 from 2433 sources of intphas_5071 r
r1003525.fit  3.60  1.19 0.122   132.8 from 1825 sources of intphas_5071 i
r1003526.fit  4.19  1.38 0.152    94.6 from 549 sources of intphas_5156 Ha
r1003527.fit  4.01  1.32 0.121   228.9 from 1847 sources of intphas_5156 r
r1003528.fit  3.50  1.16 0.131   171.2 from 1916 sources of intphas_5156 i
r1003529.fit  4.26  1.41 0.140    90.3 from 522 sources of intphas_5156o Ha
r1003530.fit  3.61  1.19 0.121   258.7 from 2251 sources of intphas_5156o r
r1003531.fit  3.58  1.18 0.124   137.6 from 1769 sources of intphas_5156o i
r1003532.fit  4.05  1.34 0.102    88.3 from 811 sources of intphas_5168 Ha
r1003533.fit  4.01  1.32 0.124   260.0 from 2633 sources of intphas_5168 r
r1003534.fit  3.46  1.14 0.124    56.4 from 2163 sources of intphas_5168 i
r1003535.fit  3.84  1.27 0.112    83.9 from 936 sources of intphas_5168o Ha
r1003536.fit  3.86  1.27 0.165   258.5 from 2912 sources of intphas_5168o r
r1003537.fit  3.54  1.17 0.125   121.0 from 2128 sources of intphas_5168o i
r1003538.fit  3.93  1.30 0.108    36.5 from 498 sources of intphas_5171 Ha
r1003539.fit  4.17  1.38 0.142   263.9 from 1548 sources of intphas_5171 r
r1003540.fit  3.97  1.31 0.129   138.9 from 1342 sources of intphas_5171 i
r1003541.fit  4.24  1.40 0.102    96.4 from 449 sources of intphas_5171o Ha
r1003542.fit  4.07  1.34 0.107    85.9 from 1491 sources of intphas_5171o r
r1003543.fit  4.11  1.36 0.143   163.5 from 1347 sources of intphas_5171o i
r1003544.fit  4.26  1.41 0.104    93.6 from 244 sources of intphas_5205 Ha
r1003545.fit  4.07  1.34 0.070   273.1 from 812 sources of intphas_5205 r
r1003546.fit  4.14  1.37 0.083   149.0 from 820 sources of intphas_5205 i
r1003547.fit  4.22  1.39 0.078    97.2 from 228 sources of intphas_5459 Ha
r1003548.fit  3.87  1.28 0.083   277.6 from 726 sources of intphas_5459 r
r1003549.fit  3.53  1.16 0.114   171.1 from 852 sources of intphas_5459 i
r1003550.fit  3.93  1.30 0.085    93.6 from 281 sources of intphas_5459o Ha
r1003551.fit  3.91  1.29 0.123   267.9 from 860 sources of intphas_5459o r
r1003552.fit  4.01  1.32 0.142   161.5 from 819 sources of intphas_5459o i
r1003553.fit  3.87  1.28 0.078    96.3 from 244 sources of intphas_5656 Ha
r1003554.fit  4.00  1.32 0.096   277.2 from 626 sources of intphas_5656 r
r1003555.fit  3.81  1.26 0.087   165.5 from 619 sources of intphas_5656 i
r1003556.fit  4.22  1.39 0.104    77.9 from 222 sources of intphas_5656o Ha
r1003557.fit  4.19  1.38 0.153   270.2 from 588 sources of intphas_5656o r
r1003558.fit  3.89  1.28 0.096   167.8 from 622 sources of intphas_5656o i
r1003559.fit  4.03  1.33 0.105    88.7 from 252 sources of intphas_5658 Ha
r1003560.fit  3.83  1.26 0.114   249.3 from 684 sources of intphas_5658 r
r1003561.fit  3.65  1.20 0.092   156.8 from 689 sources of intphas_5658 i
r1003562.fit  3.90  1.29 0.084    78.4 from 280 sources of intphas_5658o Ha
r1003563.fit  3.62  1.19 0.067   258.5 from 763 sources of intphas_5658o r
r1003564.fit  3.47  1.15 0.080   153.8 from 747 sources of intphas_5658o i
r1003565.fit  4.94  1.63 0.267    47.7 from 767 sources of intphas_5150 Ha
r1003566.fit  4.04  1.33 0.172    98.8 from 2660 sources of intphas_5150 r
r1003567.fit  3.45  1.14 0.146   121.3 from 2223 sources of intphas_5150 i
r1003568.fit  3.43  1.13 0.101    84.9 from 1051 sources of intphas_5150o Ha
r1003569.fit  3.28  1.08 0.098   205.0 from 3321 sources of intphas_5150o r
r1003570.fit  2.93  0.97 0.113   141.6 from 2513 sources of intphas_5150o i
r1003571.fit  4.29  1.42 0.178    88.5 from 846 sources of intphas_5211 Ha
r1003572.fit  3.56  1.17 0.119   122.0 from 2966 sources of intphas_5211 r
r1003573.fit  3.29  1.09 0.132   110.2 from 2373 sources of intphas_5211 i
r1003574.fit  6.24  2.06 0.259    64.2 from 491 sources of intphas_5237o Ha
r1003575.fit  3.67  1.21 0.127   123.2 from 2443 sources of intphas_5237o r
r1003576.fit  3.30  1.09 0.135   117.5 from 2090 sources of intphas_5237o i
r1003577.fit  3.16  1.04 0.096    90.1 from 659 sources of intphas_5630 Ha
r1003578.fit  3.34  1.10 0.101   119.4 from 1762 sources of intphas_5630 r
r1003579.fit  3.24  1.07 0.119   109.7 from 1548 sources of intphas_5630 i
r1003580.fit  3.50  1.16 0.096    89.0 from 540 sources of intphas_5630o Ha
r1003581.fit  3.44  1.14 0.117   106.3 from 1609 sources of intphas_5630o r
r1003582.fit  3.35  1.11 0.100   103.5 from 1297 sources of intphas_5630o i
r1003583.fit  3.87  1.28 0.109   296.7 from 209 sources of intphas_5920 Ha
r1003584.fit  3.64  1.20 0.090   350.4 from 496 sources of intphas_5920 r
r1003585.fit  3.99  1.32 0.085   355.7 from 440 sources of intphas_5920 i
r1003586.fit  3.67  1.21 0.062   284.8 from 191 sources of intphas_5920o Ha
r1003587.fit  3.54  1.17 0.060   347.2 from 439 sources of intphas_5920o r
r1003588.fit  3.77  1.24 0.088   379.1 from 443 sources of intphas_5920o i
r1003589.fit  4.13  1.36 0.127   295.4 from 188 sources of intphas_5931 Ha
r1003590.fit  3.35  1.11 0.082   336.9 from 429 sources of intphas_5931 r
r1003591.fit  3.38  1.12 0.089   365.0 from 419 sources of intphas_5931 i
r1003592.fit  3.81  1.26 0.075   261.9 from 181 sources of intphas_5931o Ha
r1003593.fit  3.80  1.25 0.057   356.9 from 363 sources of intphas_5931o r
r1003594.fit  3.30  1.09 0.105   361.0 from 451 sources of intphas_5931o i
r1003595.fit  3.93  1.30 0.135    77.4 from 153 sources of intphas_6133o Ha
r1003596.fit  3.67  1.21 0.071   119.8 from 260 sources of intphas_6133o r
r1003597.fit  3.62  1.19 0.062   136.8 from 264 sources of intphas_6133o i
r1003598.fit  3.59  1.18 0.071    74.9 from 199 sources of intphas_6141 Ha
r1003599.fit  3.29  1.09 0.073   138.7 from 509 sources of intphas_6141 r
r1003600.fit  3.59  1.18 0.094   106.4 from 433 sources of intphas_6141 i
r1003601.fit  3.58  1.18 0.095    75.9 from 195 sources of intphas_6141o Ha
r1003602.fit  3.26  1.08 0.070   118.1 from 567 sources of intphas_6141o r
r1003603.fit  3.14  1.04 0.093   129.5 from 556 sources of intphas_6141o i
r1003604.fit  3.38  1.12 0.058    70.3 from 136 sources of intphas_6145 Ha
r1003605.fit  3.05  1.01 0.063   121.6 from 253 sources of intphas_6145 r
r1003606.fit  3.20  1.06 0.054   141.9 from 274 sources of intphas_6145 i
r1003607.fit  3.28  1.08 0.063    73.2 from 569 sources of intphas_6146 Ha
r1003608.fit  3.41  1.13 0.098   116.0 from 1519 sources of intphas_6146 r
r1003609.fit  3.00  0.99 0.125   137.3 from 1411 sources of intphas_6146 i
r1003610.fit  3.14  1.04 0.083    80.6 from 649 sources of intphas_6146o Ha
r1003611.fit  3.03  1.00 0.099   115.3 from 1786 sources of intphas_6146o r
r1003612.fit  2.78  0.92 0.107   113.8 from 1578 sources of intphas_6146o i
r1003613.fit  3.24  1.07 0.080    72.0 from 455 sources of intphas_6149 Ha
r1003614.fit  3.46  1.14 0.117   111.3 from 1032 sources of intphas_6149 r
r1003615.fit  3.05  1.01 0.089   127.1 from 1103 sources of intphas_6149 i
r1003616.fit  3.31  1.09 0.066    77.1 from 445 sources of intphas_6149o Ha
r1003617.fit  3.13  1.03 0.062   132.7 from 1188 sources of intphas_6149o r
r1003618.fit  2.89  0.95 0.077   132.1 from 1194 sources of intphas_6149o i
r1003619.fit  3.46  1.14 0.150    79.8 from 187 sources of intphas_6154 Ha
r1003620.fit  3.31  1.09 0.067   116.6 from 362 sources of intphas_6154 r
r1003621.fit  3.04  1.00 0.105   144.3 from 558 sources of intphas_6154 i
r1003622.fit  4.10  1.35 0.209    69.2 from 290 sources of intphas_6357 Ha
r1003623.fit  3.25  1.07 0.130   100.9 from 940 sources of intphas_6357 r
r1003624.fit  3.24  1.07 0.121   133.5 from 891 sources of intphas_6357 i
r1003625.fit  3.58  1.18 0.095    65.8 from 951 sources of intphas_5251 Ha
r1003626.fit  2.97  0.98 0.102    54.1 from 3899 sources of intphas_5251 r
r1003627.fit  2.72  0.90 0.108   134.8 from 3094 sources of intphas_5251 i
r1003628.fit  3.39  1.12 0.092    34.6 from 1037 sources of intphas_5251o Ha
r1003629.fit  3.26  1.08 0.111    86.4 from 3170 sources of intphas_5251o r
r1003630.fit  3.32  1.10 0.114    60.5 from 2379 sources of intphas_5251o i
r1003631.fit  3.90  1.29 0.130    35.6 from 858 sources of intphas_5280 Ha
r1003632.fit  3.45  1.14 0.110    73.0 from 3097 sources of intphas_5280 r
r1003633.fit  3.10  1.02 0.103    34.8 from 2603 sources of intphas_5280 i
r1003634.fit  3.42  1.13 0.087    59.1 from 942 sources of intphas_5280o Ha
r1003635.fit  3.17  1.05 0.114   103.7 from 3279 sources of intphas_5280o r
r1003636.fit  3.05  1.01 0.101   109.3 from 2650 sources of intphas_5280o i
r1003637.fit  3.67  1.21 0.180    75.6 from 896 sources of intphas_5317 Ha
r1003638.fit  2.91  0.96 0.121    72.3 from 3196 sources of intphas_5317 r
r1003639.fit  2.67  0.88 0.105    71.3 from 2739 sources of intphas_5317 i
r1003640.fit  3.21  1.06 0.101    61.1 from 697 sources of intphas_5371 Ha
r1003641.fit  2.69  0.89 0.098    52.8 from 2454 sources of intphas_5371 r
r1003642.fit  2.59  0.85 0.111   112.3 from 2184 sources of intphas_5371 i
r1003643.fit  3.37  1.11 0.108    64.1 from 643 sources of intphas_5371o Ha
r1003644.fit  2.92  0.96 0.085    94.7 from 2080 sources of intphas_5371o r
r1003645.fit  2.63  0.87 0.091    69.6 from 1999 sources of intphas_5371o i
r1003646.fit  3.06  1.01 0.107    75.0 from 1133 sources of intphas_5472 Ha
r1003647.fit  2.90  0.96 0.094   116.4 from 3449 sources of intphas_5472 r
r1003648.fit  2.70  0.89 0.090   109.5 from 2532 sources of intphas_5472 i
r1003649.fit  3.15  1.04 0.053    69.9 from 382 sources of intphas_5478 Ha
r1003650.fit  2.97  0.98 0.098   121.2 from 1063 sources of intphas_5478 r
r1003651.fit  2.94  0.97 0.136    31.1 from 1115 sources of intphas_5478 i
r1003652.fit  3.14  1.04 0.077    66.1 from 435 sources of intphas_5478o Ha
r1003653.fit  2.98  0.98 0.070   106.4 from 1056 sources of intphas_5478o r
r1003654.fit  2.84  0.94 0.091   117.6 from 1158 sources of intphas_5478o i
r1003655.fit  4.75  1.57 0.162    67.7 from 259 sources of intphas_5553 Ha
r1003656.fit  3.94  1.30 0.077   223.3 from 816 sources of intphas_5553 r
r1003657.fit  3.64  1.20 0.077   267.5 from 835 sources of intphas_5553 i
r1003658.fit  3.72  1.23 0.052   213.9 from 347 sources of intphas_5553o Ha
r1003659.fit  3.26  1.08 0.080   257.9 from 955 sources of intphas_5553o r
r1003660.fit  3.25  1.07 0.062   274.8 from 930 sources of intphas_5553o i
r1003661.fit  3.38  1.12 0.145   236.8 from 726 sources of intphas_5624o Ha
r1003662.fit  3.11  1.03 0.123   286.6 from 1937 sources of intphas_5624o r
r1003663.fit  3.15  1.04 0.154   284.8 from 1766 sources of intphas_5624o i
r1003664.fit  3.89  1.28 0.045    73.7 from 159 sources of intphas_5661 Ha
r1003665.fit  3.49  1.15 0.046   120.6 from 340 sources of intphas_5661 r
r1003666.fit  3.08  1.02 0.060    58.5 from 424 sources of intphas_5661 i
r1003667.fit  3.49  1.15 0.039    68.7 from 184 sources of intphas_5661o Ha
r1003668.fit  3.52  1.16 0.037    68.9 from 335 sources of intphas_5661o r
r1003669.fit  3.16  1.04 0.045   138.7 from 445 sources of intphas_5661o i
r1003670.fit  5.59  1.84 0.224    72.7 from 118 sources of intphas_5685o Ha
r1003671.fit  3.50  1.16 0.067   133.0 from 307 sources of intphas_5685o r
r1003672.fit  3.41  1.13 0.064   145.2 from 360 sources of intphas_5685o i
r1003673.fit  4.59  1.51 0.167    65.3 from 129 sources of ST_NGC7006 Ha
r1003674.fit  3.26  1.08 0.073    98.3 from 479 sources of ST_NGC7006 r
r1003675.fit  2.89  0.95 0.080    88.4 from 205 sources of ST_NGC7006 i
r1003676.fit  4.86  1.60 0.099    59.2 from  72 sources of ST_NGC7006 He1
r1003677.fit  2.84  0.94 0.047    64.4 from 246 sources of ST_NGC7006 r
r1003678.fit  4.51  1.49 0.149    63.1 from  80 sources of ST_NGC7006 U
r1003679.fit  3.24  1.07 0.061    50.6 from 159 sources of ST_NGC7006 g
r1003680.fit  3.92  1.29 0.072    46.5 from  31 sources of SA113-260 Ha
r1003681.fit  3.33  1.10 0.088    63.0 from  80 sources of SA113-260 r
r1003682.fit  3.20  1.06 0.044    84.4 from  66 sources of SA113-260 i
r1003683.fit  4.22  1.39 0.043    48.4 from  20 sources of SA113-260 He1
r1003684.fit  3.55  1.17 0.062    44.3 from  28 sources of SA113-260 r
r1003685.fit  3.78  1.25 0.063    40.7 from  17 sources of SA113-260 U
r1003686.fit  3.77  1.24 0.045    39.5 from  25 sources of SA113-260 g
r1003687.fit  4.43  1.46 0.074    72.1 from 131 sources of uvex_0219 He1
r1003688.fit  3.94  1.30 0.061   130.8 from 607 sources of uvex_0219 r
r1003689.fit  4.33  1.43 0.100    70.7 from  76 sources of uvex_0219 U
r1003690.fit  3.94  1.30 0.082    88.8 from 400 sources of uvex_0219 g
r1003691.fit  4.41  1.46 0.071    61.5 from 154 sources of uvex_0219o He1
r1003692.fit  4.21  1.39 0.047    93.4 from 570 sources of uvex_0219o r
r1003693.fit  4.67  1.54 0.056    62.8 from  65 sources of uvex_0219o U
r1003694.fit  4.29  1.42 0.095    52.8 from 353 sources of uvex_0219o g
r1003695.fit  4.76  1.57 0.068    62.2 from 118 sources of uvex_0284 He1
r1003696.fit  4.40  1.45 0.092   106.1 from 647 sources of uvex_0284 r
r1003697.fit  4.57  1.51 0.097    60.3 from  75 sources of uvex_0284 U
r1003698.fit  4.09  1.35 0.081    77.1 from 429 sources of uvex_0284 g
r1003699.fit  4.72  1.56 0.123    58.5 from  70 sources of uvex_0285o He1
r1003700.fit  4.30  1.42 0.069   113.5 from 350 sources of uvex_0285o r
r1003701.fit  4.64  1.53 0.097    60.5 from  34 sources of uvex_0285o U
r1003702.fit  4.36  1.44 0.098    74.7 from 161 sources of uvex_0285o g
r1003703.fit  4.90  1.62 0.109    63.5 from 142 sources of uvex_0324o He1
r1003704.fit  3.96  1.31 0.056   126.9 from 698 sources of uvex_0324o r
r1003705.fit  4.63  1.53 0.087    71.1 from  91 sources of uvex_0324o U
r1003706.fit  4.36  1.44 0.089    82.4 from 399 sources of uvex_0324o g
r1003707.fit  4.69  1.55 0.066    61.1 from  66 sources of uvex_0325o He1
r1003708.fit  4.10  1.35 0.055    80.3 from 281 sources of uvex_0325o r
r1003709.fit  4.63  1.53 0.084    61.9 from  29 sources of uvex_0325o U
r1003710.fit  4.33  1.43 0.091    75.2 from 135 sources of uvex_0325o g
r1003711.fit  4.37  1.44 0.093    59.6 from  71 sources of uvex_0326 He1
r1003712.fit  3.95  1.30 0.065   121.5 from 378 sources of uvex_0326 r
r1003713.fit  4.26  1.41 0.092    57.9 from  34 sources of uvex_0326 U
r1003714.fit  3.99  1.32 0.107    56.1 from 169 sources of uvex_0326 g
r1003715.fit  4.46  1.47 0.066    55.6 from 165 sources of uvex_0331 He1
r1003716.fit  3.65  1.20 0.081   118.6 from 847 sources of uvex_0331 r
r1003717.fit  4.24  1.40 0.098    56.9 from  95 sources of uvex_0331 U
r1003718.fit  3.89  1.28 0.065    69.6 from 526 sources of uvex_0331 g
r1003719.fit  4.59  1.51 0.056    65.5 from 139 sources of uvex_0331o He1
r1003720.fit  4.16  1.37 0.064   109.2 from 680 sources of uvex_0331o r
r1003721.fit  4.51  1.49 0.089    64.9 from  75 sources of uvex_0331o U
r1003722.fit  4.55  1.50 0.084    69.9 from 412 sources of uvex_0331o g
r1003723.fit  4.13  1.36 0.066    64.8 from 134 sources of uvex_0332o He1
r1003724.fit  3.93  1.30 0.089    57.5 from 538 sources of uvex_0332o r
r1003725.fit  4.63  1.53 0.069    67.0 from  55 sources of uvex_0332o U
r1003726.fit  4.26  1.41 0.085    85.0 from 281 sources of uvex_0332o g
r1003727.fit  4.36  1.44 0.066    64.4 from 162 sources of uvex_0333o He1
r1003728.fit  3.97  1.31 0.065   105.0 from 712 sources of uvex_0333o r
r1003729.fit  4.11  1.36 0.085    67.7 from  92 sources of uvex_0333o U
r1003730.fit  3.68  1.21 0.087    81.3 from 529 sources of uvex_0333o g
r1003731.fit  4.41  1.46 0.083    68.1 from  95 sources of uvex_0334 He1
r1003732.fit  3.79  1.25 0.054    48.4 from 436 sources of uvex_0334 r
r1003733.fit  4.22  1.39 0.069    69.1 from  49 sources of uvex_0334 U
r1003734.fit  4.04  1.33 0.064    86.7 from 224 sources of uvex_0334 g
r1003735.fit  4.63  1.53 0.104    67.3 from  77 sources of uvex_0334o He1
r1003736.fit  3.93  1.30 0.069    71.5 from 330 sources of uvex_0334o r
r1003737.fit  4.22  1.39 0.077    59.9 from  51 sources of uvex_0334o U
r1003738.fit  4.09  1.35 0.078    74.5 from 169 sources of uvex_0334o g
r1003739.fit  4.66  1.54 0.082    65.9 from 149 sources of uvex_0335 He1
r1003740.fit  3.93  1.30 0.075    91.6 from 857 sources of uvex_0335 r
r1003741.fit  4.51  1.49 0.060    69.3 from 100 sources of uvex_0335 U
r1003742.fit  3.96  1.31 0.071    54.6 from 583 sources of uvex_0335 g
r1003743.fit  4.42  1.46 0.076    62.2 from 203 sources of uvex_0335o He1
r1003744.fit  4.19  1.38 0.059   123.9 from 795 sources of uvex_0335o r
r1003745.fit  4.31  1.42 0.064    70.3 from 122 sources of uvex_0335o U
r1003746.fit  3.99  1.32 0.058    79.9 from 617 sources of uvex_0335o g
r1003747.fit  4.85  1.60 0.128    65.4 from 132 sources of uvex_0336 He1
r1003748.fit  4.22  1.39 0.069    92.1 from 605 sources of uvex_0336 r
r1003749.fit  4.08  1.35 0.061    65.5 from 102 sources of uvex_0336 U
r1003750.fit  3.69  1.22 0.066    83.2 from 481 sources of uvex_0336 g
r1003751.fit  4.49  1.48 0.096    64.2 from 148 sources of uvex_0336o He1
r1003752.fit  3.68  1.21 0.085   117.7 from 784 sources of uvex_0336o r
r1003753.fit  3.94  1.30 0.053    70.7 from  99 sources of uvex_0336o U
r1003754.fit  3.84  1.27 0.063    86.5 from 442 sources of uvex_0336o g
r1003755.fit  4.37  1.44 0.067    68.5 from 222 sources of uvex_0337 He1
r1003756.fit  3.69  1.22 0.070    87.6 from 1144 sources of uvex_0337 r
r1003757.fit  4.19  1.38 0.071    76.4 from 153 sources of uvex_0337 U
r1003758.fit  3.81  1.26 0.070    62.3 from 811 sources of uvex_0337 g
r1003759.fit  4.45  1.47 0.116    71.4 from 229 sources of uvex_0337o He1
r1003760.fit  3.83  1.26 0.074    65.0 from 1054 sources of uvex_0337o r
r1003761.fit  4.05  1.34 0.053    71.0 from 172 sources of uvex_0337o U
r1003762.fit  3.72  1.23 0.080    84.9 from 827 sources of uvex_0337o g
r1003763.fit  5.15  1.70 0.096   367.0 from  21 sources of SA95-271 He1
r1003764.fit  4.24  1.40 0.070   354.5 from  33 sources of SA95-271 r
r1003765.fit  5.11  1.69 0.130   382.5 from  19 sources of SA95-271 U
r1003766.fit  4.56  1.50 0.064   385.6 from  36 sources of SA95-271 g
r1003767.fit  5.12  1.69 0.114   403.5 from  40 sources of HZ4 He1
r1003768.fit  4.27  1.41 0.061   441.6 from  65 sources of HZ4 r
r1003769.fit  5.03  1.66 0.120   483.5 from  29 sources of HZ4 U
r1003770.fit  4.43  1.46 0.066   512.4 from  51 sources of HZ4 g
r1003771.fit  5.13  1.69 0.093   389.2 from  24 sources of SA95-271 Ha
r1003772.fit  4.65  1.53 0.046   563.3 from  47 sources of SA95-271 r
r1003773.fit  4.17  1.38 0.074   566.9 from  43 sources of SA95-271 i
r1003774.fit  4.51  1.49 0.067   589.1 from  51 sources of HZ4 Ha
r1003775.fit  4.42  1.46 0.041   698.8 from  61 sources of HZ4 r
r1003776.fit  4.25  1.40 0.062   749.6 from  53 sources of HZ4 i
r1003777.fit is not a target (BIAS)
r1003778.fit is not a target (BIAS)
r1003779.fit is not a target (BIAS)
r1003780.fit is not a target (BIAS)
r1003781.fit is not a target (BIAS)
