r946368.fit is not a target (BIAS)
r946369.fit is not a target (BIAS)
r946370.fit is not a target (BIAS)
r946371.fit is not a target (BIAS)
r946372.fit is not a target (BIAS)
r946373.fit is not a target (BIAS)
r946374.fit is not a target (BIAS)
r946375.fit is not a target (BIAS)
r946376.fit is not a target (BIAS)
r946377.fit is not a target (BIAS)
r946378.fit is not a target (BIAS)
r946379.fit is not a target (BIAS)
r946380.fit is not a target (BIAS)
r946381.fit is not a target (BIAS)
r946382.fit is not a target (BIAS)
r946383.fit is not a target (FLAT)
r946384.fit is not a target (FLAT)
r946385.fit is not a target (FLAT)
r946386.fit is not a target (FLAT)
r946387.fit is not a target (FLAT)
r946388.fit is not a target (FLAT)
r946389.fit is not a target (FLAT)
r946390.fit is not a target (FLAT)
r946391.fit is not a target (FLAT)
r946392.fit is not a target (FLAT)
r946393.fit is not a target (FLAT)
r946394.fit is not a target (FLAT)
r946395.fit is not a target (FLAT)
r946396.fit is not a target (FLAT)
r946397.fit is not a target (FLAT)
r946398.fit is not a target (FOCUS)
r946399.fit  5.07  1.67 0.048   228.4 from  54 sources of SA112 i
r946400.fit  3.72  1.23 0.046   270.0 from 227 sources of SA112 r
r946402.fit  4.21  1.39 0.098   209.6 from  92 sources of SA112 Ha
r946403.fit  3.76  1.24 0.035   261.1 from 225 sources of SA112 g
r946404.fit  5.06  1.67 0.086   220.1 from  42 sources of SA112 U
r946405.fit  4.55  1.50 0.114   297.0 from  11 sources of SA114 U
r946406.fit  4.07  1.34 0.071   248.2 from  44 sources of SA114 g
r946407.fit  4.16  1.37 0.096   312.1 from  30 sources of SA114 Ha
r946408.fit  3.81  1.26 0.100   344.1 from  50 sources of SA114 r
r946409.fit  3.66  1.21 0.082   330.0 from  30 sources of SA114 i
r946410.fit  6.73  2.22 0.103    86.5 from 130 sources of intphas_4394 Ha
r946411.fit  6.93  2.29 0.121   229.0 from 451 sources of intphas_4394 r
r946412.fit  8.07  2.66 0.117   188.6 from 301 sources of intphas_4394 i
r946413.fit  4.43  1.46 0.081    61.2 from 275 sources of intphas_4614 Ha
r946414.fit  3.81  1.26 0.077   148.0 from 1058 sources of intphas_4614 r
r946415.fit  3.54  1.17 0.074   157.9 from 1048 sources of intphas_4614 i
r946416.fit is not a target (FOCUS)
r946417.fit  4.66  1.54 0.073    59.7 from 479 sources of intphas_6687o Ha
r946418.fit  4.18  1.38 0.106   131.3 from 1635 sources of intphas_6687o r
r946419.fit  4.82  1.59 0.075   119.6 from 880 sources of intphas_6687o i
r946420.fit  4.13  1.36 0.060    55.7 from 511 sources of intphas_6690 Ha
r946421.fit  4.85  1.60 0.070   121.2 from 1109 sources of intphas_6690 r
r946422.fit  5.06  1.67 0.094   117.2 from 768 sources of intphas_6690 i
r946423.fit  4.18  1.38 0.100    60.7 from 513 sources of intphas_6690o Ha
r946424.fit  4.07  1.34 0.080    94.5 from 1372 sources of intphas_6690o r
r946425.fit  4.53  1.49 0.106    90.8 from 852 sources of intphas_6690o i
r946426.fit  5.00  1.65 0.167    59.9 from 271 sources of intphas_6695o Ha
r946427.fit  4.23  1.40 0.137   111.2 from 853 sources of intphas_6695o r
r946428.fit  3.88  1.28 0.119   110.2 from 758 sources of intphas_6695o i
r946429.fit  4.01  1.32 0.110    69.7 from 570 sources of intphas_6696o Ha
r946430.fit  5.11  1.69 0.108    65.3 from 981 sources of intphas_6696o r
r946431.fit  4.03  1.33 0.075   122.9 from 988 sources of intphas_6696o i
r946432.fit  4.62  1.52 0.107    51.9 from 438 sources of intphas_6699 Ha
r946433.fit  4.38  1.45 0.085   114.5 from 1131 sources of intphas_6699 r
r946434.fit  5.30  1.75 0.068   118.2 from 636 sources of intphas_6699 i
r946435.fit  4.07  1.34 0.068    56.9 from 512 sources of intphas_6699o Ha
r946436.fit  3.97  1.31 0.091    55.8 from 1384 sources of intphas_6699o r
r946437.fit  3.58  1.18 0.097    69.5 from 1131 sources of intphas_6699o i
r946438.fit  3.84  1.27 0.096    63.3 from 599 sources of intphas_6700 Ha
r946439.fit  4.03  1.33 0.109   113.5 from 1528 sources of intphas_6700 r
r946440.fit  4.47  1.48 0.104   112.6 from 876 sources of intphas_6700 i
r946441.fit  5.24  1.73 0.108    61.4 from 315 sources of intphas_6700o Ha
r946442.fit  4.02  1.33 0.097   103.9 from 1440 sources of intphas_6700o r
r946443.fit  3.52  1.16 0.089   103.9 from 1312 sources of intphas_6700o i
r946444.fit  4.21  1.39 0.092    62.0 from 656 sources of intphas_6703 Ha
r946445.fit  4.56  1.50 0.122   114.3 from 1598 sources of intphas_6703 r
r946446.fit  3.95  1.30 0.081   108.3 from 1321 sources of intphas_6703 i
r946447.fit  4.37  1.44 0.107    53.8 from 338 sources of intphas_6705 Ha
r946448.fit  4.07  1.34 0.077   102.9 from 1008 sources of intphas_6705 r
r946449.fit  4.03  1.33 0.058    99.2 from 765 sources of intphas_6705 i
r946450.fit  3.88  1.28 0.088    65.9 from 614 sources of intphas_6713o Ha
r946451.fit  4.03  1.33 0.088   122.7 from 1413 sources of intphas_6713o r
r946452.fit  3.77  1.24 0.088   116.0 from 1194 sources of intphas_6713o i
r946453.fit  3.86  1.27 0.084    52.4 from 188 sources of intphas_6567 Ha
r946454.fit  4.31  1.42 0.073   104.9 from 308 sources of intphas_6567 r
r946455.fit  3.73  1.23 0.054    56.8 from 426 sources of intphas_6567 i
r946456.fit  4.02  1.33 0.062    53.4 from 277 sources of intphas_6775 Ha
r946457.fit  3.94  1.30 0.067   115.2 from 755 sources of intphas_6775 r
r946458.fit  4.06  1.34 0.074   106.8 from 643 sources of intphas_6775 i
r946459.fit  4.00  1.32 0.057    56.2 from 304 sources of intphas_6775o Ha
r946460.fit  3.88  1.28 0.065   117.8 from 816 sources of intphas_6775o r
r946461.fit  4.26  1.41 0.066   106.3 from 576 sources of intphas_6775o i
r946462.fit  4.59  1.51 0.063    69.3 from 229 sources of intphas_6779 Ha
r946463.fit  4.16  1.37 0.066   131.5 from 787 sources of intphas_6779 r
r946464.fit  4.08  1.35 0.075   108.9 from 651 sources of intphas_6779 i
r946465.fit  4.13  1.36 0.075   229.0 from 317 sources of intphas_6779o Ha
r946466.fit  4.95  1.63 0.089   294.0 from 698 sources of intphas_6779o r
r946467.fit  5.57  1.84 0.079   307.9 from 418 sources of intphas_6779o i
r946468.fit  4.19  1.38 0.070   223.3 from 150 sources of intphas_6847 Ha
r946469.fit  3.97  1.31 0.067   285.0 from 415 sources of intphas_6847 r
r946470.fit  3.68  1.21 0.066   250.2 from 457 sources of intphas_6847 i
r946471.fit  3.98  1.31 0.082   213.8 from 587 sources of intphas_7027 Ha
r946472.fit  4.60  1.52 0.088   278.1 from 1209 sources of intphas_7027 r
r946473.fit  4.15  1.37 0.081   276.9 from 940 sources of intphas_7027 i
r946474.fit  4.52  1.49 0.068   219.9 from 507 sources of intphas_7027o Ha
r946475.fit  4.27  1.41 0.074   281.5 from 1356 sources of intphas_7027o r
r946476.fit  4.24  1.40 0.114   277.7 from 962 sources of intphas_7027o i
r946477.fit  4.34  1.43 0.078   221.2 from 431 sources of intphas_7122o Ha
r946478.fit  4.62  1.52 0.098   279.3 from 1010 sources of intphas_7122o r
r946479.fit  3.79  1.25 0.095   267.9 from 883 sources of intphas_7122o i
r946480.fit  4.75  1.57 0.049   221.4 from  88 sources of intphas_7208 Ha
r946481.fit  5.21  1.72 0.063   288.5 from 152 sources of intphas_7208 r
r946482.fit  4.02  1.33 0.087   285.9 from 252 sources of intphas_7208 i
r946483.fit  4.36  1.44 0.068   222.2 from 116 sources of intphas_7208o Ha
r946484.fit  4.21  1.39 0.085   286.3 from 244 sources of intphas_7208o r
r946485.fit  5.28  1.74 0.070   293.1 from 178 sources of intphas_7208o i
r946486.fit  4.28  1.41 0.076   220.8 from 405 sources of intphas_7212 Ha
r946487.fit  5.04  1.66 0.065   281.7 from 870 sources of intphas_7212 r
r946488.fit  4.42  1.46 0.077   289.0 from 704 sources of intphas_7212 i
r946489.fit  4.58  1.51 0.081   221.6 from 344 sources of intphas_7212o Ha
r946490.fit  4.35  1.44 0.074   287.1 from 1010 sources of intphas_7212o r
r946491.fit  3.84  1.27 0.074   296.4 from 867 sources of intphas_7212o i
r946492.fit  4.31  1.42 0.080   215.0 from 413 sources of intphas_7213 Ha
r946493.fit  4.43  1.46 0.079   260.9 from 1000 sources of intphas_7213 r
r946494.fit  3.90  1.29 0.065   279.4 from 815 sources of intphas_7213 i
r946495.fit  4.12  1.36 0.053   216.7 from 415 sources of intphas_7213o Ha
r946496.fit  4.41  1.46 0.086   272.9 from 1003 sources of intphas_7213o r
r946497.fit  4.23  1.40 0.069   268.1 from 719 sources of intphas_7213o i
r946498.fit  4.40  1.45 0.060   200.7 from   9 sources of SA114 U
r946499.fit  6.55  2.16 0.039   211.1 from  27 sources of SA114 g
r946500.fit  6.15  2.03 0.081   201.6 from  16 sources of SA114 Ha
r946501.fit  5.88  1.94 0.054   224.5 from  30 sources of SA114 r
r946502.fit  6.15  2.03 0.042   213.9 from  14 sources of SA114 i
r946503.fit  5.61  1.85 0.051   223.0 from  12 sources of SA92 i
r946504.fit  5.20  1.72 0.090   243.9 from  33 sources of SA92 r
r946505.fit  5.21  1.72 0.049   206.6 from  18 sources of SA92 Ha
r946506.fit  4.81  1.59 0.066   223.6 from  40 sources of SA92 g
r946507.fit  6.40  2.11 0.063   205.2 from  17 sources of SA92 U
r946508.fit  4.52  1.49 0.098   518.4 from 242 sources of uvex_1268o r
r946509.fit  5.72  1.89 0.101   441.0 from  33 sources of uvex_1268o U
r946510.fit  4.53  1.49 0.110   456.1 from 146 sources of uvex_1268o g
r946511.fit  4.36  1.44 0.111   514.7 from 295 sources of uvex_1269 r
r946512.fit  6.03  1.99 0.125   440.6 from  33 sources of uvex_1269 U
r946513.fit  4.70  1.55 0.076   461.0 from 131 sources of uvex_1269 g
r946514.fit  4.87  1.61 0.092   518.6 from 249 sources of uvex_1269o r
r946515.fit  5.91  1.95 0.097   440.4 from  30 sources of uvex_1269o U
r946516.fit  4.57  1.51 0.106   461.5 from 132 sources of uvex_1269o g
r946517.fit  4.79  1.58 0.084   512.7 from 229 sources of uvex_1275 r
r946518.fit  5.96  1.97 0.084   440.4 from  40 sources of uvex_1275 U
r946519.fit  5.44  1.80 0.122   423.1 from  74 sources of uvex_1275 g
r946520.fit  5.38  1.78 0.106   480.2 from 155 sources of uvex_1275o r
r946521.fit  6.53  2.15 0.096   407.9 from  22 sources of uvex_1275o U
r946522.fit  5.36  1.77 0.135   429.3 from  76 sources of uvex_1275o g
r946523.fit  5.80  1.91 0.078   469.6 from 151 sources of uvex_1276 r
r946524.fit  7.15  2.36 0.067   408.6 from  27 sources of uvex_1276 U
r946525.fit  5.75  1.90 0.085   425.5 from  83 sources of uvex_1276 g
r946526.fit  6.32  2.09 0.079   411.4 from 130 sources of uvex_1276o r
r946527.fit  7.60  2.51 0.059   410.0 from  29 sources of uvex_1276o U
r946528.fit  7.24  2.39 0.060   431.3 from  58 sources of uvex_1276o g
r946529.fit  6.10  2.01 0.074   456.3 from 142 sources of uvex_1277 r
r946530.fit  6.22  2.05 0.095   409.4 from  23 sources of uvex_1277 U
r946531.fit  6.52  2.15 0.061   420.4 from  66 sources of uvex_1277 g
r946532.fit  5.69  1.88 0.106   464.6 from 152 sources of uvex_1277o r
r946533.fit  6.93  2.29 0.079   409.1 from  22 sources of uvex_1277o U
r946534.fit  5.81  1.92 0.087   429.7 from  76 sources of uvex_1277o g
r946535.fit  5.45  1.80 0.079   467.7 from 179 sources of uvex_1279 r
r946536.fit  7.23  2.39 0.074   409.8 from  30 sources of uvex_1279 U
r946537.fit  5.79  1.91 0.039   430.6 from 136 sources of uvex_1279 g
r946538.fit  5.37  1.77 0.074   473.5 from 285 sources of uvex_1279o r
r946539.fit  6.45  2.13 0.098   411.1 from  35 sources of uvex_1279o U
r946540.fit  5.52  1.82 0.101   421.5 from 165 sources of uvex_1279o g
r946541.fit  5.59  1.84 0.099   466.0 from 338 sources of uvex_1280 r
r946542.fit  6.53  2.15 0.087   410.4 from  49 sources of uvex_1280 U
r946543.fit  5.23  1.73 0.095   420.3 from 239 sources of uvex_1280 g
r946544.fit  5.28  1.74 0.049   470.6 from 329 sources of uvex_1280o r
r946545.fit  6.50  2.15 0.089   411.2 from  47 sources of uvex_1280o U
r946546.fit  5.35  1.77 0.066   426.2 from 197 sources of uvex_1280o g
r946547.fit  5.36  1.77 0.100   474.5 from 189 sources of uvex_1282 r
r946548.fit  6.25  2.06 0.096   412.1 from  33 sources of uvex_1282 U
r946549.fit  4.90  1.62 0.127   428.6 from 127 sources of uvex_1282 g
r946550.fit  5.32  1.76 0.109   478.0 from 190 sources of uvex_1282o r
r946551.fit  5.92  1.95 0.083   411.1 from  29 sources of uvex_1282o U
r946552.fit  4.61  1.52 0.100   430.2 from 134 sources of uvex_1282o g
r946553.fit  4.62  1.52 0.148   423.5 from 290 sources of uvex_1286 r
r946554.fit  6.07  2.00 0.086   411.0 from  33 sources of uvex_1286 U
r946555.fit  4.54  1.50 0.127   415.0 from 165 sources of uvex_1286 g
r946556.fit  4.70  1.55 0.090   463.8 from 271 sources of uvex_1286o r
r946557.fit  6.23  2.06 0.103   410.1 from  32 sources of uvex_1286o U
r946558.fit  4.82  1.59 0.078   430.1 from 130 sources of uvex_1286o g
r946559.fit  4.63  1.53 0.120   411.9 from 314 sources of uvex_1287 r
r946560.fit  5.89  1.94 0.096   407.9 from  44 sources of uvex_1287 U
r946561.fit  4.34  1.43 0.096   412.4 from 185 sources of uvex_1287 g
r946562.fit  4.39  1.45 0.126   473.5 from 222 sources of uvex_1291o r
r946563.fit  5.64  1.86 0.086   414.4 from  33 sources of uvex_1291o U
r946564.fit  4.90  1.62 0.092   425.3 from 117 sources of uvex_1291o g
r946565.fit  4.63  1.53 0.115   458.8 from 203 sources of uvex_1301o r
r946566.fit  5.53  1.82 0.079   396.0 from  26 sources of uvex_1301o U
r946567.fit  4.63  1.53 0.134   420.9 from 106 sources of uvex_1301o g
r946568.fit  4.64  1.53 0.147   451.9 from 339 sources of uvex_1423 r
r946569.fit  5.89  1.94 0.090   412.3 from  49 sources of uvex_1423 U
r946570.fit  4.70  1.55 0.123   426.2 from 199 sources of uvex_1423 g
r946571.fit  4.48  1.48 0.089   472.8 from 331 sources of uvex_1423o r
r946572.fit  5.66  1.87 0.073   414.2 from  57 sources of uvex_1423o U
r946573.fit  4.77  1.57 0.068   429.6 from 184 sources of uvex_1423o g
r946574.fit  4.58  1.51 0.128   468.0 from 469 sources of uvex_1424 r
r946575.fit  5.92  1.95 0.082   402.2 from  44 sources of uvex_1424 U
r946576.fit  4.30  1.42 0.098   422.5 from 259 sources of uvex_1424 g
r946577.fit  4.71  1.55 0.089   464.0 from 471 sources of uvex_1424o r
r946578.fit  5.59  1.84 0.096   395.3 from  51 sources of uvex_1424o U
r946579.fit  4.97  1.64 0.108   404.9 from 210 sources of uvex_1424o g
r946580.fit  4.53  1.49 0.103   444.2 from 452 sources of uvex_1431 r
r946581.fit  5.45  1.80 0.081   390.0 from  58 sources of uvex_1431 U
r946582.fit  4.40  1.45 0.084   404.4 from 291 sources of uvex_1431 g
r946583.fit  4.70  1.55 0.112   417.2 from 433 sources of uvex_1431o r
r946584.fit  5.77  1.90 0.081   380.4 from  49 sources of uvex_1431o U
r946585.fit  4.98  1.64 0.093   394.1 from 226 sources of uvex_1431o g
r946586.fit  4.54  1.50 0.078   427.5 from 564 sources of uvex_1432 r
r946587.fit  6.07  2.00 0.072   367.9 from  57 sources of uvex_1432 U
r946588.fit  4.72  1.56 0.086   390.6 from 371 sources of uvex_1432 g
r946589.fit  4.49  1.48 0.057   436.3 from 615 sources of uvex_1432o r
r946590.fit  5.98  1.97 0.074   369.2 from  61 sources of uvex_1432o U
r946591.fit  4.56  1.50 0.068   385.6 from 414 sources of uvex_1432o g
r946592.fit  3.85  1.27 0.091   411.3 from 446 sources of uvex_1433 r
r946593.fit  5.43  1.79 0.100   348.9 from  63 sources of uvex_1433 U
r946594.fit  4.28  1.41 0.098   361.8 from 221 sources of uvex_1433 g
r946595.fit  4.96  1.64 0.154   405.4 from 323 sources of uvex_1433o r
r946596.fit  5.68  1.87 0.095   341.4 from  54 sources of uvex_1433o U
r946597.fit  4.43  1.46 0.086   351.3 from 199 sources of uvex_1433o g
r946598.fit  5.19  1.71 0.087   439.1 from 389 sources of uvex_1434 r
r946599.fit  6.52  2.15 0.038   400.2 from  42 sources of uvex_1434 U
r946600.fit  5.51  1.82 0.049   410.4 from 210 sources of uvex_1434 g
r946601.fit  5.48  1.81 0.069   459.0 from 333 sources of uvex_1434o r
r946602.fit  6.24  2.06 0.046   396.1 from  49 sources of uvex_1434o U
r946603.fit  4.78  1.58 0.078   406.3 from 271 sources of uvex_1434o g
r946604.fit  5.06  1.67 0.086   369.7 from 272 sources of uvex_1436 r
r946605.fit  6.51  2.15 0.143   378.1 from  23 sources of uvex_1436 U
r946606.fit  5.37  1.77 0.073   392.3 from 117 sources of uvex_1436 g
r946607.fit  5.80  1.91 0.069   445.3 from 242 sources of uvex_1436o r
r946608.fit  6.03  1.99 0.052   356.0 from  25 sources of uvex_1436o U
r946609.fit  5.47  1.81 0.046   354.2 from 128 sources of uvex_1436o g
r946610.fit  4.79  1.58 0.078   366.9 from 329 sources of uvex_1437 r
r946611.fit  6.32  2.09 0.074   309.0 from  54 sources of uvex_1437 U
r946612.fit  5.46  1.80 0.064   330.3 from 180 sources of uvex_1437 g
r946613.fit  5.24  1.73 0.100   382.6 from 298 sources of uvex_1437o r
r946614.fit  5.87  1.94 0.055   309.9 from  60 sources of uvex_1437o U
r946615.fit  4.50  1.49 0.046   331.4 from 228 sources of uvex_1437o g
r946616.fit  3.95  1.30 0.076   347.5 from 234 sources of uvex_1438 r
r946617.fit  5.70  1.88 0.072   286.7 from  32 sources of uvex_1438 U
r946618.fit  4.78  1.58 0.067   329.1 from 115 sources of uvex_1438 g
r946619.fit  5.00  1.65 0.064   386.8 from 192 sources of uvex_1438o r
r946620.fit  5.72  1.89 0.067   284.7 from  24 sources of uvex_1438o U
r946621.fit  4.75  1.57 0.043   297.9 from 118 sources of uvex_1438o g
r946622.fit  4.49  1.48 0.082   333.7 from 329 sources of uvex_1439 r
r946623.fit  6.52  2.15 0.053   242.1 from  40 sources of uvex_1439 U
r946624.fit  5.25  1.73 0.043   243.7 from 152 sources of uvex_1439 g
r946625.fit  4.50  1.49 0.051   288.2 from 286 sources of uvex_1439o r
r946626.fit  5.62  1.85 0.062   225.6 from  33 sources of uvex_1439o U
r946627.fit  5.12  1.69 0.097   243.4 from 166 sources of uvex_1439o g
r946628.fit  4.10  1.35 0.081   291.0 from  65 sources of SA95 i
r946629.fit  3.84  1.27 0.077   250.7 from  68 sources of SA95 r
r946630.fit  4.28  1.41 0.062   225.5 from  52 sources of SA95 Ha
r946631.fit  5.18  1.71 0.078   257.7 from  71 sources of SA95 g
r946632.fit  5.69  1.88 0.059   220.7 from  23 sources of SA95 U
r946633.fit  6.61  2.18 0.075   432.4 from  71 sources of SA98 U
r946634.fit  5.67  1.87 0.071   449.8 from 313 sources of SA98 g
r946635.fit  5.66  1.87 0.076   435.0 from 120 sources of SA98 Ha
r946636.fit  5.54  1.83 0.056   460.3 from 249 sources of SA98 r
r946637.fit  4.71  1.55 0.096   455.9 from 173 sources of SA98 i
r946638.fit  4.02  1.33 0.074   420.8 from 979 sources of uvex_2162 r
r946639.fit  5.49  1.81 0.074   357.0 from 121 sources of uvex_2162 U
r946640.fit  4.58  1.51 0.137   383.7 from 648 sources of uvex_2162 g
r946641.fit  4.72  1.56 0.138   431.4 from 830 sources of uvex_2162o r
r946642.fit  6.71  2.21 0.056   357.8 from  91 sources of uvex_2162o U
r946643.fit  5.36  1.77 0.088   376.8 from 479 sources of uvex_2162o g
r946644.fit  4.42  1.46 0.056   446.2 from 479 sources of uvex_2164 r
r946645.fit  5.90  1.95 0.058   368.6 from  66 sources of uvex_2164 U
r946646.fit  4.80  1.58 0.088   362.2 from 291 sources of uvex_2164 g
r946647.fit  6.70  2.21 0.033   343.4 from 263 sources of uvex_2164o r
r946648.fit  6.69  2.21 0.170   321.1 from  63 sources of uvex_2164o U
r946649.fit  5.55  1.83 0.131   321.7 from 268 sources of uvex_2164o g
r946650.fit  4.23  1.40 0.090   382.3 from 469 sources of uvex_2165 r
r946651.fit  6.65  2.19 0.151   285.9 from  48 sources of uvex_2165 U
r946652.fit  4.21  1.39 0.067   306.2 from 279 sources of uvex_2165 g
r946653.fit  4.74  1.56 0.154   320.4 from 423 sources of uvex_2165o r
r946654.fit  5.33  1.76 0.058   270.1 from  54 sources of uvex_2165o U
r946655.fit  4.27  1.41 0.053   295.3 from 265 sources of uvex_2165o g
r946656.fit  4.16  1.37 0.085   151.4 from 393 sources of uvex_2167 r
r946657.fit  6.02  1.99 0.081    66.2 from  51 sources of uvex_2167 U
r946658.fit  4.74  1.56 0.126    80.2 from 222 sources of uvex_2167 g
r946659.fit  4.05  1.34 0.134   123.3 from 448 sources of uvex_2167o r
r946660.fit  6.02  1.99 0.081    66.7 from  50 sources of uvex_2167o U
r946661.fit  4.89  1.61 0.107    69.5 from 237 sources of uvex_2167o g
r946662.fit  5.02  1.66 0.085   130.4 from 414 sources of uvex_2175 r
r946663.fit  5.87  1.94 0.075    54.9 from  53 sources of uvex_2175 U
r946664.fit  4.64  1.53 0.057    80.2 from 301 sources of uvex_2175 g
r946665.fit  5.08  1.68 0.170   139.0 from 472 sources of uvex_2175o r
r946666.fit  5.77  1.90 0.087    60.3 from  65 sources of uvex_2175o U
r946667.fit  4.65  1.53 0.077    76.6 from 310 sources of uvex_2175o g
r946668.fit  4.07  1.34 0.076   122.8 from 466 sources of uvex_2176 r
r946669.fit  6.06  2.00 0.076    72.5 from  33 sources of uvex_2176 U
r946670.fit  4.50  1.49 0.075    74.6 from 245 sources of uvex_2176 g
r946671.fit  4.69  1.55 0.114   135.3 from 414 sources of uvex_2176o r
r946672.fit  6.03  1.99 0.057    69.0 from  37 sources of uvex_2176o U
r946673.fit  4.70  1.55 0.056    87.4 from 237 sources of uvex_2176o g
r946674.fit  4.47  1.48 0.086    78.0 from 521 sources of uvex_2179 r
r946675.fit  6.52  2.15 0.072    55.7 from  44 sources of uvex_2179 U
r946676.fit  4.88  1.61 0.061    84.7 from 264 sources of uvex_2179 g
r946677.fit  5.20  1.72 0.139   145.6 from 492 sources of uvex_2179o r
r946678.fit  6.10  2.01 0.039    63.1 from  55 sources of uvex_2179o U
r946679.fit  5.34  1.76 0.126    80.6 from 316 sources of uvex_2179o g
r946680.fit  4.35  1.44 0.061   122.8 from 412 sources of uvex_2181 r
r946681.fit  5.49  1.81 0.073    57.5 from  55 sources of uvex_2181 U
r946682.fit  4.81  1.59 0.046    88.0 from 228 sources of uvex_2181 g
r946683.fit  4.69  1.55 0.066   136.1 from 396 sources of uvex_2181o r
r946684.fit  6.39  2.11 0.079    68.1 from  37 sources of uvex_2181o U
r946685.fit  5.50  1.82 0.099    84.3 from 199 sources of uvex_2181o g
r946686.fit  4.43  1.46 0.060   127.5 from 451 sources of uvex_2184 r
r946687.fit  5.84  1.93 0.073    65.3 from  63 sources of uvex_2184 U
r946688.fit  5.42  1.79 0.089    71.5 from 218 sources of uvex_2184 g
r946689.fit  4.86  1.60 0.055   148.4 from 391 sources of uvex_2184o r
r946690.fit  6.07  2.00 0.065    68.8 from  69 sources of uvex_2184o U
r946691.fit  4.76  1.57 0.056    81.1 from 255 sources of uvex_2184o g
r946692.fit  4.90  1.62 0.114   145.0 from 451 sources of uvex_2186 r
r946693.fit  6.30  2.08 0.066    67.9 from  62 sources of uvex_2186 U
r946694.fit  5.33  1.76 0.065    81.1 from 239 sources of uvex_2186 g
r946695.fit  5.20  1.72 0.071    99.0 from 442 sources of uvex_2186o r
r946696.fit  6.05  2.00 0.065    60.5 from  83 sources of uvex_2186o U
r946697.fit  4.53  1.49 0.046    57.0 from 363 sources of uvex_2186o g
r946698.fit  4.46  1.47 0.052   132.0 from 793 sources of uvex_2187 r
r946699.fit  6.30  2.08 0.110    70.9 from 109 sources of uvex_2187 U
r946700.fit  4.90  1.62 0.081    75.8 from 576 sources of uvex_2187 g
r946701.fit  4.81  1.59 0.096   120.3 from 731 sources of uvex_2187o r
r946702.fit  6.11  2.02 0.090    68.1 from 112 sources of uvex_2187o U
r946703.fit  5.04  1.66 0.064    68.7 from 520 sources of uvex_2187o g
r946704.fit  4.51  1.49 0.053   132.4 from 505 sources of uvex_2188 r
r946705.fit  5.94  1.96 0.068    68.2 from  89 sources of uvex_2188 U
r946706.fit  4.65  1.53 0.048    76.6 from 347 sources of uvex_2188 g
r946707.fit  4.14  1.37 0.072   143.0 from 578 sources of uvex_2188o r
r946708.fit  6.09  2.01 0.106    60.8 from  75 sources of uvex_2188o U
r946709.fit  4.75  1.57 0.085    83.4 from 328 sources of uvex_2188o g
r946710.fit  5.46  1.80 0.095    77.4 from 130 sources of SA98 i
r946711.fit  9.41  3.11 0.225    80.9 from 145 sources of SA98 r
r946712.fit 10.65  3.51 0.334    52.2 from  80 sources of SA98 Ha
r946713.fit  6.81  2.25 0.168    58.1 from 290 sources of SA98 g
r946714.fit  6.95  2.29 0.069    49.0 from  68 sources of SA98 U
r946715.fit  3.81  1.26 0.073   124.5 from 518 sources of uvex_2192 r
r946716.fit  5.49  1.81 0.081    67.7 from  43 sources of uvex_2192 U
r946717.fit  3.74  1.23 0.035    81.9 from 319 sources of uvex_2192 g
r946718.fit  3.84  1.27 0.087   126.3 from 508 sources of uvex_2192o r
r946719.fit  5.25  1.73 0.064    63.9 from  44 sources of uvex_2192o U
r946720.fit  4.57  1.51 0.099    70.4 from 236 sources of uvex_2192o g
r946721.fit  3.66  1.21 0.048   143.1 from 623 sources of uvex_2194 r
r946722.fit  5.29  1.75 0.056    58.9 from  65 sources of uvex_2194 U
r946723.fit  4.61  1.52 0.082    81.3 from 323 sources of uvex_2194 g
r946724.fit  3.66  1.21 0.080   141.9 from 620 sources of uvex_2194o r
r946725.fit  5.36  1.77 0.094    73.5 from  66 sources of uvex_2194o U
r946726.fit  4.32  1.43 0.049    87.0 from 319 sources of uvex_2194o g
r946727.fit  3.62  1.19 0.039   158.1 from 575 sources of uvex_2196 r
r946728.fit  5.11  1.69 0.062    71.3 from  65 sources of uvex_2196 U
r946729.fit  4.11  1.36 0.053    81.6 from 343 sources of uvex_2196 g
r946730.fit  3.95  1.30 0.056   126.2 from 549 sources of uvex_2196o r
r946731.fit  5.29  1.75 0.072    62.8 from  63 sources of uvex_2196o U
r946732.fit  4.23  1.40 0.047    87.4 from 350 sources of uvex_2196o g
r946733.fit  3.93  1.30 0.104   141.6 from 1033 sources of uvex_2197 r
r946734.fit  4.89  1.61 0.073    74.2 from 159 sources of uvex_2197 U
r946735.fit  4.54  1.50 0.121    86.9 from 689 sources of uvex_2197 g
r946736.fit  3.65  1.20 0.088   130.6 from 1159 sources of uvex_2197o r
r946737.fit  5.60  1.85 0.093    77.7 from 134 sources of uvex_2197o U
r946738.fit  4.15  1.37 0.055    59.0 from 779 sources of uvex_2197o g
r946739.fit  4.21  1.39 0.096   147.4 from 482 sources of uvex_2199 r
r946740.fit  5.06  1.67 0.095    65.5 from  86 sources of uvex_2199 U
r946741.fit  3.60  1.19 0.035    80.8 from 393 sources of uvex_2199 g
r946742.fit  3.37  1.11 0.047   138.5 from 588 sources of uvex_2199o r
r946743.fit  5.01  1.65 0.109    74.3 from  82 sources of uvex_2199o U
r946744.fit  4.42  1.46 0.082    88.4 from 314 sources of uvex_2199o g
r946745.fit  3.57  1.18 0.041   142.4 from 606 sources of uvex_2202 r
r946746.fit  4.83  1.59 0.078    69.7 from  85 sources of uvex_2202 U
r946747.fit  4.02  1.33 0.088    86.4 from 354 sources of uvex_2202 g
r946748.fit  3.52  1.16 0.084   132.1 from 708 sources of uvex_2202o r
r946749.fit  5.66  1.87 0.129    74.7 from  70 sources of uvex_2202o U
r946750.fit  3.97  1.31 0.047    82.2 from 387 sources of uvex_2202o g
r946751.fit  3.93  1.30 0.055   131.0 from 737 sources of uvex_2208 r
r946752.fit  5.23  1.73 0.096    73.7 from 100 sources of uvex_2208 U
r946753.fit  4.16  1.37 0.063    83.1 from 482 sources of uvex_2208 g
r946754.fit  3.50  1.16 0.032    81.1 from 837 sources of uvex_2208o r
r946755.fit  5.88  1.94 0.113    68.0 from 104 sources of uvex_2208o U
r946756.fit  4.32  1.43 0.038    28.0 from 488 sources of uvex_2208o g
r946757.fit  4.30  1.42 0.066   170.6 from 539 sources of uvex_2209 r
r946758.fit  5.53  1.82 0.082    72.9 from  73 sources of uvex_2209 U
r946759.fit  4.38  1.45 0.091    90.8 from 387 sources of uvex_2209 g
r946760.fit  3.52  1.16 0.037   138.0 from 729 sources of uvex_2209o r
r946761.fit  4.93  1.63 0.061    67.4 from  98 sources of uvex_2209o U
r946762.fit  4.57  1.51 0.069    91.1 from 399 sources of uvex_2209o g
r946763.fit  3.72  1.23 0.052   111.9 from 966 sources of uvex_2210 r
r946764.fit  5.27  1.74 0.130    70.7 from 140 sources of uvex_2210 U
r946765.fit  3.96  1.31 0.060    78.0 from 751 sources of uvex_2210 g
r946766.fit  3.57  1.18 0.044    71.5 from 1003 sources of uvex_2210o r
r946767.fit  5.10  1.68 0.074    75.1 from 129 sources of uvex_2210o U
r946768.fit  4.56  1.50 0.056    45.4 from 541 sources of uvex_2210o g
r946769.fit  3.99  1.32 0.039   149.0 from 474 sources of uvex_2217 r
r946770.fit  5.14  1.70 0.075    77.7 from  58 sources of uvex_2217 U
r946771.fit  4.56  1.50 0.082    82.7 from 270 sources of uvex_2217 g
r946772.fit  3.74  1.23 0.032    67.9 from 536 sources of uvex_2217o r
r946773.fit  5.17  1.71 0.054    78.0 from  61 sources of uvex_2217o U
r946774.fit  3.96  1.31 0.035    61.3 from 334 sources of uvex_2217o g
r946775.fit  4.09  1.35 0.118   165.7 from 462 sources of uvex_2218 r
r946776.fit  4.99  1.65 0.072    64.6 from  61 sources of uvex_2218 U
r946777.fit  4.45  1.47 0.060    74.7 from 227 sources of uvex_2218 g
r946778.fit  3.78  1.25 0.057   158.9 from 421 sources of uvex_2218o r
r946779.fit  5.34  1.76 0.056    75.9 from  51 sources of uvex_2218o U
r946780.fit  4.86  1.60 0.090    76.4 from 203 sources of uvex_2218o g
r946781.fit  3.60  1.19 0.052   132.6 from 753 sources of uvex_2219 r
r946782.fit  5.68  1.87 0.093    79.8 from  90 sources of uvex_2219 U
r946783.fit  4.18  1.38 0.068    80.9 from 448 sources of uvex_2219 g
r946784.fit  3.82  1.26 0.088   151.1 from 734 sources of uvex_2219o r
r946785.fit  5.22  1.72 0.084    87.5 from 100 sources of uvex_2219o U
r946786.fit  3.85  1.27 0.042    97.5 from 469 sources of uvex_2219o g
r946787.fit  3.31  1.09 0.050    76.8 from 1058 sources of uvex_2221 r
r946788.fit  5.28  1.74 0.098    93.4 from 114 sources of uvex_2221 U
r946789.fit  4.72  1.56 0.107   103.6 from 523 sources of uvex_2221 g
r946790.fit  3.69  1.22 0.085    58.1 from 968 sources of uvex_2221o r
r946791.fit  6.22  2.05 0.162    97.5 from 102 sources of uvex_2221o U
r946792.fit  3.88  1.28 0.057   157.6 from 649 sources of uvex_2221o g
r946793.fit  4.02  1.33 0.053   208.7 from 890 sources of uvex_2223 r
r946794.fit  5.67  1.87 0.126   181.3 from 123 sources of uvex_2223 U
r946795.fit  4.80  1.58 0.051   348.3 from 559 sources of uvex_2223 g
r946796.fit  4.94  1.63 0.070   217.2 from 718 sources of uvex_2223o r
r946797.fit  4.74  1.56 0.088   326.3 from 157 sources of uvex_2223o U
r946798.fit  3.81  1.26 0.059   741.1 from 817 sources of uvex_2223o g
r946799.fit  4.39  1.45 0.071   115.3 from 175 sources of SA98 i
r946800.fit  5.20  1.72 0.113   164.5 from 294 sources of SA98 r
r946801.fit  5.19  1.71 0.036   261.6 from 121 sources of SA98 Ha
r946802.fit  5.55  1.83 0.067   501.0 from 312 sources of SA98 g
r946803.fit  5.88  1.94 0.080   583.0 from  79 sources of SA98 U
r946804.fit is not a target (BIAS)
r946805.fit is not a target (BIAS)
r946806.fit is not a target (BIAS)
r946807.fit is not a target (BIAS)
r946808.fit is not a target (FLAT)
r946809.fit is not a target (FLAT)
r946810.fit is not a target (FLAT)
r946811.fit is not a target (FLAT)
r946812.fit is not a target (FLAT)
r946813.fit is not a target (FLAT)
r946814.fit is not a target (FLAT)
r946815.fit is not a target (FLAT)
r946816.fit is not a target (FLAT)
r946817.fit is not a target (FLAT)
r946818.fit is not a target (FLAT)
r946819.fit is not a target (FLAT)
r946820.fit is not a target (FLAT)
r946821.fit is not a target (FLAT)
r946822.fit is not a target (FLAT)
r946823.fit is not a target (FLAT)
r946824.fit is not a target (FLAT)
r946825.fit is not a target (FLAT)
r946826.fit is not a target (FLAT)
r946827.fit is not a target (FLAT)
r946828.fit is not a target (FLAT)
r946829.fit is not a target (FLAT)
r946830.fit is not a target (FLAT)
r946831.fit is not a target (BIAS)
r946832.fit is not a target (BIAS)
r946833.fit is not a target (BIAS)
r946834.fit is not a target (BIAS)
