r945510.fit is not a target (BIAS)
r945511.fit is not a target (BIAS)
r945512.fit is not a target (BIAS)
r945513.fit is not a target (BIAS)
r945515.fit is not a target (BIAS)
r945516.fit is not a target (BIAS)
r945517.fit is not a target (BIAS)
r945518.fit is not a target (BIAS)
r945519.fit is not a target (BIAS)
r945520.fit is not a target (BIAS)
r945521.fit is not a target (BIAS)
r945522.fit is not a target (BIAS)
r945523.fit is not a target (BIAS)
r945524.fit is not a target (BIAS)
r945525.fit is not a target (BIAS)
r945526.fit is not a target (BIAS)
r945527.fit is not a target (BIAS)
r945528.fit is not a target (BIAS)
r945529.fit is not a target (BIAS)
r945530.fit is not a target (BIAS)
r945531.fit is not a target (BIAS)
r945532.fit is not a target (BIAS)
r945533.fit is not a target (BIAS)
r945534.fit is not a target (BIAS)
r945535.fit is not a target (BIAS)
r945536.fit is not a target (BIAS)
r945537.fit is not a target (FOCUS)
r945538.fit is not a target (FOCUS)
r945539.fit is not a target (FOCUS)
r945540.fit is not a target (FOCUS)
r945541.fit  9.60  3.17 0.074    33.4 from  41 sources of SA98 Ha 60s
r945542.fit 10.43  3.44 0.054    71.4 from 107 sources of SA98 r 15s
r945543.fit 10.82  3.57 0.092    60.2 from  67 sources of SA98 r 10s
r945544.fit  9.59  3.16 0.053    45.6 from  38 sources of SA98 i 5s
r945545.fit 10.08  3.33 0.049    33.3 from  41 sources of SA98 Ha 60s
r945546.fit  7.87  2.60 0.035    48.1 from  72 sources of intphas_3014 Ha
r945547.fit  7.88  2.60 0.041   114.4 from 209 sources of intphas_3014 r
r945548.fit  8.17  2.70 0.040   106.9 from 126 sources of intphas_3014 i
r945549.fit  7.43  2.45 0.046    53.6 from  81 sources of intphas_3014o Ha
r945550.fit  7.46  2.46 0.030   135.9 from 214 sources of intphas_3014o r
r945551.fit  7.87  2.60 0.054   120.9 from 142 sources of intphas_3014o i
r945552.fit  7.49  2.47 0.057    54.1 from 112 sources of intphas_3020 Ha
r945553.fit  5.58  1.84 0.046   110.0 from 488 sources of intphas_3020 r
r945554.fit  6.82  2.25 0.050   120.6 from 235 sources of intphas_3020 i
r945555.fit  7.41  2.45 0.048    54.4 from 119 sources of intphas_3020o Ha
r945556.fit  7.24  2.39 0.047   121.1 from 348 sources of intphas_3020o r
r945557.fit  6.52  2.15 0.044   103.4 from 285 sources of intphas_3020o i
r945558.fit  8.50  2.81 0.054    56.4 from  78 sources of intphas_3042 Ha
r945559.fit 10.16  3.35 0.051   123.8 from 162 sources of intphas_3042 r
r945560.fit  9.45  3.12 0.070   111.5 from 113 sources of intphas_3042 i
r945561.fit  8.72  2.88 0.037    51.5 from  70 sources of intphas_3042o Ha
r945562.fit  6.53  2.15 0.032   107.3 from 305 sources of intphas_3042o r
r945563.fit  7.63  2.52 0.051   113.2 from 169 sources of intphas_3042o i
r945564.fit 10.29  3.40 0.057    41.7 from  61 sources of intphas_3043 Ha
r945565.fit  8.22  2.71 0.058   111.0 from 177 sources of intphas_3043 r
r945566.fit  5.41  1.79 0.056   112.6 from 247 sources of intphas_3043 i
r945567.fit  8.30  2.74 0.067    53.2 from  70 sources of intphas_3043o Ha
r945568.fit  7.24  2.39 0.044   132.1 from 218 sources of intphas_3043o r
r945569.fit  7.55  2.49 0.051   114.1 from 133 sources of intphas_3043o i
r945570.fit  8.02  2.65 0.044    59.4 from  77 sources of intphas_3045 Ha
r945571.fit  7.38  2.44 0.050   138.6 from 221 sources of intphas_3045 r
r945572.fit  6.27  2.07 0.045   118.0 from 217 sources of intphas_3045 i
r945573.fit  6.71  2.21 0.039    50.5 from 102 sources of intphas_3045o Ha
r945574.fit  6.56  2.16 0.072   145.4 from 267 sources of intphas_3045o r
r945575.fit  6.41  2.12 0.053   104.8 from 194 sources of intphas_3045o i
r945576.fit  8.84  2.92 0.066    59.7 from  61 sources of intphas_3062 Ha
r945577.fit  9.96  3.29 0.042   138.7 from 120 sources of intphas_3062 r
r945578.fit 10.32  3.41 0.048   126.8 from  87 sources of intphas_3062 i
r945579.fit  7.11  2.35 0.034    62.1 from  87 sources of intphas_3062o Ha
r945580.fit  7.35  2.43 0.028   145.6 from 172 sources of intphas_3062o r
r945581.fit  7.58  2.50 0.049   126.4 from 132 sources of intphas_3062o i
r945582.fit  8.61  2.84 0.037    60.9 from  81 sources of intphas_3073 Ha
r945583.fit  5.85  1.93 0.039   147.1 from 319 sources of intphas_3073 r
r945584.fit  7.52  2.48 0.054   124.2 from 176 sources of intphas_3073 i
r945585.fit  8.65  2.85 0.040    59.0 from  84 sources of intphas_3138 Ha
r945586.fit  9.69  3.20 0.044   139.0 from 188 sources of intphas_3138 r
r945587.fit  7.90  2.61 0.042   126.2 from 178 sources of intphas_3138 i
r945588.fit  7.56  2.49 0.051    61.3 from 107 sources of intphas_3138o Ha
r945589.fit  7.36  2.43 0.041   145.1 from 319 sources of intphas_3138o r
r945590.fit  9.01  2.97 0.040   127.0 from 140 sources of intphas_3138o i
r945591.fit  6.84  2.26 0.046    61.5 from 115 sources of intphas_3141 Ha
r945592.fit  7.39  2.44 0.060   147.9 from 283 sources of intphas_3141 r
r945593.fit 10.09  3.33 0.074   132.5 from 103 sources of intphas_3141 i
r945594.fit  6.38  2.11 0.033    60.6 from 115 sources of intphas_3141o Ha
r945595.fit  6.09  2.01 0.049   151.0 from 394 sources of intphas_3141o r
r945596.fit  7.44  2.46 0.056   127.6 from 160 sources of intphas_3141o i
r945597.fit  6.93  2.29 0.046    66.0 from  69 sources of intphas_3142 Ha
r945598.fit  7.00  2.31 0.029   145.2 from 148 sources of intphas_3142 r
r945599.fit  7.11  2.35 0.040   120.5 from 119 sources of intphas_3142 i
r945600.fit  6.35  2.10 0.033    63.4 from  83 sources of intphas_3142o Ha
r945601.fit  6.77  2.23 0.040   146.3 from 144 sources of intphas_3142o r
r945602.fit  6.13  2.02 0.039   120.8 from 133 sources of intphas_3142o i
r945603.fit  7.62  2.51 0.037    63.8 from 103 sources of intphas_3182 Ha
r945604.fit  9.45  3.12 0.065    87.5 from 204 sources of intphas_3182 r
r945605.fit  7.85  2.59 0.057    48.9 from 175 sources of intphas_3182 i
r945606.fit  9.89  3.26 0.036    59.7 from  69 sources of intphas_3182o Ha
r945607.fit  8.39  2.77 0.070   130.8 from 264 sources of intphas_3182o r
r945608.fit  8.85  2.92 0.070   133.6 from 147 sources of intphas_3182o i
r945609.fit  9.26  3.06 0.044    66.0 from  53 sources of intphas_3289 Ha
r945610.fit  7.00  2.31 0.054   154.8 from 261 sources of intphas_3289 r
r945611.fit  6.04  1.99 0.038   129.4 from 227 sources of intphas_3289 i
r945612.fit  7.74  2.55 0.041    64.5 from  79 sources of intphas_3289o Ha
r945613.fit  7.18  2.37 0.041   162.4 from 226 sources of intphas_3289o r
r945614.fit  6.06  2.00 0.036   127.8 from 209 sources of intphas_3289o i
r945615.fit  8.54  2.82 0.034    74.3 from  78 sources of intphas_3366o Ha
r945616.fit  9.90  3.27 0.050   183.3 from 165 sources of intphas_3366o r
r945617.fit  8.02  2.65 0.080   149.9 from 159 sources of intphas_3366o i
r945618.fit  7.75  2.56 0.069    90.2 from  71 sources of intphas_3386 Ha
r945619.fit  7.90  2.61 0.091   204.7 from 193 sources of intphas_3386 r
r945620.fit  6.26  2.07 0.093   167.1 from 218 sources of intphas_3386 i
r945621.fit  7.84  2.59 0.044    81.1 from  61 sources of SA98 Ha 60s
r945622.fit  8.14  2.69 0.058   200.3 from 170 sources of SA98 r 15s
r945623.fit  8.13  2.68 0.058   111.5 from  57 sources of SA98 i 5s
r945624.fit  8.34  2.75 0.031   115.6 from  51 sources of Rub149b i 5s
r945625.fit  9.89  3.26 0.042   186.8 from  74 sources of Rub149b r 10s
r945626.fit  7.15  2.36 0.056   138.1 from  65 sources of Rub149b r 5s
r945627.fit  8.11  2.68 0.035   149.9 from  54 sources of Rub149b Ha 60s
r945628.fit is not a target (BIAS)
r945629.fit is not a target (BIAS)
r945630.fit is not a target (BIAS)
r945631.fit is not a target (BIAS)
r945632.fit is not a target (BIAS)
r945633.fit is not a target (BIAS)
r945634.fit is not a target (BIAS)
r945635.fit is not a target (BIAS)
r945636.fit is not a target (BIAS)
r945637.fit is not a target (BIAS)
r945638.fit is not a target (FLAT)
r945639.fit is not a target (FLAT)
r945640.fit is not a target (FLAT)
r945641.fit is not a target (FLAT)
r945642.fit is not a target (FLAT)
r945643.fit is not a target (FLAT)
r945644.fit is not a target (FLAT)
r945645.fit is not a target (FLAT)
r945646.fit is not a target (FLAT)
r945647.fit is not a target (FLAT)
r945648.fit is not a target (FLAT)
