r941062.fit is not a target (BIAS)
r941063.fit is not a target (BIAS)
r941064.fit is not a target (BIAS)
r941065.fit is not a target (BIAS)
r941066.fit is not a target (BIAS)
r941067.fit is not a target (BIAS)
r941068.fit is not a target (BIAS)
r941069.fit is not a target (BIAS)
r941070.fit is not a target (BIAS)
r941071.fit is not a target (BIAS)
r941072.fit is not a target (BIAS)
r941073.fit is not a target (BIAS)
r941074.fit is not a target (BIAS)
r941075.fit is not a target (BIAS)
r941076.fit is not a target (BIAS)
r941077.fit is not a target (BIAS)
r941078.fit is not a target (BIAS)
r941079.fit is not a target (BIAS)
r941080.fit is not a target (BIAS)
r941081.fit is not a target (BIAS)
r941082.fit is not a target (BIAS)
r941083.fit is not a target (BIAS)
r941084.fit is not a target (SKY)
r941085.fit is not a target (SKY)
r941086.fit is not a target (SKY)
r941087.fit is not a target (SKY)
r941088.fit is not a target (SKY)
r941089.fit is not a target (SKY)
r941090.fit is not a target (SKY)
r941091.fit is not a target (SKY)
r941092.fit is not a target (SKY)
r941093.fit is not a target (SKY)
r941094.fit  4.58  1.51 0.096   302.9 from  10 sources of SA112-250 Ha
r941095.fit 26.72  8.82 0.096   313.5 from   6 sources of SA112-250 r
r941096.fit 21.43  7.07 0.122   308.9 from   4 sources of SA112-250 i
r941097.fit is not a target (FOCUS)
r941098.fit  5.13  1.69 0.104   160.4 from 473 sources of intphas_4275 Ha
r941099.fit  5.63  1.86 0.177   271.1 from 1552 sources of intphas_4275 r
r941100.fit  5.25  1.73 0.164   229.1 from 1721 sources of intphas_4275 i
r941101.fit  5.67  1.87 0.127   158.7 from 396 sources of intphas_4275o Ha
r941102.fit  5.28  1.74 0.167   201.6 from 1872 sources of intphas_4275o r
r941103.fit  4.66  1.54 0.173   201.4 from 2503 sources of intphas_4275o i
r941104.fit  5.87  1.94 0.175   162.3 from 369 sources of intphas_4285 Ha
r941105.fit  4.25  1.40 0.131   260.3 from 2201 sources of intphas_4285 r
r941106.fit  4.48  1.48 0.162   218.3 from 2320 sources of intphas_4285 i
r941107.fit  4.81  1.59 0.138   157.8 from 492 sources of intphas_4285o Ha
r941108.fit  4.47  1.48 0.145   226.1 from 2271 sources of intphas_4285o r
r941109.fit  3.95  1.30 0.154   218.4 from 3205 sources of intphas_4285o i
r941110.fit  4.89  1.61 0.131   161.6 from 135 sources of intphas_4293 Ha
r941111.fit  4.56  1.50 0.098   273.3 from 543 sources of intphas_4293 r
r941112.fit  4.27  1.41 0.110   173.0 from 835 sources of intphas_4293 i
r941113.fit  4.29  1.42 0.101   147.0 from 399 sources of intphas_4543 Ha
r941114.fit  4.11  1.36 0.110   211.2 from 1286 sources of intphas_4543 r
r941115.fit  3.87  1.28 0.147   168.1 from 1764 sources of intphas_4543 i
r941116.fit  4.46  1.47 0.097   149.6 from 393 sources of intphas_4543o Ha
r941117.fit  5.14  1.70 0.153   240.7 from 956 sources of intphas_4543o r
r941118.fit  4.75  1.57 0.144   213.7 from 1159 sources of intphas_4543o i
r941119.fit  4.25  1.40 0.152   153.2 from 440 sources of intphas_4544 Ha
r941120.fit  3.58  1.18 0.105   220.2 from 1790 sources of intphas_4544 r
r941121.fit  3.61  1.19 0.116   207.7 from 1766 sources of intphas_4544 i
r941122.fit  4.26  1.41 0.136   152.4 from 519 sources of intphas_4544o Ha
r941123.fit  4.03  1.33 0.154   239.5 from 1922 sources of intphas_4544o r
r941124.fit  4.29  1.42 0.187   191.9 from 1941 sources of intphas_4544o i
r941125.fit  3.70  1.22 0.116   157.8 from 339 sources of intphas_4545 Ha
r941126.fit  3.81  1.26 0.114   248.0 from 1086 sources of intphas_4545 r
r941127.fit  3.61  1.19 0.127   228.5 from 1620 sources of intphas_4545 i
r941128.fit  4.40  1.45 0.140   158.5 from 270 sources of intphas_4545o Ha
r941129.fit  4.33  1.43 0.146   257.0 from 919 sources of intphas_4545o r
r941130.fit  4.02  1.33 0.158   216.1 from 1422 sources of intphas_4545o i
r941131.fit  3.97  1.31 0.133   163.8 from 591 sources of intphas_4550 Ha
r941132.fit  3.35  1.11 0.107   141.7 from 2449 sources of intphas_4550 r
r941133.fit  3.18  1.05 0.119   236.7 from 2633 sources of intphas_4550 i
r941134.fit  4.09  1.35 0.109   162.2 from 486 sources of intphas_4550o Ha
r941135.fit  4.92  1.62 0.169   232.0 from 1323 sources of intphas_4550o r
r941136.fit  4.32  1.43 0.144   178.3 from 1618 sources of intphas_4550o i
r941137.fit  4.25  1.40 0.125   154.8 from 549 sources of intphas_4555 Ha
r941138.fit  4.14  1.37 0.141   206.7 from 1658 sources of intphas_4555 r
r941139.fit  3.37  1.11 0.107   159.8 from 1783 sources of intphas_4555 i
r941140.fit  4.00  1.32 0.125   157.4 from 544 sources of intphas_4555o Ha
r941141.fit  4.22  1.39 0.125   209.0 from 1374 sources of intphas_4555o r
r941142.fit  4.03  1.33 0.130   182.9 from 1248 sources of intphas_4555o i
r941143.fit  4.18  1.38 0.148   154.4 from 553 sources of intphas_4558 Ha
r941144.fit  4.20  1.39 0.165   213.1 from 2007 sources of intphas_4558 r
r941145.fit  3.55  1.17 0.158   199.0 from 2522 sources of intphas_4558 i
r941146.fit  3.61  1.19 0.127   155.2 from 772 sources of intphas_4558o Ha
r941147.fit  3.37  1.11 0.120   136.3 from 2697 sources of intphas_4558o r
r941148.fit  3.25  1.07 0.134   235.1 from 2690 sources of intphas_4558o i
r941149.fit  3.79  1.25 0.111   160.6 from 340 sources of intphas_4559 Ha
r941150.fit  4.03  1.33 0.141   238.0 from 1128 sources of intphas_4559 r
r941151.fit  3.03  1.00 0.119   219.9 from 2231 sources of intphas_4559 i
r941152.fit  4.12  1.36 0.187   159.0 from 391 sources of intphas_4559o Ha
r941153.fit  3.14  1.04 0.103   248.1 from 1656 sources of intphas_4559o r
r941154.fit  2.77  0.91 0.114   239.1 from 2462 sources of intphas_4559o i
r941155.fit  4.55  1.50 0.176   167.4 from 510 sources of intphas_4567 Ha
r941156.fit  3.61  1.19 0.110   229.2 from 2639 sources of intphas_4567 r
r941157.fit  3.09  1.02 0.107   292.3 from 2772 sources of intphas_4567 i
r941158.fit is not a target (BIAS)
r941159.fit is not a target (BIAS)
r941160.fit is not a target (BIAS)
r941161.fit  4.78  1.58 0.188   240.9 from  48 sources of GD248 Ha
r941162.fit  4.09  1.35 0.154   313.2 from 102 sources of GD248 r
r941163.fit  4.05  1.34 0.151   293.4 from  51 sources of GD248 i
r941164.fit is not a target (BIAS)
r941165.fit  4.90  1.62 0.192    53.6 from  50 sources of GD248 Ha
r941166.fit  4.52  1.49 0.174    80.9 from  93 sources of GD248 r
r941167.fit  3.91  1.29 0.135    61.8 from  57 sources of GD248 i
r941168.fit  3.49  1.15 0.111    63.4 from 741 sources of intphas_5591 Ha
r941169.fit  3.29  1.09 0.114   132.9 from 2146 sources of intphas_5591 r
r941170.fit  3.02  1.00 0.111    83.5 from 2385 sources of intphas_5591 i
r941171.fit  3.70  1.22 0.126    69.1 from 649 sources of intphas_5591o Ha
r941172.fit  3.75  1.24 0.143    81.4 from 1814 sources of intphas_5591o r
r941173.fit  3.62  1.19 0.145    76.8 from 1867 sources of intphas_5591o i
r941174.fit  4.48  1.48 0.188    68.5 from 359 sources of intphas_5617 Ha
r941175.fit  3.73  1.23 0.108   109.7 from 970 sources of intphas_5617 r
r941176.fit  3.53  1.16 0.105    92.8 from 1024 sources of intphas_5617 i
r941177.fit  3.76  1.24 0.079    63.5 from 341 sources of intphas_5617o Ha
r941178.fit  4.29  1.42 0.044   110.5 from 682 sources of intphas_5617o r
r941179.fit  3.50  1.16 0.065   113.5 from 852 sources of intphas_5617o i
r941180.fit  5.09  1.68 0.083    84.6 from 327 sources of intphas_5630o Ha
r941181.fit  4.36  1.44 0.077   136.9 from 1160 sources of intphas_5630o r
r941182.fit  5.08  1.68 0.085   111.7 from 707 sources of intphas_5630o i
r941183.fit  4.80  1.58 0.037    74.0 from 183 sources of intphas_5849 Ha
r941184.fit  3.97  1.31 0.048   118.0 from 568 sources of intphas_5849 r
r941185.fit  6.80  2.24 0.048   117.9 from 236 sources of intphas_5849 i
r941186.fit  5.62  1.85 0.061    58.8 from 221 sources of intphas_5899 Ha
r941187.fit  5.30  1.75 0.074   106.2 from 663 sources of intphas_5899 r
r941188.fit  4.84  1.60 0.082    92.8 from 642 sources of intphas_5899 i
r941189.fit  4.87  1.61 0.042    58.7 from 238 sources of intphas_6113 Ha
r941190.fit  4.76  1.57 0.047   123.0 from 671 sources of intphas_6113 r
r941191.fit  3.99  1.32 0.066   103.8 from 701 sources of intphas_6113 i
r941192.fit  4.72  1.56 0.059    63.9 from 257 sources of intphas_6113o Ha
r941193.fit  4.25  1.40 0.073   118.2 from 838 sources of intphas_6113o r
r941194.fit  3.85  1.27 0.053   106.8 from 807 sources of intphas_6113o i
r941195.fit  4.30  1.42 0.071    62.5 from 116 sources of intphas_6145o Ha
r941196.fit  5.02  1.66 0.043   121.1 from 178 sources of intphas_6145o r
r941197.fit  3.80  1.25 0.047   108.3 from 242 sources of intphas_6145o i
r941198.fit  4.43  1.46 0.048    51.6 from 406 sources of intphas_6208o Ha
r941199.fit  4.48  1.48 0.085   108.1 from 1049 sources of intphas_6208o r
r941200.fit  3.88  1.28 0.071    76.0 from 963 sources of intphas_6208o i
r941201.fit  3.60  1.19 0.097    58.0 from 642 sources of intphas_6442 Ha
r941202.fit  3.01  0.99 0.102    96.3 from 2267 sources of intphas_6442 r
r941203.fit  2.67  0.88 0.087    93.9 from 2112 sources of intphas_6442 i
r941204.fit  3.79  1.25 0.161    41.6 from 776 sources of intphas_6464 Ha
r941205.fit  3.13  1.03 0.108   102.7 from 2400 sources of intphas_6464 r
r941206.fit  3.00  0.99 0.091    87.1 from 2003 sources of intphas_6464 i
r941207.fit  3.07  1.01 0.094    53.5 from 937 sources of intphas_6464o Ha
r941208.fit  3.03  1.00 0.096    93.8 from 2413 sources of intphas_6464o r
r941209.fit  2.75  0.91 0.087    96.2 from 2134 sources of intphas_6464o i
r941210.fit  3.57  1.18 0.092    52.8 from 417 sources of intphas_6757o Ha
r941211.fit  3.61  1.19 0.111    94.0 from 1015 sources of intphas_6757o r
r941212.fit  3.51  1.16 0.104    93.5 from 966 sources of intphas_6757o i
r941213.fit  3.52  1.16 0.097    48.6 from 639 sources of intphas_6810o Ha
r941214.fit  3.36  1.11 0.106    94.2 from 1741 sources of intphas_6810o r
r941215.fit  3.35  1.11 0.098    77.9 from 1413 sources of intphas_6810o i
r941216.fit  3.76  1.24 0.118    42.8 from 771 sources of intphas_6812o Ha
r941217.fit  3.73  1.23 0.130   111.8 from 2133 sources of intphas_6812o r
r941218.fit  3.48  1.15 0.118    86.8 from 1610 sources of intphas_6812o i
r941219.fit  3.76  1.24 0.118    61.8 from 116 sources of intphas_7596o Ha
r941220.fit  4.13  1.36 0.139    93.0 from 215 sources of intphas_7596o r
r941221.fit  3.72  1.23 0.126    88.7 from 273 sources of intphas_7596o i
r941222.fit  3.82  1.26 0.119    56.1 from 165 sources of intphas_7523 Ha
r941223.fit  3.92  1.29 0.117   101.4 from 341 sources of intphas_7523 r
r941224.fit  3.73  1.23 0.112   103.2 from 386 sources of intphas_7523 i
r941225.fit  3.77  1.24 0.122    49.8 from 172 sources of intphas_7523o Ha
r941226.fit  3.52  1.16 0.093   101.8 from 350 sources of intphas_7523o r
r941227.fit  3.65  1.20 0.110    95.3 from 400 sources of intphas_7523o i
r941228.fit  4.05  1.34 0.111    52.0 from 311 sources of intphas_0141 Ha
r941229.fit  3.85  1.27 0.105   120.3 from 936 sources of intphas_0141 r
r941230.fit  3.89  1.28 0.113    99.1 from 669 sources of intphas_0141 i
r941231.fit  4.21  1.39 0.114    49.9 from 295 sources of intphas_0141o Ha
r941232.fit  4.14  1.37 0.105    99.6 from 803 sources of intphas_0141o r
r941233.fit  4.32  1.43 0.094    95.1 from 561 sources of intphas_0141o i
r941234.fit  4.94  1.63 0.066    64.2 from 296 sources of intphas_0142 Ha
r941235.fit  5.32  1.76 0.061   120.3 from 587 sources of intphas_0142 r
r941236.fit  4.67  1.54 0.089   108.1 from 587 sources of intphas_0142 i
r941237.fit  5.55  1.83 0.116    66.1 from 252 sources of intphas_0142o Ha
r941238.fit  6.91  2.28 0.169   136.8 from 491 sources of intphas_0142o r
r941239.fit  4.84  1.60 0.081   112.3 from 527 sources of intphas_0142o i
r941240.fit  5.73  1.89 0.054    61.7 from 140 sources of intphas_0181 Ha
r941241.fit  4.80  1.58 0.055   123.3 from 468 sources of intphas_0181 r
r941242.fit  5.61  1.85 0.096   107.8 from 316 sources of intphas_0181 i
r941243.fit  5.40  1.78 0.134    60.3 from 157 sources of intphas_0181o Ha
r941244.fit  6.23  2.06 0.117   109.5 from 277 sources of intphas_0181o r
r941245.fit  4.81  1.59 0.085    91.2 from 356 sources of intphas_0181o i
r941246.fit  5.57  1.84 0.070    43.4 from  30 sources of GD248 Ha
r941247.fit  4.84  1.60 0.043    81.8 from  67 sources of GD248 r
r941248.fit  6.02  1.99 0.058    51.0 from  17 sources of GD248 i
r941249.fit  4.15  1.37 0.093    54.8 from 309 sources of intphas_0182 Ha
r941250.fit  4.19  1.38 0.079   114.3 from 794 sources of intphas_0182 r
r941251.fit  4.59  1.51 0.150    91.5 from 534 sources of intphas_0182 i
r941252.fit  4.42  1.46 0.111    63.0 from 253 sources of intphas_0182o Ha
r941253.fit  4.33  1.43 0.117   145.4 from 800 sources of intphas_0182o r
r941254.fit  4.37  1.44 0.091    73.3 from 598 sources of intphas_0182o i
r941255.fit  4.87  1.61 0.107    61.3 from 191 sources of intphas_0183 Ha
r941256.fit  5.06  1.67 0.051   139.5 from 433 sources of intphas_0183 r
r941257.fit  5.78  1.91 0.089    78.6 from 312 sources of intphas_0183 i
r941258.fit  5.57  1.84 0.076    62.6 from 153 sources of intphas_0183o Ha
r941259.fit  5.01  1.65 0.089   113.3 from 476 sources of intphas_0183o r
r941260.fit  5.17  1.71 0.103    38.7 from 343 sources of intphas_0183o i
r941261.fit  5.11  1.69 0.099    56.0 from 134 sources of intphas_0184 Ha
r941262.fit  4.60  1.52 0.128   154.5 from 369 sources of intphas_0184 r
r941263.fit  4.89  1.61 0.134   110.6 from 318 sources of intphas_0184 i
r941264.fit  4.60  1.52 0.092    56.6 from 144 sources of intphas_0184o Ha
r941265.fit  4.20  1.39 0.109   149.1 from 414 sources of intphas_0184o r
r941266.fit  4.88  1.61 0.057   104.1 from 295 sources of intphas_0184o i
r941267.fit  3.74  1.23 0.108    62.6 from 151 sources of intphas_0185 Ha
r941268.fit  4.09  1.35 0.087   159.6 from 287 sources of intphas_0185 r
r941269.fit  3.82  1.26 0.082   108.8 from 342 sources of intphas_0185 i
r941270.fit  3.68  1.21 0.146    59.4 from 158 sources of intphas_0185o Ha
r941271.fit  3.51  1.16 0.084   164.7 from 372 sources of intphas_0185o r
r941272.fit  3.24  1.07 0.108   116.3 from 492 sources of intphas_0185o i
r941273.fit  3.76  1.24 0.096    64.9 from 120 sources of intphas_0196 Ha
r941274.fit  4.09  1.35 0.080   162.4 from 199 sources of intphas_0196 r
r941275.fit  4.47  1.48 0.063    51.3 from 186 sources of intphas_0196 i
r941276.fit  4.73  1.56 0.079    65.6 from  75 sources of intphas_0196o Ha
r941277.fit  4.81  1.59 0.053   124.9 from 159 sources of intphas_0196o r
r941278.fit  4.30  1.42 0.124   121.3 from 212 sources of intphas_0196o i
r941279.fit  4.02  1.33 0.079    75.0 from 313 sources of intphas_0324 Ha
r941280.fit  4.09  1.35 0.136    32.7 from 852 sources of intphas_0324 r
r941281.fit  4.42  1.46 0.089    74.2 from 520 sources of intphas_0324 i
r941282.fit  3.69  1.22 0.100    75.2 from 377 sources of intphas_0324o Ha
r941283.fit  4.15  1.37 0.074   158.3 from 777 sources of intphas_0324o r
r941284.fit  4.02  1.33 0.106    56.8 from 670 sources of intphas_0324o i
r941285.fit  3.57  1.18 0.070    54.5 from 307 sources of intphas_0014 Ha
r941286.fit  3.24  1.07 0.078   113.1 from 890 sources of intphas_0014 r
r941287.fit  3.00  0.99 0.083    89.7 from 849 sources of intphas_0014 i
r941288.fit  3.54  1.17 0.061    63.3 from 423 sources of intphas_0085 Ha
r941289.fit  2.89  0.95 0.070   125.5 from 1470 sources of intphas_0085 r
r941290.fit  3.12  1.03 0.081   108.9 from 1051 sources of intphas_0085 i
r941291.fit  3.09  1.02 0.073    61.5 from 501 sources of intphas_0085o Ha
r941292.fit  3.07  1.01 0.058   161.1 from 1303 sources of intphas_0085o r
r941293.fit  2.91  0.96 0.089   122.2 from 1135 sources of intphas_0085o i
r941294.fit  3.00  0.99 0.059    63.2 from 491 sources of intphas_0089 Ha
r941295.fit  2.98  0.98 0.076   104.9 from 1372 sources of intphas_0089 r
r941296.fit  2.79  0.92 0.096   124.5 from 1167 sources of intphas_0089 i
r941297.fit  2.95  0.97 0.092    57.5 from 461 sources of intphas_0089o Ha
r941298.fit  2.97  0.98 0.084    92.6 from 1200 sources of intphas_0089o r
r941299.fit  4.04  1.33 0.063    86.6 from 578 sources of intphas_0089o i
r941300.fit  3.17  1.05 0.075    64.2 from 430 sources of intphas_0099 Ha
r941301.fit  2.89  0.95 0.078   164.8 from 1242 sources of intphas_0099 r
r941302.fit  2.72  0.90 0.073   118.9 from 1087 sources of intphas_0099 i
r941303.fit  3.11  1.03 0.099    62.2 from 478 sources of intphas_0099o Ha
r941304.fit  2.85  0.94 0.083   101.1 from 1241 sources of intphas_0099o r
r941305.fit  3.00  0.99 0.076   117.9 from 989 sources of intphas_0099o i
r941306.fit  2.87  0.95 0.083    65.7 from 430 sources of intphas_0102 Ha
r941307.fit  3.20  1.06 0.052   139.9 from 899 sources of intphas_0102 r
r941308.fit  2.82  0.93 0.075   106.2 from 954 sources of intphas_0102 i
r941309.fit  3.08  1.02 0.113    66.4 from 403 sources of intphas_0102o Ha
r941310.fit  2.80  0.92 0.077   173.2 from 1143 sources of intphas_0102o r
r941311.fit  2.94  0.97 0.077   126.7 from 965 sources of intphas_0102o i
r941312.fit  3.49  1.15 0.086    58.9 from 397 sources of intphas_0104 Ha
r941313.fit  3.53  1.16 0.060   147.0 from 931 sources of intphas_0104 r
r941314.fit  2.75  0.91 0.093   112.0 from 1062 sources of intphas_0104 i
r941315.fit  4.68  1.54 0.096    68.7 from 263 sources of intphas_0104o Ha
r941316.fit  4.03  1.33 0.047   132.0 from 730 sources of intphas_0104o r
r941317.fit  3.36  1.11 0.063   103.2 from 762 sources of intphas_0104o i
r941318.fit  5.71  1.88 0.050    44.6 from  19 sources of Feige22 Ha
r941319.fit  5.06  1.67 0.063    47.6 from  13 sources of Feige22 r
r941320.fit  3.55  1.17 0.071    46.8 from  17 sources of Feige22 i
r941321.fit  4.61  1.52 0.145    75.7 from 140 sources of intphas_0996 Ha
r941322.fit  4.97  1.64 0.087   187.4 from 308 sources of intphas_0996 r
r941323.fit  5.38  1.78 0.133   134.2 from 267 sources of intphas_0996 i
r941324.fit  4.36  1.44 0.071    74.2 from 143 sources of intphas_0996o Ha
r941325.fit  5.07  1.67 0.167   182.4 from 345 sources of intphas_0996o r
r941326.fit  3.97  1.31 0.101   127.1 from 396 sources of intphas_0996o i
r941327.fit  5.63  1.86 0.085    68.6 from 103 sources of intphas_1072 Ha
r941328.fit  4.72  1.56 0.075   182.0 from 375 sources of intphas_1072 r
r941329.fit  4.16  1.37 0.106   131.1 from 398 sources of intphas_1072 i
r941330.fit  4.64  1.53 0.201    60.9 from 117 sources of intphas_1076o Ha
r941331.fit  4.55  1.50 0.113   141.1 from 265 sources of intphas_1076o r
r941332.fit  4.18  1.38 0.133   110.6 from 274 sources of intphas_1076o i
r941333.fit  4.23  1.40 0.132    69.8 from 175 sources of intphas_1186 Ha
r941334.fit  3.92  1.29 0.149   185.7 from 521 sources of intphas_1186 r
r941335.fit  3.35  1.11 0.156    41.1 from 563 sources of intphas_1186 i
r941336.fit  5.45  1.80 0.269    68.7 from 159 sources of intphas_1186o Ha
r941337.fit  4.16  1.37 0.100   178.1 from 421 sources of intphas_1186o r
r941338.fit  4.47  1.48 0.083   126.8 from 328 sources of intphas_1186o i
r941339.fit  5.30  1.75 0.239    65.2 from 113 sources of intphas_1188o Ha
r941340.fit  4.52  1.49 0.162   178.3 from 269 sources of intphas_1188o r
r941341.fit  4.17  1.38 0.121   128.1 from 283 sources of intphas_1188o i
r941342.fit  5.01  1.65 0.099    71.8 from 102 sources of intphas_1807o Ha
r941343.fit  4.90  1.62 0.151   182.6 from 342 sources of intphas_1807o r
r941344.fit  4.50  1.49 0.158   133.7 from 390 sources of intphas_1807o i
r941345.fit  4.31  1.42 0.136    71.8 from 152 sources of intphas_1809o Ha
r941346.fit  4.53  1.49 0.087   141.2 from 290 sources of intphas_1809o r
r941347.fit  4.23  1.40 0.112   116.1 from 323 sources of intphas_1809o i
r941348.fit  4.18  1.38 0.131    52.8 from 171 sources of intphas_1810 Ha
r941349.fit  4.22  1.39 0.122   168.6 from 407 sources of intphas_1810 r
r941350.fit  4.10  1.35 0.122   123.3 from 370 sources of intphas_1810 i
r941351.fit  4.51  1.49 0.134    68.4 from 154 sources of intphas_1810o Ha
r941352.fit  4.50  1.49 0.093   174.2 from 353 sources of intphas_1810o r
r941353.fit  4.19  1.38 0.109   131.2 from 365 sources of intphas_1810o i
r941354.fit  4.50  1.49 0.142    68.0 from 176 sources of intphas_1811 Ha
r941355.fit  4.20  1.39 0.132   178.3 from 566 sources of intphas_1811 r
r941356.fit  4.43  1.46 0.118   128.8 from 428 sources of intphas_1811 i
r941357.fit  4.35  1.44 0.109    32.9 from 197 sources of intphas_1811o Ha
r941358.fit  3.95  1.30 0.126   132.2 from 572 sources of intphas_1811o r
r941359.fit  4.62  1.52 0.116   124.5 from 347 sources of intphas_1811o i
r941360.fit  4.18  1.38 0.097    66.4 from 155 sources of intphas_1813o Ha
r941361.fit  4.20  1.39 0.133    74.0 from 411 sources of intphas_1813o r
r941362.fit  3.96  1.31 0.128    64.1 from 451 sources of intphas_1813o i
r941363.fit  4.39  1.45 0.137    71.8 from 266 sources of intphas_1815 Ha
r941364.fit  4.00  1.32 0.099   193.0 from 714 sources of intphas_1815 r
r941365.fit  3.95  1.30 0.126   135.3 from 648 sources of intphas_1815 i
r941366.fit  4.36  1.44 0.113    70.8 from 263 sources of intphas_1815o Ha
r941367.fit  4.41  1.46 0.134    83.7 from 675 sources of intphas_1815o r
r941368.fit  4.14  1.37 0.130   134.0 from 537 sources of intphas_1815o i
r941369.fit  4.58  1.51 0.138    74.0 from 127 sources of intphas_2036o Ha
r941370.fit  4.65  1.53 0.152   150.3 from 401 sources of intphas_2036o r
r941371.fit  4.19  1.38 0.133   131.3 from 438 sources of intphas_2036o i
r941372.fit  3.94  1.30 0.142    70.2 from 172 sources of intphas_1715o Ha
r941373.fit  4.09  1.35 0.156   126.1 from 386 sources of intphas_1715o r
r941374.fit  4.10  1.35 0.158   141.3 from 393 sources of intphas_1715o i
r941375.fit  6.40  2.11 0.331    33.7 from 202 sources of intphas_1734 Ha
r941376.fit  6.07  2.00 0.254   179.5 from 466 sources of intphas_1734 r
r941377.fit  4.06  1.34 0.142   127.5 from 576 sources of intphas_1734 i
r941378.fit  4.56  1.50 0.116    71.9 from 221 sources of intphas_1734o Ha
r941379.fit  4.09  1.35 0.140   142.2 from 649 sources of intphas_1734o r
r941380.fit  3.56  1.17 0.115   109.1 from 627 sources of intphas_1734o i
r941381.fit  4.47  1.48 0.182    77.8 from 138 sources of intphas_1813 Ha
r941382.fit  3.78  1.25 0.137   171.6 from 436 sources of intphas_1813 r
r941383.fit  3.71  1.22 0.154   152.2 from 486 sources of intphas_1813 i
r941384.fit  4.01  1.32 0.142    37.1 from  74 sources of G191B2B Ha
r941385.fit  4.21  1.39 0.150    35.4 from  58 sources of G191B2B r
r941386.fit  3.90  1.29 0.126    36.6 from  58 sources of G191B2B i
r941387.fit  4.12  1.36 0.129    73.6 from 158 sources of intphas_1813 Ha
r941388.fit  4.06  1.34 0.103   172.1 from 373 sources of intphas_1813 r
r941389.fit  3.60  1.19 0.144   146.1 from 442 sources of intphas_1813 i
r941390.fit  3.81  1.26 0.155    68.8 from 171 sources of intphas_1813o Ha
r941391.fit  4.18  1.38 0.136   170.0 from 392 sources of intphas_1813o r
r941392.fit  4.26  1.41 0.122   125.5 from 347 sources of intphas_1813o i
r941393.fit  4.06  1.34 0.118    65.9 from 193 sources of intphas_1811 Ha
r941394.fit  4.28  1.41 0.185   182.5 from 557 sources of intphas_1811 r
r941395.fit  4.32  1.43 0.164   138.5 from 437 sources of intphas_1811 i
r941396.fit  4.15  1.37 0.127    45.3 from 207 sources of intphas_1811o Ha
r941397.fit  3.92  1.29 0.099    99.6 from 542 sources of intphas_1811o r
r941398.fit  3.62  1.19 0.117    89.9 from 508 sources of intphas_1811o i
r941399.fit  3.81  1.26 0.117    41.6 from 190 sources of intphas_1810 Ha
r941400.fit  3.72  1.23 0.146   165.5 from 467 sources of intphas_1810 r
r941401.fit  4.03  1.33 0.152   139.6 from 428 sources of intphas_1810 i
r941402.fit  3.89  1.28 0.099    67.2 from 178 sources of intphas_1810o Ha
r941403.fit  3.74  1.23 0.092   191.8 from 442 sources of intphas_1810o r
r941404.fit  3.21  1.06 0.120   138.7 from 566 sources of intphas_1810o i
r941405.fit  3.71  1.22 0.125    64.8 from 297 sources of intphas_2137 Ha
r941406.fit  3.61  1.19 0.147   164.9 from 811 sources of intphas_2137 r
r941407.fit  3.79  1.25 0.133   117.0 from 552 sources of intphas_2137 i
r941408.fit  3.86  1.27 0.110    59.6 from 298 sources of intphas_2137o Ha
r941409.fit  3.63  1.20 0.118   192.9 from 788 sources of intphas_2137o r
r941410.fit  3.63  1.20 0.106   148.2 from 647 sources of intphas_2137o i
r941411.fit  3.92  1.29 0.100    72.3 from 218 sources of intphas_2142 Ha
r941412.fit  3.66  1.21 0.129   139.6 from 616 sources of intphas_2142 r
r941413.fit  3.69  1.22 0.095   101.6 from 491 sources of intphas_2142 i
r941414.fit  4.19  1.38 0.127    74.8 from 188 sources of intphas_2142o Ha
r941415.fit  3.81  1.26 0.131   206.9 from 542 sources of intphas_2142o r
r941416.fit  3.59  1.18 0.115   156.3 from 531 sources of intphas_2142o i
r941417.fit  3.83  1.26 0.120    73.9 from 266 sources of intphas_2092 Ha
r941418.fit  3.88  1.28 0.101    58.2 from 650 sources of intphas_2092 r
r941419.fit  3.60  1.19 0.078   143.7 from 538 sources of intphas_2092 i
r941420.fit  3.74  1.23 0.126    60.3 from 271 sources of intphas_2092o Ha
r941421.fit  3.56  1.17 0.145   198.8 from 775 sources of intphas_2092o r
r941422.fit  3.42  1.13 0.116   123.5 from 599 sources of intphas_2092o i
r941423.fit  3.64  1.20 0.148    75.0 from 203 sources of intphas_1746 Ha
r941424.fit  3.67  1.21 0.145   155.4 from 486 sources of intphas_1746 r
r941425.fit  3.44  1.14 0.105   162.3 from 466 sources of intphas_1746 i
r941426.fit  3.69  1.22 0.127    77.8 from 205 sources of intphas_1746o Ha
r941427.fit  3.54  1.17 0.091   202.3 from 501 sources of intphas_1746o r
r941428.fit  3.03  1.00 0.093   154.9 from 585 sources of intphas_1746o i
r941429.fit  3.56  1.17 0.125    75.1 from 320 sources of intphas_2033 Ha
r941430.fit  3.62  1.19 0.121   142.0 from 811 sources of intphas_2033 r
r941431.fit  3.46  1.14 0.134   108.7 from 725 sources of intphas_2033 i
r941432.fit  3.87  1.28 0.103    71.5 from 263 sources of intphas_2033o Ha
r941433.fit  3.59  1.18 0.123   175.2 from 808 sources of intphas_2033o r
r941434.fit  3.62  1.19 0.086   154.5 from 618 sources of intphas_2033o i
r941435.fit  3.64  1.20 0.071    78.6 from 249 sources of intphas_1622 Ha
r941436.fit  3.68  1.21 0.104   180.8 from 644 sources of intphas_1622 r
r941437.fit  3.90  1.29 0.107   171.6 from 453 sources of intphas_1622 i
r941438.fit  3.83  1.26 0.088    82.1 from 226 sources of intphas_1622o Ha
r941439.fit  4.39  1.45 0.115   183.5 from 504 sources of intphas_1622o r
r941440.fit  3.66  1.21 0.064   146.5 from 476 sources of intphas_1622o i
r941441.fit  4.18  1.38 0.068    84.3 from 198 sources of intphas_1608 Ha
r941442.fit  3.50  1.16 0.065   198.7 from 632 sources of intphas_1608 r
r941443.fit  3.36  1.11 0.085   177.4 from 515 sources of intphas_1608 i
r941444.fit  3.73  1.23 0.038    91.4 from 215 sources of intphas_1608o Ha
r941445.fit  3.25  1.07 0.090   258.0 from 736 sources of intphas_1608o r
r941446.fit  2.92  0.96 0.095   195.5 from 670 sources of intphas_1608o i
r941447.fit  3.69  1.22 0.094    50.2 from 163 sources of intphas_1809 Ha
r941448.fit  3.22  1.06 0.080   318.8 from 463 sources of intphas_1809 r
r941449.fit  2.89  0.95 0.084    91.7 from 493 sources of intphas_1809 i
r941450.fit  3.54  1.17 0.092   146.2 from 176 sources of intphas_1809o Ha
r941451.fit  3.79  1.25 0.129   453.9 from 348 sources of intphas_1809o r
r941452.fit  3.23  1.07 0.116   441.6 from 417 sources of intphas_1809o i
r941453.fit  3.47  1.15 0.103   282.8 from 180 sources of intphas_1807 Ha
r941454.fit  2.97  0.98 0.084  1096.1 from 516 sources of intphas_1807 r
r941455.fit  2.77  0.91 0.088   936.7 from 566 sources of intphas_1807 i
r941456.fit  3.44  1.14 0.105   652.8 from 182 sources of intphas_1807o Ha
r941457.fit  3.57  1.18 0.123  2679.7 from 419 sources of intphas_1807o r
r941458.fit  2.99  0.99 0.113  2280.0 from 510 sources of intphas_1807o i
r941459.fit  3.49  1.15 0.084   297.5 from  73 sources of G191B2B Ha
r941460.fit  3.42  1.13 0.078   299.0 from  69 sources of G191B2B r
r941461.fit  2.62  0.86 0.091   240.3 from  80 sources of G191B2B i
r941462.fit  4.56  1.50 0.203  1633.2 from 224 sources of SA98-650 Ha
r941463.fit  3.47  1.15 0.081  4137.4 from 529 sources of SA98-650 r
r941464.fit  3.57  1.18 0.096  2736.5 from 277 sources of SA98-650 i
r941465.fit is not a target (SKY)
r941466.fit is not a target (SKY)
r941467.fit is not a target (SKY)
r941468.fit is not a target (SKY)
r941469.fit is not a target (SKY)
r941470.fit is not a target (SKY)
r941471.fit is not a target (SKY)
r941472.fit is not a target (SKY)
r941473.fit is not a target (SKY)
