r929717.fit is not a target (BIAS)
r929718.fit is not a target (BIAS)
r929719.fit is not a target (BIAS)
r929720.fit is not a target (BIAS)
r929721.fit is not a target (BIAS)
r929722.fit is not a target (SKY)
r929723.fit is not a target (SKY)
r929724.fit is not a target (SKY)
r929725.fit is not a target (SKY)
r929726.fit is not a target (SKY)
r929727.fit is not a target (SKY)
r929728.fit is not a target (SKY)
r929729.fit is not a target (SKY)
r929730.fit is not a target (SKY)
r929731.fit is not a target (SKY)
r929732.fit is not a target (SKY)
r929733.fit is not a target (SKY)
r929734.fit is not a target (SKY)
r929735.fit is not a target (SKY)
r929736.fit is not a target (SKY)
r929737.fit is not a target (SKY)
r929738.fit is not a target (SKY)
r929739.fit is not a target (SKY)
r929740.fit is not a target (SKY)
r929741.fit is not a target (SKY)
r929742.fit is not a target (SKY)
r929743.fit is not a target (SKY)
r929744.fit is not a target (SKY)
r929745.fit is not a target (SKY)
r929746.fit is not a target (SKY)
r929747.fit is not a target (SKY)
r929748.fit is not a target (SKY)
r929749.fit is not a target (SKY)
r929750.fit is not a target (SKY)
r929751.fit is not a target (FOCUS)
r929752.fit  4.10  1.35 0.128   357.8 from  36 sources of G205-042
r929753.fit  4.18  1.38 0.146   350.4 from  29 sources of G205-042
r929754.fit  3.42  1.13 0.112   346.2 from  20 sources of G205-042
r929755.fit  3.36  1.11 0.088   346.0 from  16 sources of G205-042
r929756.fit  4.03  1.33 0.151   347.9 from  21 sources of G205-042
r929757.fit  3.63  1.20 0.120   345.2 from  33 sources of G205-042
r929758.fit  3.71  1.22 0.166   401.1 from  38 sources of G206-034
r929759.fit  4.02  1.33 0.129    54.8 from 136 sources of G206-034
r929760.fit  3.83  1.26 0.104    39.0 from  87 sources of G206-034
r929761.fit  3.35  1.11 0.065   404.0 from  52 sources of G206-034
r929762.fit  3.92  1.29 0.117    33.8 from  73 sources of G206-034
r929763.fit  3.70  1.22 0.116    31.4 from  29 sources of KEPLER_19_19
r929764.fit  5.17  1.71 0.197    45.7 from 158 sources of KEPLER_19_19
r929765.fit  4.14  1.37 0.155    47.6 from 188 sources of KEPLER_19_19
r929766.fit  3.51  1.16 0.105    32.5 from  34 sources of KEPLER_19_19
r929767.fit  4.29  1.42 0.150    61.5 from 194 sources of KEPLER_19_19
r929769.fit  4.07  1.34 0.069    63.7 from  20 sources of KEPLER_19_19
r929770.fit  4.60  1.52 0.086    83.4 from 140 sources of KEPLER_19_19
r929771.fit  4.51  1.49 0.073    62.5 from  34 sources of KEPLER_19_19
r929772.fit  4.63  1.53 0.112    77.7 from 153 sources of KEPLER_19_19
r929773.fit  4.20  1.39 0.114    59.6 from  28 sources of KEPLER_19_19
r929774.fit  4.27  1.41 0.092    71.5 from  99 sources of KEPLER_19_19
r929775.fit  3.79  1.25 0.079    71.5 from 112 sources of KEPLER_19_19
r929776.fit  3.85  1.27 0.061    60.5 from  25 sources of KEPLER_19_19
r929777.fit  4.53  1.49 0.105    64.7 from  32 sources of KEPLER_19_19
r929778.fit  4.02  1.33 0.058    66.7 from  33 sources of KEPLER_19_19
r929779.fit  4.03  1.33 0.085    64.5 from  38 sources of KEPLER_19_19
r929780.fit  3.98  1.31 0.089    65.5 from  40 sources of KEPLER_19_19
r929781.fit  4.23  1.40 0.074    60.6 from  24 sources of KEPLER_19_19
r929782.fit  3.70  1.22 0.073    59.0 from  31 sources of KEPLER_19_19
r929783.fit  3.93  1.30 0.103    68.5 from 110 sources of KEPLER_19_19
r929784.fit  3.80  1.25 0.114    66.4 from 120 sources of KEPLER_19_19
r929785.fit  4.36  1.44 0.125    70.5 from 179 sources of KEPLER_19_19
r929786.fit  4.21  1.39 0.151    57.7 from  42 sources of KEPLER_19_19
r929787.fit  3.66  1.21 0.134    58.5 from  37 sources of KEPLER_19_19
r929788.fit  3.99  1.32 0.110    75.3 from 174 sources of KEPLER_19_19
r929789.fit  3.43  1.13 0.096    59.9 from  22 sources of KEPLER_13_22
r929790.fit  4.19  1.38 0.137    71.2 from 141 sources of KEPLER_13_22
r929791.fit  3.53  1.16 0.157    57.3 from  22 sources of KEPLER_13_22
r929792.fit  3.65  1.20 0.069    60.3 from  34 sources of KEPLER_13_22
r929793.fit  3.66  1.21 0.088    58.7 from  34 sources of KEPLER_13_22
r929794.fit  3.01  0.99 0.087    57.2 from  32 sources of KEPLER_13_22
r929795.fit  3.66  1.21 0.127    63.6 from 115 sources of KEPLER_13_22
r929796.fit  3.61  1.19 0.105    63.1 from 111 sources of KEPLER_13_22
r929797.fit  2.98  0.98 0.082    54.6 from  46 sources of KEPLER_13_22
r929798.fit  3.74  1.23 0.101    66.9 from 183 sources of KEPLER_13_22
r929799.fit  3.28  1.08 0.054    54.3 from  33 sources of KEPLER_13_22
r929800.fit  3.78  1.25 0.115    64.7 from 184 sources of KEPLER_13_22
r929801.fit  3.12  1.03 0.078    55.1 from  28 sources of KEPLER_13_22
r929802.fit  3.46  1.14 0.079    61.7 from 125 sources of KEPLER_13_22
r929803.fit  3.79  1.25 0.092    60.8 from 101 sources of KEPLER_13_22
r929804.fit  3.65  1.20 0.088    56.1 from  19 sources of KEPLER_13_22
r929805.fit  4.06  1.34 0.072    57.0 from  29 sources of KEPLER_13_22
r929806.fit  3.80  1.25 0.058    57.7 from  28 sources of KEPLER_13_22
r929807.fit  3.52  1.16 0.129    53.8 from  23 sources of KEPLER_13_22
r929808.fit  4.09  1.35 0.123    70.0 from 164 sources of KEPLER_13_22
r929809.fit  3.56  1.17 0.066    55.4 from  25 sources of KEPLER_AU12_6_23
r929810.fit  3.74  1.23 0.115    77.5 from 136 sources of KEPLER_AU12_6_23
r929811.fit  3.38  1.12 0.046    55.6 from  26 sources of KEPLER_AU12_6_23
r929812.fit  3.77  1.24 0.070    58.5 from  36 sources of KEPLER_AU12_6_23
r929813.fit  4.13  1.36 0.086    58.5 from  35 sources of KEPLER_AU12_6_23
r929814.fit  3.55  1.17 0.056    54.5 from  31 sources of KEPLER_AU12_6_23
r929815.fit  3.79  1.25 0.101    62.5 from  74 sources of KEPLER_AU12_6_23
r929816.fit  3.54  1.17 0.086    61.8 from  81 sources of KEPLER_AU12_6_23
r929817.fit  3.66  1.21 0.072    54.6 from  35 sources of KEPLER_AU12_6_23
r929818.fit  3.99  1.32 0.131    66.4 from 135 sources of KEPLER_AU12_6_23
r929819.fit  3.43  1.13 0.078    54.0 from  40 sources of KEPLER_AU12_6_23
r929820.fit  3.80  1.25 0.111    66.9 from 135 sources of KEPLER_AU12_6_23
r929821.fit  3.73  1.23 0.073    55.5 from  32 sources of KEPLER_AU12_6_23
r929822.fit  3.56  1.17 0.097    64.1 from  84 sources of KEPLER_AU12_6_23
r929823.fit  3.49  1.15 0.071    63.6 from  84 sources of KEPLER_AU12_6_23
r929824.fit  3.93  1.30 0.102    56.4 from  24 sources of KEPLER_AU12_6_23
r929825.fit  3.83  1.26 0.091    60.6 from  39 sources of KEPLER_AU12_6_23
r929826.fit  3.82  1.26 0.114    60.1 from  39 sources of KEPLER_AU12_6_23
r929827.fit  3.21  1.06 0.077    57.0 from  32 sources of KEPLER_AU12_6_23
r929828.fit  4.00  1.32 0.100    80.6 from 105 sources of KEPLER_AU12_6_23
r929829.fit  3.51  1.16 0.113    59.2 from  19 sources of KEPLER_AU12_4_18
r929830.fit  4.03  1.33 0.156    78.9 from 115 sources of KEPLER_AU12_4_18
r929831.fit  4.04  1.33 0.221    58.4 from  16 sources of KEPLER_AU12_4_18
r929832.fit  3.89  1.28 0.113    60.3 from  21 sources of KEPLER_AU12_4_18
r929833.fit  3.73  1.23 0.077    60.6 from  23 sources of KEPLER_AU12_4_18
r929834.fit  3.17  1.05 0.044    55.5 from  21 sources of KEPLER_AU12_4_18
r929835.fit  4.02  1.33 0.116    64.1 from  70 sources of KEPLER_AU12_4_18
r929836.fit  3.36  1.11 0.094    64.6 from  85 sources of KEPLER_AU12_4_18
r929837.fit  3.25  1.07 0.043    56.8 from  27 sources of KEPLER_AU12_4_18
r929838.fit  3.54  1.17 0.128    68.2 from 150 sources of KEPLER_AU12_4_18
r929839.fit  3.09  1.02 0.091    58.1 from  30 sources of KEPLER_AU12_4_18
r929840.fit  4.02  1.33 0.161    68.6 from 128 sources of KEPLER_AU12_4_18
r929841.fit  3.05  1.01 0.075    56.8 from  21 sources of KEPLER_AU12_4_18
r929842.fit  3.23  1.07 0.087    65.4 from  87 sources of KEPLER_AU12_4_18
r929843.fit  3.61  1.19 0.086    61.9 from  76 sources of KEPLER_AU12_4_18
r929844.fit  3.56  1.17 0.118    59.7 from  19 sources of KEPLER_AU12_4_18
r929845.fit  3.78  1.25 0.105    63.2 from  23 sources of KEPLER_AU12_4_18
r929846.fit  3.66  1.21 0.088    61.6 from  24 sources of KEPLER_AU12_4_18
r929847.fit  3.20  1.06 0.079    60.2 from  18 sources of KEPLER_AU12_4_18
r929848.fit  3.14  1.04 0.096    80.1 from 144 sources of KEPLER_AU12_4_18
r929849.fit  2.93  0.97 0.081    57.4 from  29 sources of KEPLER_AU12_9_33
r929850.fit  3.34  1.10 0.110    79.4 from 163 sources of KEPLER_AU12_9_33
r929851.fit  3.94  1.30 0.117    57.4 from  22 sources of KEPLER_AU12_9_33
r929852.fit  3.53  1.16 0.077    59.4 from  37 sources of KEPLER_AU12_9_33
r929853.fit  3.94  1.30 0.122    60.0 from  37 sources of KEPLER_AU12_9_33
r929854.fit  3.31  1.09 0.051    56.5 from  31 sources of KEPLER_AU12_9_33
r929855.fit  3.48  1.15 0.081    65.5 from  96 sources of KEPLER_AU12_9_33
r929856.fit  3.95  1.30 0.088    64.6 from  82 sources of KEPLER_AU12_9_33
r929857.fit  3.01  0.99 0.031    57.6 from  46 sources of KEPLER_AU12_9_33
r929858.fit  3.22  1.06 0.088    68.7 from 167 sources of KEPLER_AU12_9_33
r929859.fit  2.71  0.89 0.071    57.7 from  43 sources of KEPLER_AU12_9_33
r929860.fit  3.39  1.12 0.086    67.3 from 160 sources of KEPLER_AU12_9_33
r929861.fit  3.49  1.15 0.068    56.4 from  30 sources of KEPLER_AU12_9_33
r929862.fit  3.73  1.23 0.065    63.4 from  87 sources of KEPLER_AU12_9_33
r929863.fit  4.01  1.32 0.084    63.3 from  79 sources of KEPLER_AU12_9_33
r929864.fit  3.95  1.30 0.082    58.4 from  19 sources of KEPLER_AU12_9_33
r929865.fit  4.25  1.40 0.081    58.5 from  29 sources of KEPLER_AU12_9_33
r929866.fit  4.03  1.33 0.057    59.7 from  31 sources of KEPLER_AU12_9_33
r929867.fit  2.72  0.90 0.044    54.6 from  27 sources of KEPLER_AU12_9_33
r929868.fit  3.77  1.24 0.136    73.7 from 143 sources of KEPLER_AU12_9_33
r929869.fit  2.87  0.95 0.052    53.4 from  20 sources of KEPLER_AU12_13_41
r929870.fit  2.98  0.98 0.080    72.8 from 173 sources of KEPLER_AU12_13_41
r929871.fit  3.62  1.19 0.144    58.5 from  17 sources of KEPLER_AU12_13_41
r929872.fit  3.94  1.30 0.080    59.5 from  30 sources of KEPLER_AU12_13_41
r929873.fit  3.75  1.24 0.083    57.4 from  31 sources of KEPLER_AU12_13_41
r929874.fit  3.52  1.16 0.039    54.7 from  24 sources of KEPLER_AU12_13_41
r929875.fit  4.11  1.36 0.118    62.4 from  85 sources of KEPLER_AU12_13_41
r929876.fit  4.18  1.38 0.089    62.4 from  79 sources of KEPLER_AU12_13_41
r929877.fit  2.87  0.95 0.037    54.9 from  39 sources of KEPLER_AU12_13_41
r929878.fit  3.44  1.14 0.092    64.9 from 148 sources of KEPLER_AU12_13_41
r929879.fit  2.88  0.95 0.067    55.9 from  38 sources of KEPLER_AU12_13_41
r929880.fit  3.52  1.16 0.089    64.9 from 141 sources of KEPLER_AU12_13_41
r929881.fit  3.47  1.15 0.063    53.5 from  25 sources of KEPLER_AU12_13_41
r929882.fit  3.63  1.20 0.051    56.8 from  85 sources of KEPLER_AU12_13_41
r929883.fit  4.16  1.37 0.133    55.8 from  83 sources of KEPLER_AU12_13_41
r929884.fit  3.85  1.27 0.100    48.9 from  13 sources of KEPLER_AU12_13_41
r929885.fit  4.24  1.40 0.092    53.3 from  25 sources of KEPLER_AU12_13_41
r929886.fit  4.41  1.46 0.080    55.5 from  23 sources of KEPLER_AU12_13_41
r929887.fit  3.13  1.03 0.038    51.7 from  17 sources of KEPLER_AU12_13_41
r929888.fit  3.57  1.18 0.078    69.7 from 128 sources of KEPLER_AU12_13_41
r929889.fit  3.03  1.00 0.069    56.6 from  28 sources of KEPLER_16_21
r929890.fit  3.19  1.05 0.116    73.3 from 209 sources of KEPLER_16_21
r929891.fit  4.15  1.37 0.150    55.6 from  20 sources of KEPLER_16_21
r929892.fit  3.65  1.20 0.083    59.6 from  40 sources of KEPLER_16_21
r929893.fit  4.03  1.33 0.121    59.6 from  36 sources of KEPLER_16_21
r929894.fit  3.47  1.15 0.060    55.5 from  27 sources of KEPLER_16_21
r929895.fit  3.99  1.32 0.072    64.9 from  99 sources of KEPLER_16_21
r929896.fit  4.32  1.43 0.130    65.2 from  94 sources of KEPLER_16_21
r929897.fit  2.71  0.89 0.030    55.8 from  52 sources of KEPLER_16_21
r929898.fit  3.20  1.06 0.095    69.4 from 231 sources of KEPLER_16_21
r929899.fit  4.06  1.34 0.209    58.6 from  35 sources of KEPLER_16_21
r929900.fit  3.11  1.03 0.058    71.0 from 238 sources of KEPLER_16_21
r929901.fit  3.47  1.15 0.046    57.4 from  26 sources of KEPLER_16_21
r929902.fit 10.07  3.32 0.364    64.5 from  77 sources of KEPLER_16_21
r929903.fit  8.83  2.91 0.336    64.7 from  47 sources of KEPLER_16_21
r929904.fit  3.80  1.25 0.094    57.6 from  18 sources of KEPLER_16_21
r929905.fit  7.93  2.62 0.327    61.5 from  19 sources of KEPLER_16_21
r929906.fit  6.48  2.14 0.291    61.0 from  21 sources of KEPLER_16_21
r929907.fit  5.60  1.85 0.271    58.8 from  17 sources of KEPLER_16_21
r929908.fit  4.53  1.49 0.231    71.6 from 167 sources of KEPLER_16_21
r929909.fit  4.29  1.42 0.077    74.2 from  42 sources of ID1892
r929910.fit  4.46  1.47 0.084    62.2 from  30 sources of ID1892
r929911.fit  4.34  1.43 0.131    59.6 from  18 sources of ID1892
r929912.fit  4.21  1.39 0.158    57.5 from  17 sources of ID1892
r929913.fit  3.84  1.27 0.111    59.5 from  21 sources of ID1892
r929914.fit  4.29  1.42 0.125    63.5 from  35 sources of ID1892
r929915.fit  4.24  1.40 0.158    60.5 from  30 sources of ID1892
r929916.fit  4.09  1.35 0.159    68.9 from  51 sources of ID1892
r929917.fit  3.98  1.31 0.141    70.3 from  67 sources of ID1892
r929918.fit  3.59  1.18 0.067    61.2 from  33 sources of ID1892
r929919.fit  3.51  1.16 0.058    60.5 from  20 sources of ID1892
r929920.fit  3.80  1.25 0.095    65.2 from  43 sources of ID1892
r929921.fit  4.32  1.43 0.121    61.6 from  22 sources of ID1892
r929922.fit  4.56  1.50 0.201    59.3 from  16 sources of ID1892
r929923.fit  4.19  1.38 0.118    65.4 from  33 sources of ID1892
r929924.fit  4.19  1.38 0.154    76.4 from  51 sources of ID1892
r929925.fit is not a target (BIAS)
r929926.fit is not a target (BIAS)
r929927.fit is not a target (BIAS)
r929928.fit is not a target (BIAS)
r929929.fit is not a target (BIAS)
r929930.fit is not a target (BIAS)
r929931.fit is not a target (BIAS)
r929932.fit is not a target (BIAS)
r929933.fit is not a target (BIAS)
r929934.fit is not a target (BIAS)
r929935.fit is not a target (BIAS)
r929936.fit is not a target (BIAS)
r929937.fit is not a target (BIAS)
r929938.fit is not a target (BIAS)
r929939.fit is not a target (BIAS)
r929940.fit is not a target (BIAS)
r929941.fit is not a target (BIAS)
r929942.fit is not a target (BIAS)
r929943.fit is not a target (BIAS)
r929944.fit is not a target (BIAS)
r929945.fit is not a target (BIAS)
r929946.fit is not a target (BIAS)
r929947.fit is not a target (BIAS)
r929948.fit is not a target (BIAS)
r929949.fit is not a target (BIAS)
r929950.fit is not a target (BIAS)
r929951.fit is not a target (BIAS)
r929952.fit is not a target (BIAS)
r929953.fit is not a target (BIAS)
r929954.fit is not a target (BIAS)
r929955.fit is not a target (BIAS)
