r940606.fit is not a target (BIAS)
r940607.fit is not a target (BIAS)
r940608.fit is not a target (BIAS)
r940609.fit is not a target (BIAS)
r940610.fit is not a target (BIAS)
r940611.fit is not a target (BIAS)
r940612.fit is not a target (BIAS)
r940613.fit is not a target (BIAS)
r940614.fit is not a target (BIAS)
r940615.fit is not a target (BIAS)
r940616.fit is not a target (BIAS)
r940617.fit is not a target (BIAS)
r940618.fit is not a target (BIAS)
r940619.fit is not a target (BIAS)
r940620.fit is not a target (BIAS)
r940621.fit is not a target (BIAS)
r940622.fit is not a target (BIAS)
r940623.fit is not a target (BIAS)
r940624.fit is not a target (BIAS)
r940625.fit is not a target (BIAS)
r940626.fit is not a target (BIAS)
r940627.fit is not a target (SKY)
r940628.fit is not a target (SKY)
r940629.fit is not a target (SKY)
r940630.fit is not a target (SKY)
r940631.fit is not a target (SKY)
r940632.fit is not a target (SKY)
r940633.fit is not a target (SKY)
r940634.fit is not a target (SKY)
r940635.fit is not a target (SKY)
r940636.fit is not a target (FOCUS)
r940637.fit  9.41  3.11 0.112   175.6 from  26 sources of SA110-246 Ha
r940638.fit 11.19  3.69 0.117   107.6 from  15 sources of SA110-246 r
r940639.fit  9.49  3.13 0.129   101.6 from  25 sources of SA110-246 i
r940640.fit  9.23  3.05 0.141    64.7 from  16 sources of SA112-250 Ha
r940641.fit 11.95  3.94 0.117    65.5 from  27 sources of SA112-250 r
r940642.fit 16.41  5.42 0.117    53.7 from  11 sources of SA112-250 i
r940643.fit  9.73  3.21 0.111   115.3 from 146 sources of intphas_5316o Ha
r940644.fit  9.56  3.15 0.120   220.4 from 348 sources of intphas_5316o r
r940645.fit  9.65  3.18 0.095   154.5 from 378 sources of intphas_5316o i
r940646.fit 10.07  3.32 0.148    88.1 from 127 sources of intphas_5316o Ha
r940647.fit 13.35  4.41 0.129   168.1 from 328 sources of intphas_5316o r
r940648.fit 12.47  4.12 0.109   134.1 from 303 sources of intphas_5316o i
r940649.fit  9.59  3.16 0.124    79.0 from 146 sources of intphas_5316o Ha
r940650.fit  9.99  3.30 0.092   144.9 from 323 sources of intphas_5316o r
r940651.fit 11.01  3.63 0.096   126.2 from 390 sources of intphas_5316o i
r940652.fit is not a target (FOCUS)
r940653.fit is not a target (FOCUS)
r940654.fit  8.41  2.78 0.207    60.1 from 451 sources of intphas_5102o Ha
r940655.fit  7.82  2.58 0.153    76.1 from 1573 sources of intphas_5102o r
r940656.fit  9.40  3.10 0.150    69.7 from 956 sources of intphas_5102o i
r940657.fit  7.58  2.50 0.185    59.0 from 341 sources of intphas_5102o Ha
r940658.fit  8.83  2.91 0.199    79.8 from 1184 sources of intphas_5102o r
r940659.fit  7.90  2.61 0.144    73.6 from 986 sources of intphas_5102o i
r940660.fit  7.34  2.42 0.130    58.4 from 371 sources of intphas_5102o Ha
r940661.fit  8.78  2.90 0.155    81.1 from 1386 sources of intphas_5102o r
r940662.fit  9.37  3.09 0.122    73.5 from 902 sources of intphas_5102o i
r940663.fit  7.77  2.56 0.130    58.5 from 331 sources of intphas_5102o Ha
r940664.fit  8.63  2.85 0.135    78.1 from 1296 sources of intphas_5102o r
r940665.fit  8.36  2.76 0.148    68.8 from 1045 sources of intphas_5102o i
r940666.fit is not a target (FOCUS)
r940667.fit  4.31  1.42 0.199    40.6 from 730 sources of intphas_5102o Ha
r940668.fit  3.90  1.29 0.159    72.6 from 2510 sources of intphas_5102o r
r940669.fit  3.52  1.16 0.124    64.3 from 2023 sources of intphas_5102o i
r940670.fit  4.41  1.46 0.176    40.2 from 752 sources of intphas_5102o Ha
r940671.fit  3.57  1.18 0.112    68.1 from 2625 sources of intphas_5102o r
r940672.fit  3.29  1.09 0.116    76.9 from 2080 sources of intphas_5102o i
r940673.fit  3.93  1.30 0.154    37.3 from 829 sources of intphas_5102o Ha
r940674.fit  3.99  1.32 0.161    68.1 from 2249 sources of intphas_5102o r
r940675.fit  3.78  1.25 0.154    58.6 from 1729 sources of intphas_5102o i
r940676.fit  3.80  1.25 0.140    37.4 from 822 sources of intphas_5102o Ha
r940677.fit  3.59  1.18 0.149    75.1 from 2732 sources of intphas_5102o r
r940678.fit  3.56  1.17 0.105    65.8 from 1772 sources of intphas_5102o i
r940679.fit  3.61  1.19 0.138    38.2 from 393 sources of intphas_4600 Ha
r940680.fit  3.01  0.99 0.100    98.6 from 1412 sources of intphas_4600 r
r940681.fit  2.67  0.88 0.117    87.2 from 1752 sources of intphas_4600 i
r940682.fit  4.02  1.33 0.196    50.2 from 855 sources of intphas_5102o Ha
r940683.fit  3.24  1.07 0.112   106.3 from 2849 sources of intphas_5102o r
r940684.fit  2.77  0.91 0.118    88.3 from 2633 sources of intphas_5102o i
r940685.fit  3.79  1.25 0.116    30.8 from 132 sources of intphas_6437o Ha
r940686.fit  3.30  1.09 0.091    26.3 from 366 sources of intphas_6437o r
r940687.fit  3.30  1.09 0.101    28.0 from 482 sources of intphas_6437o i
r940688.fit  3.67  1.21 0.112    31.4 from 131 sources of intphas_6437o Ha
r940689.fit  3.61  1.19 0.089    88.3 from 307 sources of intphas_6437o r
r940690.fit  3.57  1.18 0.107    30.7 from 418 sources of intphas_6437o i
r940691.fit  3.61  1.19 0.109    32.6 from 146 sources of intphas_6437o Ha
r940692.fit  3.49  1.15 0.106    32.5 from 336 sources of intphas_6437o r
r940693.fit  3.78  1.25 0.138    34.3 from 415 sources of intphas_6437o i
r940694.fit  3.61  1.19 0.107    32.6 from 139 sources of intphas_6437o Ha
r940695.fit  3.89  1.28 0.096    36.6 from 308 sources of intphas_6437o r
r940696.fit  3.16  1.04 0.111    37.0 from 544 sources of intphas_6437o i
r940697.fit  4.93  1.63 0.239    41.1 from  89 sources of intphas_6386 Ha
r940698.fit  3.61  1.19 0.093   109.0 from 251 sources of intphas_6386 r
r940699.fit  3.32  1.10 0.108    94.3 from 323 sources of intphas_6386 i
r940700.fit  3.25  1.07 0.104    45.8 from 372 sources of intphas_5316o Ha
r940701.fit  3.39  1.12 0.150    92.0 from 907 sources of intphas_5316o r
r940702.fit  3.04  1.00 0.124    78.7 from 1171 sources of intphas_5316o i
r940703.fit  3.88  1.28 0.127    23.5 from  37 sources of SA113-260 Ha
r940704.fit  3.53  1.16 0.076    43.7 from  80 sources of SA113-260 r
r940705.fit  3.28  1.08 0.090    36.9 from  67 sources of SA113-260 i
r940706.fit  3.84  1.27 0.116    62.2 from 636 sources of intphas_5531 Ha
r940707.fit  3.58  1.18 0.117    89.8 from 1976 sources of intphas_5531 r
r940708.fit  3.94  1.30 0.113    91.2 from 1568 sources of intphas_5531 i
r940709.fit  3.92  1.29 0.186    41.0 from 305 sources of intphas_5551 Ha
r940710.fit  3.68  1.21 0.137    47.7 from 745 sources of intphas_5551 r
r940711.fit  3.32  1.10 0.139    43.2 from 1009 sources of intphas_5551 i
r940712.fit  3.60  1.19 0.131    36.1 from 271 sources of intphas_5551o Ha
r940713.fit  3.52  1.16 0.115    98.9 from 765 sources of intphas_5551o r
r940714.fit  3.08  1.02 0.107    78.6 from 987 sources of intphas_5551o i
r940715.fit  4.22  1.39 0.141    44.9 from 491 sources of intphas_5563o Ha
r940716.fit  3.48  1.15 0.107    12.8 from 1567 sources of intphas_5563o r
r940717.fit  3.68  1.21 0.105    13.1 from 1254 sources of intphas_5563o i
r940718.fit  5.24  1.73 0.260    11.3 from 420 sources of intphas_5577o Ha
r940719.fit  4.13  1.36 0.155    97.0 from 1444 sources of intphas_5577o r
r940720.fit  3.58  1.18 0.139    84.7 from 1424 sources of intphas_5577o i
r940721.fit  6.72  2.22 0.259    34.1 from 215 sources of intphas_5637 Ha
r940722.fit  3.30  1.09 0.102    90.7 from 546 sources of intphas_5637 r
r940723.fit  3.44  1.14 0.147    76.6 from 697 sources of intphas_5637 i
r940724.fit  4.32  1.43 0.149    29.6 from 210 sources of intphas_5637o Ha
r940725.fit  3.26  1.08 0.082    98.4 from 530 sources of intphas_5637o r
r940726.fit  2.98  0.98 0.090    77.2 from 729 sources of intphas_5637o i
r940727.fit  3.06  1.01 0.093    46.7 from 883 sources of intphas_5645 Ha
r940728.fit  3.34  1.10 0.132    97.0 from 2313 sources of intphas_5645 r
r940729.fit  3.07  1.01 0.117    31.7 from 1934 sources of intphas_5645 i
r940730.fit  3.40  1.12 0.122    51.3 from 683 sources of intphas_5650o Ha
r940731.fit  2.93  0.97 0.072    91.9 from 1960 sources of intphas_5650o r
r940732.fit  3.13  1.03 0.109    70.5 from 1630 sources of intphas_5650o i
r940733.fit  4.08  1.35 0.180    35.4 from 457 sources of intphas_5652o Ha
r940734.fit  2.75  0.91 0.076    88.7 from 1472 sources of intphas_5652o r
r940735.fit  2.39  0.79 0.076    82.5 from 1703 sources of intphas_5652o i
r940736.fit  3.72  1.23 0.130    46.0 from 542 sources of intphas_5653 Ha
r940737.fit  3.28  1.08 0.088   119.1 from 1492 sources of intphas_5653 r
r940738.fit  2.95  0.97 0.076    46.3 from 1561 sources of intphas_5653 i
r940739.fit  3.22  1.06 0.136    65.5 from 872 sources of intphas_5663 Ha
r940740.fit  3.06  1.01 0.086   126.1 from 2224 sources of intphas_5663 r
r940741.fit  2.83  0.93 0.086    67.1 from 2150 sources of intphas_5663 i
r940742.fit  3.37  1.11 0.124    71.5 from 864 sources of intphas_5663o Ha
r940743.fit  3.40  1.12 0.140    99.6 from 2242 sources of intphas_5663o r
r940744.fit  2.98  0.98 0.136    85.6 from 2322 sources of intphas_5663o i
r940745.fit  3.23  1.07 0.116    48.5 from 482 sources of intphas_5765 Ha
r940746.fit  2.75  0.91 0.104   139.7 from 1176 sources of intphas_5765 r
r940747.fit  2.53  0.83 0.113    81.5 from 1278 sources of intphas_5765 i
r940748.fit  3.26  1.08 0.111    46.6 from 427 sources of intphas_5765o Ha
r940749.fit  2.82  0.93 0.074   133.2 from 1063 sources of intphas_5765o r
r940750.fit  2.71  0.89 0.079    98.8 from 1116 sources of intphas_5765o i
r940751.fit  3.82  1.26 0.184    39.8 from 390 sources of intphas_5804o Ha
r940752.fit  3.59  1.18 0.171   126.6 from 1047 sources of intphas_5804o r
r940753.fit  2.30  0.76 0.079    63.8 from 1487 sources of intphas_5804o i
r940754.fit  4.07  1.34 0.161    68.6 from 268 sources of intphas_5839o Ha
r940755.fit  3.12  1.03 0.085   122.3 from 699 sources of intphas_5839o r
r940756.fit  2.90  0.96 0.072    71.0 from 796 sources of intphas_5839o i
r940757.fit  4.13  1.36 0.197    51.0 from 300 sources of intphas_5846o Ha
r940758.fit  2.68  0.88 0.086   139.4 from 874 sources of intphas_5846o r
r940759.fit  2.66  0.88 0.122    82.2 from 994 sources of intphas_5846o i
r940760.fit  3.67  1.21 0.149    54.1 from 606 sources of intphas_5852 Ha
r940761.fit  4.35  1.44 0.210    48.8 from 1433 sources of intphas_5852 r
r940762.fit  3.31  1.09 0.157    49.8 from 1533 sources of intphas_5852 i
r940763.fit  3.97  1.31 0.183    58.5 from 586 sources of intphas_5852o Ha
r940764.fit  2.65  0.87 0.080   155.1 from 1947 sources of intphas_5852o r
r940765.fit  2.34  0.77 0.085    32.8 from 1907 sources of intphas_5852o i
r940766.fit  3.35  1.11 0.149    59.0 from 527 sources of intphas_5878o Ha
r940767.fit  2.69  0.89 0.068   136.8 from 1483 sources of intphas_5878o r
r940768.fit  2.31  0.76 0.083    86.2 from 1569 sources of intphas_5878o i
r940769.fit  3.68  1.21 0.180    36.1 from 447 sources of intphas_5898 Ha
r940770.fit  2.82  0.93 0.109    79.0 from 1335 sources of intphas_5898 r
r940771.fit  2.45  0.81 0.109    54.5 from 1521 sources of intphas_5898 i
r940772.fit  3.32  1.10 0.128    47.5 from 480 sources of intphas_5898o Ha
r940773.fit  3.01  0.99 0.122   166.0 from 1230 sources of intphas_5898o r
r940774.fit  2.21  0.73 0.072   103.3 from 1525 sources of intphas_5898o i
r940775.fit  3.35  1.11 0.081    12.6 from 381 sources of intphas_6876 Ha
r940776.fit  3.36  1.11 0.095    27.4 from 923 sources of intphas_6876 r
r940777.fit  3.10  1.02 0.092    17.9 from 956 sources of intphas_6876 i
r940778.fit  3.36  1.11 0.112    51.5 from 412 sources of intphas_6876o Ha
r940779.fit  2.91  0.96 0.083   158.5 from 1228 sources of intphas_6876o r
r940780.fit  2.73  0.90 0.065    97.0 from 1123 sources of intphas_6876o i
r940781.fit  3.37  1.11 0.051    69.4 from 408 sources of intphas_6941 Ha
r940782.fit  3.40  1.12 0.058    87.0 from 1131 sources of intphas_6941 r
r940783.fit  3.45  1.14 0.081    25.4 from 924 sources of intphas_6941 i
r940784.fit  3.51  1.16 0.072    52.7 from 357 sources of intphas_6941o Ha
r940785.fit  3.41  1.13 0.115   140.3 from 1097 sources of intphas_6941o r
r940786.fit  3.14  1.04 0.096    90.7 from 1058 sources of intphas_6941o i
r940787.fit  3.36  1.11 0.082    54.3 from 749 sources of intphas_6944 Ha
r940788.fit  4.05  1.34 0.165   153.8 from 1658 sources of intphas_6944 r
r940789.fit  3.54  1.17 0.129    83.9 from 1317 sources of intphas_6944 i
r940790.fit  4.23  1.40 0.165    28.3 from  51 sources of GD248 Ha
r940791.fit  3.19  1.05 0.100    58.3 from 108 sources of GD248 r
r940792.fit  3.41  1.13 0.079    21.6 from  52 sources of GD248 i
r940793.fit  3.59  1.18 0.099    36.7 from 736 sources of intphas_6944o Ha
r940794.fit  3.37  1.11 0.126   121.0 from 2025 sources of intphas_6944o r
r940795.fit  3.18  1.05 0.079    98.5 from 1427 sources of intphas_6944o i
r940796.fit  3.95  1.30 0.143    26.8 from 730 sources of intphas_6964 Ha
r940797.fit  3.52  1.16 0.094   139.7 from 2009 sources of intphas_6964 r
r940798.fit  3.60  1.19 0.134    31.6 from 1410 sources of intphas_6964 i
r940799.fit  3.54  1.17 0.103    43.5 from 813 sources of intphas_6964o Ha
r940800.fit  3.33  1.10 0.103   100.3 from 2200 sources of intphas_6964o r
r940801.fit  2.80  0.92 0.072    79.1 from 1883 sources of intphas_6964o i
r940802.fit  3.48  1.15 0.084    53.7 from 886 sources of intphas_6970o Ha
r940803.fit  3.05  1.01 0.076   119.2 from 2719 sources of intphas_6970o r
r940804.fit  2.99  0.99 0.088    73.6 from 2026 sources of intphas_6970o i
r940805.fit  3.63  1.20 0.085    43.7 from 666 sources of intphas_7004o Ha
r940806.fit  3.37  1.11 0.085   151.3 from 1859 sources of intphas_7004o r
r940807.fit  2.80  0.92 0.091    82.1 from 1624 sources of intphas_7004o i
r940808.fit  3.55  1.17 0.101    46.1 from 761 sources of intphas_7046o Ha
r940809.fit  3.27  1.08 0.064   118.1 from 2150 sources of intphas_7046o r
r940810.fit  3.03  1.00 0.064    93.3 from 1515 sources of intphas_7046o i
r940811.fit  3.85  1.27 0.101    34.3 from 543 sources of intphas_7127 Ha
r940812.fit  3.47  1.15 0.061   145.2 from 1406 sources of intphas_7127 r
r940813.fit  3.01  0.99 0.083    39.0 from 1360 sources of intphas_7127 i
r940814.fit  3.42  1.13 0.094    35.9 from 608 sources of intphas_7127o Ha
r940815.fit  3.55  1.17 0.087    67.1 from 1443 sources of intphas_7127o r
r940816.fit  3.19  1.05 0.088    66.6 from 1300 sources of intphas_7127o i
r940817.fit  3.64  1.20 0.081    55.7 from 222 sources of intphas_7132 Ha
r940818.fit  3.35  1.11 0.053   134.1 from 624 sources of intphas_7132 r
r940819.fit  3.08  1.02 0.066    89.3 from 643 sources of intphas_7132 i
r940820.fit  3.48  1.15 0.063    54.0 from 268 sources of intphas_7132o Ha
r940821.fit  3.51  1.16 0.065   168.0 from 630 sources of intphas_7132o r
r940822.fit  3.00  0.99 0.084   106.8 from 751 sources of intphas_7132o i
r940823.fit  3.37  1.11 0.074    45.2 from 584 sources of intphas_7161 Ha
r940824.fit  3.13  1.03 0.053    86.0 from 1612 sources of intphas_7161 r
r940825.fit  2.63  0.87 0.069    52.8 from 1472 sources of intphas_7161 i
r940826.fit  3.62  1.19 0.105    54.1 from 417 sources of intphas_0005 Ha
r940827.fit  3.44  1.14 0.082   137.0 from 1080 sources of intphas_0005 r
r940828.fit  3.19  1.05 0.088    87.8 from 997 sources of intphas_0005 i
r940829.fit  3.58  1.18 0.095    61.7 from 439 sources of intphas_0005o Ha
r940830.fit  3.24  1.07 0.086   154.0 from 1271 sources of intphas_0005o r
r940831.fit  3.23  1.07 0.100    86.9 from 954 sources of intphas_0005o i
r940832.fit  3.43  1.13 0.065    54.7 from 507 sources of intphas_0008o Ha
r940833.fit  3.72  1.23 0.064   183.7 from 1138 sources of intphas_0008o r
r940834.fit  3.38  1.12 0.109    80.4 from 1127 sources of intphas_0008o i
r940835.fit  3.37  1.11 0.087    50.2 from 342 sources of intphas_0014o Ha
r940836.fit  3.36  1.11 0.073   105.5 from 866 sources of intphas_0014o r
r940837.fit  3.17  1.05 0.082    80.3 from 737 sources of intphas_0014o i
r940838.fit  3.65  1.20 0.069    35.3 from 588 sources of intphas_0016 Ha
r940839.fit  3.78  1.25 0.054   173.8 from 1255 sources of intphas_0016 r
r940840.fit  3.65  1.20 0.086    51.7 from 1065 sources of intphas_0016 i
r940841.fit  3.69  1.22 0.066    49.4 from 549 sources of intphas_0016o Ha
r940842.fit  3.96  1.31 0.073   134.7 from 1303 sources of intphas_0016o r
r940843.fit  3.71  1.22 0.082    64.9 from 1100 sources of intphas_0016o i
r940844.fit  3.83  1.26 0.069    45.7 from 359 sources of intphas_0036 Ha
r940845.fit  3.85  1.27 0.058   112.7 from 822 sources of intphas_0036 r
r940846.fit  3.34  1.10 0.067    62.1 from 804 sources of intphas_0036 i
r940847.fit  4.21  1.39 0.097    59.2 from 353 sources of intphas_0036o Ha
r940848.fit  3.91  1.29 0.048   140.3 from 801 sources of intphas_0036o r
r940849.fit  3.55  1.17 0.070   114.8 from 738 sources of intphas_0036o i
r940850.fit  3.71  1.22 0.056    55.3 from 371 sources of intphas_0180 Ha
r940851.fit  3.92  1.29 0.068   173.9 from 910 sources of intphas_0180 r
r940852.fit  3.54  1.17 0.076    91.9 from 833 sources of intphas_0180 i
r940853.fit  4.06  1.34 0.099    52.3 from 370 sources of intphas_0180o Ha
r940854.fit  3.76  1.24 0.067   133.5 from 986 sources of intphas_0180o r
r940855.fit  3.43  1.13 0.104    78.1 from 926 sources of intphas_0180o i
r940856.fit  3.69  1.22 0.086    53.0 from 246 sources of intphas_0251o Ha
r940857.fit  3.63  1.20 0.090   157.8 from 609 sources of intphas_0251o r
r940858.fit  3.53  1.16 0.094   108.0 from 577 sources of intphas_0251o i
r940859.fit  4.89  1.61 0.068    78.1 from 110 sources of intphas_1427 Ha
r940860.fit  4.29  1.42 0.134   234.8 from 341 sources of intphas_1427 r
r940861.fit  4.19  1.38 0.092   125.1 from 311 sources of intphas_1427 i
r940862.fit  4.55  1.50 0.099    76.7 from 141 sources of intphas_1427o Ha
r940863.fit  4.67  1.54 0.111   217.0 from 321 sources of intphas_1427o r
r940864.fit  4.68  1.54 0.106   136.7 from 273 sources of intphas_1427o i
r940865.fit  4.32  1.43 0.104    87.1 from 127 sources of intphas_1459 Ha
r940866.fit  4.42  1.46 0.105   242.3 from 335 sources of intphas_1459 r
r940867.fit  4.17  1.38 0.117   143.0 from 336 sources of intphas_1459 i
r940868.fit  4.22  1.39 0.120    90.2 from 134 sources of intphas_1459o Ha
r940869.fit  4.40  1.45 0.123   251.2 from 333 sources of intphas_1459o r
r940870.fit  4.59  1.51 0.152   144.9 from 292 sources of intphas_1459o i
r940871.fit  4.06  1.34 0.135    22.3 from  27 sources of Feige22 Ha
r940872.fit  3.24  1.07 0.068    25.8 from  17 sources of Feige22 r
r940873.fit  3.59  1.18 0.060    23.1 from  12 sources of Feige22 i
r940874.fit  4.36  1.44 0.205    73.0 from 182 sources of intphas_1682 Ha
r940875.fit  3.74  1.23 0.151    50.5 from 569 sources of intphas_1682 r
r940876.fit  3.81  1.26 0.156   138.8 from 551 sources of intphas_1682 i
r940877.fit  3.69  1.22 0.153    87.9 from 219 sources of intphas_1682o Ha
r940878.fit  3.89  1.28 0.176   224.4 from 560 sources of intphas_1682o r
r940879.fit  3.87  1.28 0.124   145.6 from 455 sources of intphas_1682o i
r940880.fit  3.85  1.27 0.162    81.3 from 168 sources of intphas_1688 Ha
r940881.fit  3.68  1.21 0.132    98.9 from 515 sources of intphas_1688 r
r940882.fit  3.67  1.21 0.138   130.3 from 505 sources of intphas_1688 i
r940883.fit  3.95  1.30 0.170    90.6 from 187 sources of intphas_1688o Ha
r940884.fit  3.80  1.25 0.143   233.9 from 501 sources of intphas_1688o r
r940885.fit  3.67  1.21 0.135   126.9 from 494 sources of intphas_1688o i
r940886.fit  3.92  1.29 0.134    82.4 from 200 sources of intphas_1690 Ha
r940887.fit  4.05  1.34 0.129   236.2 from 401 sources of intphas_1690 r
r940888.fit  4.09  1.35 0.147   123.2 from 374 sources of intphas_1690 i
r940889.fit  4.06  1.34 0.130    74.9 from 153 sources of intphas_1690o Ha
r940890.fit  4.27  1.41 0.115   176.9 from 369 sources of intphas_1690o r
r940891.fit  4.51  1.49 0.140   130.5 from 318 sources of intphas_1690o i
r940892.fit  5.14  1.70 0.129    63.4 from 120 sources of intphas_1614 Ha
r940893.fit  4.27  1.41 0.124   231.5 from 339 sources of intphas_1614 r
r940894.fit  4.59  1.51 0.061   116.4 from 248 sources of intphas_1614 i
r940895.fit  4.28  1.41 0.087    83.6 from 126 sources of intphas_1614o Ha
r940896.fit  4.21  1.39 0.115   212.4 from 343 sources of intphas_1614o r
r940897.fit  3.98  1.31 0.122   143.1 from 354 sources of intphas_1614o i
r940898.fit  4.46  1.47 0.104    21.8 from 150 sources of intphas_1621 Ha
r940899.fit  4.66  1.54 0.123   254.8 from 306 sources of intphas_1621 r
r940900.fit  3.51  1.16 0.108    34.3 from 439 sources of intphas_1621 i
r940901.fit  4.08  1.35 0.131    79.0 from 165 sources of intphas_1621o Ha
r940902.fit  4.31  1.42 0.110   183.0 from 362 sources of intphas_1621o r
r940903.fit  3.96  1.31 0.149   103.4 from 406 sources of intphas_1621o i
r940904.fit  4.15  1.37 0.100    62.3 from 158 sources of intphas_1196 Ha
r940905.fit  4.66  1.54 0.099   220.5 from 293 sources of intphas_1196 r
r940906.fit  3.81  1.26 0.097   119.3 from 352 sources of intphas_1196 i
r940907.fit  3.69  1.22 0.093    51.6 from 187 sources of intphas_1196o Ha
r940908.fit  3.57  1.18 0.110   170.9 from 456 sources of intphas_1196o r
r940909.fit  3.61  1.19 0.139    94.1 from 406 sources of intphas_1196o i
r940910.fit  4.32  1.43 0.189    66.5 from 214 sources of intphas_1192 Ha
r940911.fit  3.68  1.21 0.101   193.9 from 569 sources of intphas_1192 r
r940912.fit  3.30  1.09 0.101   112.6 from 541 sources of intphas_1192 i
r940913.fit  4.12  1.36 0.182    64.6 from 219 sources of intphas_1192o Ha
r940914.fit  3.70  1.22 0.151   194.2 from 527 sources of intphas_1192o r
r940915.fit  3.52  1.16 0.087   123.0 from 473 sources of intphas_1192o i
r940916.fit  4.36  1.44 0.146    73.3 from 124 sources of intphas_1268 Ha
r940917.fit  3.74  1.23 0.108   221.2 from 310 sources of intphas_1268 r
r940918.fit  3.80  1.25 0.120   122.1 from 314 sources of intphas_1268 i
r940919.fit  3.95  1.30 0.124    76.2 from 137 sources of intphas_1268o Ha
r940920.fit  3.76  1.24 0.101   171.0 from 287 sources of intphas_1268o r
r940921.fit  4.19  1.38 0.132    99.5 from 274 sources of intphas_1268o i
r940922.fit  3.93  1.30 0.092    82.5 from 187 sources of intphas_1569 Ha
r940923.fit  4.03  1.33 0.087   177.0 from 429 sources of intphas_1569 r
r940924.fit  3.80  1.25 0.119   128.5 from 425 sources of intphas_1569 i
r940925.fit  3.83  1.26 0.109    65.8 from 186 sources of intphas_1569o Ha
r940926.fit  4.03  1.33 0.111   217.3 from 413 sources of intphas_1569o r
r940927.fit  3.73  1.23 0.103   116.8 from 452 sources of intphas_1569o i
r940928.fit  3.42  1.13 0.085    72.4 from 224 sources of intphas_1180 Ha
r940929.fit  4.07  1.34 0.105    31.4 from 481 sources of intphas_1180 r
r940930.fit  3.62  1.19 0.070   128.6 from 487 sources of intphas_1180 i
r940931.fit  3.96  1.31 0.117    66.0 from 185 sources of intphas_1180o Ha
r940932.fit  3.79  1.25 0.056   166.2 from 452 sources of intphas_1180o r
r940933.fit  3.59  1.18 0.086    96.2 from 439 sources of intphas_1180o i
r940934.fit  4.23  1.40 0.119    67.2 from 127 sources of intphas_1222 Ha
r940935.fit  3.79  1.25 0.067   244.2 from 398 sources of intphas_1222 r
r940936.fit  3.46  1.14 0.063    44.0 from 418 sources of intphas_1222 i
r940937.fit  4.20  1.39 0.090    79.0 from 118 sources of intphas_1222o Ha
r940938.fit  4.08  1.35 0.076   217.9 from 366 sources of intphas_1222o r
r940939.fit  3.86  1.27 0.076   127.0 from 339 sources of intphas_1222o i
r940940.fit  4.19  1.38 0.088    85.9 from 127 sources of intphas_1219 Ha
r940941.fit  4.43  1.46 0.103   254.2 from 334 sources of intphas_1219 r
r940942.fit  3.98  1.31 0.088   143.1 from 339 sources of intphas_1219 i
r940943.fit  4.16  1.37 0.095    88.2 from 137 sources of intphas_1219o Ha
r940944.fit  4.84  1.60 0.162   214.1 from 323 sources of intphas_1219o r
r940945.fit  3.81  1.26 0.118   141.4 from 368 sources of intphas_1219o i
r940946.fit  4.09  1.35 0.086    83.7 from 115 sources of intphas_1211 Ha
r940947.fit  3.99  1.32 0.099   252.3 from 318 sources of intphas_1211 r
r940948.fit  4.21  1.39 0.051   138.0 from 233 sources of intphas_1211 i
r940949.fit  4.74  1.56 0.070    89.2 from  99 sources of intphas_1211o Ha
r940950.fit  4.42  1.46 0.073   267.1 from 267 sources of intphas_1211o r
r940951.fit  3.73  1.23 0.075   156.9 from 291 sources of intphas_1211o i
r940952.fit  4.32  1.43 0.077    92.9 from  99 sources of intphas_1210 Ha
r940953.fit  4.34  1.43 0.089   268.1 from 266 sources of intphas_1210 r
r940954.fit  3.79  1.25 0.098   151.6 from 318 sources of intphas_1210 i
r940955.fit  3.84  1.27 0.093    88.6 from 116 sources of intphas_1210o Ha
r940956.fit  3.75  1.24 0.116   200.8 from 312 sources of intphas_1210o r
r940957.fit  3.59  1.18 0.115   147.0 from 341 sources of intphas_1210o i
r940958.fit  3.24  1.07 0.086    41.4 from 261 sources of intphas_1207 Ha
r940959.fit  3.21  1.06 0.084   262.1 from 621 sources of intphas_1207 r
r940960.fit  3.02  1.00 0.084   168.3 from 554 sources of intphas_1207 i
r940961.fit  3.75  1.24 0.142    87.5 from 220 sources of intphas_1207o Ha
r940962.fit  3.31  1.09 0.112   312.6 from 586 sources of intphas_1207o r
r940963.fit  3.26  1.08 0.100   190.8 from 508 sources of intphas_1207o i
r940964.fit  3.39  1.12 0.083    34.0 from  75 sources of G191B2B Ha
r940965.fit  3.36  1.11 0.094    28.7 from  36 sources of G191B2B r
r940966.fit  4.20  1.39 0.091    30.7 from  26 sources of G191B2B i
r940967.fit  3.80  1.25 0.099   118.5 from 155 sources of intphas_1206 Ha
r940968.fit  3.50  1.16 0.117   377.4 from 450 sources of intphas_1206 r
r940969.fit  3.41  1.13 0.111   238.8 from 422 sources of intphas_1206 i
r940970.fit  3.66  1.21 0.114   107.5 from 149 sources of intphas_1206o Ha
r940971.fit  3.39  1.12 0.070   100.9 from 407 sources of intphas_1206o r
r940972.fit  3.31  1.09 0.078   246.1 from 374 sources of intphas_1206o i
r940973.fit  4.09  1.35 0.062   143.1 from 130 sources of intphas_1202 Ha
r940974.fit  3.75  1.24 0.091   295.2 from 397 sources of intphas_1202 r
r940975.fit  3.26  1.08 0.098   244.1 from 418 sources of intphas_1202 i
r940976.fit  3.72  1.23 0.129   138.8 from 185 sources of intphas_1202o Ha
r940977.fit  3.90  1.29 0.127   389.3 from 366 sources of intphas_1202o r
r940978.fit  3.51  1.16 0.140   226.8 from 432 sources of intphas_1202o i
r940979.fit  3.85  1.27 0.111   152.1 from 169 sources of intphas_1378 Ha
r940980.fit  3.65  1.20 0.110   478.9 from 349 sources of intphas_1378 r
r940981.fit  3.72  1.23 0.129   248.4 from 357 sources of intphas_1378 i
r940982.fit  3.63  1.20 0.088   135.2 from 169 sources of intphas_1378o Ha
r940983.fit  3.76  1.24 0.103   255.4 from 341 sources of intphas_1378o r
r940984.fit  3.41  1.13 0.157   246.4 from 377 sources of intphas_1378o i
r940985.fit  3.56  1.17 0.087   133.7 from 219 sources of intphas_1357 Ha
r940986.fit  3.41  1.13 0.077   414.7 from 577 sources of intphas_1357 r
r940987.fit  3.33  1.10 0.089   246.3 from 503 sources of intphas_1357 i
r940988.fit  3.81  1.26 0.080   146.1 from 217 sources of intphas_1357o Ha
r940989.fit  3.66  1.21 0.102   368.8 from 606 sources of intphas_1357o r
r940990.fit  3.79  1.25 0.103   201.3 from 486 sources of intphas_1357o i
r940991.fit  3.74  1.23 0.105   153.5 from 190 sources of intphas_1702 Ha
r940992.fit  3.73  1.23 0.119   433.9 from 504 sources of intphas_1702 r
r940993.fit  3.38  1.12 0.121   204.7 from 475 sources of intphas_1702 i
r940994.fit  3.77  1.24 0.078   128.5 from 184 sources of intphas_1702o Ha
r940995.fit  3.82  1.26 0.103   456.7 from 418 sources of intphas_1702o r
r940996.fit  3.54  1.17 0.066   245.2 from 373 sources of intphas_1702o i
r940997.fit  3.80  1.25 0.087   138.8 from 108 sources of intphas_1350 Ha
r940998.fit  3.14  1.04 0.077   259.1 from 272 sources of intphas_1350 r
r940999.fit  3.18  1.05 0.099   207.1 from 293 sources of intphas_1350 i
r941000.fit  3.66  1.21 0.072   132.8 from 129 sources of intphas_1350o Ha
r941001.fit  4.05  1.34 0.036   400.6 from 199 sources of intphas_1350o r
r941002.fit  3.32  1.10 0.080   205.6 from 278 sources of intphas_1350o i
r941003.fit  3.84  1.27 0.101   114.7 from 177 sources of intphas_1349 Ha
r941004.fit  3.51  1.16 0.063   359.3 from 457 sources of intphas_1349 r
r941005.fit  3.25  1.07 0.076   221.0 from 432 sources of intphas_1349 i
r941006.fit  3.65  1.20 0.084   130.8 from 172 sources of intphas_1349o Ha
r941007.fit  3.32  1.10 0.066   349.5 from 451 sources of intphas_1349o r
r941008.fit  2.93  0.97 0.068   176.5 from 460 sources of intphas_1349o i
r941009.fit  3.63  1.20 0.075   121.3 from 183 sources of intphas_1347 Ha
r941010.fit  3.46  1.14 0.046   360.2 from 451 sources of intphas_1347 r
r941011.fit  3.46  1.14 0.083   209.7 from 440 sources of intphas_1347 i
r941012.fit  3.42  1.13 0.080   107.8 from 217 sources of intphas_1347o Ha
r941013.fit  3.68  1.21 0.092   291.3 from 478 sources of intphas_1347o r
r941014.fit  3.23  1.07 0.080   175.7 from 504 sources of intphas_1347o i
r941015.fit  3.49  1.15 0.063   137.2 from 186 sources of intphas_1345 Ha
r941016.fit  3.29  1.09 0.067   407.2 from 455 sources of intphas_1345 r
r941017.fit  3.30  1.09 0.105   230.1 from 450 sources of intphas_1345 i
r941018.fit  3.67  1.21 0.075    45.8 from 164 sources of intphas_1345o Ha
r941019.fit  3.70  1.22 0.103   318.0 from 392 sources of intphas_1345o r
r941020.fit  2.98  0.98 0.064    59.9 from 443 sources of intphas_1345o i
r941021.fit  3.71  1.22 0.069   171.7 from 172 sources of intphas_1676 Ha
r941022.fit  3.69  1.22 0.111   544.0 from 516 sources of intphas_1676 r
r941023.fit  3.23  1.07 0.079   376.4 from 498 sources of intphas_1676 i
r941024.fit  3.53  1.16 0.099    53.9 from 238 sources of intphas_1676o Ha
r941025.fit  3.47  1.15 0.079    54.1 from 557 sources of intphas_1676o r
r941026.fit  2.91  0.96 0.090   695.3 from 595 sources of intphas_1676o i
r941027.fit  3.40  1.12 0.067   111.4 from  73 sources of G191B2B Ha
r941028.fit  3.70  1.22 0.052    80.6 from  34 sources of G191B2B r
r941029.fit  3.69  1.22 0.120    97.5 from  58 sources of G191B2B i
r941030.fit  4.29  1.42 0.173   530.4 from 219 sources of SA98-650 Ha
r941031.fit  3.28  1.08 0.081  1031.0 from 493 sources of SA98-650 r
r941032.fit  3.44  1.14 0.122   589.6 from 286 sources of SA98-650 i
