r947941.fit is not a target (BIAS)
r947942.fit is not a target (BIAS)
r947943.fit is not a target (BIAS)
r947944.fit is not a target (BIAS)
r947945.fit is not a target (BIAS)
r947946.fit is not a target (BIAS)
r947947.fit is not a target (BIAS)
r947948.fit is not a target (BIAS)
r947949.fit is not a target (BIAS)
r947950.fit is not a target (BIAS)
r947951.fit is not a target (BIAS)
r947952.fit is not a target (BIAS)
r947953.fit is not a target (BIAS)
r947954.fit  1.71  0.56 0.207    38.5 from  11 sources of U Dark
r947955.fit  1.75  0.58 0.263    38.7 from  10 sources of U Dark
r947956.fit  0.83  0.27 0.055    38.9 from  11 sources of U Dark
r947957.fit is not a target (FOCUS)
r947958.fit  7.56  2.49 0.188    29.5 from  12 sources of SA92 Ha
r947959.fit 10.98  3.62 0.061    80.8 from  13 sources of SA92 r
r947960.fit 10.74  3.54 0.056    47.5 from   6 sources of SA92 i
r947961.fit  7.74  2.55 0.033    54.2 from  19 sources of SA95-42 Ha
r947962.fit  8.62  2.84 0.036   132.7 from  40 sources of SA95-42 r
r947963.fit  9.30  3.07 0.048    72.3 from  16 sources of SA95-42 i
r947964.fit  7.39  2.44 0.175    43.6 from 143 sources of intphas_2279 Ha
r947965.fit  6.18  2.04 0.149   109.9 from 381 sources of intphas_2279 r
r947966.fit  8.72  2.88 0.165    84.6 from 181 sources of intphas_2279 i
r947967.fit  8.15  2.69 0.169    40.5 from 121 sources of intphas_2279o Ha
r947968.fit  5.86  1.93 0.119    83.3 from 400 sources of intphas_2279o r
r947969.fit  5.56  1.83 0.070    85.1 from 310 sources of intphas_2279o i
r947970.fit  6.08  2.01 0.088    39.2 from 151 sources of intphas_2606 Ha
r947971.fit  5.46  1.80 0.057   119.2 from 474 sources of intphas_2606 r
r947972.fit  6.68  2.20 0.056    96.7 from 221 sources of intphas_2606 i
r947973.fit  6.82  2.25 0.062    40.9 from  83 sources of intphas_2665 Ha
r947974.fit  5.77  1.90 0.043    89.5 from 385 sources of intphas_2665 r
r947975.fit  6.07  2.00 0.056    92.7 from 248 sources of intphas_2665 i
r947976.fit  6.00  1.98 0.074    35.6 from 111 sources of intphas_2665o Ha
r947977.fit  5.94  1.96 0.106    69.5 from 344 sources of intphas_2665o r
r947978.fit  6.23  2.06 0.098    58.2 from 220 sources of intphas_2665o i
r947979.fit  6.52  2.15 0.060    37.2 from 104 sources of intphas_3014 Ha
r947980.fit  6.43  2.12 0.106   120.0 from 342 sources of intphas_3014 r
r947981.fit  7.15  2.36 0.058    89.7 from 184 sources of intphas_3014 i
r947982.fit  6.58  2.17 0.091    41.3 from 110 sources of intphas_3014o Ha
r947983.fit  6.13  2.02 0.073   123.5 from 320 sources of intphas_3014o r
r947984.fit  5.53  1.82 0.070    96.1 from 275 sources of intphas_3014o i
r947985.fit  5.60  1.85 0.075    41.7 from 180 sources of intphas_3020 Ha
r947986.fit  6.27  2.07 0.079   128.3 from 441 sources of intphas_3020 r
r947987.fit  6.21  2.05 0.077   104.0 from 301 sources of intphas_3020 i
r947988.fit  5.62  1.85 0.099    35.9 from 202 sources of intphas_3020o Ha
r947989.fit  5.53  1.82 0.091   119.7 from 578 sources of intphas_3020o r
r947990.fit  5.66  1.87 0.074   103.7 from 368 sources of intphas_3020o i
r947991.fit  7.51  2.48 0.077    41.4 from 101 sources of intphas_3042 Ha
r947992.fit  7.28  2.40 0.062   123.6 from 281 sources of intphas_3042 r
r947993.fit  6.85  2.26 0.071    99.3 from 213 sources of intphas_3042 i
r947994.fit  7.45  2.46 0.067    38.4 from  93 sources of intphas_3042o Ha
r947995.fit  7.97  2.63 0.087   123.2 from 252 sources of intphas_3042o r
r947996.fit 10.73  3.54 0.171   102.2 from 120 sources of intphas_3042o i
r947997.fit  7.48  2.47 0.203    33.0 from 117 sources of intphas_3043 Ha
r947998.fit  5.50  1.82 0.056    53.0 from 400 sources of intphas_3043 r
r947999.fit  4.93  1.63 0.072   107.0 from 336 sources of intphas_3043 i
r948000.fit  5.28  1.74 0.082    40.4 from 143 sources of intphas_3043o Ha
r948001.fit  5.76  1.90 0.069   102.4 from 322 sources of intphas_3043o r
r948002.fit  5.92  1.95 0.057    93.2 from 216 sources of intphas_3043o i
r948003.fit  6.63  2.19 0.029    45.9 from 109 sources of intphas_3045 Ha
r948004.fit  5.98  1.97 0.050   123.0 from 301 sources of intphas_3045 r
r948005.fit  5.64  1.86 0.085   112.9 from 251 sources of intphas_3045 i
r948006.fit  7.05  2.33 0.049    36.1 from 104 sources of intphas_3045o Ha
r948007.fit  7.59  2.50 0.069   120.6 from 223 sources of intphas_3045o r
r948008.fit  6.86  2.26 0.068   115.8 from 200 sources of intphas_3045o i
r948009.fit  6.61  2.18 0.066    41.7 from 104 sources of intphas_3062 Ha
r948010.fit  7.05  2.33 0.055   124.8 from 220 sources of intphas_3062 r
r948011.fit  8.08  2.67 0.075   117.7 from 138 sources of intphas_3062 i
r948012.fit  6.75  2.23 0.041    37.2 from  97 sources of intphas_3062o Ha
r948013.fit  6.07  2.00 0.047   108.4 from 223 sources of intphas_3062o r
r948014.fit  6.16  2.03 0.029    99.5 from 176 sources of intphas_3062o i
r948015.fit  7.13  2.35 0.044    42.9 from 102 sources of intphas_3073 Ha
r948016.fit  7.30  2.41 0.051    21.6 from 243 sources of intphas_3073 r
r948017.fit  6.29  2.08 0.058   106.0 from 240 sources of intphas_3073 i
r948018.fit  7.65  2.52 0.055    38.9 from 122 sources of intphas_3138 Ha
r948019.fit  8.37  2.76 0.074   124.9 from 254 sources of intphas_3138 r
r948020.fit  6.04  1.99 0.048   116.7 from 287 sources of intphas_3138 i
r948021.fit  6.29  2.08 0.033    40.6 from 145 sources of intphas_3138o Ha
r948022.fit  7.19  2.37 0.039   121.5 from 340 sources of intphas_3138o r
r948023.fit  6.65  2.19 0.063   120.3 from 243 sources of intphas_3138o i
r948024.fit 10.10  3.33 0.143    28.0 from  52 sources of SA98-650 Ha
r948025.fit 11.68  3.85 0.136    57.6 from  79 sources of SA98-650 r
r948026.fit 10.03  3.31 0.104    51.1 from  40 sources of SA98-650 i
r948027.fit  6.55  2.16 0.034    39.4 from 116 sources of intphas_3141 Ha
r948028.fit  7.09  2.34 0.052   118.9 from 313 sources of intphas_3141 r
r948029.fit  6.46  2.13 0.045   108.2 from 233 sources of intphas_3141 i
r948030.fit  6.94  2.29 0.038    41.8 from 105 sources of intphas_3141o Ha
r948031.fit  7.04  2.32 0.062   114.1 from 308 sources of intphas_3141o r
r948032.fit  6.63  2.19 0.061   119.9 from 206 sources of intphas_3141o i
r948033.fit  6.70  2.21 0.044    45.3 from  74 sources of intphas_3142 Ha
r948034.fit  6.50  2.15 0.030   118.0 from 164 sources of intphas_3142 r
r948035.fit  6.96  2.30 0.043   116.8 from 125 sources of intphas_3142 i
r948036.fit  6.49  2.14 0.034    43.5 from  79 sources of intphas_3142o Ha
r948037.fit  6.58  2.17 0.033   121.9 from 148 sources of intphas_3142o r
r948038.fit  5.61  1.85 0.047   125.2 from 154 sources of intphas_3142o i
r948039.fit  7.68  2.53 0.035    42.6 from  99 sources of intphas_3182 Ha
r948040.fit  6.19  2.04 0.065   120.8 from 401 sources of intphas_3182 r
r948041.fit  6.94  2.29 0.047   129.7 from 216 sources of intphas_3182 i
r948042.fit  6.98  2.30 0.062    46.3 from 118 sources of intphas_3182o Ha
r948043.fit  7.44  2.46 0.082   127.5 from 312 sources of intphas_3182o r
r948044.fit  6.64  2.19 0.051   137.3 from 236 sources of intphas_3182o i
r948045.fit  6.25  2.06 0.055    50.2 from 126 sources of intphas_3289 Ha
r948046.fit  6.90  2.28 0.058   130.3 from 276 sources of intphas_3289 r
r948047.fit  5.83  1.92 0.073   137.5 from 278 sources of intphas_3289 i
r948048.fit  5.99  1.98 0.051    43.2 from 119 sources of intphas_3289o Ha
r948049.fit  5.51  1.82 0.033   122.4 from 335 sources of intphas_3289o r
r948050.fit  5.71  1.88 0.057   126.5 from 241 sources of intphas_3289o i
r948051.fit  6.87  2.27 0.066    44.2 from 117 sources of intphas_3366o Ha
r948052.fit  6.92  2.28 0.069   121.9 from 326 sources of intphas_3366o r
r948053.fit  6.97  2.30 0.060   127.0 from 202 sources of intphas_3366o i
r948054.fit  6.06  2.00 0.035    44.4 from 100 sources of intphas_3386 Ha
r948055.fit  5.88  1.94 0.030   114.9 from 300 sources of intphas_3386 r
r948056.fit  5.56  1.83 0.043   129.5 from 265 sources of intphas_3386 i
r948057.fit  8.48  2.80 0.146    45.3 from  93 sources of intphas_3386o Ha
r948058.fit  6.67  2.20 0.043   124.9 from 271 sources of intphas_3386o r
r948059.fit  5.64  1.86 0.048   123.1 from 259 sources of intphas_3386o i
r948060.fit  8.38  2.77 0.154    40.1 from 114 sources of intphas_3389 Ha
r948061.fit  9.37  3.09 0.202   116.1 from 285 sources of intphas_3389 r
r948062.fit  8.23  2.72 0.158   131.7 from 212 sources of intphas_3389 i
r948063.fit  7.52  2.48 0.141    44.9 from 148 sources of intphas_3389o Ha
r948064.fit  5.93  1.96 0.066   115.5 from 412 sources of intphas_3389o r
r948065.fit  5.80  1.91 0.105   118.3 from 339 sources of intphas_3389o i
r948066.fit  8.13  2.68 0.110    43.1 from 127 sources of intphas_3391 Ha
r948067.fit  7.09  2.34 0.049   115.3 from 358 sources of intphas_3391 r
r948068.fit  5.55  1.83 0.043   122.4 from 339 sources of intphas_3391 i
r948069.fit  6.57  2.17 0.050    41.4 from 154 sources of intphas_3391o Ha
r948070.fit  5.87  1.94 0.078   117.0 from 467 sources of intphas_3391o r
r948071.fit  5.34  1.76 0.095   122.5 from 375 sources of intphas_3391o i
r948072.fit  5.76  1.90 0.080    31.5 from 182 sources of intphas_3392 Ha
r948073.fit  5.80  1.91 0.038   108.7 from 485 sources of intphas_3392 r
r948074.fit  5.38  1.78 0.060   114.1 from 358 sources of intphas_3392 i
r948075.fit  5.54  1.83 0.070    35.6 from 210 sources of intphas_3392o Ha
r948076.fit  5.99  1.98 0.075    94.1 from 434 sources of intphas_3392o r
r948077.fit  5.33  1.76 0.072   101.9 from 365 sources of intphas_3392o i
r948078.fit  6.65  2.19 0.083    51.8 from  85 sources of intphas_3399 Ha
r948079.fit  5.95  1.96 0.051   121.9 from 235 sources of intphas_3399 r
r948080.fit  4.70  1.55 0.026   119.6 from 242 sources of intphas_3399 i
r948081.fit  6.12  2.02 0.074    53.7 from  92 sources of intphas_3399o Ha
r948082.fit  5.36  1.77 0.039   109.4 from 251 sources of intphas_3399o r
r948083.fit  4.69  1.55 0.047   117.9 from 229 sources of intphas_3399o i
r948084.fit  6.44  2.13 0.083    39.8 from 170 sources of intphas_3405 Ha
r948085.fit  6.41  2.12 0.061   114.5 from 398 sources of intphas_3405 r
r948086.fit  5.29  1.75 0.061    89.0 from 344 sources of intphas_3405 i
r948087.fit  5.94  1.96 0.061    38.8 from 166 sources of intphas_3405o Ha
r948088.fit  5.77  1.90 0.039     5.0 from 438 sources of intphas_3405o r
r948089.fit  5.93  1.96 0.046   125.6 from 290 sources of intphas_3405o i
r948090.fit  5.16  1.70 0.062    30.6 from 218 sources of intphas_3411 Ha
r948091.fit  5.14  1.70 0.036   108.7 from 544 sources of intphas_3411 r
r948092.fit  4.46  1.47 0.060   118.4 from 447 sources of intphas_3411 i
r948093.fit  5.09  1.68 0.068    38.7 from 238 sources of intphas_3411o Ha
r948094.fit  4.49  1.48 0.081    89.3 from 645 sources of intphas_3411o r
r948095.fit  5.12  1.69 0.094   115.1 from 393 sources of intphas_3411o i
r948096.fit  5.77  1.90 0.088    36.8 from 212 sources of intphas_3433 Ha
r948097.fit  4.68  1.54 0.085    37.3 from 703 sources of intphas_3433 r
r948098.fit  4.54  1.50 0.051   106.5 from 517 sources of intphas_3433 i
r948099.fit  5.24  1.73 0.072    36.4 from 208 sources of intphas_3433o Ha
r948100.fit  4.25  1.40 0.058    70.6 from 719 sources of intphas_3433o r
r948101.fit  3.36  1.11 0.041   106.8 from 713 sources of intphas_3433o i
r948102.fit  5.19  1.71 0.077    43.4 from 218 sources of intphas_3438 Ha
r948103.fit  5.99  1.98 0.148   120.7 from 488 sources of intphas_3438 r
r948104.fit  4.62  1.52 0.053   118.5 from 445 sources of intphas_3438 i
r948105.fit  5.19  1.71 0.085    35.3 from 242 sources of intphas_3438o Ha
r948106.fit  4.47  1.48 0.060    98.5 from 699 sources of intphas_3438o r
r948107.fit  5.56  1.83 0.092   120.2 from 361 sources of intphas_3438o i
r948108.fit  4.69  1.55 0.090    35.6 from 287 sources of intphas_3455 Ha
r948109.fit  3.73  1.23 0.034   102.7 from 790 sources of intphas_3455 r
r948110.fit  3.26  1.08 0.033   105.7 from 686 sources of intphas_3455 i
r948111.fit  4.71  1.55 0.093    37.1 from 282 sources of intphas_3455o Ha
r948112.fit  4.21  1.39 0.064    98.6 from 739 sources of intphas_3455o r
r948113.fit  3.38  1.12 0.051    95.3 from 705 sources of intphas_3455o i
r948114.fit  4.56  1.50 0.086    40.5 from 265 sources of intphas_3489 Ha
r948115.fit  4.50  1.49 0.108   112.7 from 694 sources of intphas_3489 r
r948116.fit  3.81  1.26 0.086   121.5 from 593 sources of intphas_3489 i
r948117.fit  4.82  1.59 0.115    42.2 from 243 sources of intphas_3489o Ha
r948118.fit  4.46  1.47 0.086   133.2 from 615 sources of intphas_3489o r
r948119.fit  3.67  1.21 0.068    88.0 from 595 sources of intphas_3489o i
r948120.fit  4.20  1.39 0.068    45.9 from 300 sources of intphas_3512 Ha
r948121.fit  3.62  1.19 0.041   161.9 from 913 sources of intphas_3512 r
r948122.fit  3.28  1.08 0.031   114.5 from 736 sources of intphas_3512 i
r948123.fit  4.42  1.46 0.065    75.6 from 241 sources of intphas_3587 Ha
r948124.fit  4.14  1.37 0.051   185.2 from 717 sources of intphas_3587 r
r948125.fit  3.75  1.24 0.047   217.0 from 545 sources of intphas_3587 i
r948126.fit  4.78  1.58 0.097   130.4 from 219 sources of intphas_3587o Ha
r948127.fit  4.34  1.43 0.031   305.5 from 649 sources of intphas_3587o r
r948128.fit  4.00  1.32 0.028   423.0 from 463 sources of intphas_3587o i
r948129.fit  4.94  1.63 0.096   150.1 from 149 sources of SA98-650 Ha
r948130.fit  4.47  1.48 0.032   340.3 from 299 sources of SA98-650 r
r948131.fit  3.41  1.13 0.036   239.5 from 250 sources of SA98-650 i
r948132.fit  5.30  1.75 0.039   285.7 from  92 sources of Rubin149B Ha
r948133.fit  4.12  1.36 0.043   800.1 from 399 sources of Rubin149B r
r948134.fit  3.97  1.31 0.078   467.9 from 142 sources of Rubin149B i
r948135.fit is not a target (SKY)
r948136.fit is not a target (SKY)
r948137.fit is not a target (SKY)
r948138.fit is not a target (SKY)
r948139.fit is not a target (SKY)
r948140.fit is not a target (SKY)
r948141.fit is not a target (SKY)
r948142.fit is not a target (SKY)
r948143.fit is not a target (SKY)
r948144.fit is not a target (SKY)
r948145.fit is not a target (SKY)
r948146.fit is not a target (SKY)
r948148.fit is not a target (SKY)
r948149.fit is not a target (SKY)
r948150.fit is not a target (SKY)
r948151.fit is not a target (SKY)
r948152.fit is not a target (SKY)
r948153.fit is not a target (SKY)
r948154.fit is not a target (SKY)
r948155.fit is not a target (BIAS)
r948156.fit is not a target (BIAS)
r948157.fit is not a target (BIAS)
r948158.fit is not a target (BIAS)
r948159.fit is not a target (BIAS)
