r942749.fit is not a target (BIAS)
r942750.fit is not a target (BIAS)
r942751.fit is not a target (BIAS)
r942752.fit is not a target (BIAS)
r942753.fit is not a target (BIAS)
r942754.fit is not a target (BIAS)
r942755.fit is not a target (BIAS)
r942756.fit is not a target (BIAS)
r942757.fit is not a target (BIAS)
r942758.fit is not a target (BIAS)
r942759.fit is not a target (BIAS)
r942760.fit is not a target (BIAS)
r942761.fit is not a target (BIAS)
r942762.fit is not a target (BIAS)
r942763.fit is not a target (BIAS)
r942764.fit is not a target (BIAS)
r942765.fit is not a target (BIAS)
r942766.fit is not a target (BIAS)
r942767.fit is not a target (BIAS)
r942768.fit is not a target (BIAS)
r942769.fit is not a target (SKY)
r942770.fit is not a target (SKY)
r942771.fit is not a target (SKY)
r942772.fit is not a target (SKY)
r942773.fit is not a target (SKY)
r942774.fit is not a target (SKY)
r942775.fit is not a target (SKY)
r942776.fit is not a target (SKY)
r942777.fit is not a target (SKY)
r942778.fit is not a target (SKY)
r942779.fit is not a target (SKY)
r942780.fit is not a target (SKY)
r942781.fit is not a target (SKY)
r942782.fit is not a target (SKY)
r942783.fit is not a target (SKY)
r942784.fit is not a target (SKY)
r942785.fit is not a target (FOCUS)
r942786.fit  4.08  1.35 0.111    66.6 from  35 sources of SA112-250 Ha
r942787.fit  4.02  1.33 0.092    60.3 from  26 sources of SA112-250 r
r942788.fit  5.27  1.74 0.111    59.6 from  23 sources of SA112-250 i
r942789.fit  3.82  1.26 0.109    99.3 from 803 sources of intphas_5358o Ha
r942790.fit  3.36  1.11 0.105   198.8 from 2616 sources of intphas_5358o r
r942791.fit  3.41  1.13 0.106   154.1 from 2090 sources of intphas_5358o i
r942792.fit  4.42  1.46 0.134    82.6 from 648 sources of intphas_5364 Ha
r942793.fit  4.28  1.41 0.120   127.3 from 2015 sources of intphas_5364 r
r942794.fit  3.73  1.23 0.125   120.4 from 1909 sources of intphas_5364 i
r942795.fit  4.10  1.35 0.126    64.2 from 746 sources of intphas_5364o Ha
r942796.fit  4.32  1.43 0.144    96.5 from 2083 sources of intphas_5364o r
r942797.fit  3.78  1.25 0.140   132.3 from 1913 sources of intphas_5364o i
r942798.fit  4.31  1.42 0.138    69.6 from 394 sources of intphas_5469 Ha
r942799.fit  3.91  1.29 0.137   139.7 from 1484 sources of intphas_5469 r
r942800.fit  3.46  1.14 0.107   129.1 from 1441 sources of intphas_5469 i
r942801.fit  4.32  1.43 0.126    74.3 from 388 sources of intphas_5469o Ha
r942802.fit  3.49  1.15 0.121   138.7 from 1753 sources of intphas_5469o r
r942803.fit  4.13  1.36 0.103   123.8 from 1229 sources of intphas_5469o i
r942804.fit  4.08  1.35 0.150    66.2 from 336 sources of intphas_5582 Ha
r942805.fit  4.44  1.47 0.122   118.6 from 886 sources of intphas_5582 r
r942806.fit  3.80  1.25 0.114   104.2 from 918 sources of intphas_5582 i
r942807.fit  4.06  1.34 0.116    66.0 from 316 sources of intphas_5582o Ha
r942808.fit  3.94  1.30 0.085   116.3 from 874 sources of intphas_5582o r
r942809.fit  3.45  1.14 0.094   129.1 from 924 sources of intphas_5582o i
r942810.fit  4.07  1.34 0.109    69.0 from 268 sources of intphas_5586 Ha
r942811.fit  4.20  1.39 0.099   143.4 from 611 sources of intphas_5586 r
r942812.fit  3.73  1.23 0.098   108.9 from 736 sources of intphas_5586 i
r942813.fit  4.50  1.49 0.089    71.2 from 212 sources of intphas_5586o Ha
r942814.fit  4.04  1.33 0.065   127.7 from 591 sources of intphas_5586o r
r942815.fit  3.55  1.17 0.095   123.8 from 714 sources of intphas_5586o i
r942816.fit  5.25  1.73 0.135    66.6 from 247 sources of intphas_5545 Ha
r942817.fit  5.17  1.71 0.112    95.8 from 660 sources of intphas_5545 r
r942818.fit  4.06  1.34 0.140    85.1 from 875 sources of intphas_5545 i
r942819.fit  4.53  1.49 0.102    69.0 from 326 sources of intphas_5545o Ha
r942820.fit  4.40  1.45 0.103   136.8 from 835 sources of intphas_5545o r
r942821.fit  3.93  1.30 0.107   124.2 from 819 sources of intphas_5545o i
r942822.fit  4.99  1.65 0.112    72.9 from 367 sources of intphas_5594 Ha
r942823.fit  4.17  1.38 0.078   118.0 from 1299 sources of intphas_5594 r
r942824.fit  4.03  1.33 0.091   130.0 from 1008 sources of intphas_5594 i
r942825.fit  4.69  1.55 0.089    67.6 from 378 sources of intphas_5594o Ha
r942826.fit  4.14  1.37 0.100   116.3 from 1328 sources of intphas_5594o r
r942827.fit  3.55  1.17 0.078    82.3 from 1243 sources of intphas_5594o i
r942828.fit  4.21  1.39 0.095    64.2 from 639 sources of intphas_5001 Ha
r942829.fit  4.08  1.35 0.124    68.7 from 1957 sources of intphas_5001 r
r942830.fit  3.62  1.19 0.098    80.2 from 1612 sources of intphas_5001 i
r942831.fit  4.12  1.36 0.138    62.8 from 708 sources of intphas_5001o Ha
r942832.fit  3.71  1.22 0.093   129.0 from 2166 sources of intphas_5001o r
r942833.fit  3.48  1.15 0.090   108.3 from 1576 sources of intphas_5001o i
r942834.fit  4.93  1.63 0.133    74.2 from 304 sources of intphas_5003 Ha
r942835.fit  3.84  1.27 0.098   145.5 from 1372 sources of intphas_5003 r
r942836.fit  3.60  1.19 0.116    48.4 from 1385 sources of intphas_5003 i
r942837.fit  4.32  1.43 0.126    68.7 from 475 sources of intphas_5003o Ha
r942838.fit  3.93  1.30 0.115    71.0 from 1848 sources of intphas_5003o r
r942839.fit  4.06  1.34 0.112   127.2 from 1611 sources of intphas_5003o i
r942840.fit  4.25  1.40 0.099    64.8 from 594 sources of intphas_5323 Ha
r942841.fit  4.16  1.37 0.116    77.6 from 1950 sources of intphas_5323 r
r942842.fit  3.91  1.29 0.108    73.7 from 1665 sources of intphas_5323 i
r942843.fit  4.13  1.36 0.112    74.0 from 557 sources of intphas_5323o Ha
r942844.fit  4.38  1.45 0.132   155.9 from 1686 sources of intphas_5323o r
r942845.fit  4.17  1.38 0.112   128.2 from 1214 sources of intphas_5323o i
r942846.fit  4.38  1.45 0.164    77.4 from 260 sources of intphas_5122 Ha
r942847.fit  3.64  1.20 0.075    98.8 from 1040 sources of intphas_5122 r
r942848.fit  3.63  1.20 0.095    87.2 from 1208 sources of intphas_5122 i
r942849.fit  3.81  1.26 0.102    77.7 from 336 sources of intphas_5122o Ha
r942850.fit  4.04  1.33 0.100    53.3 from 1111 sources of intphas_5122o r
r942851.fit  2.95  0.97 0.089    94.6 from 1642 sources of intphas_5122o i
r942852.fit  3.61  1.19 0.148    66.3 from 883 sources of intphas_5127 Ha
r942853.fit  4.23  1.40 0.116   136.1 from 1982 sources of intphas_5127 r
r942854.fit  4.15  1.37 0.125   129.3 from 1371 sources of intphas_5127 i
r942855.fit  4.08  1.35 0.125    63.3 from 739 sources of intphas_5127o Ha
r942856.fit  3.66  1.21 0.096    66.5 from 2827 sources of intphas_5127o r
r942857.fit  3.72  1.23 0.100   129.8 from 1693 sources of intphas_5127o i
r942858.fit  4.64  1.53 0.159    49.7 from  33 sources of SA113-260 Ha
r942859.fit  3.69  1.22 0.064    78.5 from  75 sources of SA113-260 r
r942860.fit  3.57  1.18 0.103    72.7 from  68 sources of SA113-260 i
r942861.fit  3.79  1.25 0.119    66.5 from 352 sources of intphas_7287 Ha
r942862.fit  3.46  1.14 0.127   126.6 from 1058 sources of intphas_7287 r
r942863.fit  3.56  1.17 0.111   125.1 from 736 sources of intphas_7287 i
r942864.fit  3.72  1.23 0.128    65.9 from 263 sources of intphas_7287o Ha
r942865.fit  4.16  1.37 0.117   144.0 from 597 sources of intphas_7287o r
r942866.fit  3.85  1.27 0.114   130.4 from 541 sources of intphas_7287o i
r942867.fit  3.45  1.14 0.121    64.3 from 215 sources of intphas_7286 Ha
r942868.fit  3.34  1.10 0.113   145.9 from 588 sources of intphas_7286 r
r942869.fit  3.53  1.16 0.133   121.9 from 490 sources of intphas_7286 i
r942870.fit  3.56  1.17 0.124    66.9 from 198 sources of intphas_7286o Ha
r942871.fit  3.47  1.15 0.113   155.9 from 480 sources of intphas_7286o r
r942872.fit  3.29  1.09 0.136   128.5 from 470 sources of intphas_7286o i
r942873.fit  3.46  1.14 0.082    73.6 from  98 sources of intphas_7073 Ha
r942874.fit  3.58  1.18 0.097   118.6 from 239 sources of intphas_7073 r
r942875.fit  3.76  1.24 0.146   123.5 from 262 sources of intphas_7073 i
r942876.fit  3.85  1.27 0.090    72.0 from  99 sources of intphas_7073o Ha
r942877.fit  3.94  1.30 0.139   143.5 from 230 sources of intphas_7073o r
r942878.fit  3.73  1.23 0.118   125.9 from 245 sources of intphas_7073o i
r942879.fit  3.49  1.15 0.102    68.9 from 199 sources of intphas_7068 Ha
r942880.fit  3.65  1.20 0.137   113.0 from 492 sources of intphas_7068 r
r942881.fit  3.23  1.07 0.115   100.2 from 601 sources of intphas_7068 i
r942882.fit  3.56  1.17 0.114    54.8 from 186 sources of intphas_7068o Ha
r942883.fit  3.62  1.19 0.138   108.9 from 467 sources of intphas_7068o r
r942884.fit  4.12  1.36 0.167    54.9 from 398 sources of intphas_7068o i
r942885.fit  3.69  1.22 0.097    71.6 from 231 sources of intphas_7064 Ha
r942886.fit  3.17  1.05 0.110   138.6 from 738 sources of intphas_7064 r
r942887.fit  3.05  1.01 0.122   126.6 from 713 sources of intphas_7064 i
r942888.fit  3.98  1.31 0.163    47.1 from 173 sources of intphas_7064o Ha
r942889.fit  3.64  1.20 0.096    59.5 from 469 sources of intphas_7064o r
r942890.fit  3.52  1.16 0.132    56.7 from 512 sources of intphas_7064o i
r942891.fit  3.58  1.18 0.096    73.7 from  93 sources of intphas_7107 Ha
r942892.fit  3.57  1.18 0.111   151.7 from 274 sources of intphas_7107 r
r942893.fit  3.41  1.13 0.126   124.2 from 304 sources of intphas_7107 i
r942894.fit  3.60  1.19 0.083    73.8 from  88 sources of intphas_7107o Ha
r942895.fit  3.11  1.03 0.096   112.9 from 278 sources of intphas_7107o r
r942896.fit  3.23  1.07 0.115   105.2 from 287 sources of intphas_7107o i
r942897.fit  3.24  1.07 0.090    70.8 from 129 sources of intphas_7101 Ha
r942898.fit  3.39  1.12 0.108   129.0 from 301 sources of intphas_7101 r
r942899.fit  2.98  0.98 0.106   129.9 from 418 sources of intphas_7101 i
r942900.fit  3.38  1.12 0.108    69.2 from 149 sources of intphas_7101o Ha
r942901.fit  3.30  1.09 0.093   122.6 from 423 sources of intphas_7101o r
r942902.fit  3.12  1.03 0.091   120.5 from 447 sources of intphas_7101o i
r942903.fit  3.60  1.19 0.116    75.5 from 209 sources of intphas_7057 Ha
r942904.fit  3.55  1.17 0.074    57.6 from 539 sources of intphas_7057 r
r942905.fit  3.05  1.01 0.086    56.1 from 616 sources of intphas_7057 i
r942906.fit  3.76  1.24 0.109    77.2 from 194 sources of intphas_7057o Ha
r942907.fit  3.43  1.13 0.082   134.9 from 579 sources of intphas_7057o r
r942908.fit  3.23  1.07 0.097    71.6 from 591 sources of intphas_7057o i
r942909.fit  3.26  1.08 0.069    57.1 from 179 sources of intphas_7056 Ha
r942910.fit  3.05  1.01 0.083    77.8 from 626 sources of intphas_7056 r
r942911.fit  3.24  1.07 0.115    77.0 from 618 sources of intphas_7056 i
r942912.fit  3.23  1.07 0.113    66.7 from 210 sources of intphas_7056o Ha
r942913.fit  3.26  1.08 0.111   111.8 from 563 sources of intphas_7056o r
r942914.fit  3.17  1.05 0.135   117.2 from 619 sources of intphas_7056o i
r942915.fit  3.21  1.06 0.122    65.9 from 644 sources of intphas_7221 Ha
r942916.fit  3.20  1.06 0.113   100.6 from 1591 sources of intphas_7221 r
r942917.fit  2.81  0.93 0.116    98.2 from 1437 sources of intphas_7221 i
r942918.fit  3.45  1.14 0.141    61.4 from 554 sources of intphas_7221o Ha
r942919.fit  3.02  1.00 0.097    99.2 from 1564 sources of intphas_7221o r
r942920.fit  2.92  0.96 0.104    96.6 from 1302 sources of intphas_7221o i
r942921.fit  3.24  1.07 0.069    62.7 from 690 sources of intphas_7203 Ha
r942922.fit  3.10  1.02 0.093   114.6 from 2002 sources of intphas_7203 r
r942923.fit  3.02  1.00 0.119   111.1 from 1556 sources of intphas_7203 i
r942924.fit  3.36  1.11 0.101    64.7 from 671 sources of intphas_7203o Ha
r942925.fit  3.12  1.03 0.107   103.4 from 2077 sources of intphas_7203o r
r942926.fit  3.19  1.05 0.103   103.6 from 1470 sources of intphas_7203o i
r942927.fit  3.63  1.20 0.120    62.6 from 380 sources of intphas_7483 Ha
r942928.fit  3.45  1.14 0.108    75.2 from 1016 sources of intphas_7483 r
r942929.fit  3.25  1.07 0.112   107.7 from 807 sources of intphas_7483 i
r942930.fit  3.72  1.23 0.140    59.7 from 328 sources of intphas_7483o Ha
r942931.fit  3.60  1.19 0.117   103.5 from 939 sources of intphas_7483o r
r942932.fit  3.29  1.09 0.096   110.3 from 879 sources of intphas_7483o i
r942933.fit  3.81  1.26 0.070    67.2 from 421 sources of intphas_7207 Ha
r942934.fit  3.76  1.24 0.119   103.0 from 1253 sources of intphas_7207 r
r942935.fit  3.43  1.13 0.089   103.6 from 1025 sources of intphas_7207 i
r942936.fit  3.97  1.31 0.067    60.5 from 411 sources of intphas_7207o Ha
r942937.fit  3.84  1.27 0.095   100.0 from 1206 sources of intphas_7207o r
r942938.fit  3.16  1.04 0.108    93.2 from 1180 sources of intphas_7207o i
r942939.fit  3.33  1.10 0.072    66.5 from 191 sources of intphas_7206 Ha
r942940.fit  3.68  1.21 0.084   112.4 from 442 sources of intphas_7206 r
r942941.fit  3.56  1.17 0.094   101.7 from 475 sources of intphas_7206 i
r942942.fit  3.48  1.15 0.080    66.3 from 175 sources of intphas_7206o Ha
r942943.fit  3.51  1.16 0.076   106.0 from 423 sources of intphas_7206o r
r942944.fit  3.15  1.04 0.096    55.8 from 503 sources of intphas_7206o i
r942945.fit  3.79  1.25 0.088    64.3 from 368 sources of intphas_7549 Ha
r942946.fit  3.68  1.21 0.093   104.2 from 986 sources of intphas_7549 r
r942947.fit  3.24  1.07 0.090    73.4 from 884 sources of intphas_7549 i
r942948.fit  3.92  1.29 0.130    62.7 from 354 sources of intphas_7549o Ha
r942949.fit  3.57  1.18 0.081    73.6 from 1017 sources of intphas_7549o r
r942950.fit  3.54  1.17 0.099    70.4 from 818 sources of intphas_7549o i
r942951.fit  3.77  1.24 0.069    47.5 from 192 sources of intphas_7542 Ha
r942952.fit  3.63  1.20 0.090    53.1 from 502 sources of intphas_7542 r
r942953.fit  3.63  1.20 0.083    51.8 from 480 sources of intphas_7542 i
r942954.fit  3.81  1.26 0.070    60.7 from 196 sources of intphas_7542o Ha
r942955.fit  3.94  1.30 0.080   111.7 from 458 sources of intphas_7542o r
r942956.fit  3.55  1.17 0.100    83.9 from 510 sources of intphas_7542o i
r942957.fit  4.47  1.48 0.174    50.2 from  53 sources of GD248 Ha
r942958.fit  3.23  1.07 0.078    73.5 from 108 sources of GD248 r
r942959.fit  2.97  0.98 0.037    53.1 from  52 sources of GD248 i
r942960.fit  4.11  1.36 0.171    31.6 from  26 sources of FEIGE22 Ha
r942961.fit  4.04  1.33 0.084    33.9 from  18 sources of FEIGE22 r
r942962.fit  4.34  1.43 0.066    33.6 from  12 sources of FEIGE22 i
r942963.fit  4.44  1.47 0.104    36.8 from  21 sources of FEIGE22 r
r942964.fit  5.12  1.69 0.118    30.0 from  11 sources of FEIGE22 U
r942965.fit  4.81  1.59 0.080    29.4 from  11 sources of FEIGE22 g
r942966.fit  3.20  1.06 0.077    84.8 from 115 sources of GD248 r
r942967.fit  5.49  1.81 0.135    51.6 from  24 sources of GD248 U
r942968.fit  3.38  1.12 0.034    52.9 from  68 sources of GD248 g
r942969.fit  4.53  1.49 0.130    87.8 from 405 sources of uvex_1781 r
r942970.fit  5.91  1.95 0.212    45.7 from  35 sources of uvex_1781 U
r942971.fit  4.71  1.55 0.145    60.3 from 217 sources of uvex_1781 g
r942972.fit  4.80  1.58 0.152    87.4 from 351 sources of uvex_1781o r
r942973.fit  5.34  1.76 0.199    47.7 from  35 sources of uvex_1781o U
r942974.fit  4.74  1.56 0.138    66.9 from 116 sources of uvex_1781o g
r942975.fit  4.95  1.63 0.154   111.9 from 162 sources of uvex_1783 r
r942976.fit  5.20  1.72 0.162    45.6 from  25 sources of uvex_1783 U
r942977.fit  4.58  1.51 0.136    66.7 from  82 sources of uvex_1783 g
r942978.fit  4.33  1.43 0.161   110.7 from 191 sources of uvex_1783o r
r942979.fit  5.20  1.72 0.153    47.1 from  21 sources of uvex_1783o U
r942980.fit  4.73  1.56 0.153    66.7 from  66 sources of uvex_1783o g
r942981.fit  4.40  1.45 0.135   123.7 from 126 sources of uvex_1785 r
r942982.fit  5.21  1.72 0.164    47.0 from  20 sources of uvex_1785 U
r942983.fit  4.56  1.50 0.141    65.8 from  76 sources of uvex_1785 g
r942984.fit  4.38  1.45 0.111   134.0 from  74 sources of uvex_1785o r
r942985.fit  5.49  1.81 0.153    44.9 from  22 sources of uvex_1785o U
r942986.fit  5.02  1.66 0.078    63.7 from  65 sources of uvex_1785o g
r942987.fit  4.29  1.42 0.139   126.0 from 195 sources of uvex_1790 r
r942988.fit  5.25  1.73 0.172    49.0 from  22 sources of uvex_1790 U
r942989.fit  4.88  1.61 0.129    67.9 from  95 sources of uvex_1790 g
r942990.fit  4.53  1.49 0.148   120.2 from 210 sources of uvex_1790o r
r942991.fit  4.98  1.64 0.205    47.9 from  29 sources of uvex_1790o U
r942992.fit  4.69  1.55 0.149    66.4 from 149 sources of uvex_1790o g
r942993.fit  4.55  1.50 0.108    96.7 from 265 sources of uvex_1793 r
r942994.fit  5.08  1.68 0.200    47.0 from  27 sources of uvex_1793 U
r942995.fit  4.60  1.52 0.161    60.1 from 153 sources of uvex_1793 g
r942996.fit  4.01  1.32 0.137    92.9 from 358 sources of uvex_1793o r
r942997.fit  4.90  1.62 0.144    46.9 from  25 sources of uvex_1793o U
r942998.fit  4.27  1.41 0.128    60.0 from 162 sources of uvex_1793o g
r942999.fit  4.86  1.60 0.133   102.8 from 250 sources of uvex_1794 r
r943000.fit  5.36  1.77 0.164    45.0 from  39 sources of uvex_1794 U
r943001.fit  4.77  1.57 0.184    53.5 from 141 sources of uvex_1794 g
r943002.fit  4.54  1.50 0.158    87.7 from 301 sources of uvex_1794o r
r943003.fit  5.21  1.72 0.199    45.0 from  39 sources of uvex_1794o U
r943004.fit  4.53  1.49 0.156    52.9 from 169 sources of uvex_1794o g
r943005.fit  4.43  1.46 0.180    95.7 from 339 sources of uvex_1798 r
r943006.fit  5.59  1.84 0.165    40.8 from  35 sources of uvex_1798 U
r943007.fit  4.47  1.48 0.121    60.7 from 181 sources of uvex_1798 g
r943008.fit  4.22  1.39 0.153    80.2 from 369 sources of uvex_1798o r
r943009.fit  5.29  1.75 0.170    46.5 from  42 sources of uvex_1798o U
r943010.fit  4.67  1.54 0.162    62.3 from 160 sources of uvex_1798o g
r943011.fit  4.26  1.41 0.152    53.7 from 223 sources of uvex_1803 r
r943012.fit  4.96  1.64 0.202    45.3 from  19 sources of uvex_1803 U
r943013.fit  4.27  1.41 0.125    56.2 from 114 sources of uvex_1803 g
r943014.fit  4.26  1.41 0.142    98.5 from 189 sources of uvex_1803o r
r943015.fit  4.41  1.46 0.199    47.2 from  16 sources of uvex_1803o U
r943016.fit  4.68  1.54 0.157    65.8 from  80 sources of uvex_1803o g
r943017.fit  4.10  1.35 0.135   108.4 from 346 sources of uvex_1805 r
r943018.fit  5.39  1.78 0.179    50.6 from  30 sources of uvex_1805 U
r943019.fit  4.16  1.37 0.159    61.5 from 178 sources of uvex_1805 g
r943020.fit  4.51  1.49 0.141   108.6 from 287 sources of uvex_1805o r
r943021.fit  5.49  1.81 0.158    51.4 from  35 sources of uvex_1805o U
r943022.fit  4.11  1.36 0.149    64.9 from 187 sources of uvex_1805o g
r943023.fit  3.28  1.08 0.127    30.5 from  33 sources of FEIGE22 r
r943024.fit  4.65  1.53 0.151    22.6 from  15 sources of FEIGE22 U
r943025.fit  3.21  1.06 0.076    22.3 from  19 sources of FEIGE22 g
r943026.fit  4.17  1.38 0.179   117.5 from 455 sources of uvex_1996o r
r943027.fit  5.35  1.77 0.175    54.2 from  40 sources of uvex_1996o U
r943028.fit  4.25  1.40 0.146    64.4 from 396 sources of uvex_1996o g
r943029.fit  4.52  1.49 0.182    26.7 from 667 sources of uvex_1997 r
r943030.fit  5.73  1.89 0.173    47.3 from 130 sources of uvex_1997 U
r943031.fit  4.15  1.37 0.113    26.3 from 532 sources of uvex_1997 g
r943032.fit  4.78  1.58 0.207    95.9 from 699 sources of uvex_1997o r
r943033.fit  5.94  1.96 0.169    53.3 from 123 sources of uvex_1997o U
r943034.fit  4.83  1.59 0.154    49.8 from 503 sources of uvex_1997o g
r943035.fit  4.25  1.40 0.150    92.2 from 669 sources of uvex_1998 r
r943036.fit  5.30  1.75 0.167    55.7 from  88 sources of uvex_1998 U
r943037.fit  4.28  1.41 0.128    73.2 from 404 sources of uvex_1998 g
r943038.fit  3.97  1.31 0.142    49.2 from 718 sources of uvex_1998o r
r943039.fit  5.28  1.74 0.166    58.2 from  68 sources of uvex_1998o U
r943040.fit  4.43  1.46 0.154    37.3 from 360 sources of uvex_1998o g
r943041.fit  4.29  1.42 0.140   117.8 from 163 sources of uvex_2001 r
r943042.fit  4.98  1.64 0.180    55.9 from  27 sources of uvex_2001 U
r943043.fit  4.45  1.47 0.129    74.9 from  67 sources of uvex_2001 g
r943044.fit  4.15  1.37 0.142   110.4 from 138 sources of uvex_2001o r
r943045.fit  4.90  1.62 0.124    59.0 from  20 sources of uvex_2001o U
r943046.fit  4.34  1.43 0.144    72.3 from  58 sources of uvex_2001o g
r943047.fit  4.45  1.47 0.180    97.8 from 768 sources of uvex_2002 r
r943048.fit  5.11  1.69 0.166    54.3 from 115 sources of uvex_2002 U
r943049.fit  4.21  1.39 0.132    57.2 from 513 sources of uvex_2002 g
r943050.fit  4.03  1.33 0.135    90.9 from 750 sources of uvex_2002o r
r943051.fit  4.98  1.64 0.159    53.3 from 105 sources of uvex_2002o U
r943052.fit  4.30  1.42 0.141    66.1 from 473 sources of uvex_2002o g
r943053.fit  3.96  1.31 0.142    89.3 from 464 sources of uvex_2004 r
r943054.fit  4.87  1.61 0.163    55.0 from  39 sources of uvex_2004 U
r943055.fit  3.80  1.25 0.120    60.5 from 277 sources of uvex_2004 g
r943056.fit  3.72  1.23 0.104   106.5 from 520 sources of uvex_2004o r
r943057.fit  4.82  1.59 0.134    49.4 from  37 sources of uvex_2004o U
r943058.fit  3.99  1.32 0.123    66.9 from 229 sources of uvex_2004o g
r943059.fit  4.21  1.39 0.145   102.8 from 666 sources of uvex_2005 r
r943060.fit  5.09  1.68 0.153    53.6 from  66 sources of uvex_2005 U
r943061.fit  4.34  1.43 0.113    59.9 from 362 sources of uvex_2005 g
r943062.fit  3.65  1.20 0.123   106.6 from 696 sources of uvex_2005o r
r943063.fit  5.28  1.74 0.172    55.3 from  67 sources of uvex_2005o U
r943064.fit  4.25  1.40 0.115    64.8 from 327 sources of uvex_2005o g
r943065.fit  4.39  1.45 0.132   116.8 from 805 sources of uvex_2006 r
r943066.fit  5.12  1.69 0.130    55.8 from 147 sources of uvex_2006 U
r943067.fit  4.05  1.34 0.135    66.5 from 680 sources of uvex_2006 g
r943068.fit  4.49  1.48 0.157    96.2 from 848 sources of uvex_2006o r
r943069.fit  5.22  1.72 0.129    56.8 from 148 sources of uvex_2006o U
r943070.fit  4.18  1.38 0.115    66.3 from 693 sources of uvex_2006o g
r943071.fit  3.59  1.18 0.093    93.3 from 912 sources of uvex_2008 r
r943072.fit  5.31  1.75 0.134    52.6 from 124 sources of uvex_2008 U
r943073.fit  4.53  1.49 0.127    65.0 from 502 sources of uvex_2008 g
r943074.fit  3.97  1.31 0.122    25.6 from 820 sources of uvex_2008o r
r943075.fit  5.20  1.72 0.131    52.1 from  98 sources of uvex_2008o U
r943076.fit  3.84  1.27 0.082    27.2 from 597 sources of uvex_2008o g
r943077.fit  3.74  1.23 0.112   106.1 from 883 sources of uvex_2010 r
r943078.fit  5.40  1.78 0.158    53.3 from  91 sources of uvex_2010 U
r943079.fit  3.87  1.28 0.116    57.2 from 595 sources of uvex_2010 g
r943080.fit  4.56  1.50 0.174   100.2 from 715 sources of uvex_2010o r
r943081.fit  5.14  1.70 0.149    53.6 from 104 sources of uvex_2010o U
r943082.fit  4.22  1.39 0.092    59.1 from 507 sources of uvex_2010o g
r943083.fit  3.80  1.25 0.111   107.1 from 785 sources of uvex_2011 r
r943084.fit  4.84  1.60 0.123    53.7 from  90 sources of uvex_2011 U
r943085.fit  3.97  1.31 0.088    69.4 from 492 sources of uvex_2011 g
r943086.fit  4.22  1.39 0.109   131.1 from 725 sources of uvex_2011o r
r943087.fit  5.02  1.66 0.112    57.6 from  93 sources of uvex_2011o U
r943088.fit  4.60  1.52 0.112    68.5 from 432 sources of uvex_2011o g
r943089.fit  3.81  1.26 0.102   123.0 from 542 sources of uvex_2012 r
r943090.fit  4.63  1.53 0.102    67.9 from  61 sources of uvex_2012 U
r943091.fit  3.72  1.23 0.075    53.8 from 341 sources of uvex_2012 g
r943092.fit  3.31  1.09 0.100   127.9 from 651 sources of uvex_2012o r
r943093.fit  4.66  1.54 0.108    72.4 from  60 sources of uvex_2012o U
r943094.fit  3.81  1.26 0.089    80.6 from 291 sources of uvex_2012o g
r943095.fit  3.44  1.14 0.081    71.8 from  82 sources of HZ4 r
r943096.fit  4.86  1.60 0.154    74.5 from  40 sources of HZ4 U
r943097.fit  3.29  1.09 0.074    62.3 from  70 sources of HZ4 g
r943098.fit  3.65  1.20 0.125    92.0 from 1017 sources of uvex_2014 r
r943099.fit  5.10  1.68 0.124    75.5 from 148 sources of uvex_2014 U
r943100.fit  4.10  1.35 0.045    91.4 from 631 sources of uvex_2014 g
r943101.fit  3.57  1.18 0.101   122.8 from 1023 sources of uvex_2014o r
r943102.fit  4.92  1.62 0.127    67.2 from 135 sources of uvex_2014o U
r943103.fit  3.83  1.26 0.090    83.3 from 692 sources of uvex_2014o g
r943104.fit  3.83  1.26 0.111   123.7 from 610 sources of uvex_2016 r
r943105.fit  5.18  1.71 0.196    78.8 from  67 sources of uvex_2016 U
r943106.fit  3.66  1.21 0.157    79.5 from 369 sources of uvex_2016 g
r943107.fit  3.82  1.26 0.184   135.4 from 667 sources of uvex_2016o r
r943108.fit  5.60  1.85 0.198    79.0 from  61 sources of uvex_2016o U
r943109.fit  3.68  1.21 0.061    94.4 from 363 sources of uvex_2016o g
r943110.fit  4.15  1.37 0.078   153.8 from 730 sources of uvex_2018 r
r943111.fit  4.34  1.43 0.101    75.6 from 101 sources of uvex_2018 U
r943112.fit  3.72  1.23 0.073    53.9 from 559 sources of uvex_2018 g
r943113.fit  3.53  1.16 0.084   133.3 from 832 sources of uvex_2018o r
r943114.fit  4.34  1.43 0.112    76.8 from 101 sources of uvex_2018o U
r943115.fit  4.01  1.32 0.079    93.4 from 471 sources of uvex_2018o g
r943116.fit  3.75  1.24 0.093   132.4 from 752 sources of uvex_2019 r
r943117.fit  4.53  1.49 0.110    74.9 from 137 sources of uvex_2019 U
r943118.fit  3.64  1.20 0.098    92.5 from 562 sources of uvex_2019 g
r943119.fit  3.62  1.19 0.086   138.0 from 818 sources of uvex_2019o r
r943120.fit  4.54  1.50 0.099    79.7 from 134 sources of uvex_2019o U
r943121.fit  3.59  1.18 0.092    97.1 from 556 sources of uvex_2019o g
r943122.fit  3.23  1.07 0.080   150.4 from 809 sources of uvex_2020 r
r943123.fit  4.25  1.40 0.112    74.5 from 106 sources of uvex_2020 U
r943124.fit  3.68  1.21 0.047    80.3 from 478 sources of uvex_2020 g
r943125.fit  3.61  1.19 0.080    87.9 from 717 sources of uvex_2020o r
r943126.fit  4.74  1.56 0.122    75.4 from  70 sources of uvex_2020o U
r943127.fit  3.80  1.25 0.089    75.7 from 486 sources of uvex_2020o g
r943128.fit  3.89  1.28 0.092   122.3 from 316 sources of uvex_2023 r
r943129.fit  4.68  1.54 0.074    77.3 from  39 sources of uvex_2023 U
r943130.fit  3.33  1.10 0.089    79.3 from 202 sources of uvex_2023 g
r943131.fit  4.12  1.36 0.172   114.6 from 261 sources of uvex_2023o r
r943132.fit  4.59  1.51 0.108    77.8 from  43 sources of uvex_2023o U
r943133.fit  3.60  1.19 0.062    89.4 from 135 sources of uvex_2023o g
r943134.fit  3.80  1.25 0.112   120.4 from 810 sources of uvex_2024 r
r943135.fit  4.68  1.54 0.103    77.0 from  90 sources of uvex_2024 U
r943136.fit  3.79  1.25 0.090    89.7 from 518 sources of uvex_2024 g
r943137.fit  3.58  1.18 0.085   126.1 from 771 sources of uvex_2024o r
r943138.fit  4.42  1.46 0.085    75.9 from  87 sources of uvex_2024o U
r943139.fit  3.52  1.16 0.068    83.8 from 528 sources of uvex_2024o g
r943140.fit  3.80  1.25 0.101   156.9 from 989 sources of uvex_2028 r
r943141.fit  4.74  1.56 0.099    78.3 from 130 sources of uvex_2028 U
r943142.fit  3.79  1.25 0.092    85.7 from 755 sources of uvex_2028 g
r943143.fit  3.26  1.08 0.082   133.1 from 1198 sources of uvex_2028o r
r943144.fit  4.41  1.46 0.080    72.3 from 168 sources of uvex_2028o U
r943145.fit  4.08  1.35 0.112    81.7 from 718 sources of uvex_2028o g
r943146.fit  3.31  1.09 0.088   149.7 from 959 sources of uvex_2029 r
r943147.fit  4.42  1.46 0.123    77.5 from 124 sources of uvex_2029 U
r943148.fit  3.57  1.18 0.137    95.9 from 645 sources of uvex_2029 g
r943149.fit  3.86  1.27 0.197   138.3 from 870 sources of uvex_2029o r
r943150.fit  4.64  1.53 0.160    75.7 from 123 sources of uvex_2029o U
r943151.fit  3.22  1.06 0.106    86.3 from 690 sources of uvex_2029o g
r943152.fit  3.12  1.03 0.091   119.5 from 1342 sources of uvex_2037 r
r943153.fit  4.29  1.42 0.117    72.4 from 182 sources of uvex_2037 U
r943154.fit  3.29  1.09 0.102    92.1 from 896 sources of uvex_2037 g
r943155.fit  4.06  1.34 0.183   146.1 from 1034 sources of uvex_2037o r
r943156.fit  4.43  1.46 0.155    71.7 from 174 sources of uvex_2037o U
r943157.fit  3.90  1.29 0.121    93.8 from 720 sources of uvex_2037o g
r943158.fit  3.79  1.25 0.135   107.6 from 772 sources of uvex_2038 r
r943159.fit  4.56  1.50 0.127    69.6 from 108 sources of uvex_2038 U
r943160.fit  3.03  1.00 0.066    75.1 from 615 sources of uvex_2038 g
r943161.fit  2.95  0.97 0.082   121.1 from 1013 sources of uvex_2038o r
r943162.fit  4.09  1.35 0.100    78.2 from 133 sources of uvex_2038o U
r943163.fit  3.19  1.05 0.102    97.9 from 599 sources of uvex_2038o g
r943164.fit  3.43  1.13 0.092    42.9 from 1019 sources of uvex_2039 r
r943165.fit  4.69  1.55 0.161    85.0 from 130 sources of uvex_2039 U
r943166.fit  3.35  1.11 0.097    42.4 from 731 sources of uvex_2039 g
r943167.fit  3.17  1.05 0.085   110.2 from 1124 sources of uvex_2039o r
r943168.fit  4.37  1.44 0.134   102.5 from 134 sources of uvex_2039o U
r943169.fit  3.39  1.12 0.115   151.2 from 775 sources of uvex_2039o g
r943170.fit  2.99  0.99 0.099   214.0 from 791 sources of uvex_2040 r
r943171.fit  4.46  1.47 0.141   170.7 from  65 sources of uvex_2040 U
r943172.fit  3.19  1.05 0.047   338.3 from 438 sources of uvex_2040 g
r943173.fit  3.13  1.03 0.129   329.9 from 763 sources of uvex_2040o r
r943174.fit  4.86  1.60 0.221   316.1 from  69 sources of uvex_2040o U
r943175.fit  3.44  1.14 0.052   735.8 from 383 sources of uvex_2040o g
r943176.fit  3.45  1.14 0.101    84.6 from  75 sources of G191B2B r
r943177.fit  4.36  1.44 0.044    64.7 from   7 sources of G191B2B U
r943178.fit  3.27  1.08 0.072   108.2 from  45 sources of G191B2B g
