r939753.fit is not a target (BIAS)
r939754.fit is not a target (BIAS)
r939755.fit is not a target (BIAS)
r939756.fit is not a target (BIAS)
r939757.fit is not a target (BIAS)
r939758.fit is not a target (BIAS)
r939759.fit is not a target (BIAS)
r939760.fit is not a target (BIAS)
r939761.fit is not a target (BIAS)
r939762.fit is not a target (BIAS)
r939763.fit is not a target (BIAS)
r939764.fit is not a target (BIAS)
r939765.fit is not a target (BIAS)
r939766.fit is not a target (BIAS)
r939767.fit is not a target (BIAS)
r939768.fit is not a target (BIAS)
r939769.fit is not a target (BIAS)
r939770.fit is not a target (BIAS)
r939771.fit is not a target (BIAS)
r939772.fit is not a target (BIAS)
r939773.fit is not a target (BIAS)
r939774.fit is not a target (BIAS)
r939775.fit is not a target (BIAS)
r939776.fit is not a target (BIAS)
r939777.fit is not a target (BIAS)
r939778.fit is not a target (SKY)
r939779.fit is not a target (SKY)
r939780.fit is not a target (SKY)
r939781.fit is not a target (SKY)
r939782.fit is not a target (SKY)
r939783.fit is not a target (FLAT)
r939784.fit is not a target (FLAT)
r939785.fit is not a target (FLAT)
r939786.fit is not a target (FLAT)
r939787.fit is not a target (FLAT)
r939788.fit is not a target (FLAT)
r939789.fit is not a target (FLAT)
r939790.fit is not a target (FLAT)
r939791.fit is not a target (FLAT)
r939792.fit is not a target (FLAT)
r939793.fit is not a target (FLAT)
r939794.fit is not a target (FLAT)
r939795.fit is not a target (FLAT)
r939796.fit is not a target (FLAT)
r939797.fit is not a target (FLAT)
r939798.fit is not a target (FLAT)
r939799.fit is not a target (FLAT)
r939800.fit is not a target (FLAT)
r939802.fit is not a target (FLAT)
r939803.fit is not a target (FLAT)
r939804.fit is not a target (FLAT)
r939805.fit is not a target (FLAT)
r939806.fit is not a target (BIAS)
r939807.fit is not a target (BIAS)
r939808.fit is not a target (FLAT)
r939809.fit is not a target (FLAT)
r939810.fit is not a target (FLAT)
r939811.fit is not a target (FLAT)
r939812.fit is not a target (FLAT)
r939813.fit is not a target (FLAT)
r939814.fit is not a target (BIAS)
r939815.fit is not a target (BIAS)
r939816.fit is not a target (BIAS)
r939817.fit is not a target (FOCUS)
r939818.fit is not a target (FOCUS)
r939819.fit  5.50  1.82 0.055  3126.1 from 329 sources of 260P
r939820.fit  5.49  1.81 0.070  4702.9 from 167 sources of 260P2
r939821.fit  6.10  2.01 0.125  4708.1 from 156 sources of 260P2
r939822.fit 20.97  6.92 0.457  8117.5 from  80 sources of 260P2
