r946835.fit is not a target (BIAS)
r946836.fit is not a target (BIAS)
r946837.fit is not a target (BIAS)
r946838.fit is not a target (BIAS)
r946839.fit is not a target (BIAS)
r946840.fit is not a target (BIAS)
r946841.fit is not a target (BIAS)
r946842.fit is not a target (BIAS)
r946843.fit is not a target (BIAS)
r946844.fit is not a target (BIAS)
r946845.fit is not a target (BIAS)
r946846.fit is not a target (BIAS)
r946847.fit is not a target (BIAS)
r946848.fit is not a target (BIAS)
r946849.fit is not a target (BIAS)
r946850.fit is not a target (BIAS)
r946851.fit is not a target (BIAS)
r946852.fit is not a target (BIAS)
r946853.fit is not a target (BIAS)
r946854.fit is not a target (BIAS)
r946855.fit is not a target (BIAS)
r946856.fit is not a target (BIAS)
r946857.fit is not a target (BIAS)
r946858.fit is not a target (BIAS)
r946859.fit is not a target (BIAS)
r946860.fit is not a target (BIAS)
r946861.fit is not a target (BIAS)
r946862.fit is not a target (BIAS)
r946863.fit is not a target (BIAS)
r946864.fit is not a target (BIAS)
r946865.fit is not a target (BIAS)
r946866.fit is not a target (BIAS)
r946867.fit is not a target (BIAS)
r946868.fit is not a target (BIAS)
r946869.fit is not a target (BIAS)
r946870.fit is not a target (BIAS)
r946871.fit is not a target (BIAS)
r946872.fit is not a target (BIAS)
r946873.fit is not a target (BIAS)
r946874.fit is not a target (BIAS)
r946875.fit is not a target (BIAS)
r946876.fit is not a target (BIAS)
r946877.fit is not a target (BIAS)
r946878.fit is not a target (BIAS)
r946879.fit 69.65 22.98 0.247 37097.1 from   1 sources of MABLANK7
r946880.fit  2.94  0.97 0.149  1658.0 from   7 sources of MABLANK7
r946881.fit  4.43  1.46 0.151  1647.1 from   7 sources of MABLANK7
r946882.fit  4.49  1.48 0.173  1647.4 from   7 sources of MABLANK7
r946883.fit  4.47  1.48 0.184  1654.2 from   7 sources of MABLANK7
r946884.fit  4.49  1.48 0.150  1659.6 from   7 sources of MABLANK7
r946885.fit  4.60  1.52 0.193  1661.2 from   8 sources of MABLANK7
r946886.fit  4.44  1.47 0.187  1666.6 from   7 sources of MABLANK7
r946887.fit  2.83  0.93 0.142  1672.0 from   7 sources of MABLANK7
r946888.fit  4.43  1.46 0.151  1681.1 from   8 sources of MABLANK7
r946889.fit  0.98  0.32 0.146  1692.2 from   6 sources of MABLANK7
r946890.fit  4.59  1.51 0.165  1702.7 from   6 sources of MABLANK7
r946891.fit is not a target (BIAS)
r946892.fit is not a target (BIAS)
r946893.fit is not a target (BIAS)
r946894.fit is not a target (BIAS)
r946895.fit is not a target (BIAS)
r946896.fit is not a target (BIAS)
r946897.fit is not a target (BIAS)
r946898.fit is not a target (BIAS)
r946899.fit is not a target (BIAS)
r946900.fit is not a target (BIAS)
r946901.fit is not a target (BIAS)
r946902.fit is not a target (BIAS)
r946903.fit is not a target (BIAS)
r946904.fit is not a target (BIAS)
r946905.fit is not a target (BIAS)
r946906.fit is not a target (BIAS)
r946907.fit is not a target (BIAS)
r946908.fit is not a target (BIAS)
r946909.fit is not a target (BIAS)
r946910.fit is not a target (BIAS)
r946911.fit  4.71  1.55 0.212  4428.0 from   5 sources of skyflat Ha
r946912.fit  5.70  1.88 0.085 28266.0 from  39 sources of skyflat Ha
r946913.fit  6.30  2.08 0.077 40682.4 from  87 sources of skyflat Ha
r946914.fit  6.56  2.16 0.298 41311.9 from 213 sources of skyflat U
r946915.fit  7.46  2.46 0.289 21592.6 from  16 sources of skyflat U
r946916.fit  6.47  2.14 0.226 20887.9 from  21 sources of skyflat U
r946917.fit  5.98  1.97 0.127 16651.8 from  23 sources of skyflat U
r946918.fit  4.83  1.59 0.087  8727.5 from 208 sources of skyflat r
r946919.fit  5.33  1.76 0.111 18922.1 from 531 sources of skyflat r
r946920.fit  8.15  2.69 0.261 12283.8 from 431 sources of skyflat r
r946921.fit  7.89  2.60 0.246  5314.1 from  85 sources of skyflat g
r946922.fit  6.06  2.00 0.065 15970.9 from 313 sources of skyflat g
r946923.fit  7.57  2.50 0.181 17389.3 from 367 sources of skyflat g
r946924.fit  7.20  2.38 0.096   814.6 from  53 sources of skyflat i
r946925.fit  8.80  2.90 0.256  4651.2 from 506 sources of skyflat i
r946926.fit  7.10  2.34 0.191  5035.5 from 945 sources of skyflat i
r946927.fit is not a target (FOCUS)
r946928.fit  5.54  1.83 0.125    30.1 from  12 sources of SA112-250 Ha
r946929.fit  5.99  1.98 0.069    31.0 from   6 sources of SA112-250 r
r946931.fit  5.91  1.95 0.063    30.6 from   9 sources of SA112-250 i
r946932.fit  6.09  2.01 0.039    35.8 from  53 sources of SA112 Ha
r946933.fit  6.33  2.09 0.052   116.1 from 108 sources of SA112 r
r946934.fit  5.28  1.74 0.056    58.6 from  49 sources of SA112 i
r946935.fit  7.32  2.42 0.067    87.8 from  91 sources of SA112 g
r946936.fit  7.49  2.47 0.061    55.5 from  24 sources of SA112 U
r946937.fit  4.98  1.64 0.134    59.6 from  10 sources of SA114 U
r946938.fit  6.65  2.19 0.067    46.7 from  30 sources of SA114 g
r946939.fit  6.00  1.98 0.086    29.7 from  18 sources of SA114 Ha
r946940.fit  5.47  1.81 0.053    66.5 from  34 sources of SA114 r
r946941.fit  6.00  1.98 0.097    43.4 from  16 sources of SA114 i
r946942.fit  6.72  2.22 0.128    69.0 from  79 sources of intphas_4155 Ha
r946943.fit  5.23  1.73 0.072   230.8 from 201 sources of intphas_4155 r
r946944.fit  5.02  1.66 0.067    53.6 from 312 sources of intphas_4155 i
r946945.fit  6.21  2.05 0.067    74.6 from  84 sources of intphas_4155o Ha
r946946.fit  5.92  1.95 0.063   223.1 from 174 sources of intphas_4155o r
r946947.fit  4.98  1.64 0.091   167.5 from 339 sources of intphas_4155o i
r946948.fit  6.05  2.00 0.082    81.9 from 143 sources of intphas_4158o Ha
r946949.fit  6.64  2.19 0.084   105.6 from 429 sources of intphas_4158o r
r946950.fit  5.29  1.75 0.094   122.9 from 587 sources of intphas_4158o i
r946951.fit  5.75  1.90 0.107    80.6 from 276 sources of intphas_4275 Ha
r946952.fit  5.88  1.94 0.123   224.7 from 959 sources of intphas_4275 r
r946953.fit  5.11  1.69 0.139    57.1 from 1169 sources of intphas_4275 i
r946954.fit  7.61  2.51 0.147    80.5 from 166 sources of intphas_4275o Ha
r946955.fit  5.53  1.82 0.136   178.5 from 1068 sources of intphas_4275o r
r946956.fit  6.24  2.06 0.142   153.8 from 829 sources of intphas_4275o i
r946957.fit  6.69  2.21 0.100    66.9 from 136 sources of intphas_4285 Ha
r946958.fit  6.05  2.00 0.144   182.6 from 736 sources of intphas_4285 r
r946959.fit  6.53  2.15 0.149   158.0 from 711 sources of intphas_4285 i
r946960.fit  6.99  2.31 0.064    72.5 from  45 sources of intphas_4293o Ha
r946961.fit  6.19  2.04 0.071   183.6 from 146 sources of intphas_4293o r
r946962.fit  5.04  1.66 0.120    97.5 from 322 sources of intphas_4293o i
r946963.fit  6.20  2.05 0.090    56.5 from 109 sources of intphas_4313 Ha
r946964.fit  6.26  2.07 0.114   178.1 from 326 sources of intphas_4313 r
r946965.fit  5.59  1.84 0.123   164.9 from 520 sources of intphas_4313 i
r946966.fit  6.76  2.23 0.106    77.5 from  87 sources of intphas_4313o Ha
r946967.fit  6.62  2.18 0.109   120.6 from 198 sources of intphas_4313o r
r946968.fit  5.52  1.82 0.114   161.5 from 385 sources of intphas_4313o i
r946969.fit  5.85  1.93 0.076    66.9 from  91 sources of intphas_4356o Ha
r946970.fit  7.97  2.63 0.084   170.9 from 153 sources of intphas_4356o r
r946971.fit  6.45  2.13 0.093   156.8 from 210 sources of intphas_4356o i
r946972.fit  4.68  1.54 0.043    59.6 from 150 sources of intphas_5938 Ha
r946973.fit  4.79  1.58 0.042    79.1 from 336 sources of intphas_5938 r
r946974.fit  4.10  1.35 0.059   129.7 from 354 sources of intphas_5938 i
r946975.fit  5.81  1.92 0.080    77.2 from 212 sources of intphas_5559 Ha
r946976.fit  6.92  2.28 0.095   134.7 from 477 sources of intphas_5559 r
r946977.fit  4.16  1.37 0.082   127.6 from 806 sources of intphas_5559 i
r946978.fit  5.33  1.76 0.080    72.3 from 258 sources of intphas_5559o Ha
r946979.fit  4.13  1.36 0.090    57.4 from 1203 sources of intphas_5559o r
r946980.fit  4.16  1.37 0.089    56.8 from 1032 sources of intphas_5559o i
r946981.fit  4.72  1.56 0.070    22.3 from 305 sources of intphas_5611o Ha
r946982.fit  4.46  1.47 0.086    23.0 from 769 sources of intphas_5611o r
r946983.fit  4.75  1.57 0.090   136.7 from 564 sources of intphas_5611o i
r946984.fit  5.13  1.69 0.045    62.9 from  77 sources of intphas_5661 Ha
r946985.fit  5.42  1.79 0.040   157.1 from 166 sources of intphas_5661 r
r946986.fit  3.80  1.25 0.067   117.6 from 223 sources of intphas_5661 i
r946987.fit  4.68  1.54 0.038    60.5 from 101 sources of intphas_5661o Ha
r946988.fit  6.04  1.99 0.025   156.8 from 149 sources of intphas_5661o r
r946989.fit  4.70  1.55 0.039   138.0 from 194 sources of intphas_5661o i
r946990.fit  4.98  1.64 0.057    63.3 from 216 sources of intphas_5721o Ha
r946991.fit  3.52  1.16 0.077   144.1 from 1275 sources of intphas_5721o r
r946992.fit  3.44  1.14 0.091   133.3 from 1024 sources of intphas_5721o i
r946993.fit  3.49  1.15 0.064    61.1 from 184 sources of intphas_5837o Ha
r946994.fit  3.80  1.25 0.045   133.9 from 317 sources of intphas_5837o r
r946995.fit  2.95  0.97 0.043   128.3 from 407 sources of intphas_5837o i
r946996.fit  4.47  1.48 0.074    56.9 from 198 sources of intphas_5847 Ha
r946997.fit  3.69  1.22 0.046   143.2 from 510 sources of intphas_5847 r
r946998.fit  3.18  1.05 0.069    61.9 from 551 sources of intphas_5847 i
r946999.fit  4.45  1.47 0.103    58.0 from 213 sources of intphas_5847o Ha
r947000.fit  5.15  1.70 0.071   128.9 from 301 sources of intphas_5847o r
r947001.fit  4.07  1.34 0.047   124.2 from 394 sources of intphas_5847o i
r947002.fit  4.39  1.45 0.063    64.9 from 159 sources of intphas_5943 Ha
r947003.fit  3.24  1.07 0.044   145.0 from 387 sources of intphas_5943 r
r947004.fit  4.04  1.33 0.055   138.9 from 312 sources of intphas_5943 i
r947005.fit  4.98  1.64 0.107    65.3 from 147 sources of intphas_5943o Ha
r947006.fit  4.15  1.37 0.071   126.1 from 320 sources of intphas_5943o r
r947007.fit  3.14  1.04 0.057   117.3 from 438 sources of intphas_5943o i
r947008.fit  4.95  1.63 0.147    60.1 from 192 sources of intphas_5948 Ha
r947009.fit  4.65  1.53 0.046   138.1 from 399 sources of intphas_5948 r
r947010.fit  4.54  1.50 0.070   130.9 from 377 sources of intphas_5948 i
r947011.fit  5.59  1.84 0.129    61.6 from 135 sources of intphas_5948o Ha
r947012.fit  4.85  1.60 0.046   134.4 from 358 sources of intphas_5948o r
r947013.fit  4.41  1.46 0.047   124.3 from 403 sources of intphas_5948o i
r947014.fit  4.30  1.42 0.088    78.4 from 207 sources of intphas_5952 Ha
r947015.fit  4.47  1.48 0.064   141.8 from 513 sources of intphas_5952 r
r947016.fit  3.43  1.13 0.100   128.9 from 644 sources of intphas_5952 i
r947017.fit  4.30  1.42 0.107    72.7 from 221 sources of intphas_5952o Ha
r947018.fit  3.58  1.18 0.063   148.0 from 576 sources of intphas_5952o r
r947019.fit  3.39  1.12 0.090   142.9 from 545 sources of intphas_5952o i
r947020.fit  4.46  1.47 0.071    75.2 from 198 sources of intphas_5959o Ha
r947021.fit  3.77  1.24 0.103    93.9 from 910 sources of intphas_5959o r
r947022.fit  4.09  1.35 0.104   127.8 from 670 sources of intphas_5959o i
r947023.fit  4.68  1.54 0.123    69.0 from 164 sources of intphas_5966 Ha
r947024.fit  3.60  1.19 0.079   142.0 from 388 sources of intphas_5966 r
r947025.fit  3.01  0.99 0.063   117.9 from 510 sources of intphas_5966 i
r947026.fit  4.60  1.52 0.104    67.4 from 163 sources of intphas_5966o Ha
r947027.fit  3.30  1.09 0.041   120.5 from 417 sources of intphas_5966o r
r947028.fit  3.17  1.05 0.072   133.0 from 490 sources of intphas_5966o i
r947029.fit  3.68  1.21 0.094    72.2 from 190 sources of intphas_5979o Ha
r947030.fit  3.30  1.09 0.069   158.6 from 513 sources of intphas_5979o r
r947031.fit  2.70  0.89 0.044   122.5 from 605 sources of intphas_5979o i
r947032.fit  4.02  1.33 0.090    58.5 from 292 sources of intphas_5981 Ha
r947033.fit  3.40  1.12 0.054   135.3 from 796 sources of intphas_5981 r
r947034.fit  3.45  1.14 0.067   110.4 from 707 sources of intphas_5981 i
r947035.fit  3.99  1.32 0.067    65.5 from 291 sources of intphas_5981o Ha
r947036.fit  3.84  1.27 0.059    64.6 from 674 sources of intphas_5981o r
r947037.fit  3.18  1.05 0.057   132.4 from 783 sources of intphas_5981o i
r947038.fit  3.96  1.31 0.069    64.6 from 126 sources of intphas_6145 Ha
r947039.fit  3.52  1.16 0.037   118.8 from 228 sources of intphas_6145 r
r947040.fit  3.31  1.09 0.057   131.2 from 256 sources of intphas_6145 i
r947041.fit  4.16  1.37 0.050    61.9 from 204 sources of intphas_6185o Ha
r947042.fit  3.79  1.25 0.048   147.0 from 435 sources of intphas_6185o r
r947043.fit  3.29  1.09 0.052   139.8 from 539 sources of intphas_6185o i
r947044.fit  3.57  1.18 0.041   103.2 from 125 sources of intphas_6219o Ha
r947045.fit  3.77  1.24 0.099    90.6 from 197 sources of intphas_6219o r
r947046.fit  3.36  1.11 0.078   153.6 from 252 sources of intphas_6219o i
r947048.fit  4.62  1.52 0.092    27.6 from  14 sources of SA114 Ha
r947049.fit  4.19  1.38 0.036    61.6 from  30 sources of SA114 r
r947050.fit  3.88  1.28 0.045    40.2 from  15 sources of SA114 i
r947051.fit  4.26  1.41 0.100    51.1 from  10 sources of SA114 U
r947052.fit  4.32  1.43 0.045    37.4 from  29 sources of SA114 g
r947053.fit  4.76  1.57 0.054    60.6 from  24 sources of SA92 g
r947054.fit  5.90  1.95 0.074    32.0 from  15 sources of SA92 U
r947055.fit  5.21  1.72 0.026    34.3 from  15 sources of SA92 Ha
r947056.fit  4.58  1.51 0.032    26.8 from  38 sources of SA92 r
r947057.fit  4.85  1.60 0.077    54.8 from  15 sources of SA92 i
r947058.fit  4.31  1.42 0.094   525.9 from 346 sources of uvex_1441 r
r947059.fit  4.95  1.63 0.142   451.5 from  63 sources of uvex_1441 U
r947060.fit  3.98  1.31 0.109   464.1 from 211 sources of uvex_1441 g
r947061.fit  4.69  1.55 0.170   526.9 from 298 sources of uvex_1441o r
r947062.fit  5.40  1.78 0.131   453.1 from  61 sources of uvex_1441o U
r947063.fit  4.52  1.49 0.108   466.6 from 189 sources of uvex_1441o g
r947064.fit  3.94  1.30 0.145   515.5 from 472 sources of uvex_1442 r
r947065.fit  5.51  1.82 0.128   452.1 from  42 sources of uvex_1442 U
r947066.fit  4.25  1.40 0.149   465.7 from 245 sources of uvex_1442 g
r947067.fit  4.03  1.33 0.157   509.8 from 602 sources of uvex_1442o r
r947068.fit  4.85  1.60 0.128   453.4 from  55 sources of uvex_1442o U
r947069.fit  4.72  1.56 0.132   475.4 from 219 sources of uvex_1442o g
r947070.fit  4.18  1.38 0.087   506.2 from 435 sources of uvex_1443 r
r947071.fit  5.61  1.85 0.120   453.1 from  47 sources of uvex_1443 U
r947072.fit  4.91  1.62 0.113   473.2 from 234 sources of uvex_1443 g
r947073.fit  4.48  1.48 0.126   504.7 from 417 sources of uvex_1443o r
r947074.fit  5.26  1.74 0.094   456.6 from  47 sources of uvex_1443o U
r947075.fit  4.55  1.50 0.057   473.3 from 248 sources of uvex_1443o g
r947076.fit  5.00  1.65 0.076   512.8 from 248 sources of uvex_1444 r
r947077.fit  5.65  1.86 0.107   455.7 from  43 sources of uvex_1444 U
r947078.fit  4.54  1.50 0.098   473.3 from 165 sources of uvex_1444 g
r947079.fit  4.49  1.48 0.106   516.7 from 325 sources of uvex_1444o r
r947080.fit  5.60  1.85 0.104   460.4 from  51 sources of uvex_1444o U
r947081.fit  4.55  1.50 0.108   483.8 from 184 sources of uvex_1444o g
r947082.fit  4.57  1.51 0.126   513.2 from 353 sources of uvex_1445 r
r947083.fit  5.00  1.65 0.109   456.8 from  65 sources of uvex_1445 U
r947084.fit  4.40  1.45 0.079   476.1 from 204 sources of uvex_1445 g
r947085.fit  4.20  1.39 0.087   510.1 from 345 sources of uvex_1445o r
r947086.fit  5.18  1.71 0.093   443.0 from  53 sources of uvex_1445o U
r947087.fit  4.72  1.56 0.051   469.5 from 177 sources of uvex_1445o g
r947088.fit  4.33  1.43 0.126   507.6 from 314 sources of uvex_1446 r
r947089.fit  4.93  1.63 0.120   447.4 from  44 sources of uvex_1446 U
r947090.fit  4.44  1.47 0.079   467.7 from 171 sources of uvex_1446 g
r947091.fit  4.43  1.46 0.071   497.4 from 306 sources of uvex_1446o r
r947092.fit  5.75  1.90 0.089   449.3 from  47 sources of uvex_1446o U
r947093.fit  4.88  1.61 0.109   473.5 from 164 sources of uvex_1446o g
r947094.fit  4.10  1.35 0.082   511.1 from 283 sources of uvex_1447 r
r947095.fit  5.29  1.75 0.078   450.6 from  32 sources of uvex_1447 U
r947096.fit  4.83  1.59 0.084   459.1 from 132 sources of uvex_1447 g
r947097.fit  4.93  1.63 0.115   439.8 from 248 sources of uvex_1447o r
r947098.fit  5.31  1.75 0.094   448.6 from  33 sources of uvex_1447o U
r947099.fit  5.01  1.65 0.066   468.6 from 123 sources of uvex_1447o g
r947100.fit  4.21  1.39 0.087   506.5 from 632 sources of uvex_1448 r
r947101.fit  5.08  1.68 0.059   447.5 from  70 sources of uvex_1448 U
r947102.fit  4.61  1.52 0.056   463.3 from 351 sources of uvex_1448 g
r947103.fit  4.26  1.41 0.106   499.1 from 592 sources of uvex_1448o r
r947104.fit  5.31  1.75 0.061   446.3 from  68 sources of uvex_1448o U
r947105.fit  4.55  1.50 0.093   449.6 from 365 sources of uvex_1448o g
r947106.fit  3.99  1.32 0.075   504.9 from 589 sources of uvex_1449 r
r947107.fit  4.86  1.60 0.101   445.3 from  67 sources of uvex_1449 U
r947108.fit  4.39  1.45 0.089   451.9 from 308 sources of uvex_1449 g
r947109.fit  4.10  1.35 0.094   471.0 from 634 sources of uvex_1449o r
r947110.fit  4.67  1.54 0.085   445.2 from  77 sources of uvex_1449o U
r947111.fit  3.87  1.28 0.130   451.2 from 425 sources of uvex_1449o g
r947112.fit  4.71  1.55 0.122   502.0 from 423 sources of uvex_1450 r
r947113.fit  5.39  1.78 0.082   448.8 from  57 sources of uvex_1450 U
r947114.fit  5.09  1.68 0.116   471.8 from 238 sources of uvex_1450 g
r947115.fit  4.32  1.43 0.107   515.4 from 452 sources of uvex_1450o r
r947116.fit  5.38  1.78 0.110   447.3 from  50 sources of uvex_1450o U
r947117.fit  4.62  1.52 0.117   469.6 from 248 sources of uvex_1450o g
r947118.fit  5.31  1.75 0.093    40.4 from  17 sources of SA92 U
r947119.fit  4.75  1.57 0.051    63.0 from  39 sources of SA92 g
r947120.fit  4.75  1.57 0.123    31.2 from  23 sources of SA92 Ha
r947121.fit  3.65  1.20 0.060    81.8 from  52 sources of SA92 r
r947122.fit  3.47  1.15 0.074    53.9 from  20 sources of SA92 i
r947123.fit  3.39  1.12 0.071   101.0 from  81 sources of SA95 i
r947124.fit  4.25  1.40 0.081    80.4 from  65 sources of SA95 r
r947125.fit  4.45  1.47 0.101    51.8 from  51 sources of SA95 Ha
r947126.fit  5.38  1.78 0.136    96.1 from  70 sources of SA95 g
r947127.fit  5.04  1.66 0.106    63.9 from  26 sources of SA95 U
r947128.fit  3.48  1.15 0.101   419.9 from 553 sources of uvex_1451 r
r947129.fit  5.12  1.69 0.033   350.9 from  47 sources of uvex_1451 U
r947130.fit  4.36  1.44 0.073   403.7 from 212 sources of uvex_1451 g
r947131.fit  4.32  1.43 0.083   464.1 from 367 sources of uvex_1451o r
r947132.fit  4.93  1.63 0.054   388.4 from  43 sources of uvex_1451o U
r947133.fit  4.06  1.34 0.060   417.8 from 255 sources of uvex_1451o g
r947134.fit  3.50  1.16 0.102   378.9 from 442 sources of uvex_1452 r
r947135.fit  4.72  1.56 0.070   356.7 from  50 sources of uvex_1452 U
r947136.fit  4.01  1.32 0.096   382.9 from 202 sources of uvex_1452 g
r947137.fit  3.98  1.31 0.119   137.2 from 327 sources of uvex_1452o r
r947138.fit  4.37  1.44 0.064   373.5 from  47 sources of uvex_1452o U
r947139.fit  3.89  1.28 0.099   384.4 from 195 sources of uvex_1452o g
r947140.fit  4.18  1.38 0.083   394.4 from 488 sources of uvex_1453 r
r947141.fit  4.57  1.51 0.080   393.3 from  52 sources of uvex_1453 U
r947142.fit  3.98  1.31 0.070   404.8 from 286 sources of uvex_1453 g
r947143.fit  3.59  1.18 0.070   469.1 from 529 sources of uvex_1453o r
r947144.fit  4.41  1.46 0.089   391.5 from  57 sources of uvex_1453o U
r947145.fit  3.96  1.31 0.081   403.8 from 261 sources of uvex_1453o g
r947146.fit  3.75  1.24 0.091   486.0 from 237 sources of uvex_1455 r
r947147.fit  5.29  1.75 0.156   393.5 from  25 sources of uvex_1455 U
r947148.fit  4.04  1.33 0.101   417.9 from 117 sources of uvex_1455 g
r947149.fit  4.73  1.56 0.169   491.2 from 172 sources of uvex_1455o r
r947150.fit  4.64  1.53 0.122   402.5 from  25 sources of uvex_1455o U
r947151.fit  3.59  1.18 0.082   422.7 from 109 sources of uvex_1455o g
r947152.fit  3.55  1.17 0.108   498.4 from 223 sources of uvex_1456 r
r947153.fit  4.42  1.46 0.138   399.4 from  46 sources of uvex_1456 U
r947154.fit  3.63  1.20 0.087   425.6 from 131 sources of uvex_1456 g
r947155.fit  3.44  1.14 0.107   477.4 from 250 sources of uvex_1456o r
r947156.fit  4.23  1.40 0.076   387.3 from  45 sources of uvex_1456o U
r947157.fit  3.42  1.13 0.110   402.0 from 124 sources of uvex_1456o g
r947158.fit  3.29  1.09 0.106   427.3 from 208 sources of uvex_1457 r
r947159.fit  4.03  1.33 0.084   262.1 from  31 sources of uvex_1457 U
r947160.fit  3.38  1.12 0.110   241.7 from  86 sources of uvex_1457 g
r947161.fit  2.94  0.97 0.099   311.7 from 163 sources of uvex_1457o r
r947162.fit  4.21  1.39 0.117   220.6 from  22 sources of uvex_1457o U
r947173.fit  4.89  1.61 0.247    52.3 from   7 sources of uvex_1457o g
r947174.fit  5.34  1.76 0.354    91.7 from   4 sources of Test r
r947175.fit  4.17  1.38 0.114   163.9 from 376 sources of uvex_3205 r
r947176.fit  5.15  1.70 0.134    71.7 from  63 sources of uvex_3205 U
r947177.fit  3.68  1.21 0.041    93.4 from 365 sources of uvex_3205 g
r947178.fit  4.16  1.37 0.118   138.5 from 494 sources of uvex_3205o r
r947179.fit  4.84  1.60 0.078    61.8 from  78 sources of uvex_3205o U
r947180.fit  3.92  1.29 0.041    83.5 from 386 sources of uvex_3205o g
r947181.fit  3.71  1.22 0.068    21.4 from 673 sources of uvex_3207 r
r947182.fit  4.46  1.47 0.084    63.3 from 141 sources of uvex_3207 U
r947183.fit  3.54  1.17 0.087    75.2 from 553 sources of uvex_3207 g
r947184.fit  3.57  1.18 0.062   102.7 from 770 sources of uvex_3207o r
r947185.fit  4.54  1.50 0.068    55.6 from 127 sources of uvex_3207o U
r947186.fit  3.67  1.21 0.063    65.3 from 535 sources of uvex_3207o g
r947187.fit  4.05  1.34 0.104   120.6 from 663 sources of uvex_3208 r
r947188.fit  4.94  1.63 0.094    61.0 from 111 sources of uvex_3208 U
r947189.fit  3.77  1.24 0.064    72.4 from 486 sources of uvex_3208 g
r947190.fit  4.80  1.58 0.153   136.7 from 629 sources of uvex_3208o r
r947191.fit  4.55  1.50 0.072    62.2 from 137 sources of uvex_3208o U
r947192.fit  4.47  1.48 0.035    73.6 from 396 sources of uvex_3208o g
r947193.fit  4.26  1.41 0.043   144.2 from 599 sources of uvex_3210 r
r947194.fit  4.90  1.62 0.060    56.3 from 143 sources of uvex_3210 U
r947195.fit  3.97  1.31 0.063    77.0 from 491 sources of uvex_3210 g
r947196.fit  3.99  1.32 0.106   155.5 from 620 sources of uvex_3210o r
r947197.fit  4.77  1.57 0.087    60.1 from 133 sources of uvex_3210o U
r947198.fit  3.82  1.26 0.089    80.2 from 533 sources of uvex_3210o g
r947199.fit  3.45  1.14 0.093   139.1 from 815 sources of uvex_3211 r
r947200.fit  4.67  1.54 0.074    62.7 from  93 sources of uvex_3211 U
r947201.fit  3.71  1.22 0.067    91.0 from 232 sources of uvex_3211 g
r947202.fit  4.50  1.49 0.108   147.4 from 171 sources of uvex_3211o r
r947203.fit  5.75  1.90 0.086    69.5 from  57 sources of uvex_3211o U
r947204.fit  4.59  1.51 0.078    77.1 from 255 sources of uvex_3211o g
r947205.fit  4.06  1.34 0.079   112.0 from 652 sources of uvex_3218 r
r947206.fit  5.18  1.71 0.059    59.8 from  99 sources of uvex_3218 U
r947207.fit  4.45  1.47 0.078    79.4 from 487 sources of uvex_3218 g
r947208.fit  3.95  1.30 0.084   117.9 from 805 sources of uvex_3218o r
r947209.fit  4.73  1.56 0.082    52.6 from 132 sources of uvex_3218o U
r947210.fit  4.06  1.34 0.064    63.6 from 563 sources of uvex_3218o g
r947211.fit  4.42  1.46 0.116   120.2 from 494 sources of uvex_3221 r
r947212.fit  5.21  1.72 0.098    54.8 from  71 sources of uvex_3221 U
r947213.fit  4.44  1.47 0.118    74.0 from 359 sources of uvex_3221 g
r947214.fit  3.31  1.09 0.052   110.6 from 716 sources of uvex_3221o r
r947215.fit  4.68  1.54 0.071    61.8 from  96 sources of uvex_3221o U
r947216.fit  3.53  1.16 0.081    78.7 from 450 sources of uvex_3221o g
r947217.fit  3.57  1.18 0.036   112.7 from 678 sources of uvex_3223 r
r947218.fit  4.85  1.60 0.057    55.4 from 112 sources of uvex_3223 U
r947219.fit  4.34  1.43 0.094    78.7 from 401 sources of uvex_3223 g
r947220.fit  3.58  1.18 0.043   128.7 from 635 sources of uvex_3223o r
r947221.fit  5.06  1.67 0.094    48.2 from 108 sources of uvex_3223o U
r947222.fit  3.94  1.30 0.082    67.3 from 414 sources of uvex_3223o g
r947223.fit  4.46  1.47 0.132    78.6 from 439 sources of uvex_3225 r
r947224.fit  4.88  1.61 0.054    60.8 from  62 sources of uvex_3225 U
r947225.fit  4.34  1.43 0.050    82.3 from 283 sources of uvex_3225 g
r947226.fit  3.78  1.25 0.044   144.1 from 471 sources of uvex_3225o r
r947227.fit  5.43  1.79 0.046    58.0 from  61 sources of uvex_3225o U
r947228.fit  4.76  1.57 0.092    84.0 from 295 sources of uvex_3225o g
r947229.fit  3.98  1.31 0.041    63.3 from 663 sources of uvex_3233 r
r947230.fit  3.94  1.30 0.092    55.5 from 167 sources of uvex_3233 U
r947231.fit  3.07  1.01 0.047    39.4 from 658 sources of uvex_3233 g
r947232.fit  3.38  1.12 0.125    54.5 from 892 sources of uvex_3233o r
r947233.fit  4.70  1.55 0.117    59.4 from 131 sources of uvex_3233o U
r947234.fit  4.23  1.40 0.111    38.0 from 515 sources of uvex_3233o g
r947235.fit  3.32  1.10 0.049   149.3 from 917 sources of uvex_3237 r
r947236.fit  5.14  1.70 0.146    49.2 from 148 sources of uvex_3237 U
r947237.fit  3.43  1.13 0.052    68.7 from 699 sources of uvex_3237 g
r947238.fit  4.33  1.43 0.102    50.7 from 768 sources of uvex_3237o r
r947239.fit  4.47  1.48 0.101    57.9 from 161 sources of uvex_3237o U
r947240.fit  3.95  1.30 0.065    50.7 from 635 sources of uvex_3237o g
r947241.fit  3.17  1.05 0.039   133.9 from 929 sources of uvex_3239 r
r947242.fit  4.24  1.40 0.120    55.3 from 175 sources of uvex_3239 U
r947243.fit  3.38  1.12 0.057    62.0 from 697 sources of uvex_3239 g
r947244.fit  4.51  1.49 0.168   125.3 from 795 sources of uvex_3239o r
r947245.fit  4.58  1.51 0.163    58.2 from 173 sources of uvex_3239o U
r947246.fit  3.43  1.13 0.070    63.3 from 710 sources of uvex_3239o g
r947247.fit  2.90  0.96 0.047    23.6 from 1162 sources of uvex_3246 r
r947248.fit  4.25  1.40 0.154    48.3 from 172 sources of uvex_3246 U
r947249.fit  4.45  1.47 0.142    23.2 from 593 sources of uvex_3246 g
r947250.fit  3.11  1.03 0.069   139.8 from 1056 sources of uvex_3246o r
r947251.fit  4.02  1.33 0.165    57.5 from 181 sources of uvex_3246o U
r947252.fit  3.04  1.00 0.052    67.0 from 784 sources of uvex_3246o g
r947253.fit  3.12  1.03 0.094   147.4 from 865 sources of uvex_3249 r
r947254.fit  4.30  1.42 0.147    61.6 from 133 sources of uvex_3249 U
r947255.fit  3.62  1.19 0.110    87.3 from 476 sources of uvex_3249 g
r947256.fit  2.85  0.94 0.043   136.4 from 848 sources of uvex_3249o r
r947257.fit  3.81  1.26 0.081    54.9 from 128 sources of uvex_3249o U
r947258.fit  3.54  1.17 0.096    72.1 from 511 sources of uvex_3249o g
r947259.fit  3.07  1.01 0.061   153.3 from 967 sources of uvex_3250 r
r947260.fit  4.01  1.32 0.149    57.5 from 183 sources of uvex_3250 U
r947261.fit  4.13  1.36 0.119    83.8 from 522 sources of uvex_3250 g
r947262.fit  3.87  1.28 0.077   130.3 from 702 sources of uvex_3250o r
r947263.fit  4.46  1.47 0.159    60.3 from 162 sources of uvex_3250o U
r947264.fit  3.70  1.22 0.049    76.4 from 578 sources of uvex_3250o g
r947265.fit  4.30  1.42 0.136   139.4 from 737 sources of uvex_3252 r
r947266.fit  5.24  1.73 0.127    78.7 from 124 sources of uvex_3252 U
r947267.fit  4.65  1.53 0.037   103.6 from 460 sources of uvex_3252 g
r947268.fit  3.61  1.19 0.042   151.0 from 817 sources of uvex_3252o r
r947269.fit  7.61  2.51 0.173   111.6 from 107 sources of uvex_3252o U
r947270.fit  5.10  1.68 0.047    21.9 from 410 sources of uvex_3252o g
r947271.fit  4.32  1.43 0.062    51.6 from 181 sources of SA98 Ha
r947272.fit  3.72  1.23 0.056    83.6 from 421 sources of SA98 r
r947273.fit  3.18  1.05 0.054    73.0 from 298 sources of SA98 i
r947274.fit  4.88  1.61 0.068   181.0 from 379 sources of SA98 g
r947275.fit  4.63  1.53 0.069   145.1 from  90 sources of SA98 U
r947276.fit  4.91  1.62 0.057   173.6 from  70 sources of Rubin149B U
r947277.fit  4.54  1.50 0.067   273.6 from 289 sources of Rubin149B g
r947278.fit  3.76  1.24 0.099    90.6 from 135 sources of Rubin149B i
r947279.fit  3.07  1.01 0.054   139.7 from 544 sources of Rubin149B r
r947280.fit  4.39  1.45 0.105    87.5 from 114 sources of Rubin149B Ha
r947281.fit  5.50  1.82 0.158  4640.1 from  90 sources of flat i
r947282.fit  5.63  1.86 0.149  5309.4 from  93 sources of flat i
r947283.fit  5.76  1.90 0.137 13671.7 from  63 sources of flat i
r947284.fit  5.34  1.76 0.153 13587.0 from  45 sources of flat i
r947285.fit  4.93  1.63 0.116 12778.2 from  57 sources of flat i
r947286.fit  7.52  2.48 0.256 45357.0 from  41 sources of flat g
r947287.fit  5.44  1.80 0.072 18907.5 from  24 sources of flat g
r947288.fit  4.73  1.56 0.080 15165.5 from  21 sources of flat g
r947289.fit  5.23  1.73 0.081 13512.4 from  21 sources of flat g
r947290.fit  4.53  1.49 0.098  9987.9 from  24 sources of flat r
r947291.fit  5.03  1.66 0.049 16107.1 from  31 sources of flat r
r947292.fit  4.90  1.62 0.074 15512.4 from  24 sources of flat r
r947293.fit  5.32  1.76 0.061 14333.3 from  24 sources of flat r
r947294.fit  5.18  1.71 0.222 11950.9 from   8 sources of flat U
r947295.fit  6.55  2.16 0.257 15494.8 from   9 sources of flat U
r947296.fit  5.71  1.88 0.233 13851.9 from   8 sources of flat U
r947297.fit  9.47  3.13 0.303 17919.1 from  14 sources of flat U
r947298.fit  6.91  2.28 0.279 17509.8 from   7 sources of flat U
r947299.fit  6.08  2.01 0.315 16380.5 from   8 sources of flat U
r947300.fit  6.31  2.08 0.141  5565.7 from  10 sources of flat Ha
r947301.fit  5.93  1.96 0.180 13775.4 from  12 sources of flat Ha
r947302.fit  5.90  1.95 0.138 14403.0 from  10 sources of flat Ha
r947303.fit  3.88  1.28 0.129 14390.4 from  15 sources of flat Ha
