r930639.fit is not a target (BIAS)
r930640.fit is not a target (BIAS)
r930641.fit is not a target (BIAS)
r930642.fit is not a target (BIAS)
r930643.fit is not a target (BIAS)
r930644.fit is not a target (BIAS)
r930645.fit is not a target (BIAS)
r930646.fit is not a target (BIAS)
r930647.fit is not a target (BIAS)
r930648.fit is not a target (BIAS)
r930649.fit is not a target (BIAS)
r930650.fit is not a target (BIAS)
r930651.fit is not a target (BIAS)
r930652.fit is not a target (BIAS)
r930653.fit is not a target (BIAS)
r930654.fit is not a target (BIAS)
r930655.fit is not a target (BIAS)
r930656.fit is not a target (BIAS)
r930657.fit is not a target (BIAS)
r930658.fit is not a target (BIAS)
r930659.fit is not a target (BIAS)
r930660.fit is not a target (SKY)
r930661.fit is not a target (SKY)
r930662.fit is not a target (SKY)
r930663.fit is not a target (SKY)
r930664.fit is not a target (SKY)
r930665.fit is not a target (SKY)
r930666.fit is not a target (SKY)
r930667.fit is not a target (SKY)
r930668.fit is not a target (SKY)
r930669.fit is not a target (SKY)
r930670.fit is not a target (SKY)
r930671.fit is not a target (SKY)
r930672.fit is not a target (SKY)
r930673.fit is not a target (SKY)
r930674.fit is not a target (SKY)
r930675.fit is not a target (SKY)
r930676.fit is not a target (SKY)
r930677.fit is not a target (SKY)
r930678.fit is not a target (SKY)
r930679.fit is not a target (SKY)
r930680.fit is not a target (SKY)
r930681.fit is not a target (SKY)
r930682.fit is not a target (SKY)
r930683.fit is not a target (SKY)
r930684.fit is not a target (SKY)
r930685.fit is not a target (SKY)
r930686.fit is not a target (SKY)
r930687.fit is not a target (SKY)
r930688.fit is not a target (SKY)
r930689.fit is not a target (SKY)
r930690.fit is not a target (SKY)
r930691.fit is not a target (SKY)
r930692.fit is not a target (SKY)
r930693.fit is not a target (SKY)
r930694.fit is not a target (SKY)
r930695.fit is not a target (SKY)
r930696.fit is not a target (SKY)
r930697.fit is not a target (SKY)
r930698.fit is not a target (SKY)
r930699.fit is not a target (SKY)
r930700.fit is not a target (SKY)
r930701.fit is not a target (SKY)
r930702.fit is not a target (FOCUS)
r930703.fit  3.70  1.22 0.137    81.2 from  42 sources of G206-034
r930704.fit  2.99  0.99 0.071    50.4 from  40 sources of G206-034
r930705.fit  3.08  1.02 0.086    44.3 from  43 sources of G206-034
r930706.fit  2.78  0.92 0.093    51.6 from  60 sources of G206-034
r930707.fit  2.77  0.91 0.104    46.5 from  55 sources of G206-034
r930708.fit  3.66  1.21 0.133    56.8 from  33 sources of KEPLER_AU12_7_25
r930709.fit  3.57  1.18 0.153   146.2 from 178 sources of KEPLER_AU12_7_25
r930710.fit  3.46  1.14 0.061    76.9 from  31 sources of KEPLER_AU12_7_25
r930711.fit  3.58  1.18 0.091   111.4 from  44 sources of KEPLER_AU12_7_25
r930712.fit  3.51  1.16 0.081   112.4 from  46 sources of KEPLER_AU12_7_25
r930713.fit  3.31  1.09 0.096    72.5 from  37 sources of KEPLER_AU12_7_25
r930714.fit  3.41  1.13 0.113   174.4 from 104 sources of KEPLER_AU12_7_25
r930715.fit  6.11  2.02 0.283   178.0 from  84 sources of KEPLER_AU12_7_25
r930716.fit  3.43  1.13 0.085    71.5 from  45 sources of KEPLER_AU12_7_25
r930717.fit  3.61  1.19 0.112   201.0 from 176 sources of KEPLER_AU12_7_25
r930718.fit  3.41  1.13 0.077    63.9 from  50 sources of KEPLER_AU12_7_25
r930719.fit  3.88  1.28 0.125   202.7 from 168 sources of KEPLER_AU12_7_25
r930720.fit  3.03  1.00 0.079    74.5 from  40 sources of KEPLER_AU12_7_25
r930721.fit  3.90  1.29 0.137   179.2 from  93 sources of KEPLER_AU12_7_25
r930722.fit  3.83  1.26 0.129   138.5 from  96 sources of KEPLER_AU12_7_25
r930723.fit  3.40  1.12 0.050    78.2 from  30 sources of KEPLER_AU12_7_25
r930724.fit  4.12  1.36 0.172   114.7 from  47 sources of KEPLER_AU12_7_25
r930725.fit  3.67  1.21 0.086   115.0 from  49 sources of KEPLER_AU12_7_25
r930726.fit  2.98  0.98 0.061    62.5 from  37 sources of KEPLER_AU12_7_25
r930727.fit  3.38  1.12 0.106   149.8 from 169 sources of KEPLER_AU12_7_25
r930728.fit  3.46  1.14 0.122   109.7 from  46 sources of G206-034
r930729.fit  3.40  1.12 0.085    75.6 from  39 sources of G206-034
r930730.fit  2.82  0.93 0.084    72.5 from  59 sources of G206-034
r930731.fit  2.80  0.92 0.086    62.9 from  55 sources of G206-034
r930732.fit  3.75  1.24 0.130    90.8 from  55 sources of G186-026
r930733.fit  3.98  1.31 0.159    58.9 from  31 sources of G186-026
r930734.fit  3.63  1.20 0.120    54.9 from  54 sources of G186-026
r930735.fit  3.32  1.10 0.071    39.2 from  43 sources of G186-026
r930736.fit  3.03  1.00 0.099    51.6 from 117 sources of G186-026
r930737.fit  3.25  1.07 0.074    36.7 from  54 sources of G186-026
r930738.fit  3.47  1.15 0.134    58.5 from  38 sources of KEPLER_AU12_9_31
r930739.fit  3.61  1.19 0.136   145.6 from 183 sources of KEPLER_AU12_9_31
r930740.fit  3.29  1.09 0.085    76.8 from  30 sources of KEPLER_AU12_9_31
r930741.fit  3.25  1.07 0.092   110.6 from  52 sources of KEPLER_AU12_9_31
r930742.fit  3.70  1.22 0.133   115.2 from  50 sources of KEPLER_AU12_9_31
r930743.fit  2.94  0.97 0.060    74.6 from  44 sources of KEPLER_AU12_9_31
r930744.fit  3.23  1.07 0.090   177.6 from 119 sources of KEPLER_AU12_9_31
r930745.fit  3.46  1.14 0.097   175.8 from 113 sources of KEPLER_AU12_9_31
r930746.fit  2.99  0.99 0.094    70.9 from  60 sources of KEPLER_AU12_9_31
r930747.fit  3.46  1.14 0.116   196.6 from 203 sources of KEPLER_AU12_9_31
r930748.fit  3.18  1.05 0.076    71.5 from  49 sources of KEPLER_AU12_9_31
r930749.fit  3.20  1.06 0.100   148.3 from 213 sources of KEPLER_AU12_9_31
r930750.fit  2.95  0.97 0.073    73.5 from  44 sources of KEPLER_AU12_9_31
r930751.fit  3.16  1.04 0.057   177.8 from 123 sources of KEPLER_AU12_9_31
r930752.fit  3.22  1.06 0.115   177.6 from 129 sources of KEPLER_AU12_9_31
r930753.fit  3.50  1.16 0.115    77.2 from  33 sources of KEPLER_AU12_9_31
r930754.fit  3.36  1.11 0.119   114.2 from  52 sources of KEPLER_AU12_9_31
r930755.fit  3.32  1.10 0.075   115.1 from  56 sources of KEPLER_AU12_9_31
r930756.fit  2.94  0.97 0.089    61.7 from  43 sources of KEPLER_AU12_9_31
r930757.fit  2.84  0.94 0.128   146.4 from 231 sources of KEPLER_AU12_9_31
r930758.fit  2.62  0.86 0.098    61.7 from  57 sources of KEPLER_AU12_9_33
r930759.fit  3.25  1.07 0.098    76.2 from  37 sources of KEPLER_AU12_9_33
r930760.fit  3.36  1.11 0.067   101.4 from  44 sources of KEPLER_AU12_9_33
r930761.fit  3.04  1.00 0.036    73.8 from  46 sources of KEPLER_AU12_9_33
r930762.fit  2.97  0.98 0.087    71.2 from  66 sources of KEPLER_AU12_9_33
r930763.fit  2.56  0.84 0.045    72.3 from  67 sources of KEPLER_AU12_9_33
r930764.fit  3.53  1.16 0.063    74.9 from  29 sources of KEPLER_AU12_9_33
r930765.fit  3.45  1.14 0.047    78.1 from  30 sources of KEPLER_AU12_9_33
r930766.fit  2.62  0.86 0.086    62.5 from  50 sources of KEPLER_AU12_9_33
r930767.fit  2.99  0.99 0.087    62.6 from  31 sources of KEPLER_AU12_1035
r930768.fit  2.99  0.99 0.098   115.5 from 176 sources of KEPLER_AU12_1035
r930769.fit  3.54  1.17 0.061    78.8 from  23 sources of KEPLER_AU12_1035
r930770.fit  3.35  1.11 0.048   117.2 from  42 sources of KEPLER_AU12_1035
r930771.fit  3.63  1.20 0.087   117.5 from  39 sources of KEPLER_AU12_1035
r930772.fit  3.78  1.25 0.079    74.7 from  32 sources of KEPLER_AU12_1035
r930773.fit  3.72  1.23 0.064   179.7 from  88 sources of KEPLER_AU12_1035
r930774.fit  3.64  1.20 0.061   179.9 from  96 sources of KEPLER_AU12_1035
r930775.fit  2.63  0.87 0.039    71.1 from  50 sources of KEPLER_AU12_1035
r930776.fit  3.01  0.99 0.103   163.3 from 207 sources of KEPLER_AU12_1035
r930777.fit  2.50  0.83 0.047    71.7 from  57 sources of KEPLER_AU12_1035
r930778.fit  3.25  1.07 0.137   208.5 from 182 sources of KEPLER_AU12_1035
r930779.fit  3.48  1.15 0.057    74.6 from  35 sources of KEPLER_AU12_1035
r930780.fit  3.73  1.23 0.074   185.8 from  95 sources of KEPLER_AU12_1035
r930781.fit  3.55  1.17 0.071   186.4 from  99 sources of KEPLER_AU12_1035
r930782.fit  3.75  1.24 0.096    77.8 from  21 sources of KEPLER_AU12_1035
r930783.fit  3.56  1.17 0.076   118.7 from  41 sources of KEPLER_AU12_1035
r930784.fit  3.47  1.15 0.088   118.6 from  43 sources of KEPLER_AU12_1035
r930785.fit  2.84  0.94 0.075    62.4 from  36 sources of KEPLER_AU12_1035
r930786.fit  3.53  1.16 0.148   152.8 from 152 sources of KEPLER_AU12_1035
r930787.fit  3.33  1.10 0.088   118.4 from  43 sources of G206-034
r930788.fit  3.23  1.07 0.032    79.6 from  39 sources of G206-034
r930789.fit  2.40  0.79 0.051    78.6 from  63 sources of G206-034
r930790.fit  2.43  0.80 0.049    68.4 from  55 sources of G206-034
r930791.fit  4.08  1.35 0.127   115.2 from  51 sources of DM+344210
r930792.fit  3.79  1.25 0.108   116.0 from  99 sources of DM+344210
r930793.fit  2.92  0.96 0.081    60.5 from  53 sources of DM+344210
r930794.fit  3.21  1.06 0.070    61.7 from  83 sources of DM+344210
r930795.fit  2.65  0.87 0.053    63.4 from  39 sources of KEPLER_AU12_1239
r930796.fit  2.72  0.90 0.071    98.0 from 214 sources of KEPLER_AU12_1239
r930797.fit  3.79  1.25 0.041    82.7 from  32 sources of KEPLER_AU12_1239
r930798.fit  3.80  1.25 0.044   119.4 from  43 sources of KEPLER_AU12_1239
r930799.fit  4.06  1.34 0.078   118.0 from  42 sources of KEPLER_AU12_1239
r930800.fit  3.93  1.30 0.059    76.6 from  38 sources of KEPLER_AU12_1239
r930801.fit  3.90  1.29 0.053   191.4 from  93 sources of KEPLER_AU12_1239
r930802.fit  4.10  1.35 0.068   191.4 from  93 sources of KEPLER_AU12_1239
r930803.fit  2.66  0.88 0.030    72.2 from  43 sources of KEPLER_AU12_1239
r930804.fit  2.87  0.95 0.071   220.0 from 218 sources of KEPLER_AU12_1239
r930805.fit  2.73  0.90 0.044    73.1 from  42 sources of KEPLER_AU12_1239
r930806.fit  3.03  1.00 0.076   203.0 from 207 sources of KEPLER_AU12_1239
r930807.fit  4.09  1.35 0.065    74.5 from  37 sources of KEPLER_AU12_1239
r930808.fit  4.14  1.37 0.047   191.2 from  90 sources of KEPLER_AU12_1239
r930809.fit  4.18  1.38 0.055   192.5 from  91 sources of KEPLER_AU12_1239
r930810.fit  4.51  1.49 0.103    77.1 from  26 sources of KEPLER_AU12_1239
r930811.fit  4.33  1.43 0.070   117.1 from  39 sources of KEPLER_AU12_1239
r930812.fit  4.32  1.43 0.054   116.6 from  39 sources of KEPLER_AU12_1239
r930813.fit  2.58  0.85 0.057    65.7 from  37 sources of KEPLER_AU12_1239
r930814.fit  2.73  0.90 0.088   160.7 from 216 sources of KEPLER_AU12_1239
r930815.fit  2.16  0.71 0.035    63.5 from  32 sources of KEPLER_AU12_4_18
r930816.fit  4.35  1.44 0.096    81.9 from  17 sources of KEPLER_AU12_4_18
r930817.fit  4.29  1.42 0.066    78.7 from  22 sources of KEPLER_AU12_4_18
r930818.fit  2.42  0.80 0.040    78.6 from  41 sources of KEPLER_AU12_4_18
r930819.fit  2.27  0.75 0.064    77.6 from  39 sources of KEPLER_AU12_4_18
r930820.fit  4.15  1.37 0.052    79.4 from  21 sources of KEPLER_AU12_4_18
r930821.fit  4.26  1.41 0.066    82.7 from  21 sources of KEPLER_AU12_4_18
r930822.fit  2.12  0.70 0.037    62.4 from  30 sources of KEPLER_AU12_4_18
r930823.fit  2.31  0.76 0.045    62.9 from  45 sources of KEPLER_AU12_1032
r930824.fit  2.85  0.94 0.102   160.9 from 205 sources of KEPLER_AU12_1032
r930825.fit  3.72  1.23 0.065    80.8 from  17 sources of KEPLER_AU12_1032
r930826.fit  4.24  1.40 0.068   122.9 from  38 sources of KEPLER_AU12_1032
r930827.fit  4.21  1.39 0.058   122.7 from  37 sources of KEPLER_AU12_1032
r930828.fit  3.85  1.27 0.066    77.8 from  26 sources of KEPLER_AU12_1032
r930829.fit  4.13  1.36 0.033   205.6 from  92 sources of KEPLER_AU12_1032
r930830.fit  4.21  1.39 0.034   205.9 from  90 sources of KEPLER_AU12_1032
r930831.fit  2.60  0.86 0.058    75.8 from  53 sources of KEPLER_AU12_1032
r930832.fit  2.90  0.96 0.067   189.5 from 214 sources of KEPLER_AU12_1032
r930833.fit  2.74  0.90 0.040    78.5 from  53 sources of KEPLER_AU12_1032
r930834.fit  3.21  1.06 0.077   237.4 from 191 sources of KEPLER_AU12_1032
r930835.fit  4.21  1.39 0.066    78.7 from  26 sources of KEPLER_AU12_1032
r930836.fit  4.41  1.46 0.040   206.5 from  92 sources of KEPLER_AU12_1032
r930837.fit  5.00  1.65 0.117   206.3 from  82 sources of KEPLER_AU12_1032
r930838.fit  4.21  1.39 0.076    80.0 from  18 sources of KEPLER_AU12_1032
r930839.fit  4.18  1.38 0.088   122.4 from  27 sources of KEPLER_AU12_1032
r930840.fit  4.17  1.38 0.055   122.8 from  29 sources of KEPLER_AU12_1032
r930841.fit  2.31  0.76 0.036    64.2 from  43 sources of KEPLER_AU12_1032
r930842.fit  2.82  0.93 0.099   183.8 from 205 sources of KEPLER_AU12_1032
r930843.fit  4.46  1.47 0.153   125.0 from  23 sources of G206-034
r930844.fit  5.24  1.73 0.116   122.2 from  35 sources of G206-034
r930845.fit  3.70  1.22 0.056   123.6 from  60 sources of G206-034
r930846.fit  2.68  0.88 0.047   108.9 from  86 sources of G206-034
r930847.fit  2.72  0.90 0.049    80.8 from  51 sources of G206-034
r930848.fit  2.36  0.78 0.052    52.9 from  43 sources of KEPLER_AU12_6_22
r930849.fit  2.91  0.96 0.114   173.8 from 209 sources of KEPLER_AU12_6_22
r930850.fit  4.45  1.47 0.091    82.8 from  23 sources of KEPLER_AU12_6_22
r930851.fit  4.36  1.44 0.092   125.9 from  33 sources of KEPLER_AU12_6_22
r930852.fit  4.34  1.43 0.108   125.6 from  31 sources of KEPLER_AU12_6_22
r930853.fit  4.71  1.55 0.055    81.5 from  26 sources of KEPLER_AU12_6_22
r930854.fit  4.90  1.62 0.045   223.3 from  65 sources of KEPLER_AU12_6_22
r930855.fit  4.75  1.57 0.039   202.9 from  67 sources of KEPLER_AU12_6_22
r930856.fit  2.96  0.98 0.053    83.4 from  48 sources of KEPLER_AU12_6_22
r930857.fit  3.42  1.13 0.045   228.0 from 174 sources of KEPLER_AU12_6_22
r930858.fit  3.30  1.09 0.080    83.5 from  42 sources of KEPLER_AU12_6_22
r930859.fit  3.82  1.26 0.112   267.3 from 151 sources of KEPLER_AU12_6_22
r930860.fit  4.71  1.55 0.042    81.7 from  22 sources of KEPLER_AU12_6_22
r930861.fit  5.14  1.70 0.041   224.7 from  61 sources of KEPLER_AU12_6_22
r930862.fit  9.39  3.10 0.388   226.1 from  42 sources of KEPLER_AU12_6_22
r930863.fit  4.23  1.40 0.246    83.2 from  16 sources of KEPLER_AU12_6_22
r930864.fit  5.71  1.88 0.238   124.1 from  22 sources of KEPLER_AU12_6_22
r930865.fit  7.41  2.45 0.273   123.5 from  18 sources of KEPLER_AU12_6_22
r930866.fit  2.92  0.96 0.058    68.5 from  32 sources of KEPLER_AU12_6_22
r930867.fit  3.14  1.04 0.076   202.1 from 171 sources of KEPLER_AU12_6_22
r930868.fit  5.58  1.84 0.088   222.9 from  56 sources of KEPLER_AU12_6_22
r930869.fit  5.38  1.78 0.035   224.2 from  58 sources of KEPLER_AU12_6_22
r930870.fit  3.38  1.12 0.110    69.4 from  36 sources of KEPLER_AU12_1340
r930871.fit  7.97  2.63 0.391   181.3 from  98 sources of KEPLER_AU12_1340
r930872.fit  5.70  1.88 0.293    80.1 from  16 sources of KEPLER_AU12_1340
r930873.fit  6.39  2.11 0.224   114.7 from  32 sources of KEPLER_AU12_1340
r930874.fit  5.62  1.85 0.149   112.0 from  33 sources of KEPLER_AU12_1340
r930875.fit  5.04  1.66 0.078    80.3 from  32 sources of KEPLER_AU12_1340
r930876.fit  4.58  1.51 0.075   203.1 from  70 sources of KEPLER_AU12_1340
r930877.fit  4.95  1.63 0.146   201.7 from  63 sources of KEPLER_AU12_1340
r930878.fit  2.90  0.96 0.065    81.7 from  49 sources of KEPLER_AU12_1340
r930879.fit  3.44  1.14 0.144   198.1 from 175 sources of KEPLER_AU12_1340
r930880.fit  2.72  0.90 0.068    81.2 from  51 sources of KEPLER_AU12_1340
r930881.fit  3.50  1.16 0.135   241.4 from 183 sources of KEPLER_AU12_1340
r930882.fit  5.04  1.66 0.083    81.2 from  28 sources of KEPLER_AU12_1340
r930883.fit  5.16  1.70 0.127   196.5 from  65 sources of KEPLER_AU12_1340
r930884.fit  4.78  1.58 0.081   194.6 from  72 sources of KEPLER_AU12_1340
r930885.fit  4.71  1.55 0.125    77.2 from  21 sources of KEPLER_AU12_1340
r930886.fit  5.48  1.81 0.135   102.9 from  34 sources of KEPLER_AU12_1340
r930887.fit  4.90  1.62 0.084   102.1 from  33 sources of KEPLER_AU12_1340
r930888.fit  2.34  0.77 0.057    69.5 from  32 sources of KEPLER_AU12_1340
r930889.fit  3.59  1.18 0.174   184.6 from 177 sources of KEPLER_AU12_1340
r930890.fit  4.31  1.42 0.130    74.5 from  27 sources of G078-026
r930891.fit  4.71  1.55 0.149   111.8 from  48 sources of G078-026
r930892.fit  3.89  1.28 0.099    63.3 from  39 sources of G078-026
r930893.fit  3.77  1.24 0.126    48.9 from  35 sources of G078-026
r930894.fit  4.97  1.64 0.191    37.4 from   9 sources of G002-038
r930895.fit  4.62  1.52 0.167    60.3 from  15 sources of G002-038
r930896.fit  4.06  1.34 0.108    51.9 from  16 sources of G002-038
r930897.fit  4.32  1.43 0.163    89.9 from  28 sources of G002-038
r930898.fit  3.52  1.16 0.083    59.8 from  19 sources of G002-038
r930899.fit  3.93  1.30 0.153    54.3 from  17 sources of G002-038
r930900.fit  3.71  1.22 0.134    51.6 from  13 sources of GD0242
r930901.fit  3.58  1.18 0.074    54.8 from  20 sources of GD0242
r930902.fit  3.28  1.08 0.070    49.6 from  28 sources of GD0242
r930903.fit  3.59  1.18 0.050    41.2 from  19 sources of GD0242
r930904.fit  3.23  1.07 0.058    38.8 from  21 sources of GD0242
r930905.fit  2.77  0.91 0.076    49.0 from  35 sources of GD0242
r930906.fit  2.67  0.88 0.057    40.6 from  19 sources of GD0242
r930907.fit  2.43  0.80 0.052    39.4 from  14 sources of GD0242
r930908.fit  2.44  0.81 0.057    38.7 from  19 sources of GD0242
r930909.fit  4.36  1.44 0.118    68.6 from  21 sources of ID1892
r930910.fit  4.55  1.50 0.148    59.7 from  16 sources of ID1892
r930911.fit  4.51  1.49 0.084    84.1 from  36 sources of ID1892
r930912.fit  4.85  1.60 0.119    63.5 from  21 sources of ID1892
r930913.fit  4.27  1.41 0.075    57.0 from  17 sources of ID1892
r930914.fit  3.58  1.18 0.140    83.6 from  76 sources of ID1892
r930915.fit  2.42  0.80 0.053    68.5 from  48 sources of ID1892
r930916.fit  3.25  1.07 0.146    75.1 from  76 sources of ID1892
r930917.fit  3.29  1.09 0.144    73.5 from  49 sources of ID1892
r930918.fit  2.24  0.74 0.055    54.0 from  31 sources of ID1892
r930919.fit  4.44  1.47 0.108    61.5 from  21 sources of ID1892
r930920.fit  4.01  1.32 0.100    55.0 from  16 sources of ID1892
r930921.fit  4.48  1.48 0.080    69.8 from  42 sources of ID1892
r930922.fit  4.49  1.48 0.061    56.8 from  21 sources of ID1892
r930923.fit  4.49  1.48 0.041    49.8 from  13 sources of ID1892
r930924.fit  3.30  1.09 0.093    55.5 from  40 sources of ID1892
r930925.fit  3.76  1.24 0.134    67.2 from  80 sources of ID1892
r930926.fit  2.44  0.81 0.067    52.9 from  32 sources of ID1892
r930927.fit  2.87  0.95 0.125    53.6 from  63 sources of ID1892
r930928.fit  3.40  1.12 0.151    67.9 from  78 sources of ID1892
r930929.fit  2.62  0.86 0.034    54.6 from  31 sources of ID1892
r930930.fit  2.52  0.83 0.073    63.2 from  69 sources of ID1892
r930931.fit  3.38  1.12 0.133    80.9 from  81 sources of ID1892
r930933.fit  4.19  1.38 0.103    34.4 from  25 sources of G078-026
r930934.fit  4.33  1.43 0.102    33.2 from  48 sources of G078-026
r930935.fit  3.69  1.22 0.081    28.5 from  36 sources of G078-026
r930936.fit  4.05  1.34 0.138    31.1 from  32 sources of G078-026
r930937.fit  4.62  1.52 0.102    38.8 from  14 sources of BD+11468
r930938.fit  4.57  1.51 0.130    34.5 from  16 sources of BD+11468
r930939.fit  4.18  1.38 0.109    33.5 from  14 sources of BD+11468
r930940.fit  3.74  1.23 0.078    36.6 from  15 sources of BD+11468
r930941.fit  4.13  1.36 0.131    35.8 from  18 sources of ID2851
r930942.fit  4.29  1.42 0.119    33.9 from  17 sources of ID2851
r930943.fit  4.60  1.52 0.151    43.6 from  19 sources of ID2851
r930944.fit  3.77  1.24 0.098    36.4 from  18 sources of ID2851
r930945.fit  4.09  1.35 0.113    53.5 from  37 sources of ID2851
r930946.fit  4.13  1.36 0.084    42.4 from  24 sources of ID2851
r930947.fit  3.30  1.09 0.068    39.0 from  19 sources of ID2851
r930948.fit  3.81  1.26 0.115    64.8 from  33 sources of ID2851
r930949.fit  4.35  1.44 0.191    50.6 from  20 sources of ID2851
r930950.fit  3.61  1.19 0.092    37.4 from  14 sources of ID2851
r930951.fit  4.67  1.54 0.201    67.8 from  32 sources of ID2851
r930952.fit  4.12  1.36 0.152    51.5 from  19 sources of ID2851
r930953.fit  3.77  1.24 0.119    39.2 from  13 sources of ID2851
r930954.fit  4.80  1.58 0.171    57.6 from  33 sources of ID2851
r930955.fit  4.06  1.34 0.096    46.3 from  23 sources of ID2851
r930956.fit  3.62  1.19 0.104    41.8 from  16 sources of ID2851
r930957.fit  4.44  1.47 0.098    47.5 from  22 sources of ID2851
r930958.fit  4.59  1.51 0.121    40.4 from  20 sources of ID2851
r930959.fit  4.38  1.45 0.094    40.4 from  15 sources of ID2851
r930960.fit  4.73  1.56 0.156    36.7 from  14 sources of ID2851
r930961.fit  4.08  1.35 0.071    36.5 from  28 sources of G078-026
r930962.fit  4.00  1.32 0.067    40.0 from  49 sources of G078-026
r930963.fit  3.67  1.21 0.053    34.0 from  35 sources of G078-026
r930964.fit  3.35  1.11 0.078    35.8 from  30 sources of G078-026
r930965.fit  4.33  1.43 0.126    40.4 from  15 sources of BD+11468
r930966.fit  4.49  1.48 0.107    35.5 from  14 sources of BD+11468
r930967.fit  4.27  1.41 0.090    33.7 from  13 sources of BD+11468
r930968.fit  3.77  1.24 0.097    37.9 from  13 sources of BD+11468
r930969.fit  4.43  1.46 0.103    67.4 from  16 sources of G3-016
r930970.fit  4.40  1.45 0.074    74.1 from  26 sources of G3-016
r930971.fit  4.33  1.43 0.063    64.4 from  17 sources of G3-016
r930972.fit  3.22  1.06 0.044    65.5 from  21 sources of G3-016
r930973.fit  3.36  1.11 0.033    61.5 from  15 sources of G3-016
r930974.fit  2.81  0.93 0.056    60.7 from  16 sources of G3-016
r930975.fit  3.17  1.05 0.041    58.7 from   8 sources of G3-016
r930976.fit  3.62  1.19 0.026    61.1 from   8 sources of G3-016
r930977.fit  3.18  1.05 0.057    62.6 from  18 sources of G3-016
