r929493.fit is not a target (BIAS)
r929494.fit is not a target (BIAS)
r929495.fit is not a target (BIAS)
r929496.fit is not a target (BIAS)
r929497.fit is not a target (BIAS)
r929498.fit is not a target (BIAS)
r929499.fit is not a target (SKY)
r929500.fit is not a target (SKY)
r929501.fit is not a target (SKY)
r929502.fit is not a target (SKY)
r929503.fit is not a target (SKY)
r929504.fit is not a target (SKY)
r929505.fit is not a target (SKY)
r929506.fit is not a target (SKY)
r929507.fit is not a target (SKY)
r929508.fit is not a target (SKY)
r929509.fit is not a target (SKY)
r929510.fit is not a target (SKY)
r929511.fit is not a target (SKY)
r929512.fit is not a target (SKY)
r929513.fit is not a target (SKY)
r929514.fit is not a target (SKY)
r929515.fit is not a target (SKY)
r929516.fit is not a target (SKY)
r929517.fit is not a target (SKY)
r929518.fit is not a target (SKY)
r929519.fit is not a target (SKY)
r929520.fit is not a target (SKY)
r929521.fit is not a target (SKY)
r929522.fit is not a target (SKY)
r929523.fit is not a target (SKY)
r929524.fit is not a target (SKY)
r929525.fit is not a target (SKY)
r929526.fit is not a target (SKY)
r929527.fit is not a target (SKY)
r929528.fit is not a target (SKY)
r929529.fit is not a target (SKY)
r929530.fit is not a target (SKY)
r929531.fit is not a target (SKY)
r929532.fit is not a target (SKY)
r929533.fit is not a target (SKY)
r929534.fit is not a target (SKY)
r929535.fit is not a target (SKY)
r929536.fit is not a target (SKY)
r929537.fit is not a target (SKY)
r929538.fit is not a target (FOCUS)
r929539.fit is not a target (FOCUS)
r929540.fit  3.59  1.18 0.119   393.7 from  64 sources of G206-034
r929541.fit  3.85  1.27 0.079   391.7 from  27 sources of G206-034
r929542.fit  4.49  1.48 0.119   393.1 from  34 sources of G206-034
r929543.fit  4.01  1.32 0.102   394.7 from  60 sources of G206-034
r929544.fit  3.73  1.23 0.050   392.7 from  71 sources of G206-034
r929545.fit  3.89  1.28 0.096    33.5 from  55 sources of G186-026
r929546.fit  4.06  1.34 0.075    34.4 from  59 sources of G186-026
r929547.fit  4.23  1.40 0.111    33.5 from  28 sources of G186-026
r929548.fit  4.02  1.33 0.102    35.5 from  42 sources of G186-026
r929549.fit  3.50  1.16 0.094    35.1 from  70 sources of G186-026
r929550.fit  3.63  1.20 0.087    34.9 from   6 sources of KEPLER_SHIFT1
r929551.fit  3.48  1.15 0.059    39.6 from  87 sources of KEPLER_SHIFT1
r929552.fit  3.61  1.19 0.085    49.5 from 146 sources of KEPLER_SHIFT1
r929553.fit  4.27  1.41 0.128    45.6 from 140 sources of KEPLER_SHIFT1
r929554.fit  3.50  1.16 0.251    32.0 from   4 sources of KEPLER_SHIFT1
r929555.fit  4.44  1.47 0.089    50.7 from 140 sources of KEPLER_SHIFT1
r929556.fit  3.52  1.16 0.149    32.6 from   7 sources of KEPLER_SHIFT1
r929557.fit  3.99  1.32 0.067    44.5 from  83 sources of KEPLER_SHIFT1
r929558.fit  4.14  1.37 0.095   393.3 from  17 sources of KEPLER_SHIFT1
r929559.fit  3.72  1.23 0.075    54.9 from 141 sources of KEPLER_SHIFT1
r929560.fit  3.57  1.18 0.048    42.3 from  36 sources of KEPLER_SHIFT1
r929561.fit  4.28  1.41 0.117    60.4 from 136 sources of KEPLER_SHIFT1
r929562.fit  3.88  1.28 0.089    54.9 from  22 sources of KEPLER_SHIFT1
r929563.fit  4.39  1.45 0.052    70.1 from 133 sources of KEPLER_SHIFT1
r929564.fit  4.38  1.45 0.146    54.0 from  10 sources of KEPLER_SHIFT1
r929565.fit  4.44  1.47 0.055    67.0 from  76 sources of KEPLER_SHIFT1
r929566.fit  4.60  1.52 0.160    59.1 from  12 sources of KEPLER_SHIFT1
r929567.fit  4.14  1.37 0.104    65.9 from 122 sources of KEPLER_SHIFT3
r929570.fit  3.74  1.23 0.069    54.4 from  69 sources of KEPLER_SHIFT3
r929571.fit  3.71  1.22 0.076    51.8 from 152 sources of KEPLER_SHIFT3
r929572.fit  3.37  1.11 0.032    42.7 from  21 sources of KEPLER_SHIFT3
r929573.fit  4.44  1.47 0.053    45.4 from  18 sources of KEPLER_SHIFT3
r929574.fit  4.61  1.52 0.029    66.0 from 121 sources of KEPLER_SHIFT3
r929575.fit  4.88  1.61 0.047    69.5 from  52 sources of KEPLER_SHIFT3
r929576.fit  4.89  1.61 0.075    54.9 from  25 sources of KEPLER_SHIFT3
r929577.fit  3.85  1.27 0.048    58.0 from 124 sources of KEPLER_SHIFT3
r929578.fit  3.93  1.30 0.069    51.7 from  67 sources of KEPLER_SHIFT3
r929579.fit  4.80  1.58 0.098    50.1 from 107 sources of KEPLER_SHIFT3
r929580.fit  4.11  1.36 0.042    38.0 from  20 sources of KEPLER_SHIFT3
r929581.fit  5.33  1.76 0.070    67.2 from  99 sources of KEPLER_SHIFT3
r929582.fit  4.68  1.54 0.075    49.0 from  11 sources of KEPLER_SHIFT3
r929583.fit  4.83  1.59 0.065    50.0 from  23 sources of KEPLER_SHIFT3
r929584.fit  4.81  1.59 0.085    46.6 from  22 sources of KEPLER_SHIFT3
r929585.fit  4.89  1.61 0.111    47.8 from  24 sources of KEPLER_SHIFT3
r929586.fit  2.72  0.90 0.049    39.1 from  22 sources of KEPLER_SHIFT3
r929587.fit  2.95  0.97 0.062    37.7 from  24 sources of KEPLER_SHIFT3
r929588.fit  3.35  1.11 0.057    37.7 from   5 sources of G205-042
r929589.fit  3.02  1.00 0.037    38.3 from  22 sources of G205-042
r929590.fit  4.38  1.45 0.196    40.2 from  16 sources of G205-042
r929591.fit  4.59  1.51 0.074    47.8 from  29 sources of G205-042
r929592.fit  3.46  1.14 0.070    39.1 from  53 sources of G205-042
r929593.fit  3.52  1.16 0.094    38.4 from  40 sources of G205-042
r929594.fit  2.98  0.98 0.080    38.6 from  32 sources of G205-042
r929595.fit  3.32  1.10 0.072    38.5 from  12 sources of G205-042
r929596.fit  4.79  1.58 0.068    40.1 from  16 sources of G205-042
r929597.fit  5.00  1.65 0.076    40.7 from  27 sources of G205-042
r929598.fit  2.74  0.90 0.042    39.2 from  31 sources of KEPLER_24_15
r929599.fit  3.23  1.07 0.115    61.1 from 304 sources of KEPLER_24_15
r929600.fit  3.36  1.11 0.049    37.8 from  14 sources of KEPLER_24_15
r929601.fit  3.54  1.17 0.116    55.1 from 292 sources of KEPLER_24_15
r929602.fit  3.20  1.06 0.058    37.5 from  32 sources of KEPLER_24_15
r929603.fit  4.80  1.58 0.109    37.6 from  12 sources of KEPLER_24_15
r929604.fit  4.73  1.56 0.111    70.4 from 187 sources of KEPLER_24_15
r929605.fit  5.01  1.65 0.093    37.5 from  14 sources of KEPLER_24_15
r929606.fit  4.82  1.59 0.105    67.6 from  85 sources of KEPLER_24_15
r929607.fit  5.32  1.76 0.120    38.5 from  22 sources of KEPLER_24_15
r929608.fit  5.50  1.82 0.077    50.9 from  26 sources of KEPLER_24_15
r929609.fit  5.80  1.91 0.087    51.4 from  23 sources of KEPLER_24_15
r929610.fit  5.79  1.91 0.087    49.7 from  24 sources of KEPLER_24_15
r929611.fit  5.37  1.77 0.061    44.7 from  19 sources of KEPLER_24_15
r929612.fit  5.54  1.83 0.075    56.6 from  74 sources of KEPLER_24_15
r929613.fit  5.46  1.80 0.086    55.2 from  75 sources of KEPLER_24_15
r929614.fit  6.53  2.15 0.116    39.8 from  14 sources of KEPLER_24_15
r929615.fit  4.39  1.45 0.110    53.8 from 195 sources of KEPLER_24_15
r929616.fit  4.23  1.40 0.067    42.2 from  17 sources of KEPLER_24_15
r929617.fit  3.67  1.21 0.048    41.8 from  12 sources of KEPLER_24_15
r929618.fit  4.05  1.34 0.052    69.3 from 171 sources of KEPLER_24_15
r929619.fit  3.76  1.24 0.059    39.8 from  14 sources of KEPLER_24_15
r929620.fit  3.99  1.32 0.049    39.9 from  21 sources of KEPLER_24_15
r929621.fit  3.98  1.31 0.068    68.6 from 238 sources of KEPLER_30_11
r929622.fit  4.49  1.48 0.053    39.8 from   9 sources of KEPLER_30_11
r929623.fit  4.51  1.49 0.091    41.2 from  20 sources of KEPLER_30_11
r929624.fit  4.79  1.58 0.103    51.2 from 165 sources of KEPLER_30_11
r929625.fit  4.57  1.51 0.077    57.5 from 197 sources of KEPLER_30_11
r929626.fit  4.55  1.50 0.067    39.7 from  23 sources of KEPLER_30_11
r929627.fit  5.50  1.82 0.062    40.1 from  12 sources of KEPLER_30_11
r929628.fit  5.54  1.83 0.074    40.0 from  12 sources of KEPLER_30_11
r929629.fit  5.11  1.69 0.083    72.6 from 173 sources of KEPLER_30_11
r929630.fit  5.00  1.65 0.059    41.0 from  12 sources of KEPLER_30_11
r929631.fit  5.66  1.87 0.090    68.6 from  64 sources of KEPLER_30_11
r929632.fit  5.49  1.81 0.083    51.7 from  23 sources of KEPLER_30_11
r929633.fit  5.13  1.69 0.125    43.7 from  17 sources of KEPLER_30_11
r929634.fit  4.00  1.32 0.100    64.0 from 241 sources of KEPLER_30_11
r929635.fit  5.33  1.76 0.120    50.9 from 159 sources of KEPLER_30_11
r929636.fit  6.31  2.08 0.080    48.7 from  65 sources of KEPLER_30_11
r929637.fit  9.30  3.07 0.321    49.2 from  54 sources of KEPLER_30_11
r929638.fit  5.88  1.94 0.105    60.3 from  22 sources of KEPLER_30_11
r929639.fit  6.76  2.23 0.180    58.8 from  19 sources of KEPLER_30_11
r929640.fit  5.61  1.85 0.082    56.4 from  24 sources of KEPLER_30_11
r929641.fit  5.49  1.81 0.104    56.9 from  23 sources of KEPLER_30_11
r929642.fit  5.74  1.89 0.081    59.5 from  75 sources of KEPLER_30_11
r929643.fit  4.32  1.43 0.123   141.4 from 202 sources of M31
r929644.fit  5.50  1.82 0.070    65.5 from  26 sources of ID1892
r929645.fit  5.64  1.86 0.067    64.8 from  23 sources of ID1892
r929646.fit  4.60  1.52 0.084    65.3 from  25 sources of ID1892
r929647.fit  6.49  2.14 0.094    62.9 from  22 sources of ID1892
r929648.fit  6.25  2.06 0.059    79.8 from  37 sources of ID1892
r929649.fit  6.04  1.99 0.068    80.5 from  38 sources of ID1892
r929650.fit  6.19  2.04 0.093    79.6 from  37 sources of ID1892
r929651.fit  6.29  2.08 0.094    80.6 from  37 sources of ID1892
r929652.fit  5.77  1.90 0.089   121.8 from  83 sources of ID1892
r929653.fit  5.07  1.67 0.062   118.4 from  89 sources of ID1892
r929654.fit  6.13  2.02 0.188   129.2 from  36 sources of ID1892
r929655.fit  5.98  1.97 0.199   188.2 from  72 sources of ID1892
r929656.fit  5.00  1.65 0.080   187.0 from  84 sources of ID1892
r929657.fit  5.00  1.65 0.122   186.8 from  88 sources of ID1892
r929658.fit  6.08  2.01 0.107    48.7 from  11 sources of ID1892
r929659.fit  5.60  1.85 0.122    46.8 from  14 sources of ID1892
r929660.fit  4.53  1.49 0.136    54.4 from  13 sources of ID1892
r929661.fit  4.54  1.50 0.111    50.2 from   9 sources of ID1892
r929662.fit  6.02  1.99 0.104    48.1 from  15 sources of ID1892
r929663.fit  4.51  1.49 0.289    48.9 from   8 sources of ID1892
r929664.fit is not a target (BIAS)
r929665.fit is not a target (BIAS)
r929666.fit is not a target (BIAS)
r929667.fit is not a target (BIAS)
r929668.fit is not a target (BIAS)
r929669.fit is not a target (BIAS)
r929670.fit is not a target (BIAS)
r929671.fit is not a target (BIAS)
r929672.fit is not a target (BIAS)
r929673.fit is not a target (BIAS)
r929674.fit is not a target (BIAS)
