r945931.fit is not a target (BIAS)
r945932.fit is not a target (BIAS)
r945933.fit is not a target (BIAS)
r945934.fit is not a target (BIAS)
r945935.fit is not a target (BIAS)
r945936.fit is not a target (BIAS)
r945937.fit is not a target (BIAS)
r945938.fit is not a target (BIAS)
r945939.fit is not a target (BIAS)
r945940.fit is not a target (BIAS)
r945941.fit is not a target (BIAS)
r945942.fit is not a target (BIAS)
r945943.fit is not a target (BIAS)
r945944.fit is not a target (BIAS)
r945945.fit is not a target (BIAS)
r945946.fit is not a target (FLAT)
r945947.fit is not a target (FLAT)
r945948.fit is not a target (FLAT)
r945949.fit is not a target (FLAT)
r945950.fit is not a target (FLAT)
r945951.fit is not a target (FLAT)
r945952.fit is not a target (FLAT)
r945953.fit is not a target (FLAT)
r945954.fit is not a target (FOCUS)
r945955.fit  4.83  1.59 0.052    27.8 from  23 sources of SA114 Ha
r945956.fit  6.08  2.01 0.045    60.6 from  28 sources of SA114 r
r945957.fit  4.26  1.41 0.039    39.9 from  21 sources of SA114 i
r945958.fit  4.75  1.57 0.063    33.5 from  37 sources of SA114 g
r945959.fit  4.72  1.56 0.086    30.5 from  12 sources of SA114 U
r945960.fit  4.06  1.34 0.086   372.2 from 200 sources of intphas_6772 Ha
r945961.fit  3.74  1.23 0.087   439.6 from 625 sources of intphas_6772 r
r945962.fit  3.36  1.11 0.090   427.9 from 668 sources of intphas_6772 i
r945963.fit  3.71  1.22 0.071   235.4 from 479 sources of intphas_6776 Ha
r945964.fit  3.89  1.28 0.080   233.0 from 1241 sources of intphas_6776 r
r945965.fit  3.25  1.07 0.097   248.1 from 1300 sources of intphas_6776 i
r945966.fit  3.43  1.13 0.074   227.9 from 545 sources of intphas_6776o Ha
r945967.fit  3.59  1.18 0.113   254.9 from 1415 sources of intphas_6776o r
r945968.fit  3.19  1.05 0.107   284.3 from 1426 sources of intphas_6776o i
r945969.fit  3.41  1.13 0.073   238.1 from 255 sources of intphas_6777 Ha
r945970.fit  3.62  1.19 0.067   263.5 from 594 sources of intphas_6777 r
r945971.fit  3.76  1.24 0.072   279.3 from 531 sources of intphas_6777 i
r945972.fit  3.46  1.14 0.095   239.5 from 238 sources of intphas_6777o Ha
r945973.fit  3.35  1.11 0.086   223.7 from 617 sources of intphas_6777o r
r945974.fit  2.96  0.98 0.104   264.1 from 786 sources of intphas_6777o i
r945975.fit  4.15  1.37 0.070   245.7 from 166 sources of intphas_6782 Ha
r945976.fit  3.98  1.31 0.060   300.4 from 421 sources of intphas_6782 r
r945977.fit  3.78  1.25 0.063   282.6 from 451 sources of intphas_6782 i
r945978.fit  3.32  1.10 0.081   240.1 from 216 sources of intphas_6782o Ha
r945979.fit  3.23  1.07 0.069   297.2 from 597 sources of intphas_6782o r
r945980.fit  3.51  1.16 0.090   278.9 from 534 sources of intphas_6782o i
r945981.fit  4.01  1.32 0.047   231.0 from 312 sources of intphas_6783 Ha
r945982.fit  3.83  1.26 0.071   291.5 from 969 sources of intphas_6783 r
r945983.fit  4.07  1.34 0.083   286.4 from 781 sources of intphas_6783 i
r945984.fit  3.81  1.26 0.095   234.8 from 335 sources of intphas_6783o Ha
r945985.fit  3.20  1.06 0.070   280.8 from 1206 sources of intphas_6783o r
r945986.fit  2.83  0.93 0.080   281.3 from 1236 sources of intphas_6783o i
r945987.fit  3.95  1.30 0.075   230.7 from 377 sources of intphas_6786 Ha
r945988.fit  3.40  1.12 0.090   274.9 from 1322 sources of intphas_6786 r
r945989.fit  3.37  1.11 0.081   285.7 from 1159 sources of intphas_6786 i
r945990.fit  3.65  1.20 0.109   232.2 from 451 sources of intphas_6786o Ha
r945991.fit  4.01  1.32 0.120   265.4 from 1002 sources of intphas_6786o r
r945992.fit  3.73  1.23 0.065   278.6 from 830 sources of intphas_6786o i
r945993.fit  4.68  1.54 0.070   233.2 from 212 sources of intphas_6357 Ha
r945994.fit  3.61  1.19 0.090   291.8 from 928 sources of intphas_6357 r
r945995.fit  3.65  1.20 0.067   275.9 from 796 sources of intphas_6357 i
r945996.fit  4.27  1.41 0.109   233.6 from 316 sources of intphas_6357o Ha
r945997.fit  3.75  1.24 0.116   250.0 from 987 sources of intphas_6357o r
r945998.fit  4.08  1.35 0.062   248.3 from 702 sources of intphas_6357o i
r945999.fit  3.95  1.30 0.063   233.6 from 183 sources of intphas_6580 Ha
r946000.fit  3.80  1.25 0.085   274.8 from 621 sources of intphas_6580 r
r946001.fit  4.17  1.38 0.113   271.6 from 485 sources of intphas_6580 i
r946002.fit  4.23  1.40 0.055   230.1 from 474 sources of intphas_6659o Ha
r946003.fit  4.34  1.43 0.077   246.4 from 1363 sources of intphas_6659o r
r946004.fit  3.51  1.16 0.111   280.9 from 1440 sources of intphas_6659o i
r946005.fit  4.37  1.44 0.076   230.0 from 550 sources of intphas_6692 Ha
r946006.fit  3.96  1.31 0.078   273.2 from 1802 sources of intphas_6692 r
r946007.fit  4.24  1.40 0.072   267.1 from 1096 sources of intphas_6692 i
r946008.fit  4.09  1.35 0.071   240.0 from 273 sources of intphas_6813o Ha
r946009.fit  3.96  1.31 0.075   273.8 from 794 sources of intphas_6813o r
r946010.fit  3.46  1.14 0.072   281.1 from 789 sources of intphas_6813o i
r946011.fit  3.52  1.16 0.066   242.1 from 291 sources of intphas_6814o Ha
r946012.fit  3.60  1.19 0.071   294.3 from 741 sources of intphas_6814o r
r946013.fit  3.12  1.03 0.105   283.6 from 897 sources of intphas_6814o i
r946014.fit  3.72  1.23 0.084   234.9 from 246 sources of intphas_6815 Ha
r946015.fit  3.77  1.24 0.057   292.8 from 575 sources of intphas_6815 r
r946016.fit  3.84  1.27 0.054   290.1 from 492 sources of intphas_6815 i
r946017.fit  4.32  1.43 0.057   240.0 from 158 sources of intphas_6827o Ha
r946018.fit  3.78  1.25 0.074   286.5 from 592 sources of intphas_6827o r
r946019.fit  4.09  1.35 0.055   274.9 from 434 sources of intphas_6827o i
r946020.fit  4.09  1.35 0.135   261.7 from 602 sources of intphas_6364o Ha
r946021.fit  3.63  1.20 0.102   250.1 from 1949 sources of intphas_6364o r
r946022.fit  2.93  0.97 0.082   294.5 from 1969 sources of intphas_6364o i
r946023.fit  3.76  1.24 0.065   253.3 from 240 sources of intphas_6383o Ha
r946024.fit  4.34  1.43 0.058   308.3 from 469 sources of intphas_6383o r
r946025.fit  3.79  1.25 0.065   293.1 from 612 sources of intphas_6383o i
r946026.fit  3.85  1.27 0.081   234.7 from 488 sources of intphas_6636o Ha
r946027.fit  3.34  1.10 0.071   258.5 from 1728 sources of intphas_6636o r
r946028.fit  3.52  1.16 0.064   273.0 from 1066 sources of intphas_6636o i
r946029.fit  4.44  1.47 0.105   235.7 from 320 sources of intphas_6641 Ha
r946030.fit  4.07  1.34 0.053   295.9 from 826 sources of intphas_6641 r
r946031.fit  3.77  1.24 0.071   270.6 from 818 sources of intphas_6641 i
r946032.fit  3.68  1.21 0.090   234.5 from 630 sources of intphas_6655 Ha
r946033.fit  3.61  1.19 0.064   282.5 from 1691 sources of intphas_6655 r
r946034.fit  3.56  1.17 0.062   271.1 from 1268 sources of intphas_6655 i
r946035.fit  3.87  1.28 0.082   233.9 from 605 sources of intphas_6680 Ha
r946036.fit  4.00  1.32 0.055   219.8 from 1365 sources of intphas_6680 r
r946037.fit  3.49  1.15 0.071   278.9 from 1205 sources of intphas_6680 i
r946038.fit  4.11  1.36 0.082   227.4 from 417 sources of intphas_6684 Ha
r946039.fit  4.30  1.42 0.096   261.4 from 1163 sources of intphas_6684 r
r946040.fit  3.51  1.16 0.068   265.2 from 1094 sources of intphas_6684 i
r946041.fit  4.16  1.37 0.104   236.1 from 427 sources of intphas_6684o Ha
r946042.fit  6.09  2.01 0.129   288.1 from 641 sources of intphas_6684o r
r946043.fit  3.68  1.21 0.098   279.8 from 1012 sources of intphas_6684o i
r946044.fit  4.83  1.59 0.084   222.9 from  22 sources of SA114 Ha
r946045.fit  3.98  1.31 0.039   241.7 from  48 sources of SA114 r
r946046.fit  4.64  1.53 0.074   228.9 from  19 sources of SA114 i
r946047.fit  4.48  1.48 0.094   224.5 from   9 sources of SA114 U
r946048.fit  5.22  1.72 0.029   229.6 from  30 sources of SA114 g
r946049.fit  6.37  2.10 0.114   230.8 from  17 sources of SA92 U
r946050.fit  5.36  1.77 0.034   241.9 from  27 sources of SA92 g
r946051.fit  7.86  2.59 0.139   230.3 from  16 sources of SA92 Ha
r946052.fit  4.43  1.46 0.033   259.7 from  41 sources of SA92 r
r946053.fit  5.38  1.78 0.051   246.1 from   9 sources of SA92 i
r946054.fit  6.19  2.04 0.078   232.0 from  16 sources of SA92 U
r946055.fit  4.03  1.33 0.067   232.0 from 217 sources of intphas_7220 Ha
r946056.fit  3.70  1.22 0.085   290.5 from 515 sources of intphas_7220 r
r946057.fit  3.33  1.10 0.102   281.4 from 582 sources of intphas_7220 i
r946058.fit  3.44  1.14 0.070   230.4 from 213 sources of intphas_7220o Ha
r946059.fit  3.83  1.26 0.062   286.1 from 426 sources of intphas_7220o r
r946060.fit  3.75  1.24 0.066   276.8 from 418 sources of intphas_7220o i
r946061.fit  4.01  1.32 0.079   230.3 from 439 sources of intphas_7222 Ha
r946062.fit  4.65  1.53 0.048   275.7 from 864 sources of intphas_7222 r
r946063.fit  3.71  1.22 0.091   270.9 from 852 sources of intphas_7222 i
r946064.fit  3.95  1.30 0.074   234.4 from 426 sources of intphas_7222o Ha
r946065.fit  4.10  1.35 0.084   273.3 from 1067 sources of intphas_7222o r
r946066.fit  3.72  1.23 0.066   264.8 from 878 sources of intphas_7222o i
r946067.fit  4.69  1.55 0.057   238.0 from 104 sources of intphas_6881 Ha
r946068.fit  4.00  1.32 0.045   298.9 from 316 sources of intphas_6881 r
r946069.fit  4.11  1.36 0.081   289.1 from 317 sources of intphas_6881 i
r946070.fit  4.17  1.38 0.046   221.7 from 360 sources of intphas_7010 Ha
r946071.fit  6.29  2.08 0.466   227.0 from 253 sources of intphas_7010 r
r946072.fit  3.64  1.20 0.079   283.0 from 941 sources of intphas_7010 i
r946073.fit  4.18  1.38 0.063   240.8 from 372 sources of intphas_7010o Ha
r946074.fit  4.27  1.41 0.080   283.8 from 974 sources of intphas_7010o r
r946075.fit  3.85  1.27 0.056   276.1 from 797 sources of intphas_7010o i
r946076.fit  4.40  1.45 0.107   508.7 from 253 sources of uvex_1852 r
r946077.fit  5.64  1.86 0.114   439.4 from  32 sources of uvex_1852 U
r946078.fit  5.06  1.67 0.075   456.0 from  97 sources of uvex_1852 g
r946079.fit  4.60  1.52 0.078   521.3 from 226 sources of uvex_1852o r
r946080.fit  5.65  1.86 0.120   441.4 from  27 sources of uvex_1852o U
r946081.fit  4.92  1.62 0.104   449.5 from  98 sources of uvex_1852o g
r946082.fit  5.34  1.76 0.116   520.7 from 263 sources of uvex_1862 r
r946083.fit  5.81  1.92 0.110   443.3 from  34 sources of uvex_1862 U
r946084.fit  4.76  1.57 0.100   451.3 from 150 sources of uvex_1862 g
r946085.fit  4.53  1.49 0.174   520.6 from 389 sources of uvex_1862o r
r946086.fit  6.20  2.05 0.114   442.9 from  31 sources of uvex_1862o U
r946087.fit  4.49  1.48 0.096   451.9 from 186 sources of uvex_1862o g
r946088.fit  4.24  1.40 0.105   523.8 from 267 sources of uvex_1866 r
r946089.fit  5.70  1.88 0.106   442.4 from  35 sources of uvex_1866 U
r946090.fit  4.28  1.41 0.124   457.1 from 121 sources of uvex_1866 g
r946091.fit  4.90  1.62 0.101   511.3 from 212 sources of uvex_1866o r
r946092.fit  5.69  1.88 0.125   437.3 from  38 sources of uvex_1866o U
r946093.fit  5.14  1.70 0.092   456.1 from  90 sources of uvex_1866o g
r946094.fit  4.29  1.42 0.102   499.1 from 305 sources of uvex_1871 r
r946095.fit  6.19  2.04 0.103   436.2 from  34 sources of uvex_1871 U
r946096.fit  4.71  1.55 0.090   453.2 from 133 sources of uvex_1871 g
r946097.fit  4.25  1.40 0.120   500.4 from 285 sources of uvex_1871o r
r946098.fit  5.55  1.83 0.096   439.4 from  42 sources of uvex_1871o U
r946099.fit  4.53  1.49 0.117   459.0 from 127 sources of uvex_1871o g
r946100.fit  4.16  1.37 0.118   486.0 from 274 sources of uvex_1882 r
r946101.fit  5.36  1.77 0.092   439.2 from  30 sources of uvex_1882 U
r946102.fit  5.01  1.65 0.099   457.5 from  77 sources of uvex_1882 g
r946103.fit  5.18  1.71 0.153   501.8 from 203 sources of uvex_1882o r
r946104.fit  5.51  1.82 0.096   438.5 from  30 sources of uvex_1882o U
r946105.fit  4.64  1.53 0.091   454.2 from 107 sources of uvex_1882o g
r946106.fit  4.26  1.41 0.115   512.3 from 256 sources of uvex_1886 r
r946107.fit  5.34  1.76 0.128   438.6 from  37 sources of uvex_1886 U
r946108.fit  4.37  1.44 0.097   457.4 from 132 sources of uvex_1886 g
r946109.fit  4.82  1.59 0.108   516.6 from 231 sources of uvex_1886o r
r946110.fit  5.64  1.86 0.104   437.6 from  38 sources of uvex_1886o U
r946111.fit  4.42  1.46 0.078   454.9 from 145 sources of uvex_1886o g
r946112.fit  4.16  1.37 0.073   510.1 from 280 sources of uvex_1902 r
r946113.fit  5.26  1.74 0.079   437.4 from  30 sources of uvex_1902 U
r946114.fit  4.40  1.45 0.096   450.3 from 141 sources of uvex_1902 g
r946115.fit  4.80  1.58 0.073   508.4 from 257 sources of uvex_1902o r
r946116.fit  5.05  1.67 0.111   437.6 from  35 sources of uvex_1902o U
r946117.fit  4.45  1.47 0.119   455.0 from 145 sources of uvex_1902o g
r946118.fit  4.57  1.51 0.076   507.6 from 243 sources of uvex_1906 r
r946119.fit  5.57  1.84 0.076   438.3 from  49 sources of uvex_1906 U
r946120.fit  4.39  1.45 0.119   456.8 from 149 sources of uvex_1906 g
r946121.fit  5.04  1.66 0.121   509.2 from 246 sources of uvex_1906o r
r946122.fit  5.53  1.82 0.105   439.3 from  44 sources of uvex_1906o U
r946123.fit  4.86  1.60 0.087   456.7 from 142 sources of uvex_1906o g
r946124.fit  4.88  1.61 0.086   503.8 from 259 sources of uvex_1921 r
r946125.fit  5.72  1.89 0.093   440.9 from  34 sources of uvex_1921 U
r946126.fit  5.56  1.83 0.069   455.1 from 118 sources of uvex_1921 g
r946127.fit  4.34  1.43 0.107   487.2 from 299 sources of uvex_1921o r
r946128.fit  5.54  1.83 0.078   441.0 from  33 sources of uvex_1921o U
r946129.fit  4.46  1.47 0.058   460.1 from 152 sources of uvex_1921o g
r946130.fit  5.06  1.67 0.066   513.7 from 400 sources of uvex_1605 r
r946131.fit  5.85  1.93 0.052   443.1 from  48 sources of uvex_1605 U
r946132.fit  6.05  2.00 0.043   463.8 from 169 sources of uvex_1605 g
r946133.fit  4.93  1.63 0.094   487.8 from 400 sources of uvex_1605o r
r946134.fit  5.37  1.77 0.086   445.8 from  50 sources of uvex_1605o U
r946135.fit  4.91  1.62 0.067   450.7 from 237 sources of uvex_1605o g
r946136.fit  4.32  1.43 0.112   482.2 from 472 sources of uvex_1606 r
r946137.fit  6.17  2.04 0.064   441.7 from  45 sources of uvex_1606 U
r946138.fit  6.82  2.25 0.053   460.3 from 114 sources of uvex_1606 g
r946139.fit  7.21  2.38 0.033   513.6 from 196 sources of uvex_1606o r
r946140.fit  6.71  2.21 0.030   442.7 from  41 sources of uvex_1606o U
r946141.fit  5.28  1.74 0.077   445.8 from 211 sources of uvex_1606o g
r946142.fit  6.31  2.08 0.039   232.9 from  15 sources of SA92 U
r946143.fit  6.65  2.19 0.043   246.2 from  22 sources of SA92 g
r946144.fit  5.98  1.97 0.055   228.4 from  17 sources of SA92 Ha
r946145.fit  5.55  1.83 0.087   268.3 from  30 sources of SA92 r
r946146.fit  4.71  1.55 0.133   229.4 from  10 sources of SA92 i
r946147.fit  4.44  1.47 0.077   339.9 from  22 sources of SA95 U
r946148.fit  6.48  2.14 0.083   387.6 from  57 sources of SA95 g
r946149.fit  5.71  1.88 0.073   277.9 from  33 sources of SA95 Ha
r946150.fit  5.85  1.93 0.031   412.1 from  37 sources of SA95 r
r946151.fit  3.69  1.22 0.062   430.4 from  64 sources of SA95 i
r946152.fit  4.47  1.48 0.049   507.0 from 292 sources of uvex_1610 r
r946153.fit  6.07  2.00 0.041   387.7 from  28 sources of uvex_1610 U
r946154.fit  6.54  2.16 0.048   424.4 from  82 sources of uvex_1610 g
r946155.fit  4.03  1.33 0.040   484.5 from 347 sources of uvex_1610o r
r946156.fit  5.83  1.92 0.033   393.0 from  27 sources of uvex_1610o U
r946157.fit  5.23  1.73 0.060   406.0 from 109 sources of uvex_1610o g
r946158.fit  4.57  1.51 0.055   465.1 from 467 sources of uvex_1611 r
r946159.fit  5.99  1.98 0.042   401.1 from  92 sources of uvex_1611 U
r946160.fit  4.62  1.52 0.053   417.3 from 327 sources of uvex_1611 g
r946161.fit  5.28  1.74 0.093   476.5 from 453 sources of uvex_1611o r
r946162.fit  5.82  1.92 0.087   403.2 from  92 sources of uvex_1611o U
r946163.fit  4.02  1.33 0.061   417.8 from 428 sources of uvex_1611o g
r946164.fit  3.42  1.13 0.076   447.7 from 457 sources of uvex_1614 r
r946165.fit  5.33  1.76 0.063   403.7 from  43 sources of uvex_1614 U
r946166.fit  5.89  1.94 0.062   421.6 from 114 sources of uvex_1614 g
r946167.fit  4.27  1.41 0.057   475.8 from 326 sources of uvex_1614o r
r946168.fit  5.34  1.76 0.041   389.6 from  41 sources of uvex_1614o U
r946169.fit  4.68  1.54 0.061   401.2 from 160 sources of uvex_1614o g
r946170.fit  4.46  1.47 0.119   437.9 from 590 sources of uvex_1620 r
r946171.fit  4.79  1.58 0.057   388.7 from 118 sources of uvex_1620 U
r946172.fit  4.48  1.48 0.083   375.5 from 348 sources of uvex_1620 g
r946173.fit  4.24  1.40 0.104   451.1 from 537 sources of uvex_1620o r
r946174.fit  5.00  1.65 0.085   385.2 from  84 sources of uvex_1620o U
r946175.fit  3.88  1.28 0.042   369.9 from 363 sources of uvex_1620o g
r946176.fit  3.68  1.21 0.056   368.6 from 381 sources of uvex_1621 r
r946177.fit  5.45  1.80 0.140   289.7 from  37 sources of uvex_1621 U
r946178.fit  4.19  1.38 0.052   258.6 from 160 sources of uvex_1621 g
r946179.fit  4.59  1.51 0.074   311.2 from 328 sources of uvex_1621o r
r946180.fit  5.60  1.85 0.063   240.7 from  44 sources of uvex_1621o U
r946181.fit  4.48  1.48 0.072   254.0 from 202 sources of uvex_1621o g
r946182.fit  4.03  1.33 0.067   321.8 from 418 sources of uvex_1171 r
r946183.fit  4.45  1.47 0.049   242.0 from  23 sources of uvex_1171 U
r946184.fit  5.73  1.89 0.042   256.3 from 129 sources of uvex_1171 g
r946185.fit  5.15  1.70 0.063   320.2 from 187 sources of uvex_1266o r
r946186.fit  6.07  2.00 0.067   241.8 from  36 sources of uvex_1266o U
r946187.fit  5.05  1.67 0.085   255.1 from 119 sources of uvex_1266o g
r946188.fit  4.08  1.35 0.048   297.2 from 212 sources of uvex_1268 r
r946189.fit  6.63  2.19 0.024   286.6 from  25 sources of SA95 i
r946190.fit  6.25  2.06 0.076   278.3 from  34 sources of SA95 r
r946191.fit  6.85  2.26 0.025   247.2 from  33 sources of SA95 Ha
r946192.fit 11.27  3.72 0.029   279.6 from  27 sources of SA95 g
r946193.fit  4.25  1.40 0.056   247.8 from  18 sources of SA95 U
r946194.fit  7.54  2.49 0.074   427.3 from  63 sources of SA98 U
r946195.fit  6.25  2.06 0.046   444.7 from 278 sources of SA98 g
r946196.fit  5.77  1.90 0.086   429.5 from 112 sources of SA98 Ha
r946197.fit  7.91  2.61 0.063   455.5 from 132 sources of SA98 r
r946198.fit  5.69  1.88 0.089   452.0 from 120 sources of SA98 i
r946199.fit  5.97  1.97 0.065   502.5 from 435 sources of uvex_3112 r
r946200.fit  7.40  2.44 0.081   411.3 from  59 sources of uvex_3112 U
r946201.fit  8.00  2.64 0.027   434.1 from 186 sources of uvex_3112 g
r946202.fit  6.26  2.07 0.082   500.5 from 378 sources of uvex_3112o r
r946203.fit  7.30  2.41 0.061   411.2 from  55 sources of uvex_3112o U
r946204.fit  6.57  2.17 0.058   389.0 from 266 sources of uvex_3112o g
r946205.fit  5.17  1.71 0.071   496.9 from 285 sources of uvex_3123 r
r946206.fit  8.79  2.90 0.057   382.5 from  46 sources of uvex_3123 U
r946207.fit  6.17  2.04 0.031   417.6 from 153 sources of uvex_3123 g
r946208.fit  5.24  1.73 0.075   487.4 from 305 sources of uvex_3123o r
r946209.fit  6.80  2.24 0.060   395.6 from  60 sources of uvex_3123o U
r946210.fit  6.21  2.05 0.062   419.3 from 162 sources of uvex_3123o g
r946211.fit  5.41  1.79 0.068   446.6 from 503 sources of uvex_3125 r
r946212.fit  8.16  2.69 0.041   393.3 from  47 sources of uvex_3125 U
r946213.fit  4.93  1.63 0.054   409.7 from 381 sources of uvex_3125 g
r946214.fit  6.60  2.18 0.058   476.4 from 313 sources of uvex_3125o r
r946215.fit  8.42  2.78 0.043   392.2 from  59 sources of uvex_3125o U
r946216.fit  5.21  1.72 0.052   416.0 from 327 sources of uvex_3125o g
r946217.fit  5.14  1.70 0.043   454.6 from 449 sources of uvex_3127 r
r946218.fit  7.69  2.54 0.070   392.7 from  52 sources of uvex_3127 U
r946219.fit  5.84  1.93 0.063   412.9 from 287 sources of uvex_3127 g
r946220.fit  6.54  2.16 0.083   472.3 from 324 sources of uvex_3127o r
r946221.fit  8.01  2.64 0.084   392.5 from  50 sources of uvex_3127o U
r946222.fit  5.30  1.75 0.044   409.2 from 330 sources of uvex_3127o g
r946223.fit  6.99  2.31 0.039   477.1 from 189 sources of uvex_3137 r
r946224.fit  8.55  2.82 0.080   383.4 from  46 sources of uvex_3137 U
r946225.fit  6.44  2.13 0.055   413.8 from 148 sources of uvex_3137 g
r946226.fit  6.14  2.03 0.096   479.4 from 248 sources of uvex_3137o r
r946227.fit  9.07  2.99 0.094   391.1 from  46 sources of uvex_3137o U
r946228.fit  6.86  2.26 0.035   414.3 from 125 sources of uvex_3137o g
r946229.fit  5.05  1.67 0.059   370.0 from 507 sources of uvex_3139 r
r946230.fit  9.93  3.28 0.028   370.6 from  61 sources of uvex_3139 U
r946231.fit  8.26  2.73 0.052   401.4 from 180 sources of uvex_3139 g
r946232.fit 10.44  3.45 0.043   471.1 from 162 sources of uvex_3139o r
r946233.fit  8.65  2.85 0.038   381.7 from  71 sources of uvex_3139o U
r946234.fit  6.64  2.19 0.036   412.6 from 234 sources of uvex_3139o g
r946235.fit  6.15  2.03 0.046   402.9 from 313 sources of uvex_3140 r
r946236.fit  7.80  2.57 0.036   388.2 from  52 sources of uvex_3140 U
r946237.fit  5.68  1.87 0.075   376.2 from 265 sources of uvex_3140 g
r946238.fit  6.06  2.00 0.110   458.0 from 368 sources of uvex_3140o r
r946239.fit  7.86  2.59 0.053   375.4 from  53 sources of uvex_3140o U
r946240.fit  6.21  2.05 0.032   353.4 from 212 sources of uvex_3140o g
r946241.fit  5.60  1.85 0.055   445.3 from 240 sources of uvex_3150 r
r946242.fit  7.65  2.52 0.048   343.5 from  51 sources of uvex_3150 U
r946243.fit  5.41  1.79 0.072   345.7 from 196 sources of uvex_3150 g
r946244.fit  5.52  1.82 0.036   387.4 from 253 sources of uvex_3150o r
r946245.fit  6.55  2.16 0.038   280.3 from  66 sources of uvex_3150o U
r946246.fit  5.89  1.94 0.072   270.4 from 172 sources of uvex_3150o g
r946247.fit  5.79  1.91 0.030   324.5 from 291 sources of uvex_3152 r
r946248.fit  6.97  2.30 0.048   242.3 from  63 sources of uvex_3152 U
r946249.fit  8.08  2.67 0.049   260.7 from 136 sources of uvex_3152 g
r946250.fit  6.52  2.15 0.071   322.3 from 260 sources of uvex_3152o r
r946251.fit  7.22  2.38 0.059   238.6 from  58 sources of uvex_3152o U
r946252.fit  5.63  1.86 0.047   252.0 from 233 sources of uvex_3152o g
r946253.fit  4.60  1.52 0.061   276.6 from 514 sources of uvex_3153 r
r946254.fit  7.81  2.58 0.031   236.7 from  62 sources of uvex_3153 U
r946255.fit  6.01  1.98 0.084   253.2 from 275 sources of uvex_3153 g
r946256.fit  4.15  1.37 0.046   285.1 from 553 sources of uvex_3153o r
r946257.fit  6.46  2.13 0.077   234.6 from  81 sources of uvex_3153o U
r946258.fit  4.82  1.59 0.043   254.6 from 324 sources of uvex_3153o g
r946259.fit  5.06  1.67 0.086   311.9 from 551 sources of uvex_3154 r
r946260.fit  5.68  1.87 0.075   236.2 from 109 sources of uvex_3154 U
r946261.fit  5.11  1.69 0.048   255.4 from 399 sources of uvex_3154 g
r946262.fit  4.39  1.45 0.056   282.2 from 614 sources of uvex_3154o r
r946263.fit  5.64  1.86 0.051   236.3 from  98 sources of uvex_3154o U
r946264.fit  4.67  1.54 0.045   249.5 from 433 sources of uvex_3154o g
r946265.fit  5.73  1.89 0.064   321.0 from 264 sources of uvex_3163 r
r946266.fit  6.35  2.10 0.050   239.1 from  66 sources of uvex_3163 U
r946267.fit  5.60  1.85 0.041   259.7 from 176 sources of uvex_3163 g
r946268.fit  3.61  1.19 0.067   319.1 from 599 sources of uvex_3163o r
r946269.fit  6.11  2.02 0.049   235.4 from  71 sources of uvex_3163o U
r946270.fit  5.15  1.70 0.088   259.6 from 245 sources of uvex_3163o g
r946271.fit  6.73  2.22 0.073   303.2 from 238 sources of uvex_3165 r
r946272.fit  6.98  2.30 0.044   232.4 from  64 sources of uvex_3165 U
r946273.fit  6.26  2.07 0.034   257.8 from 182 sources of uvex_3165 g
r946274.fit  6.24  2.06 0.038   316.0 from 285 sources of uvex_3165o r
r946275.fit  6.42  2.12 0.046   239.0 from  60 sources of uvex_3165o U
r946276.fit  5.46  1.80 0.060   255.7 from 252 sources of uvex_3165o g
r946277.fit  5.42  1.79 0.090   231.0 from 353 sources of uvex_3166 r
r946278.fit  5.55  1.83 0.032   237.7 from  74 sources of uvex_3166 U
r946279.fit  6.80  2.24 0.045   220.3 from 181 sources of uvex_3166 g
r946280.fit  6.18  2.04 0.035   314.3 from 254 sources of uvex_3166o r
r946281.fit  6.81  2.25 0.033   234.7 from  61 sources of uvex_3166o U
r946282.fit  5.67  1.87 0.041   258.3 from 232 sources of uvex_3166o g
r946283.fit  7.16  2.36 0.108   312.5 from 293 sources of uvex_3168 r
r946284.fit  7.70  2.54 0.057   232.8 from  42 sources of uvex_3168 U
r946285.fit  4.67  1.54 0.127   215.5 from   7 sources of uvex_3168 g
r946286.fit no objects found
r946287.fit  7.80  2.57 0.029   174.7 from 162 sources of uvex_3178 r
r946288.fit  7.47  2.47 0.058    89.5 from  48 sources of uvex_3178 U
r946289.fit  6.34  2.09 0.057   260.8 from 162 sources of uvex_3178 g
r946290.fit  5.15  1.70 0.029   275.6 from 329 sources of uvex_3178o r
r946291.fit  6.50  2.15 0.039   243.4 from  60 sources of uvex_3178o U
r946292.fit  6.51  2.15 0.052   244.8 from 181 sources of uvex_3178o g
r946293.fit  5.72  1.89 0.042   326.2 from 386 sources of uvex_3181 r
r946294.fit  6.91  2.28 0.066   236.8 from  66 sources of uvex_3181 U
r946295.fit  6.49  2.14 0.067   260.6 from 258 sources of uvex_3181 g
r946296.fit  6.17  2.04 0.058   325.5 from 365 sources of uvex_3181o r
r946297.fit  8.01  2.64 0.028   235.8 from  60 sources of uvex_3181o U
r946298.fit  6.64  2.19 0.041   257.8 from 247 sources of uvex_3181o g
r946299.fit  4.96  1.64 0.045   270.1 from 433 sources of uvex_3193 r
r946300.fit  8.05  2.66 0.035   238.8 from  56 sources of uvex_3193 U
r946301.fit  6.32  2.09 0.052   268.2 from 204 sources of uvex_3193 g
r946302.fit  5.39  1.78 0.039   302.7 from 401 sources of uvex_3193o r
r946303.fit  7.57  2.50 0.033   242.9 from  61 sources of uvex_3193o U
r946304.fit  7.05  2.33 0.058   245.6 from 209 sources of uvex_3193o g
r946305.fit  5.99  1.98 0.049   335.8 from 284 sources of uvex_3194 r
r946306.fit  7.17  2.37 0.050   250.2 from  46 sources of uvex_3194 U
r946307.fit  7.80  2.57 0.054   256.7 from 144 sources of uvex_3194 g
r946308.fit  6.45  2.13 0.056   349.7 from 267 sources of uvex_3194o r
r946309.fit  7.85  2.59 0.035   276.1 from  51 sources of uvex_3194o U
r946310.fit  7.50  2.48 0.051   375.8 from 157 sources of uvex_3194o g
r946311.fit  6.84  2.26 0.039   410.6 from 310 sources of uvex_3197 r
r946312.fit  7.76  2.56 0.057   339.0 from  53 sources of uvex_3197 U
r946313.fit  6.71  2.21 0.036   564.0 from 252 sources of uvex_3197 g
r946314.fit  8.04  2.65 0.049   545.2 from 262 sources of uvex_3197o r
r946315.fit  8.05  2.66 0.027   473.7 from  63 sources of uvex_3197o U
r946316.fit  9.03  2.98 0.046  1005.0 from 174 sources of uvex_3197o g
r946317.fit  9.42  3.11 0.038   489.7 from  38 sources of SA98 U
r946318.fit  7.68  2.53 0.044  1082.8 from 194 sources of SA98 g
r946319.fit  5.73  1.89 0.030   448.8 from 105 sources of SA98 Ha
r946320.fit  7.09  2.34 0.066   735.5 from 149 sources of SA98 r
r946321.fit  8.05  2.66 0.034   622.3 from  54 sources of SA98 i
r946322.fit is not a target (FLAT)
r946323.fit is not a target (FLAT)
r946324.fit is not a target (FLAT)
r946325.fit is not a target (FLAT)
r946326.fit is not a target (FLAT)
r946327.fit is not a target (FLAT)
r946328.fit is not a target (FLAT)
r946329.fit is not a target (FLAT)
r946330.fit is not a target (FLAT)
