r922627.fit is not a target (BIAS)
r922628.fit is not a target (FLAT)
r922629.fit is not a target (BIAS)
r922630.fit is not a target (BIAS)
r922631.fit is not a target (BIAS)
r922632.fit is not a target (BIAS)
r922633.fit is not a target (BIAS)
r922634.fit is not a target (BIAS)
r922635.fit is not a target (BIAS)
r922636.fit is not a target (BIAS)
r922637.fit is not a target (BIAS)
r922638.fit is not a target (BIAS)
r922639.fit is not a target (BIAS)
r922640.fit is not a target (BIAS)
r922641.fit is not a target (BIAS)
r922642.fit is not a target (BIAS)
r922643.fit is not a target (BIAS)
r922644.fit is not a target (BIAS)
r922645.fit is not a target (BIAS)
r922646.fit is not a target (BIAS)
r922647.fit is not a target (BIAS)
r922648.fit is not a target (BIAS)
r922649.fit is not a target (BIAS)
r922650.fit is not a target (BIAS)
r922651.fit is not a target (BIAS)
r922652.fit is not a target (BIAS)
r922653.fit is not a target (BIAS)
r922654.fit is not a target (BIAS)
r922655.fit is not a target (BIAS)
r922656.fit is not a target (BIAS)
r922657.fit is not a target (BIAS)
r922658.fit is not a target (BIAS)
r922659.fit is not a target (BIAS)
r922660.fit is not a target (BIAS)
r922661.fit is not a target (BIAS)
r922662.fit is not a target (BIAS)
r922663.fit is not a target (BIAS)
r922664.fit is not a target (BIAS)
r922665.fit is not a target (BIAS)
r922666.fit is not a target (BIAS)
r922667.fit is not a target (BIAS)
r922668.fit is not a target (BIAS)
r922669.fit is not a target (BIAS)
r922670.fit is not a target (BIAS)
r922671.fit is not a target (BIAS)
r922672.fit is not a target (BIAS)
r922673.fit is not a target (BIAS)
r922674.fit is not a target (BIAS)
r922675.fit is not a target (BIAS)
r922676.fit is not a target (BIAS)
r922678.fit is not a target (BIAS)
r922679.fit is not a target (BIAS)
r922680.fit is not a target (BIAS)
r922681.fit is not a target (FLAT)
r922682.fit is not a target (FLAT)
r922683.fit is not a target (FLAT)
r922684.fit is not a target (FLAT)
r922685.fit is not a target (FLAT)
r922686.fit is not a target (FLAT)
r922687.fit is not a target (FLAT)
r922688.fit is not a target (FLAT)
r922689.fit is not a target (FLAT)
r922690.fit is not a target (FLAT)
r922691.fit is not a target (FLAT)
r922692.fit is not a target (FLAT)
r922693.fit is not a target (FLAT)
r922694.fit is not a target (FLAT)
r922695.fit is not a target (FLAT)
r922696.fit is not a target (FLAT)
r922697.fit is not a target (FLAT)
r922698.fit is not a target (FLAT)
r922699.fit is not a target (FLAT)
r922700.fit is not a target (FLAT)
r922701.fit is not a target (FLAT)
r922702.fit is not a target (FLAT)
r922703.fit is not a target (FLAT)
r922704.fit is not a target (FLAT)
r922705.fit is not a target (FLAT)
r922706.fit is not a target (FLAT)
r922707.fit is not a target (FLAT)
r922708.fit is not a target (FLAT)
r922709.fit is not a target (FLAT)
r922710.fit is not a target (SKY)
r922711.fit is not a target (SKY)
r922712.fit is not a target (SKY)
r922713.fit is not a target (SKY)
r922714.fit is not a target (SKY)
r922715.fit is not a target (SKY)
r922716.fit is not a target (SKY)
r922717.fit is not a target (SKY)
r922718.fit is not a target (SKY)
r922719.fit is not a target (SKY)
r922720.fit is not a target (SKY)
r922721.fit is not a target (SKY)
r922722.fit is not a target (SKY)
r922723.fit is not a target (SKY)
r922724.fit is not a target (SKY)
r922725.fit is not a target (SKY)
r922726.fit is not a target (SKY)
r922727.fit is not a target (SKY)
r922728.fit is not a target (SKY)
r922729.fit is not a target (SKY)
r922730.fit is not a target (SKY)
r922731.fit is not a target (SKY)
r922732.fit is not a target (SKY)
r922733.fit is not a target (SKY)
r922734.fit is not a target (SKY)
r922735.fit is not a target (SKY)
r922736.fit is not a target (FOCUS)
r922737.fit  4.16  1.37 0.184  1729.6 from 672 sources of V380_OPH
r922738.fit  2.38  0.79 0.166 18760.2 from 2707 sources of V380_OPH
r922739.fit  2.01  0.66 0.142  9052.8 from 1479 sources of V380_OPH
r922740.fit  2.20  0.73 0.171  5333.7 from 1044 sources of V380_OPH
r922741.fit  1.90  0.63 0.133  5336.6 from 1160 sources of V380_OPH
r922742.fit  1.93  0.64 0.097  5416.8 from 1171 sources of V380_OPH
r922743.fit  1.86  0.61 0.102  5427.3 from 1198 sources of V380_OPH
r922744.fit  1.93  0.64 0.116  5372.1 from 1161 sources of V380_OPH
r922745.fit  2.20  0.73 0.168  5315.2 from 1081 sources of V380_OPH
r922746.fit  3.08  1.02 0.257  5369.2 from 877 sources of V380_OPH
r922747.fit  1.91  0.63 0.111  6447.0 from 1152 sources of V380_OPH
r922748.fit  2.29  0.76 0.186  5393.3 from 1047 sources of V380_OPH
r922749.fit  2.31  0.76 0.178  5470.1 from 1028 sources of V380_OPH
r922750.fit  2.10  0.69 0.162  5444.3 from 1137 sources of V380_OPH
r922751.fit  2.48  0.82 0.239    22.9 from 1025 sources of V380_OPH
r922752.fit  2.28  0.75 0.176  5503.5 from 1034 sources of V380_OPH
r922753.fit  2.35  0.78 0.167  5579.4 from 1028 sources of V380_OPH
r922754.fit  2.06  0.68 0.122  6632.7 from 1085 sources of V380_OPH
r922755.fit  1.93  0.64 0.124  5574.7 from 1168 sources of V380_OPH
r922756.fit  1.84  0.61 0.097  6604.2 from 1197 sources of V380_OPH
r922757.fit  1.85  0.61 0.126  6613.1 from 1178 sources of V380_OPH
r922758.fit  1.86  0.61 0.122  6513.3 from 1238 sources of V380_OPH
r922759.fit  1.99  0.66 0.149    17.4 from 1124 sources of V380_OPH
r922760.fit  1.99  0.66 0.168  6644.5 from 1097 sources of V380_OPH
r922761.fit  2.19  0.72 0.176  5604.2 from 1058 sources of V380_OPH
r922762.fit  1.94  0.64 0.113  6669.7 from 1153 sources of V380_OPH
r922763.fit  2.52  0.83 0.217  5723.5 from 1005 sources of V380_OPH
r922764.fit  2.36  0.78 0.187    23.6 from 1011 sources of V380_OPH
r922765.fit  2.50  0.83 0.196  5738.5 from 987 sources of V380_OPH
r922766.fit  2.50  0.83 0.185  5761.2 from 980 sources of V380_OPH
r922767.fit  2.19  0.72 0.150  6780.9 from 1072 sources of V380_OPH
r922768.fit  2.16  0.71 0.155  5804.2 from 1040 sources of V380_OPH
r922769.fit  1.73  0.57 0.094  6889.9 from 1236 sources of V380_OPH
r922770.fit  1.95  0.64 0.115  6938.5 from 1134 sources of V380_OPH
r922771.fit  1.85  0.61 0.094  6976.0 from 1147 sources of V380_OPH
r922772.fit  1.87  0.62 0.122  7012.0 from 1131 sources of V380_OPH
r922773.fit  2.23  0.74 0.174  5906.4 from 1014 sources of V380_OPH
r922774.fit  1.89  0.62 0.112  7129.1 from 1140 sources of V380_OPH
r922775.fit  2.00  0.66 0.135  6061.2 from 1111 sources of V380_OPH
r922776.fit  1.94  0.64 0.117  7145.9 from 1118 sources of V380_OPH
r922777.fit  1.68  0.55 0.090  7152.0 from 1229 sources of V380_OPH
r922778.fit  1.85  0.61 0.117  7157.4 from 1170 sources of V380_OPH
r922779.fit  2.57  0.85 0.206  6086.4 from 933 sources of V380_OPH
r922780.fit  2.07  0.68 0.169  6060.9 from 1079 sources of V380_OPH
r922781.fit  2.12  0.70 0.159  7180.1 from 1063 sources of V380_OPH
r922782.fit  2.02  0.67 0.154  7221.7 from 1108 sources of V380_OPH
r922783.fit  2.35  0.78 0.178  6117.8 from 933 sources of V380_OPH
r922784.fit  1.96  0.65 0.146  6115.9 from 1117 sources of V380_OPH
r922785.fit  1.82  0.60 0.152  7272.0 from 1192 sources of V380_OPH
r922786.fit  2.21  0.73 0.178  6187.1 from 1032 sources of V380_OPH
r922787.fit  1.77  0.58 0.075  6161.2 from 1145 sources of V380_OPH
r922788.fit  1.77  0.58 0.087  6201.6 from 1160 sources of V380_OPH
r922789.fit  1.70  0.56 0.097  7352.3 from 1179 sources of V380_OPH
r922790.fit  1.69  0.56 0.103  7325.7 from 1209 sources of V380_OPH
r922791.fit  1.76  0.58 0.126  6131.7 from 1166 sources of V380_OPH
r922792.fit  1.70  0.56 0.108  7211.8 from 1194 sources of V380_OPH
r922793.fit  1.78  0.59 0.121  6224.4 from 1161 sources of V380_OPH
r922794.fit  2.21  0.73 0.185  6233.2 from 1042 sources of V380_OPH
r922795.fit  2.50  0.83 0.218  6220.7 from 985 sources of V380_OPH
r922796.fit  1.93  0.64 0.117  6201.6 from 1078 sources of V380_OPH
r922797.fit  2.44  0.81 0.192  6383.8 from 983 sources of V380_OPH
r922798.fit  2.08  0.69 0.131  6593.7 from 977 sources of V380_OPH
r922799.fit  2.06  0.68 0.153  6234.0 from 1059 sources of V380_OPH
r922800.fit  1.92  0.63 0.136  6185.6 from 1166 sources of V380_OPH
r922801.fit  1.74  0.57 0.133  7311.2 from 1264 sources of V380_OPH
r922802.fit  1.66  0.55 0.115  7314.2 from 1279 sources of V380_OPH
r922803.fit  1.60  0.53 0.104  7327.0 from 1308 sources of V380_OPH
r922804.fit  1.74  0.57 0.117  7385.9 from 1240 sources of V380_OPH
r922805.fit  1.64  0.54 0.106  6307.1 from 1306 sources of V380_OPH
r922806.fit  1.90  0.63 0.136  6321.8 from 1116 sources of V380_OPH
r922807.fit  1.97  0.65 0.155  6300.4 from 1137 sources of V380_OPH
r922808.fit  1.84  0.61 0.147  7496.0 from 1194 sources of V380_OPH
r922809.fit  1.92  0.63 0.153  7386.1 from 1152 sources of V380_OPH
r922810.fit  1.83  0.60 0.131  6362.6 from 1146 sources of V380_OPH
r922811.fit  1.96  0.65 0.145  7544.0 from 1113 sources of V380_OPH
r922812.fit  1.97  0.65 0.134  6447.2 from 1110 sources of V380_OPH
r922813.fit  2.30  0.76 0.192  6469.4 from 992 sources of V380_OPH
r922814.fit  2.02  0.67 0.141  6583.1 from 1056 sources of V380_OPH
r922815.fit  1.89  0.62 0.120  7176.4 from 1001 sources of V380_OPH
r922816.fit  1.89  0.62 0.125  6596.3 from 1082 sources of V380_OPH
r922817.fit  1.66  0.55 0.086  7661.1 from 1206 sources of V380_OPH
r922818.fit  1.71  0.56 0.107  6509.4 from 1205 sources of V380_OPH
r922819.fit  1.60  0.53 0.086  7725.7 from 1244 sources of V380_OPH
r922820.fit  1.70  0.56 0.093  7721.4 from 1174 sources of V380_OPH
r922821.fit  1.65  0.54 0.079  7764.6 from 1199 sources of V380_OPH
r922822.fit  1.62  0.53 0.070  7828.7 from 1199 sources of V380_OPH
r922823.fit  1.74  0.57 0.111  7659.3 from 957 sources of V380_OPH
r922824.fit  1.68  0.55 0.095  7917.3 from 1195 sources of V380_OPH
r922825.fit  2.03  0.67 0.141  6634.9 from 1037 sources of V380_OPH
r922826.fit  1.99  0.66 0.143  6634.7 from 1043 sources of V380_OPH
r922827.fit  2.02  0.67 0.164  6634.4 from 1049 sources of V380_OPH
r922828.fit  2.23  0.74 0.192  6640.4 from 980 sources of V380_OPH
r922829.fit  2.33  0.77 0.173  6639.6 from 976 sources of V380_OPH
r922830.fit  2.16  0.71 0.167  6576.5 from 1001 sources of V380_OPH
r922831.fit  1.99  0.66 0.139  6227.9 from 1061 sources of V380_OPH
r922832.fit  1.85  0.61 0.127  6321.6 from 1106 sources of V380_OPH
r922833.fit  1.85  0.61 0.129  6152.3 from 1148 sources of V380_OPH
r922834.fit  1.90  0.63 0.124  6477.7 from 1038 sources of V380_OPH
r922835.fit  1.72  0.57 0.104  7385.9 from 1080 sources of V380_OPH
r922836.fit  1.80  0.59 0.110 14438.4 from 464 sources of V380_OPH
r922837.fit  1.99  0.66 0.068 16733.0 from 350 sources of V380_OPH
r922838.fit  1.87  0.62 0.074  7972.1 from 945 sources of V380_OPH
r922839.fit  2.14  0.71 0.171  8078.9 from 959 sources of V380_OPH
r922840.fit  1.90  0.63 0.135  8140.9 from 840 sources of V380_OPH
r922841.fit  1.87  0.62 0.115 12696.3 from 717 sources of V380_OPH
r922842.fit  2.35  0.78 0.139 24056.1 from  71 sources of V380_OPH
r922843.fit  2.14  0.71 0.078  9207.4 from 688 sources of V380_OPH
r922844.fit  2.39  0.79 0.157  8576.3 from 725 sources of V380_OPH
r922845.fit  1.79  0.59 0.079  8828.3 from 859 sources of V380_OPH
r922846.fit  2.10  0.69 0.168  7899.3 from 940 sources of V380_OPH
r922847.fit  1.71  0.56 0.064  9672.4 from 836 sources of V380_OPH
r922848.fit  2.33  0.77 0.105 12349.9 from 491 sources of V380_OPH
r922849.fit  2.09  0.69 0.065 12669.3 from 486 sources of V380_OPH
r922850.fit  2.45  0.81 0.119 13203.9 from 220 sources of V380_OPH
r922851.fit  2.00  0.66 0.125  8607.1 from 841 sources of V380_OPH
r922852.fit  2.00  0.66 0.135  7413.1 from 970 sources of V380_OPH
r922853.fit  2.19  0.72 0.161  7568.4 from 966 sources of V380_OPH
r922854.fit  1.76  0.58 0.079  7293.4 from 1050 sources of V380_OPH
r922855.fit  2.05  0.68 0.130  7049.5 from 898 sources of V380_OPH
r922856.fit  1.92  0.63 0.068 11406.0 from 467 sources of V380_OPH
r922857.fit  2.09  0.69 0.126  9718.6 from 671 sources of V380_OPH
r922858.fit  1.91  0.63 0.099  8109.0 from 928 sources of V380_OPH
r922859.fit  1.90  0.63 0.141 11400.9 from 730 sources of V380_OPH
r922860.fit  2.13  0.70 0.151  9507.4 from 933 sources of V380_OPH
r922861.fit  2.03  0.67 0.103 16087.3 from 280 sources of V380_OPH
r922862.fit  2.62  0.86 0.154 -3428.3 from 205 sources of V380_OPH
r922863.fit  2.90  0.96 0.064 23061.3 from  75 sources of V380_OPH
r922864.fit  2.39  0.79 0.143  7590.8 from 738 sources of V380_OPH
r922865.fit  2.11  0.70 0.128  8444.4 from 716 sources of V380_OPH
r922866.fit  2.13  0.70 0.154  9234.9 from 667 sources of V380_OPH
r922867.fit  1.77  0.58 0.079 12982.8 from 484 sources of V380_OPH
r922868.fit  2.18  0.72 0.060  7488.3 from 703 sources of V380_OPH
r922869.fit  1.86  0.61 0.064 18647.2 from 146 sources of V380_OPH
r922870.fit  1.92  0.63 0.074 19617.9 from 158 sources of V380_OPH
r922871.fit  1.85  0.61 0.050 19797.4 from 234 sources of V380_OPH
r922872.fit  2.01  0.66 0.068 20580.2 from 175 sources of V380_OPH
r922873.fit  2.18  0.72 0.060 15552.3 from 287 sources of V380_OPH
r922874.fit  1.84  0.61 0.057 -3042.9 from 268 sources of V380_OPH
r922875.fit  1.98  0.65 0.059 17737.0 from 340 sources of V380_OPH
r922876.fit  2.23  0.74 0.052 17022.4 from 196 sources of V380_OPH
r922877.fit  2.82  0.93 0.150 13686.9 from 282 sources of V380_OPH
r922878.fit  3.32  1.10 0.217  7845.5 from 518 sources of V380_OPH
r922879.fit  2.37  0.78 0.165  9717.2 from 595 sources of V380_OPH
r922880.fit  2.00  0.66 0.109 10216.7 from 688 sources of V380_OPH
r922881.fit  2.04  0.67 0.079 23389.9 from  88 sources of V380_OPH
r922882.fit  1.98  0.65 0.051 18814.8 from 154 sources of V380_OPH
r922883.fit  1.80  0.59 0.072 16648.1 from 377 sources of V380_OPH
r922884.fit  2.20  0.73 0.060 16182.9 from 204 sources of V380_OPH
r922885.fit  2.51  0.83 0.086 14992.0 from 257 sources of V380_OPH
r922886.fit  2.45  0.81 0.069 13375.2 from 388 sources of V380_OPH
r922887.fit  2.50  0.83 0.061 16743.0 from 237 sources of V380_OPH
r922888.fit  4.22  1.39 0.081 30045.2 from  17 sources of V380_OPH
r922889.fit  2.81  0.93 0.073 25716.6 from  55 sources of V380_OPH
r922890.fit  2.39  0.79 0.045 11789.9 from 434 sources of V380_OPH
r922891.fit  2.99  0.99 0.050 13639.9 from 184 sources of V380_OPH
r922892.fit  2.25  0.74 0.086 17295.4 from 254 sources of V380_OPH
r922893.fit  2.47  0.82 0.069 14431.7 from 365 sources of V380_OPH
r922894.fit  2.32  0.77 0.064 22784.4 from 193 sources of V380_OPH
r922895.fit  2.35  0.78 0.109 25023.3 from  31 sources of V380_OPH
r922896.fit  2.90  0.96 0.122 13025.7 from 329 sources of V380_OPH
r922897.fit  2.30  0.76 0.097 12719.0 from 515 sources of V380_OPH
r922898.fit  4.01  1.32 0.051 19282.0 from 100 sources of V380_OPH
r922899.fit  2.29  0.76 0.123 29872.0 from  26 sources of V380_OPH
r922900.fit  3.08  1.02 0.103 15344.2 from 293 sources of V380_OPH
r922901.fit  2.37  0.78 0.077 18355.9 from 274 sources of V380_OPH
r922902.fit  2.71  0.89 0.089 10612.8 from 508 sources of V380_OPH
r922903.fit  2.06  0.68 0.081  9131.3 from 727 sources of V380_OPH
r922904.fit  2.04  0.67 0.083  9240.8 from 689 sources of V380_OPH
r922905.fit  2.10  0.69 0.057  8711.9 from 681 sources of V380_OPH
r922906.fit  2.07  0.68 0.059  8726.5 from 673 sources of V380_OPH
r922907.fit  2.01  0.66 0.077  8694.7 from 773 sources of V380_OPH
r922908.fit  2.15  0.71 0.103  8707.1 from 729 sources of V380_OPH
r922909.fit  2.19  0.72 0.127  8693.1 from 710 sources of V380_OPH
r922910.fit  2.85  0.94 0.101  8469.4 from 488 sources of V380_OPH
r922911.fit  2.14  0.71 0.106  8570.9 from 741 sources of V380_OPH
r922912.fit  2.42  0.80 0.161  8912.1 from 695 sources of V380_OPH
r922913.fit  2.14  0.71 0.096  8941.3 from 703 sources of V380_OPH
r922914.fit  2.31  0.76 0.142 10301.4 from 568 sources of V380_OPH
r922915.fit  2.47  0.82 0.111  8864.6 from 568 sources of V380_OPH
r922916.fit  2.83  0.93 0.104  8935.4 from 479 sources of V380_OPH
r922917.fit  2.12  0.70 0.091  8926.6 from 688 sources of V380_OPH
r922918.fit  1.98  0.65 0.120  9069.9 from 831 sources of V380_OPH
r922919.fit  2.36  0.78 0.108  8594.9 from 623 sources of V380_OPH
r922920.fit  2.33  0.77 0.102  9055.1 from 606 sources of V380_OPH
r922921.fit  2.18  0.72 0.132  9002.4 from 699 sources of V380_OPH
r922922.fit  2.31  0.76 0.097  8050.5 from 641 sources of V380_OPH
r922923.fit  1.98  0.65 0.093  8176.4 from 770 sources of V380_OPH
r922924.fit  2.09  0.69 0.141  9189.9 from 696 sources of V380_OPH
r922925.fit  2.35  0.78 0.117 13494.8 from 350 sources of V380_OPH
r922926.fit  2.03  0.67 0.132 17076.8 from 166 sources of V380_OPH
r922927.fit  2.42  0.80 0.153 17776.9 from 477 sources of V380_OPH
r922928.fit  1.92  0.63 0.064 15726.3 from 459 sources of V380_OPH
r922929.fit  1.67  0.55 0.063 19770.1 from 361 sources of V380_OPH
r922930.fit  2.61  0.86 0.158 12279.0 from 534 sources of V380_OPH
r922931.fit  1.93  0.64 0.086 12877.8 from 717 sources of V380_OPH
r922932.fit  2.68  0.88 0.057 12672.5 from 500 sources of V380_OPH
r922933.fit  2.44  0.81 0.054 17444.4 from 155 sources of V380_OPH
r922934.fit  2.39  0.79 0.117 14160.8 from 502 sources of V380_OPH
r922935.fit  3.29  1.09 0.097 11484.7 from 410 sources of V380_OPH
r922936.fit  2.28  0.75 0.068 13628.4 from 442 sources of V380_OPH
r922937.fit  2.42  0.80 0.081 11436.5 from 574 sources of V380_OPH
r922938.fit  2.29  0.76 0.055 10429.4 from 582 sources of V380_OPH
r922939.fit  2.14  0.71 0.061  9394.3 from 593 sources of V380_OPH
r922940.fit  2.16  0.71 0.119  9949.1 from 721 sources of V380_OPH
r922941.fit  2.11  0.70 0.042 10544.5 from 656 sources of V380_OPH
r922942.fit  2.70  0.89 0.083 11206.9 from 422 sources of V380_OPH
r922943.fit  4.03  1.33 0.112 15954.3 from  86 sources of V380_OPH
r922944.fit  3.30  1.09 0.105 14683.4 from  98 sources of V380_OPH
r922945.fit  2.59  0.85 0.089 10879.5 from 428 sources of V380_OPH
r922946.fit  2.66  0.88 0.072 10112.3 from 463 sources of V380_OPH
r922947.fit  2.50  0.83 0.070  9907.4 from 507 sources of V380_OPH
r922948.fit  2.37  0.78 0.113 10027.5 from 576 sources of V380_OPH
r922949.fit  2.33  0.77 0.134 10842.3 from 647 sources of V380_OPH
r922950.fit  2.35  0.78 0.076 16504.0 from 266 sources of V380_OPH
r922951.fit  2.73  0.90 0.153 11520.2 from 469 sources of V380_OPH
r922952.fit  2.37  0.78 0.130 11767.5 from 537 sources of V380_OPH
r922953.fit  2.48  0.82 0.152 10302.3 from 613 sources of V380_OPH
r922954.fit  2.88  0.95 0.185 10496.4 from 543 sources of V380_OPH
r922955.fit  2.72  0.90 0.183 11064.4 from 548 sources of V380_OPH
r922956.fit  2.24  0.74 0.116 13413.8 from 356 sources of V380_OPH
r922957.fit  2.75  0.91 0.137 12478.3 from 380 sources of V380_OPH
r922958.fit  2.41  0.80 0.068 16711.6 from 218 sources of V380_OPH
r922959.fit  2.74  0.90 0.050 16642.3 from 151 sources of V380_OPH
r922960.fit  2.95  0.97 0.072 10609.9 from 369 sources of V380_OPH
r922961.fit  2.10  0.69 0.042 10334.5 from 567 sources of V380_OPH
r922962.fit  2.09  0.69 0.055 10379.3 from 579 sources of V380_OPH
r922963.fit  1.94  0.64 0.053 10405.9 from 652 sources of V380_OPH
r922964.fit  3.14  1.04 0.171 10172.7 from 441 sources of V380_OPH
r922965.fit  2.50  0.83 0.124 10124.2 from 554 sources of V380_OPH
r922966.fit  3.13  1.03 0.039   663.5 from  50 sources of AF2A
r922967.fit  3.93  1.30 0.080   659.5 from  46 sources of AF2A
r922968.fit  3.65  1.20 0.040   660.2 from  44 sources of AF2A
r922969.fit  4.94  1.63 0.133  1190.5 from  66 sources of AF2A
r922970.fit  3.88  1.28 0.064  1189.0 from  75 sources of AF2A
r922971.fit  3.75  1.24 0.053  1191.0 from  79 sources of AF2A
r922972.fit  3.50  1.16 0.050  1556.4 from 130 sources of AF2A
r922973.fit  3.47  1.15 0.047  1620.0 from 139 sources of AF2A
r922974.fit  3.26  1.08 0.054  1064.6 from 149 sources of AF2A
r922975.fit  3.96  1.31 0.119  2131.0 from 160 sources of AF2A
r922976.fit  4.09  1.35 0.047  2200.4 from 139 sources of AF2A
r922977.fit  4.24  1.40 0.043  1425.3 from 134 sources of AF2A
r922978.fit  3.34  1.10 0.065  2707.5 from 228 sources of AF2A
r922979.fit  3.62  1.19 0.058  2888.8 from 200 sources of AF2A
r922980.fit  4.51  1.49 0.114  3165.9 from 157 sources of AF2A
r922981.fit  6.86  2.26 0.044   671.1 from  15 sources of AF2B
r922982.fit  3.53  1.16 0.040   651.3 from  43 sources of AF2B
r922983.fit  6.69  2.21 0.058   687.6 from  15 sources of AF2B
r922984.fit  6.20  2.05 0.057  1219.0 from  39 sources of AF2B
r922985.fit  5.94  1.96 0.068  1160.8 from  49 sources of AF2B
r922986.fit  4.91  1.62 0.045  2070.8 from  77 sources of AF2B
r922987.fit  4.82  1.59 0.051  2051.1 from  82 sources of AF2B
r922988.fit  4.83  1.59 0.082  2032.6 from  79 sources of AF2B
r922989.fit  4.23  1.40 0.035  2929.6 from 123 sources of AF2B
r922990.fit  3.25  1.07 0.038  2928.6 from 176 sources of AF2B
r922991.fit  4.74  1.56 0.061  2916.6 from  98 sources of AF2B
r922992.fit  4.63  1.53 0.082  3823.6 from 131 sources of AF2B
r922993.fit  3.63  1.20 0.072  3800.9 from 198 sources of AF2B
r922994.fit  3.68  1.21 0.062  3850.7 from 175 sources of AF2B
r922995.fit  4.07  1.34 0.073   707.3 from  31 sources of AF2C
r922996.fit  3.40  1.12 0.042  1205.6 from  66 sources of AF2C
r922997.fit  4.62  1.52 0.057  2049.0 from  76 sources of AF2C
r922998.fit  5.24  1.73 0.061  2878.0 from  82 sources of AF2C
r922999.fit  6.59  2.17 0.265  3736.8 from  96 sources of AF2C
r923000.fit  9.11  3.01 0.308   710.3 from  16 sources of AF2C
r923001.fit  4.41  1.46 0.141  1307.3 from  54 sources of AF2C
r923002.fit  4.36  1.44 0.074  2206.5 from  80 sources of AF2C
r923003.fit  6.26  2.07 0.069  3281.8 from  69 sources of AF2C
r923004.fit  9.28  3.06 0.181  4203.3 from  61 sources of AF2C
r923005.fit  5.56  1.83 0.049   741.9 from  14 sources of AF2C
r923006.fit  5.95  1.96 0.200   488.1 from  50 sources of AF2C
r923007.fit  4.25  1.40 0.083  2711.8 from  64 sources of AF2C
r923008.fit  3.41  1.13 0.042  2863.7 from 134 sources of AF2C
r923009.fit  4.01  1.32 0.045  4250.4 from  79 sources of AF2C
r923012.fit  4.52  1.49 0.043   756.3 from  22 sources of AF2D
r923013.fit  5.11  1.69 0.076  1270.0 from  41 sources of AF2D
r923014.fit  4.20  1.39 0.058  2728.4 from  80 sources of AF2D
r923015.fit  4.05  1.34 0.105  5455.5 from  18 sources of AF2D
r923016.fit  4.18  1.38 0.062  4773.0 from 151 sources of AF2D
r923017.fit  3.76  1.24 0.055   746.0 from  21 sources of AF2D
r923018.fit  4.10  1.35 0.061  1401.0 from  24 sources of AF2D
r923019.fit  3.62  1.19 0.049  2302.0 from 115 sources of AF2D
r923020.fit  3.99  1.32 0.042  3615.5 from 125 sources of AF2D
r923021.fit  5.56  1.83 0.032  5498.9 from  81 sources of AF2D
r923022.fit  4.40  1.45 0.267   936.7 from   4 sources of AF2D
r923023.fit  4.42  1.46 0.197  2793.2 from  12 sources of AF2D
r923024.fit  5.33  1.76 0.075  3228.1 from  31 sources of AF2D
r923025.fit  4.14  1.37 0.103  4887.3 from  23 sources of AF2D
r923027.fit is not a target (FLAT)
r923028.fit is not a target (FLAT)
r923029.fit is not a target (FLAT)
