r930322.fit is not a target (BIAS)
r930323.fit is not a target (BIAS)
r930324.fit is not a target (BIAS)
r930325.fit is not a target (BIAS)
r930326.fit is not a target (BIAS)
r930327.fit is not a target (BIAS)
r930328.fit is not a target (BIAS)
r930329.fit is not a target (BIAS)
r930330.fit is not a target (BIAS)
r930331.fit is not a target (BIAS)
r930332.fit is not a target (BIAS)
r930333.fit is not a target (BIAS)
r930334.fit is not a target (BIAS)
r930335.fit is not a target (BIAS)
r930336.fit is not a target (BIAS)
r930337.fit is not a target (BIAS)
r930338.fit is not a target (BIAS)
r930339.fit is not a target (BIAS)
r930340.fit is not a target (BIAS)
r930341.fit is not a target (BIAS)
r930342.fit is not a target (BIAS)
r930343.fit is not a target (SKY)
r930344.fit is not a target (SKY)
r930345.fit is not a target (SKY)
r930346.fit is not a target (SKY)
r930347.fit is not a target (SKY)
r930348.fit is not a target (SKY)
r930349.fit is not a target (SKY)
r930350.fit is not a target (SKY)
r930351.fit is not a target (SKY)
r930353.fit is not a target (SKY)
r930354.fit is not a target (SKY)
r930355.fit is not a target (SKY)
r930356.fit is not a target (SKY)
r930357.fit is not a target (SKY)
r930358.fit is not a target (SKY)
r930359.fit is not a target (SKY)
r930360.fit is not a target (SKY)
r930361.fit is not a target (SKY)
r930362.fit is not a target (SKY)
r930363.fit is not a target (SKY)
r930364.fit is not a target (SKY)
r930365.fit is not a target (SKY)
r930366.fit is not a target (SKY)
r930367.fit is not a target (SKY)
r930368.fit is not a target (SKY)
r930369.fit is not a target (SKY)
r930370.fit is not a target (SKY)
r930371.fit is not a target (SKY)
r930372.fit is not a target (SKY)
r930373.fit is not a target (SKY)
r930374.fit is not a target (SKY)
r930375.fit is not a target (SKY)
r930376.fit is not a target (FOCUS)
r930377.fit is not a target (FOCUS)
r930378.fit  3.42  1.13 0.103    51.1 from  25 sources of G206-034
r930379.fit  3.55  1.17 0.097    76.4 from  37 sources of G206-034
r930380.fit  4.05  1.34 0.125    94.1 from  58 sources of G206-034
r930381.fit  3.52  1.16 0.079    72.4 from  51 sources of G206-034
r930382.fit  3.07  1.01 0.078    36.7 from  30 sources of G206-034
r930383.fit  2.98  0.98 0.049    64.5 from  56 sources of G206-034
r930384.fit  3.24  1.07 0.086    54.7 from  49 sources of G206-034
r930385.fit  2.83  0.93 0.061    71.2 from  81 sources of G206-034
r930386.fit  3.25  1.07 0.078    54.8 from  52 sources of G206-034
r930387.fit  3.44  1.14 0.074    27.7 from  48 sources of KEPLER_25_16
r930388.fit  3.45  1.14 0.118   133.4 from 283 sources of KEPLER_25_16
r930389.fit  3.63  1.20 0.079    48.4 from  29 sources of KEPLER_25_16
r930390.fit  4.02  1.33 0.122    73.8 from  51 sources of KEPLER_25_16
r930391.fit  3.77  1.24 0.090    73.6 from  53 sources of KEPLER_25_16
r930392.fit  3.43  1.13 0.055    40.9 from  47 sources of KEPLER_25_16
r930393.fit  4.05  1.34 0.134   139.5 from 137 sources of KEPLER_25_16
r930394.fit  3.59  1.18 0.084   138.4 from 152 sources of KEPLER_25_16
r930395.fit  3.08  1.02 0.063    37.3 from  73 sources of KEPLER_25_16
r930396.fit  3.58  1.18 0.104   173.0 from 281 sources of KEPLER_25_16
r930397.fit  3.10  1.02 0.061    37.7 from  69 sources of KEPLER_25_16
r930398.fit  3.44  1.14 0.085   173.6 from 290 sources of KEPLER_25_16
r930399.fit  3.59  1.18 0.071    41.4 from  42 sources of KEPLER_25_16
r930400.fit  3.38  1.12 0.089   132.2 from 144 sources of KEPLER_25_16
r930401.fit  3.55  1.17 0.099   131.3 from 148 sources of KEPLER_25_16
r930402.fit  3.95  1.30 0.116    50.7 from  25 sources of KEPLER_25_16
r930403.fit  3.84  1.27 0.093    77.5 from  50 sources of KEPLER_25_16
r930404.fit  3.77  1.24 0.075    78.2 from  50 sources of KEPLER_25_16
r930405.fit  3.00  0.99 0.086    29.4 from  50 sources of KEPLER_25_16
r930406.fit  3.11  1.03 0.106   127.5 from 286 sources of KEPLER_25_16
r930407.fit  3.76  1.24 0.068    95.6 from  33 sources of G206-034
r930408.fit  3.67  1.21 0.041    89.2 from  51 sources of G206-034
r930409.fit  2.86  0.94 0.055    79.4 from  64 sources of G206-034
r930410.fit  2.70  0.89 0.066    85.3 from  90 sources of G206-034
r930411.fit  2.84  0.94 0.061    69.5 from  65 sources of G206-034
r930412.fit  3.12  1.03 0.069    54.4 from  37 sources of KEPLER_AU12_6_23
r930413.fit  3.84  1.27 0.048    57.7 from  31 sources of KEPLER_AU12_6_23
r930414.fit  4.15  1.37 0.094    65.4 from  26 sources of KEPLER_AU12_6_23
r930415.fit  2.89  0.95 0.064    42.9 from  33 sources of KEPLER_AU12_6_23
r930416.fit  2.77  0.91 0.055    41.6 from  36 sources of KEPLER_AU12_9_33
r930417.fit  4.10  1.35 0.198    65.6 from  26 sources of KEPLER_AU12_9_33
r930418.fit  3.49  1.15 0.073    58.4 from  34 sources of KEPLER_AU12_9_33
r930419.fit  3.39  1.12 0.038    58.7 from  32 sources of KEPLER_AU12_13_41
r930420.fit  3.11  1.03 0.055    58.0 from  40 sources of KEPLER_AU12_13_41
r930421.fit  4.37  1.44 0.110    65.8 from  20 sources of KEPLER_AU12_13_41
r930422.fit  2.81  0.93 0.068    42.8 from  24 sources of KEPLER_AU12_13_41
r930423.fit  4.49  1.48 0.416    59.1 from   7 sources of KEPLER_AU12_9_33
r930424.fit  2.77  0.91 0.068    46.9 from  25 sources of KEPLER_AU12_5_20
r930425.fit  3.11  1.03 0.144   127.5 from 185 sources of KEPLER_AU12_5_20
r930426.fit  4.36  1.44 0.129    66.9 from  24 sources of KEPLER_AU12_5_20
r930427.fit  3.61  1.19 0.086    94.2 from  35 sources of KEPLER_AU12_5_20
r930428.fit  3.90  1.29 0.077    93.6 from  31 sources of KEPLER_AU12_5_20
r930429.fit  3.71  1.22 0.071    61.0 from  25 sources of KEPLER_AU12_5_20
r930430.fit  4.13  1.36 0.109   157.0 from  82 sources of KEPLER_AU12_5_20
r930431.fit  4.05  1.34 0.054   152.0 from  88 sources of KEPLER_AU12_5_20
r930432.fit  2.71  0.89 0.054    60.7 from  28 sources of KEPLER_AU12_5_20
r930433.fit  3.37  1.11 0.065   187.1 from 174 sources of KEPLER_AU12_5_20
r930434.fit  2.64  0.87 0.047    61.8 from  33 sources of KEPLER_AU12_5_20
r930435.fit  3.70  1.22 0.141   140.9 from 153 sources of KEPLER_AU12_5_20
r930436.fit  4.24  1.40 0.083    61.7 from  27 sources of KEPLER_AU12_5_20
r930437.fit  4.46  1.47 0.091   124.8 from  74 sources of KEPLER_AU12_5_20
r930438.fit  4.33  1.43 0.065   124.6 from  83 sources of KEPLER_AU12_5_20
r930439.fit  4.35  1.44 0.116    65.0 from  24 sources of KEPLER_AU12_5_20
r930440.fit  4.24  1.40 0.041    92.7 from  33 sources of KEPLER_AU12_5_20
r930441.fit  4.36  1.44 0.066    94.6 from  30 sources of KEPLER_AU12_5_20
r930442.fit  2.48  0.82 0.041    50.5 from  27 sources of KEPLER_AU12_5_20
r930443.fit  3.20  1.06 0.124   120.9 from 173 sources of KEPLER_AU12_5_20
r930444.fit  4.47  1.48 0.146    98.1 from  35 sources of G206-034
r930445.fit  4.27  1.41 0.059    91.6 from  41 sources of G206-034
r930446.fit  4.68  1.54 0.088   115.0 from  48 sources of G206-034
r930447.fit  2.88  0.95 0.076    99.7 from  77 sources of G206-034
r930448.fit  2.67  0.88 0.058    85.3 from  64 sources of G206-034
r930449.fit  2.36  0.78 0.049    70.1 from  71 sources of G206-034
r930450.fit  3.97  1.31 0.045    90.9 from  45 sources of DM+344210
r930451.fit  3.44  1.14 0.067    60.8 from  34 sources of DM+344210
r930452.fit  4.08  1.35 0.109    73.9 from  54 sources of DM+344210
r930453.fit  2.80  0.92 0.081    50.0 from  46 sources of KEPLER_23_17
r930454.fit  3.50  1.16 0.156   124.8 from 313 sources of KEPLER_23_17
r930455.fit  4.21  1.39 0.117    62.4 from  29 sources of KEPLER_23_17
r930456.fit  4.05  1.34 0.060    87.4 from  51 sources of KEPLER_23_17
r930457.fit  4.08  1.35 0.070    92.9 from  50 sources of KEPLER_23_17
r930458.fit  4.00  1.32 0.065    60.8 from  31 sources of KEPLER_23_17
r930459.fit  3.88  1.28 0.052   150.6 from 157 sources of KEPLER_23_17
r930460.fit  3.96  1.31 0.054   152.8 from 152 sources of KEPLER_23_17
r930461.fit  2.71  0.89 0.037    60.7 from  76 sources of KEPLER_23_17
r930462.fit  3.22  1.06 0.108   186.8 from 350 sources of KEPLER_23_17
r930463.fit  2.57  0.85 0.027    57.5 from  74 sources of KEPLER_23_17
r930464.fit  3.03  1.00 0.069   181.5 from 367 sources of KEPLER_23_17
r930465.fit  3.97  1.31 0.057    60.8 from  32 sources of KEPLER_23_17
r930466.fit  4.46  1.47 0.149   152.4 from 140 sources of KEPLER_23_17
r930467.fit  4.15  1.37 0.066   151.4 from 156 sources of KEPLER_23_17
r930468.fit  4.42  1.46 0.080    62.7 from  25 sources of KEPLER_23_17
r930469.fit  4.49  1.48 0.118    87.0 from  48 sources of KEPLER_23_17
r930470.fit  4.47  1.48 0.094    88.0 from  47 sources of KEPLER_23_17
r930471.fit  2.65  0.87 0.041    44.5 from  53 sources of KEPLER_23_17
r930472.fit  3.15  1.04 0.120   162.5 from 343 sources of KEPLER_23_17
r930473.fit  2.69  0.89 0.062    50.0 from  36 sources of KEPLER_6_25
r930474.fit  2.82  0.93 0.079   122.9 from 160 sources of KEPLER_6_25
r930475.fit  4.90  1.62 0.077    66.7 from  18 sources of KEPLER_6_25
r930476.fit  4.47  1.48 0.084    93.0 from  28 sources of KEPLER_6_25
r930477.fit  4.56  1.50 0.083    92.6 from  27 sources of KEPLER_6_25
r930478.fit  5.96  1.97 0.057    57.3 from  16 sources of KEPLER_6_25
r930479.fit  5.21  1.72 0.052   160.2 from  57 sources of KEPLER_6_25
r930480.fit  5.37  1.77 0.047   159.5 from  57 sources of KEPLER_6_25
r930481.fit  3.31  1.09 0.049    63.0 from  42 sources of KEPLER_6_25
r930482.fit  4.12  1.36 0.056   208.1 from 110 sources of KEPLER_6_25
r930483.fit  4.05  1.34 0.045    65.1 from  32 sources of KEPLER_6_25
r930484.fit  3.94  1.30 0.131   205.3 from 131 sources of KEPLER_6_25
r930485.fit  4.95  1.63 0.066    63.4 from  18 sources of KEPLER_6_25
r930486.fit  4.78  1.58 0.050   156.7 from  65 sources of KEPLER_6_25
r930487.fit  4.59  1.51 0.069   157.0 from  67 sources of KEPLER_6_25
r930488.fit  5.19  1.71 0.094    65.6 from  19 sources of KEPLER_6_25
r930489.fit  4.55  1.50 0.070    91.8 from  28 sources of KEPLER_6_25
r930490.fit  4.49  1.48 0.074    90.3 from  30 sources of KEPLER_6_25
r930491.fit  2.63  0.87 0.029    51.8 from  38 sources of KEPLER_6_25
r930492.fit  3.07  1.01 0.077   177.5 from 146 sources of KEPLER_6_25
r930493.fit  2.81  0.93 0.050    48.8 from  43 sources of KEPLER_20_17
r930494.fit  3.21  1.06 0.130   161.8 from 280 sources of KEPLER_20_17
r930495.fit  3.90  1.29 0.054    64.8 from  25 sources of KEPLER_20_17
r930496.fit  4.49  1.48 0.114    87.2 from  36 sources of KEPLER_20_17
r930497.fit  4.37  1.44 0.085    86.6 from  39 sources of KEPLER_20_17
r930498.fit  4.42  1.46 0.056    60.8 from  28 sources of KEPLER_20_17
r930499.fit  5.29  1.75 0.121   149.2 from  77 sources of KEPLER_20_17
r930500.fit  4.82  1.59 0.093   119.1 from  89 sources of KEPLER_20_17
r930501.fit  2.83  0.93 0.045    60.1 from  58 sources of KEPLER_20_17
r930502.fit  3.30  1.09 0.070   194.4 from 275 sources of KEPLER_20_17
r930503.fit  2.92  0.96 0.042    60.8 from  55 sources of KEPLER_20_17
r930504.fit  3.54  1.17 0.093   191.0 from 253 sources of KEPLER_20_17
r930505.fit  4.26  1.41 0.035    58.3 from  30 sources of KEPLER_20_17
r930506.fit  4.70  1.55 0.037   133.1 from  93 sources of KEPLER_20_17
r930507.fit  4.92  1.62 0.074   131.4 from  85 sources of KEPLER_20_17
r930508.fit  4.19  1.38 0.086    61.1 from  26 sources of KEPLER_20_17
r930509.fit  4.52  1.49 0.091    81.6 from  37 sources of KEPLER_20_17
r930510.fit  4.38  1.45 0.074    80.5 from  40 sources of KEPLER_20_17
r930511.fit  2.37  0.78 0.054    45.9 from  55 sources of KEPLER_20_17
r930512.fit  2.96  0.98 0.077   134.3 from 282 sources of KEPLER_20_17
r930513.fit  5.04  1.66 0.075    48.9 from  17 sources of G186-026
r930514.fit  4.02  1.33 0.127    70.0 from  33 sources of G186-026
r930515.fit  4.47  1.48 0.043    57.2 from  41 sources of G186-026
r930516.fit  4.29  1.42 0.059    60.0 from  49 sources of G186-026
r930517.fit  2.65  0.87 0.053    58.3 from  75 sources of G186-026
r930518.fit  2.88  0.95 0.052    49.2 from  56 sources of G186-026
r930519.fit  2.28  0.75 0.048    51.9 from  93 sources of G186-026
r930520.fit  2.35  0.78 0.042    45.7 from  68 sources of G186-026
r930521.fit  3.06  1.01 0.079    41.3 from  34 sources of KEPLER_AU12_1138
r930522.fit  3.09  1.02 0.075   152.9 from 124 sources of KEPLER_AU12_1138
r930523.fit  4.54  1.50 0.103    51.2 from  15 sources of KEPLER_AU12_1138
r930524.fit  4.56  1.50 0.064    71.7 from  30 sources of KEPLER_AU12_1138
r930525.fit  4.90  1.62 0.069    71.6 from  25 sources of KEPLER_AU12_1138
r930526.fit  5.44  1.80 0.070    45.2 from  20 sources of KEPLER_AU12_1138
r930527.fit  6.37  2.10 0.031   112.3 from  58 sources of KEPLER_AU12_1138
r930528.fit  9.03  2.98 0.282   109.8 from  47 sources of KEPLER_AU12_1138
r930529.fit  7.10  2.34 0.263    48.1 from  26 sources of KEPLER_AU12_1138
r930530.fit  4.08  1.35 0.042   144.4 from 103 sources of KEPLER_AU12_1138
r930531.fit  4.08  1.35 0.044    49.4 from  28 sources of KEPLER_AU12_1138
r930532.fit  4.10  1.35 0.050   137.0 from  99 sources of KEPLER_AU12_1138
r930533.fit  5.84  1.93 0.066    45.0 from  21 sources of KEPLER_AU12_1138
r930534.fit  6.27  2.07 0.047   100.8 from  61 sources of KEPLER_AU12_1138
r930535.fit  6.40  2.11 0.073    97.2 from  55 sources of KEPLER_AU12_1138
r930536.fit  4.79  1.58 0.278    45.7 from  12 sources of KEPLER_AU12_1138
r930537.fit  5.51  1.82 0.072    64.6 from  24 sources of KEPLER_AU12_1138
r930538.fit  4.99  1.65 0.127    63.6 from  25 sources of KEPLER_AU12_1138
r930539.fit  2.83  0.93 0.035    38.7 from  26 sources of KEPLER_AU12_1138
r930540.fit  4.26  1.41 0.171   116.6 from  94 sources of KEPLER_AU12_1138
r930541.fit  3.16  1.04 0.093    39.6 from  17 sources of KEPLER_AU12_8_27
r930542.fit  3.35  1.11 0.098   105.6 from 132 sources of KEPLER_AU12_8_27
r930543.fit  4.53  1.49 0.169    41.8 from  13 sources of KEPLER_AU12_8_27
r930544.fit  5.53  1.82 0.189    59.8 from  13 sources of KEPLER_AU12_8_27
r930545.fit  4.50  1.49 0.159    58.9 from  13 sources of KEPLER_AU12_8_27
r930546.fit  5.44  1.80 0.144    37.9 from  12 sources of KEPLER_AU12_8_27
r930547.fit  6.03  1.99 0.124    71.2 from  29 sources of KEPLER_AU12_8_27
r930548.fit  5.62  1.85 0.057    67.2 from  27 sources of KEPLER_AU12_8_27
r930549.fit  4.50  1.49 0.087    35.5 from  18 sources of KEPLER_AU12_8_27
r930550.fit  4.22  1.39 0.081    71.9 from 100 sources of KEPLER_AU12_8_27
r930551.fit  3.83  1.26 0.092    36.1 from  21 sources of KEPLER_AU12_8_27
r930552.fit  4.41  1.46 0.064    66.7 from  99 sources of KEPLER_AU12_8_27
r930553.fit  5.52  1.82 0.156    35.1 from  12 sources of KEPLER_AU12_8_27
r930554.fit  6.30  2.08 0.097    54.6 from  28 sources of KEPLER_AU12_8_27
r930555.fit  6.35  2.10 0.098    51.8 from  26 sources of KEPLER_AU12_8_27
r930556.fit  4.57  1.51 0.198    35.6 from  13 sources of KEPLER_AU12_8_27
r930557.fit  4.50  1.49 0.153    41.7 from  13 sources of KEPLER_AU12_8_27
r930558.fit  5.20  1.72 0.170    41.0 from  16 sources of KEPLER_AU12_8_27
r930559.fit  4.61  1.52 0.104    33.5 from   9 sources of KEPLER_AU12_8_27
r930560.fit  4.34  1.43 0.112    68.4 from  71 sources of KEPLER_AU12_8_27
r930561.fit  4.57  1.51 0.111    30.6 from  22 sources of G078-026
r930562.fit  4.31  1.42 0.066    20.6 from  32 sources of G078-026
r930563.fit  3.62  1.19 0.108    19.2 from  32 sources of G078-026
r930564.fit  4.10  1.35 0.093    24.4 from  37 sources of G078-026
r930565.fit  3.63  1.20 0.119    21.4 from  35 sources of G078-026
r930566.fit  3.74  1.23 0.090    19.5 from  27 sources of G078-026
r930567.fit  4.62  1.52 0.097    20.6 from  25 sources of G078-026
r930568.fit  4.59  1.51 0.108    22.2 from  37 sources of G078-026
r930569.fit  4.83  1.59 0.132    29.5 from  20 sources of G078-026
r930570.fit  4.82  1.59 0.201   108.8 from  67 sources of ID2851
r930571.fit  4.60  1.52 0.174   106.5 from  68 sources of ID2851
r930572.fit  4.77  1.57 0.161   105.9 from  66 sources of ID2851
r930573.fit  4.56  1.50 0.181    39.9 from  31 sources of ID2851
r930574.fit  4.45  1.47 0.137    31.6 from  21 sources of ID2851
r930575.fit  3.47  1.15 0.076    25.7 from  15 sources of ID2851
r930576.fit  4.41  1.46 0.208   149.3 from  69 sources of ID2851
r930578.fit  4.75  1.57 0.211   151.3 from  66 sources of ID2851
r930579.fit  4.68  1.54 0.151   149.1 from  64 sources of ID2851
r930580.fit  5.29  1.75 0.109    61.9 from  32 sources of ID2851
r930581.fit  4.67  1.54 0.085    62.7 from  36 sources of ID2851
r930582.fit  4.90  1.62 0.123    64.6 from  38 sources of ID2851
r930583.fit  5.43  1.79 0.208    62.6 from  34 sources of ID2851
r930584.fit  4.44  1.47 0.104    50.7 from  22 sources of ID2851
r930585.fit  4.54  1.50 0.086    49.7 from  21 sources of ID2851
r930586.fit  4.55  1.50 0.085    49.0 from  20 sources of ID2851
r930587.fit  4.61  1.52 0.072    46.9 from  19 sources of ID2851
r930588.fit  5.29  1.75 0.096    28.0 from  16 sources of ID2851
r930589.fit  4.77  1.57 0.087    24.5 from  15 sources of ID2851
r930590.fit  5.31  1.75 0.081    28.3 from  18 sources of ID2851
r930591.fit  5.36  1.77 0.082    41.8 from  17 sources of ID2851
r930592.fit  3.92  1.29 0.080    57.7 from  21 sources of ID2851
r930593.fit  4.09  1.35 0.083    77.8 from  24 sources of ID2851
r930594.fit  4.19  1.38 0.132    60.8 from  17 sources of ID2851
r930595.fit  3.23  1.07 0.083    41.4 from  13 sources of ID2851
r930596.fit  4.43  1.46 0.101    53.1 from  26 sources of G078-026
r930597.fit  4.14  1.37 0.083    57.4 from  47 sources of G078-026
r930598.fit  3.08  1.02 0.061    40.1 from  38 sources of G078-026
r930599.fit  3.11  1.03 0.076    42.5 from  33 sources of G078-026
r930600.fit  3.01  0.99 0.058    40.1 from  31 sources of G078-026
r930601.fit  4.53  1.49 0.103    47.6 from  13 sources of BD+11468
r930602.fit  3.54  1.17 0.132    55.0 from  17 sources of BD+11468
r930603.fit  3.02  1.00 0.093    47.4 from  15 sources of BD+11468
r930604.fit  3.58  1.18 0.059    43.1 from  15 sources of BD+11468
r930605.fit  4.76  1.57 0.201    52.8 from   6 sources of BD+11468
r930606.fit  4.08  1.35 0.264    62.5 from  12 sources of BD+11468
r930607.fit  4.40  1.45 0.095    83.9 from  13 sources of BD+11468
r930608.fit is not a target (SKY)
r930609.fit is not a target (SKY)
r930610.fit is not a target (SKY)
r930611.fit is not a target (SKY)
r930612.fit is not a target (SKY)
r930613.fit is not a target (SKY)
r930614.fit is not a target (SKY)
r930615.fit is not a target (SKY)
r930616.fit is not a target (SKY)
r930617.fit is not a target (SKY)
r930618.fit is not a target (SKY)
r930619.fit is not a target (SKY)
r930620.fit is not a target (SKY)
r930621.fit is not a target (SKY)
r930622.fit is not a target (SKY)
r930623.fit is not a target (SKY)
r930624.fit is not a target (SKY)
r930625.fit is not a target (SKY)
r930626.fit is not a target (SKY)
r930627.fit is not a target (SKY)
r930628.fit is not a target (SKY)
r930629.fit is not a target (SKY)
r930630.fit is not a target (SKY)
r930631.fit is not a target (SKY)
r930632.fit is not a target (SKY)
r930633.fit is not a target (SKY)
r930634.fit is not a target (SKY)
r930635.fit is not a target (SKY)
r930636.fit is not a target (SKY)
r930637.fit is not a target (SKY)
r930638.fit is not a target (SKY)
