r945649.fit is not a target (BIAS)
r945650.fit is not a target (BIAS)
r945651.fit is not a target (BIAS)
r945652.fit is not a target (BIAS)
r945653.fit is not a target (BIAS)
r945654.fit is not a target (BIAS)
r945655.fit is not a target (BIAS)
r945656.fit is not a target (BIAS)
r945657.fit is not a target (BIAS)
r945658.fit is not a target (BIAS)
r945659.fit is not a target (BIAS)
r945660.fit is not a target (BIAS)
r945661.fit is not a target (BIAS)
r945662.fit is not a target (BIAS)
r945663.fit is not a target (BIAS)
r945664.fit is not a target (FLAT)
r945665.fit is not a target (FLAT)
r945666.fit is not a target (FLAT)
r945667.fit is not a target (FLAT)
r945668.fit is not a target (FLAT)
r945669.fit is not a target (FLAT)
r945670.fit is not a target (FLAT)
r945671.fit is not a target (FLAT)
r945672.fit is not a target (FLAT)
r945673.fit is not a target (FLAT)
r945674.fit is not a target (FLAT)
r945675.fit is not a target (FLAT)
r945676.fit is not a target (FLAT)
r945677.fit is not a target (FOCUS)
r945678.fit  5.67  1.87 0.068   303.7 from  17 sources of sa114 ha
r945679.fit  6.32  2.09 0.035   348.5 from  30 sources of sa114 r
r945680.fit  6.14  2.03 0.032   319.1 from  13 sources of sa114 i
r945681.fit  6.66  2.20 0.014   316.9 from  28 sources of sa114 g
r945682.fit  4.36  1.44 0.118   316.7 from  10 sources of sa114 U
r945683.fit  4.21  1.39 0.057   378.5 from 181 sources of intphas_7175 Ha
r945684.fit  4.33  1.43 0.072   434.1 from 434 sources of intphas_7175 r
r945685.fit  3.76  1.24 0.068   467.9 from 473 sources of intphas_7175 i
r945686.fit  4.59  1.51 0.054   398.2 from 174 sources of intphas_7175o Ha
r945687.fit  4.11  1.36 0.064   454.0 from 522 sources of intphas_7175o r
r945688.fit  4.20  1.39 0.078   457.7 from 456 sources of intphas_7175o i
r945689.fit  4.66  1.54 0.062   405.1 from 316 sources of intphas_7197o Ha
r945690.fit  4.98  1.64 0.067   465.3 from 759 sources of intphas_7197o r
r945691.fit  5.11  1.69 0.071   464.5 from 501 sources of intphas_7197o i
r945692.fit is not a target (BIAS)
r945693.fit is not a target (BIAS)
r945694.fit  6.68  2.20 0.072    61.6 from 229 sources of intphas_6671 Ha
r945695.fit  6.56  2.16 0.074   110.6 from 625 sources of intphas_6671 r
r945696.fit  6.22  2.05 0.066   120.9 from 464 sources of intphas_6671 i
r945697.fit  6.21  2.05 0.070    67.4 from 173 sources of intphas_6716 Ha
r945698.fit  5.62  1.85 0.073   123.5 from 551 sources of intphas_6716 r
r945699.fit  5.22  1.72 0.076   127.3 from 477 sources of intphas_6716 i
r945700.fit  5.92  1.95 0.066    64.3 from 158 sources of intphas_6752 Ha
r945701.fit  5.95  1.96 0.061   114.2 from 427 sources of intphas_6752 r
r945702.fit  5.67  1.87 0.083   109.3 from 363 sources of intphas_6752 i
r945703.fit  6.04  1.99 0.071    87.8 from  99 sources of intphas_6765o Ha
r945704.fit  7.19  2.37 0.044   143.0 from 168 sources of intphas_6765o r
r945705.fit  5.65  1.86 0.062   108.2 from 236 sources of intphas_6765o i
r945706.fit  6.51  2.15 0.043    67.9 from 123 sources of intphas_6766o Ha
r945707.fit  6.10  2.01 0.064   130.7 from 355 sources of intphas_6766o r
r945708.fit  6.65  2.19 0.080   106.0 from 285 sources of intphas_6766o i
r945709.fit  6.37  2.10 0.062    70.8 from 176 sources of intphas_6769o Ha
r945710.fit  7.17  2.37 0.067   108.6 from 426 sources of intphas_6769o r
r945711.fit  6.47  2.14 0.074   121.7 from 390 sources of intphas_6769o i
r945712.fit  6.29  2.08 0.047    68.9 from 127 sources of intphas_6770 Ha
r945713.fit  6.26  2.07 0.084   101.3 from 345 sources of intphas_6770 r
r945714.fit  6.48  2.14 0.068   120.8 from 242 sources of intphas_6770 i
r945715.fit  6.16  2.03 0.047    67.0 from 123 sources of intphas_6770o Ha
r945716.fit  6.17  2.04 0.070   121.5 from 302 sources of intphas_6770o r
r945717.fit  4.84  1.60 0.057    94.6 from 389 sources of intphas_6770o i
r945718.fit  5.55  1.83 0.063   123.9 from  57 sources of str82_0322 i
r945719.fit  7.06  2.33 0.031    76.0 from  30 sources of str82_0322 g
r945720.fit  8.26  2.73 0.039    67.6 from  26 sources of str82_0322 U
r945721.fit  5.53  1.82 0.081   113.4 from  65 sources of str82_0322 r
r945722.fit  6.41  2.12 0.053    69.1 from  27 sources of str82_0322 Ha
r945723.fit  6.55  2.16 0.030   161.2 from  48 sources of str82_0322o i
r945724.fit  6.89  2.27 0.041    88.5 from  39 sources of str82_0322o g
r945725.fit  6.79  2.24 0.027    70.1 from  25 sources of str82_0322o U
r945726.fit  5.34  1.76 0.047   124.1 from  67 sources of str82_0322o r
r945727.fit  5.92  1.95 0.053    67.6 from  34 sources of str82_0322o Ha
r945728.fit  5.67  1.87 0.062   156.6 from  59 sources of str82_0323 i
r945729.fit  6.44  2.13 0.062    84.3 from  41 sources of str82_0323 g
r945730.fit  6.75  2.23 0.048    67.0 from  25 sources of str82_0323 U
r945731.fit  5.37  1.77 0.036   136.8 from  61 sources of str82_0323 r
r945732.fit  6.81  2.25 0.057    66.6 from  32 sources of str82_0323 Ha
r945733.fit  6.53  2.15 0.036   163.0 from  46 sources of str82_0323o i
r945734.fit  6.66  2.20 0.051    88.3 from  38 sources of str82_0323o g
r945735.fit  4.44  1.47 0.166    71.4 from  20 sources of str82_0323o U
r945736.fit  7.06  2.33 0.028   137.3 from  46 sources of str82_0323o r
r945737.fit  4.50  1.49 0.062    68.9 from  23 sources of str82_0323o Ha
r945738.fit  7.72  2.55 0.040   193.7 from  22 sources of str82_0324 i
r945739.fit  4.57  1.51 0.105    46.1 from   7 sources of str82_0324 g
r945740.fit  4.45  1.47 0.209    42.5 from   9 sources of str82_0324 U
r945741.fit 83.20 27.46 0.316 35759.8 from   1 sources of str82_0324 r
r945746.fit is not a target (BIAS)
r945747.fit  5.90  1.95 0.100    44.1 from 103 sources of CRAB_NEBULA
r945748.fit  5.72  1.89 0.107   116.1 from 419 sources of crab nebula Ha
r945749.fit  3.88  1.28 0.057   122.0 from 1012 sources of uvex_2117 r
r945750.fit  5.11  1.69 0.062    79.6 from 162 sources of uvex_2117 U
r945751.fit  4.06  1.34 0.076    79.6 from 764 sources of uvex_2117 g
r945752.fit  3.73  1.23 0.081    56.9 from 1075 sources of uvex_2117o r
r945753.fit  4.57  1.51 0.108    71.8 from 164 sources of uvex_2117o U
r945754.fit  3.95  1.30 0.093    52.2 from 757 sources of uvex_2117o g
r945755.fit  4.28  1.41 0.051   147.6 from 242 sources of uvex_2119 r
r945756.fit  5.02  1.66 0.085    84.9 from  41 sources of uvex_2119 U
r945757.fit  4.87  1.61 0.082    99.8 from 102 sources of uvex_2119 g
r945758.fit  4.94  1.63 0.153   132.0 from 231 sources of uvex_2119o r
r945759.fit  5.10  1.68 0.063    79.2 from  36 sources of uvex_2119o U
r945760.fit  5.23  1.73 0.050    83.5 from  97 sources of uvex_2119o g
r945761.fit  4.52  1.49 0.035    81.5 from 533 sources of uvex_2121 r
r945762.fit  5.64  1.86 0.108    79.0 from  75 sources of uvex_2121 U
r945763.fit  4.86  1.60 0.050    94.1 from 348 sources of uvex_2121 g
r945764.fit  4.33  1.43 0.047    94.5 from 547 sources of uvex_2121o r
r945765.fit  4.81  1.59 0.076    77.9 from  99 sources of uvex_2121o U
r945766.fit  4.23  1.40 0.071    75.0 from 416 sources of uvex_2121o g
r945767.fit  4.01  1.32 0.064   114.8 from 600 sources of uvex_2123 r
r945768.fit  4.84  1.60 0.068    75.2 from  67 sources of uvex_2123 U
r945769.fit  4.35  1.44 0.071    79.2 from 332 sources of uvex_2123 g
r945770.fit  4.68  1.54 0.103   136.4 from 485 sources of uvex_2123o r
r945771.fit  4.55  1.50 0.051    70.9 from  77 sources of uvex_2123o U
r945772.fit  3.60  1.19 0.061    89.6 from 453 sources of uvex_2123o g
r945773.fit  3.58  1.18 0.060   132.6 from 649 sources of uvex_2126 r
r945774.fit  4.37  1.44 0.050    75.5 from  97 sources of uvex_2126 U
r945775.fit  5.36  1.77 0.061    88.7 from 245 sources of uvex_2126 g
r945776.fit  4.26  1.41 0.105   135.1 from 612 sources of uvex_2126o r
r945777.fit  4.61  1.52 0.067    75.8 from  88 sources of uvex_2126o U
r945778.fit  3.48  1.15 0.063    90.9 from 537 sources of uvex_2126o g
r945779.fit  3.41  1.13 0.070   129.2 from 1131 sources of uvex_2127 r
r945780.fit  4.31  1.42 0.073    77.6 from 197 sources of uvex_2127 U
r945781.fit  3.51  1.16 0.072    78.3 from 816 sources of uvex_2127 g
r945782.fit  3.69  1.22 0.145   129.8 from 1149 sources of uvex_2127o r
r945783.fit  4.49  1.48 0.065    76.9 from 188 sources of uvex_2127o U
r945784.fit  4.40  1.45 0.050    91.3 from 577 sources of uvex_2127o g
r945785.fit  3.72  1.23 0.085   132.6 from 966 sources of uvex_2129 r
r945786.fit  5.20  1.72 0.044    73.6 from 114 sources of uvex_2129 U
r945787.fit  4.04  1.33 0.056    90.3 from 582 sources of uvex_2129 g
r945788.fit  3.83  1.26 0.054    78.8 from 848 sources of uvex_2129o r
r945789.fit  4.82  1.59 0.089    66.9 from 143 sources of uvex_2129o U
r945790.fit  4.81  1.59 0.054    86.1 from 434 sources of uvex_2129o g
r945791.fit  4.22  1.39 0.054   139.0 from 604 sources of uvex_2132 r
r945792.fit  4.61  1.52 0.039    75.7 from  82 sources of uvex_2132 U
r945793.fit  4.23  1.40 0.048    85.1 from 379 sources of uvex_2132 g
r945794.fit  5.05  1.67 0.037   125.0 from 397 sources of uvex_2132o r
r945795.fit  4.78  1.58 0.041    69.4 from  72 sources of uvex_2132o U
r945796.fit  4.27  1.41 0.041    81.2 from 347 sources of uvex_2132o g
r945797.fit  3.76  1.24 0.054   136.7 from 450 sources of uvex_2133 r
r945798.fit  4.55  1.50 0.045    75.3 from  57 sources of uvex_2133 U
r945799.fit  4.02  1.33 0.071    86.5 from 273 sources of uvex_2133 g
r945800.fit  3.73  1.23 0.045   138.9 from 511 sources of uvex_2133o r
r945801.fit  4.45  1.47 0.054    65.5 from  69 sources of uvex_2133o U
r945802.fit  4.05  1.34 0.050    86.6 from 284 sources of uvex_2133o g
r945803.fit  4.48  1.48 0.069    97.0 from 550 sources of uvex_2136 r
r945804.fit  4.57  1.51 0.047    68.9 from 106 sources of uvex_2136 U
r945805.fit  4.17  1.38 0.071    68.6 from 428 sources of uvex_2136 g
r945806.fit  4.19  1.38 0.046   129.7 from 599 sources of uvex_2136o r
r945807.fit  4.42  1.46 0.048    70.3 from 113 sources of uvex_2136o U
r945808.fit  4.02  1.33 0.064    80.2 from 464 sources of uvex_2136o g
r945809.fit  4.17  1.38 0.043    69.2 from 512 sources of uvex_2137 r
r945810.fit  4.86  1.60 0.060    67.0 from  78 sources of uvex_2137 U
r945811.fit  4.60  1.52 0.057    82.3 from 313 sources of uvex_2137 g
r945812.fit  4.12  1.36 0.072   112.4 from 567 sources of uvex_2137o r
r945813.fit  5.30  1.75 0.039    71.7 from  67 sources of uvex_2137o U
r945814.fit  4.51  1.49 0.039    78.0 from 322 sources of uvex_2137o g
r945815.fit  4.45  1.47 0.058    47.0 from 883 sources of uvex_2140 r
r945816.fit  4.98  1.64 0.064    66.3 from 178 sources of uvex_2140 U
r945817.fit  4.24  1.40 0.045    86.3 from 714 sources of uvex_2140 g
r945818.fit  3.55  1.17 0.043   104.3 from 1132 sources of uvex_2140o r
r945819.fit  4.65  1.53 0.063    69.1 from 179 sources of uvex_2140o U
r945820.fit  3.70  1.22 0.054    72.7 from 863 sources of uvex_2140o g
r945821.fit  3.75  1.24 0.088    70.7 from 563 sources of uvex_2142 r
r945822.fit  5.64  1.86 0.214    68.2 from  66 sources of uvex_2142 U
r945823.fit  4.03  1.33 0.070    57.8 from 288 sources of uvex_2142 g
r945824.fit  3.94  1.30 0.096    70.7 from 452 sources of uvex_2142o r
r945825.fit  4.52  1.49 0.086    73.7 from  56 sources of uvex_2142o U
r945826.fit  3.56  1.17 0.043    66.2 from 282 sources of uvex_2142o g
r945827.fit  3.39  1.12 0.054   104.8 from 847 sources of uvex_2149 r
r945828.fit  4.13  1.36 0.059    64.6 from 146 sources of uvex_2149 U
r945829.fit  4.15  1.37 0.063    80.6 from 506 sources of uvex_2149 g
r945830.fit  4.60  1.52 0.064   134.7 from 537 sources of uvex_2149o r
r945831.fit  4.43  1.46 0.087    63.0 from 132 sources of uvex_2149o U
r945832.fit  4.29  1.42 0.040    83.0 from 424 sources of uvex_2149o g
r945833.fit  3.86  1.27 0.083    96.1 from 822 sources of uvex_2153 r
r945834.fit  5.03  1.66 0.052    67.8 from 125 sources of uvex_2153 U
r945835.fit  4.18  1.38 0.060    85.9 from 578 sources of uvex_2153 g
r945836.fit  3.14  1.04 0.042   132.1 from 979 sources of uvex_2153o r
r945837.fit  4.41  1.46 0.061    71.5 from 143 sources of uvex_2153o U
r945838.fit  4.10  1.35 0.041    81.7 from 545 sources of uvex_2153o g
r945839.fit  3.54  1.17 0.044   137.2 from 692 sources of uvex_2155 r
r945840.fit  4.30  1.42 0.066    66.4 from  88 sources of uvex_2155 U
r945841.fit  5.00  1.65 0.042    72.0 from 310 sources of uvex_2155 g
r945842.fit  4.54  1.50 0.053   124.7 from 454 sources of uvex_2155o r
r945843.fit  4.97  1.64 0.032    75.7 from  58 sources of uvex_2155o U
r945844.fit  4.42  1.46 0.045    79.6 from 329 sources of uvex_2155o g
r945845.fit  4.19  1.38 0.037   128.7 from 488 sources of uvex_2156 r
r945846.fit  4.95  1.63 0.063    75.0 from  73 sources of uvex_2156 U
r945847.fit  4.64  1.53 0.039    84.6 from 277 sources of uvex_2156 g
r945848.fit  4.49  1.48 0.059   126.4 from 477 sources of uvex_2156o r
r945849.fit  5.47  1.81 0.069    68.4 from  62 sources of uvex_2156o U
r945850.fit  4.59  1.51 0.040    91.8 from 273 sources of uvex_2156o g
r945851.fit  3.89  1.28 0.056   142.4 from 640 sources of uvex_2159 r
r945852.fit  4.52  1.49 0.035    70.8 from  88 sources of uvex_2159 U
r945853.fit  3.76  1.24 0.061    93.5 from 492 sources of uvex_2159 g
r945854.fit  4.39  1.45 0.059   108.1 from 610 sources of uvex_2159o r
r945855.fit  4.91  1.62 0.065    67.5 from  72 sources of uvex_2159o U
r945856.fit  4.21  1.39 0.064    87.5 from 479 sources of uvex_2159o g
r945857.fit  4.95  1.63 0.045    62.9 from 101 sources of SA98 U
r945858.fit  4.60  1.52 0.063    56.7 from 243 sources of SA98 g
r945859.fit  4.43  1.46 0.064    77.3 from 324 sources of SA98 r
r945860.fit  4.41  1.46 0.051   143.8 from 306 sources of uvex_3635 r
r945861.fit  5.72  1.89 0.042    74.7 from  58 sources of uvex_3635 U
r945862.fit  5.07  1.67 0.038    90.8 from 163 sources of uvex_3635 g
r945863.fit  4.92  1.62 0.057   113.2 from 268 sources of uvex_3635o r
r945864.fit  5.89  1.94 0.035    71.3 from  54 sources of uvex_3635o U
r945865.fit  5.80  1.91 0.064    85.0 from 139 sources of uvex_3635o g
r945866.fit  5.66  1.87 0.042   150.8 from 204 sources of uvex_3636 r
r945867.fit  4.94  1.63 0.022    77.8 from  84 sources of uvex_3636 U
r945868.fit  4.51  1.49 0.033    94.2 from 178 sources of uvex_3636 g
r945869.fit  4.51  1.49 0.062   147.5 from 245 sources of uvex_3636o r
r945870.fit  4.94  1.63 0.065    73.4 from  84 sources of uvex_3636o U
r945871.fit  4.70  1.55 0.028    87.6 from 176 sources of uvex_3636o g
r945872.fit  4.27  1.41 0.057   144.3 from 595 sources of uvex_3641 r
r945873.fit  5.80  1.91 0.045    73.9 from  89 sources of uvex_3641 U
r945874.fit  7.21  2.38 0.033    96.4 from 202 sources of uvex_3641 g
r945875.fit  8.09  2.67 0.071   143.0 from 233 sources of uvex_3641o r
r945876.fit  7.46  2.46 0.061    80.5 from  64 sources of uvex_3641o U
r945877.fit  4.82  1.59 0.045    94.0 from 393 sources of uvex_3641o g
r945878.fit  5.33  1.76 0.047   146.2 from 396 sources of uvex_3648 r
r945879.fit  5.51  1.82 0.038    81.4 from  82 sources of uvex_3648 U
r945880.fit  5.24  1.73 0.036    93.1 from 295 sources of uvex_3648 g
r945881.fit  4.70  1.55 0.059   103.5 from 453 sources of uvex_3648o r
r945882.fit  5.42  1.79 0.041    65.9 from  86 sources of uvex_3648o U
r945883.fit  5.39  1.78 0.068    93.9 from 288 sources of uvex_3648o g
r945884.fit  4.46  1.47 0.066   142.6 from 461 sources of uvex_3663 r
r945885.fit  5.07  1.67 0.048    82.2 from  60 sources of uvex_3663 U
r945886.fit  5.34  1.76 0.042    96.5 from 235 sources of uvex_3663 g
r945887.fit  5.35  1.77 0.045   132.5 from 336 sources of uvex_3663o r
r945888.fit  4.97  1.64 0.023    75.2 from  77 sources of uvex_3663o U
r945889.fit  4.88  1.61 0.068    89.8 from 263 sources of uvex_3663o g
r945890.fit  4.81  1.59 0.074   146.7 from 339 sources of uvex_3664 r
r945891.fit  5.29  1.75 0.031    74.8 from  77 sources of uvex_3664 U
r945892.fit  5.69  1.88 0.043    97.8 from 193 sources of uvex_3664 g
r945893.fit  5.30  1.75 0.041   155.0 from 267 sources of uvex_3664o r
r945894.fit  6.13  2.02 0.027    83.7 from  59 sources of uvex_3664o U
r945895.fit  6.31  2.08 0.064   100.1 from 142 sources of uvex_3664o g
r945896.fit  5.28  1.74 0.069   159.4 from 351 sources of uvex_3665 r
r945897.fit  5.55  1.83 0.022    81.5 from  70 sources of uvex_3665 U
r945898.fit  5.95  1.96 0.049   102.6 from 203 sources of uvex_3665 g
r945899.fit  5.28  1.74 0.040   162.1 from 343 sources of uvex_3665o r
r945900.fit  5.27  1.74 0.039    82.3 from  68 sources of uvex_3665o U
r945901.fit  5.71  1.88 0.053   106.0 from 221 sources of uvex_3665o g
r945902.fit is not a target (FLAT)
r945903.fit is not a target (FLAT)
r945904.fit is not a target (FLAT)
r945905.fit is not a target (FLAT)
r945906.fit is not a target (FLAT)
r945907.fit is not a target (FLAT)
r945908.fit is not a target (FLAT)
r945909.fit is not a target (FLAT)
r945910.fit is not a target (FLAT)
r945911.fit is not a target (FLAT)
r945912.fit is not a target (FLAT)
r945913.fit is not a target (FLAT)
r945914.fit is not a target (FLAT)
r945915.fit is not a target (FLAT)
r945916.fit is not a target (FLAT)
r945917.fit is not a target (FLAT)
r945918.fit is not a target (FLAT)
r945919.fit is not a target (FLAT)
r945920.fit is not a target (FLAT)
r945921.fit is not a target (FLAT)
r945922.fit is not a target (FLAT)
r945923.fit is not a target (FLAT)
r945924.fit is not a target (FLAT)
r945925.fit is not a target (FLAT)
r945926.fit is not a target (FLAT)
r945927.fit is not a target (FLAT)
r945928.fit is not a target (FLAT)
r945929.fit is not a target (FLAT)
r945930.fit is not a target (FLAT)
