r940050.fit  7.11  2.35 0.076    41.9 from  12 sources of SA112-250 Ha
r940051.fit  6.89  2.27 0.057    42.9 from   7 sources of SA112-250 r
r940052.fit  8.26  2.73 0.056    51.2 from   8 sources of SA112-250 i
r940053.fit  6.49  2.14 0.092    55.0 from  18 sources of SA113-260 Ha
r940054.fit  6.44  2.13 0.062    92.8 from  36 sources of SA113-260 r
r940055.fit  6.47 2.14 0.087    87.5 from  22 sources of SA113-260 i
r940056.fit  5.80  1.91 0.102    94.2 from 145 sources of intphas_7193 Ha
r940057.fit  5.52  1.82 0.118   257.3 from 375 sources of intphas_7193 r
r940058.fit  5.66  1.87 0.122   165.9 from 371 sources of intphas_7193 i
r940059.fit  5.32  1.76 0.106    96.4 from 140 sources of intphas_7193o Ha
r940060.fit  7.02 2.32 0.092   271.2 from 257 sources of intphas_7193o r
r940061.fit  6.70  2.21 0.103   159.0 from 298 sources of intphas_7193o i
r940062.fit  6.03  1.99 0.112    61.0 from 337 sources of intphas_7302 Ha
r940063.fit  6.44  2.13 0.156   277.6 from 720 sources of intphas_7302 r
r940064.fit  6.95  2.29 0.106   165.6 from 593 sources of intphas_7302 i
r940065.fit  6.14 2.03 0.135    98.6 from 236 sources of intphas_7302o Ha
r940066.fit  6.61 2.18 0.083   166.6 from 504 sources of intphas_7302o r
r940067.fit  6.24  2.06 0.107   147.7 from 657 sources of intphas_7302o i
r940068.fit  5.86  1.93 0.093   103.8 from  77 sources of intphas_7081 Ha
r940069.fit  6.89  2.27 0.115   271.0 from 135 sources of intphas_7081 r
r940070.fit  5.68  1.87 0.125   147.9 from 236 sources of intphas_7081 i
r940071.fit  6.24  2.06 0.141   102.5 from  65 sources of intphas_7081o Ha
r940072.fit  6.22  2.05 0.124   297.9 from 212 sources of intphas_7081o r
r940073.fit  6.74  2.22 0.102   155.9 from 214 sources of intphas_7081o i
r940074.fit  5.65  1.86 0.121    88.8 from  83 sources of intphas_7299 Ha
r940075.fit  6.23 2.06 0.118   312.0 from 132 sources of intphas_7299 r
r940076.fit  5.59  1.84 0.091   162.4 from 184 sources of intphas_7299 i
r940077.fit  5.58  1.84 0.143   105.8 from  89 sources of intphas_7299o Ha
r940078.fit  6.72  2.22 0.132   202.8 from 150 sources of intphas_7299o r
r940079.fit  6.39  2.11 0.159   154.2 from 179 sources of intphas_7299o i
r940080.fit  5.62  1.85 0.120    98.6 from 363 sources of intphas_7298 Ha
r940081.fit  6.14 2.03 0.083   314.8 from 693 sources of intphas_7298 r
r940082.fit  6.57 2.17 0.085   151.6 from 415 sources of intphas_7298 i
r940083.fit  6.76  2.23 0.096    99.6 from 205 sources of intphas_7298o Ha
r940084.fit  6.26 2.07 0.128   215.3 from 640 sources of intphas_7298o r
r940085.fit  5.89  1.94 0.132   116.3 from 660 sources of intphas_7298o i
r940086.fit  5.76  1.90 0.089   107.7 from 189 sources of intphas_7297 Ha
r940087.fit  6.70  2.21 0.092   324.5 from 396 sources of intphas_7297 r
r940088.fit  6.34  2.09 0.135   163.0 from 399 sources of intphas_7297 i
r940089.fit  6.40  2.11 0.094   107.3 from 174 sources of intphas_7297o Ha
r940090.fit  6.79  2.24 0.058   293.1 from 373 sources of intphas_7297o r
r940091.fit  7.06 2.33 0.104   165.0 from 297 sources of intphas_7297o i
r940092.fit  6.80  2.24 0.100   107.8 from 181 sources of intphas_7296 Ha
r940093.fit  7.26  2.40 0.080   324.2 from 434 sources of intphas_7296 r
r940094.fit  6.50 2.15 0.119   116.1 from 422 sources of intphas_7296 i
r940095.fit  8.12 2.68 0.089    93.4 from 129 sources of intphas_7296o Ha
r940096.fit  8.65 2.85 0.102   104.8 from 310 sources of intphas_7296o r
r940097.fit  7.82  2.58 0.083   105.6 from 253 sources of intphas_7296o i
r940098.fit 10.44  3.45 0.071   112.7 from  44 sources of intphas_7295 Ha
r940099.fit  8.82  2.91 0.061   349.6 from 107 sources of intphas_7295 r
r940100.fit  7.64  2.52 0.091   161.8 from 118 sources of intphas_7295 i
r940101.fit  5.85  1.93 0.079   111.0 from  80 sources of intphas_7295o Ha
r940102.fit  5.79  1.91 0.086   349.3 from 216 sources of intphas_7295o r
r940103.fit  5.70  1.88 0.057   171.9 from 209 sources of intphas_7295o i
r940104.fit  5.50  1.82 0.091    91.8 from 124 sources of intphas_7294 Ha
r940105.fit  5.75  1.90 0.066   345.4 from 227 sources of intphas_7294 r
r940106.fit  5.09  1.68 0.077   133.0 from 267 sources of intphas_7294 i
r940107.fit  5.21  1.72 0.095   107.0 from 146 sources of intphas_7294o Ha
r940108.fit  5.56  1.83 0.083   357.3 from 318 sources of intphas_7294o r
r940109.fit  5.94  1.96 0.098   149.4 from 352 sources of intphas_7294o i
r940110.fit  5.64  1.86 0.102   104.5 from 161 sources of intphas_7293 Ha
r940111.fit  6.02  1.99 0.103   322.7 from 390 sources of intphas_7293 r
r940112.fit  6.13 2.02 0.150   154.3 from 444 sources of intphas_7293 i
r940113.fit  5.54  1.83 0.148   107.8 from 190 sources of intphas_7293o Ha
r940114.fit  6.08 2.01 0.126   341.5 from 491 sources of intphas_7293o r
r940115.fit  6.41 2.12 0.138   172.1 from 507 sources of intphas_7293o i
r940116.fit  5.57  1.84 0.110   104.4 from 384 sources of intphas_7292 Ha
r940117.fit  5.92  1.95 0.124   243.2 from 863 sources of intphas_7292 r
r940118.fit  5.61  1.85 0.120   136.1 from 910 sources of intphas_7292 i
r940119.fit  5.34  1.76 0.142    91.5 from 415 sources of intphas_7292o Ha
r940120.fit  5.93  1.96 0.128   287.4 from 880 sources of intphas_7292o r
r940121.fit  6.10 2.01 0.161   165.5 from 965 sources of intphas_7292o i
r940122.fit  5.39  1.78 0.119   104.4 from 422 sources of intphas_7291 Ha
r940123.fit  5.83  1.92 0.109   103.9 from 1040 sources of intphas_7291 r
r940124.fit  6.02  1.99 0.126   175.8 from 949 sources of intphas_7291 i
r940125.fit  5.47  1.81 0.073   108.5 from 276 sources of intphas_7291o Ha
r940126.fit  5.89  1.94 0.060   233.7 from 735 sources of intphas_7291o r
r940127.fit  5.61  1.85 0.077   188.3 from 518 sources of intphas_7291o i
r940128.fit  7.95  2.62 0.089    66.8 from  14 sources of SA113-260 Ha
r940129.fit 10.94  3.61 0.053   142.9 from  20 sources of SA113-260 r
r940130.fit 11.33  3.74 0.118   115.9 from  10 sources of SA113-260 i