r942316.fit is not a target (BIAS)
r942317.fit is not a target (BIAS)
r942318.fit is not a target (BIAS)
r942319.fit is not a target (BIAS)
r942320.fit is not a target (BIAS)
r942321.fit is not a target (BIAS)
r942322.fit is not a target (BIAS)
r942323.fit is not a target (BIAS)
r942324.fit is not a target (BIAS)
r942325.fit is not a target (BIAS)
r942326.fit is not a target (BIAS)
r942327.fit is not a target (BIAS)
r942328.fit is not a target (BIAS)
r942329.fit is not a target (BIAS)
r942330.fit is not a target (BIAS)
r942331.fit is not a target (BIAS)
r942332.fit is not a target (BIAS)
r942333.fit is not a target (BIAS)
r942334.fit is not a target (BIAS)
r942335.fit is not a target (BIAS)
r942336.fit is not a target (SKY)
r942337.fit is not a target (SKY)
r942338.fit is not a target (SKY)
r942339.fit is not a target (SKY)
r942340.fit is not a target (SKY)
r942341.fit is not a target (SKY)
r942342.fit is not a target (SKY)
r942343.fit is not a target (SKY)
r942344.fit is not a target (SKY)
r942345.fit is not a target (SKY)
r942346.fit is not a target (SKY)
r942347.fit is not a target (SKY)
r942348.fit is not a target (SKY)
r942349.fit is not a target (SKY)
r942350.fit is not a target (SKY)
r942351.fit is not a target (SKY)
r942352.fit is not a target (SKY)
r942353.fit is not a target (SKY)
r942354.fit is not a target (SKY)
r942355.fit is not a target (FOCUS)
r942356.fit is not a target (FOCUS)
r942357.fit  4.38  1.45 0.092    41.6 from  29 sources of SA112-250 Ha
r942358.fit  4.21  1.39 0.121    43.4 from  37 sources of SA112-250 r
r942359.fit  4.07  1.34 0.152    47.2 from  28 sources of SA112-250 i
r942360.fit  4.65  1.53 0.134    89.0 from 423 sources of intphas_4329 Ha
r942361.fit  5.45  1.80 0.222   190.2 from 1160 sources of intphas_4329 r
r942362.fit  4.64  1.53 0.198   178.4 from 1771 sources of intphas_4329 i
r942363.fit  4.47  1.48 0.140    88.0 from 458 sources of intphas_4329o Ha
r942364.fit  4.79  1.58 0.132   174.0 from 1149 sources of intphas_4329o r
r942365.fit  3.55  1.17 0.125   182.5 from 2176 sources of intphas_4329o i
r942366.fit  4.06  1.34 0.109    68.2 from 657 sources of intphas_4340 Ha
r942367.fit  4.37  1.44 0.187   118.9 from 2137 sources of intphas_4340 r
r942368.fit  3.92  1.29 0.150   151.2 from 2609 sources of intphas_4340 i
r942369.fit  4.78  1.58 0.152    88.4 from 512 sources of intphas_4340o Ha
r942370.fit  4.89  1.61 0.184   141.0 from 1770 sources of intphas_4340o r
r942371.fit  3.86  1.27 0.145   159.6 from 2721 sources of intphas_4340o i
r942372.fit  4.69  1.55 0.120    83.8 from 476 sources of intphas_4352 Ha
r942373.fit  4.73  1.56 0.153   170.8 from 1808 sources of intphas_4352 r
r942374.fit  4.23  1.40 0.136   156.5 from 2196 sources of intphas_4352 i
r942375.fit  4.63  1.53 0.138    85.1 from 500 sources of intphas_4352o Ha
r942376.fit  4.11  1.36 0.131   154.2 from 2123 sources of intphas_4352o r
r942377.fit  3.55  1.17 0.144   173.6 from 2912 sources of intphas_4352o i
r942378.fit  4.18  1.38 0.127    87.7 from 550 sources of intphas_4365 Ha
r942379.fit  3.80  1.25 0.138   169.2 from 2254 sources of intphas_4365 r
r942380.fit  3.68  1.21 0.164   113.7 from 2809 sources of intphas_4365 i
r942381.fit  4.07  1.34 0.135    48.8 from 707 sources of intphas_4365o Ha
r942382.fit  4.38  1.45 0.169   158.7 from 2148 sources of intphas_4365o r
r942383.fit  4.20  1.39 0.170   116.7 from 2320 sources of intphas_4365o i
r942384.fit  4.27  1.41 0.135    74.9 from 434 sources of intphas_5032o Ha
r942385.fit  4.22  1.39 0.133    56.9 from 1300 sources of intphas_5032o r
r942386.fit  3.66  1.21 0.122    52.7 from 1633 sources of intphas_5032o i
r942387.fit  5.29  1.75 0.206    79.8 from 770 sources of intphas_5071 Ha
r942388.fit  4.31  1.42 0.129    95.1 from 2455 sources of intphas_5071 r
r942389.fit  4.36  1.44 0.146   111.3 from 1647 sources of intphas_5071 i
r942390.fit  4.14  1.37 0.126    78.5 from 928 sources of intphas_5071o Ha
r942391.fit  3.82  1.26 0.124   107.7 from 2912 sources of intphas_5071o r
r942392.fit  3.69  1.22 0.114   133.9 from 1993 sources of intphas_5071o i
r942393.fit  4.54  1.50 0.127    73.5 from 628 sources of intphas_5072 Ha
r942394.fit  3.84  1.27 0.107   135.2 from 2199 sources of intphas_5072 r
r942395.fit  3.61  1.19 0.108    54.6 from 1931 sources of intphas_5072 i
r942396.fit  4.22  1.39 0.116    48.4 from 726 sources of intphas_5072o Ha
r942397.fit  4.13  1.36 0.116    49.3 from 2243 sources of intphas_5072o r
r942398.fit  4.36  1.44 0.116   149.9 from 1618 sources of intphas_5072o i
r942399.fit  4.80  1.58 0.137    66.9 from 739 sources of intphas_5099 Ha
r942400.fit  4.49  1.48 0.144    71.7 from 2671 sources of intphas_5099 r
r942401.fit  3.89  1.28 0.116    65.4 from 2220 sources of intphas_5099 i
r942402.fit  4.69  1.55 0.144    73.5 from 789 sources of intphas_5099o Ha
r942403.fit  4.17  1.38 0.127   136.3 from 2933 sources of intphas_5099o r
r942404.fit  3.74  1.23 0.106   128.9 from 2226 sources of intphas_5099o i
r942405.fit  4.30  1.42 0.126    72.1 from 730 sources of intphas_5100 Ha
r942406.fit  4.28  1.41 0.115   130.3 from 2106 sources of intphas_5100 r
r942407.fit  3.82  1.26 0.139   115.6 from 2057 sources of intphas_5100 i
r942408.fit  4.30  1.42 0.117    72.8 from 708 sources of intphas_5100o Ha
r942409.fit  4.62  1.52 0.113   149.4 from 1778 sources of intphas_5100o r
r942410.fit  3.50  1.16 0.108   135.3 from 2188 sources of intphas_5100o i
r942411.fit  4.32  1.43 0.133    63.7 from 951 sources of intphas_5113 Ha
r942412.fit  4.67  1.54 0.167   109.9 from 2649 sources of intphas_5113 r
r942413.fit  4.08  1.35 0.138   122.1 from 2016 sources of intphas_5113 i
r942414.fit  4.46  1.47 0.167    65.1 from 978 sources of intphas_5113o Ha
r942415.fit  3.81  1.26 0.117   141.0 from 3109 sources of intphas_5113o r
r942416.fit  3.48  1.15 0.112   115.5 from 2439 sources of intphas_5113o i
r942417.fit  4.35  1.44 0.128    73.2 from 698 sources of intphas_5114 Ha
r942418.fit  4.38  1.45 0.126   137.7 from 2044 sources of intphas_5114 r
r942419.fit  3.69  1.22 0.125   141.6 from 2041 sources of intphas_5114 i
r942420.fit  4.24  1.40 0.125    55.0 from 733 sources of intphas_5114o Ha
r942421.fit  3.90  1.29 0.141    57.9 from 2735 sources of intphas_5114o r
r942422.fit  3.45  1.14 0.123    56.6 from 2385 sources of intphas_5114o i
r942423.fit  3.84  1.27 0.110    65.2 from 695 sources of intphas_5115 Ha
r942424.fit  3.41  1.13 0.115   129.4 from 2419 sources of intphas_5115 r
r942425.fit  3.21  1.06 0.124   142.0 from 2472 sources of intphas_5115 i
r942426.fit  3.92  1.29 0.128    71.5 from 737 sources of intphas_5115o Ha
r942427.fit  3.57  1.18 0.121   120.0 from 2429 sources of intphas_5115o r
r942428.fit  3.36  1.11 0.128   117.9 from 2342 sources of intphas_5115o i
r942429.fit  3.98  1.31 0.152    73.9 from 583 sources of intphas_5119 Ha
r942430.fit  3.48  1.15 0.133    99.4 from 1995 sources of intphas_5119 r
r942431.fit  3.17  1.05 0.103   147.0 from 2101 sources of intphas_5119 i
r942432.fit  3.66  1.21 0.119    73.8 from 579 sources of intphas_5119o Ha
r942433.fit  3.87  1.28 0.126   156.5 from 1549 sources of intphas_5119o r
r942434.fit  3.03  1.00 0.117    91.4 from 2301 sources of intphas_5119o i
r942435.fit  4.07  1.34 0.122    60.6 from 973 sources of intphas_5127 Ha
r942436.fit  4.15  1.37 0.152    66.1 from 2923 sources of intphas_5127 r
r942437.fit  3.47  1.15 0.121   116.6 from 2477 sources of intphas_5127 i
r942438.fit  4.32  1.43 0.126    55.2 from  32 sources of SA113-260 Ha
r942439.fit  4.00  1.32 0.095    87.4 from  73 sources of SA113-260 r
r942440.fit  3.60  1.19 0.068    86.0 from  69 sources of SA113-260 i
r942441.fit  3.70  1.22 0.105    60.6 from 851 sources of intphas_5144 Ha
r942442.fit  3.49  1.15 0.108    49.8 from 2757 sources of intphas_5144 r
r942443.fit  3.29  1.09 0.106    87.6 from 2108 sources of intphas_5144 i
r942444.fit  3.72  1.23 0.110    67.2 from 887 sources of intphas_5144o Ha
r942445.fit  4.96  1.64 0.180   121.1 from 1969 sources of intphas_5144o r
r942446.fit  3.05  1.01 0.103   115.8 from 2273 sources of intphas_5144o i
r942447.fit  6.96  2.30 0.292    78.2 from 554 sources of intphas_5187 Ha
r942448.fit  3.15  1.04 0.090   130.1 from 3014 sources of intphas_5187 r
r942449.fit  3.16  1.04 0.111   132.3 from 2224 sources of intphas_5187 i
r942450.fit  4.02  1.33 0.107    70.3 from 780 sources of intphas_5187o Ha
r942451.fit  3.78  1.25 0.099   122.2 from 2472 sources of intphas_5187o r
r942452.fit  3.23  1.07 0.095   131.8 from 2119 sources of intphas_5187o i
r942453.fit  3.61  1.19 0.116    70.5 from 1119 sources of intphas_5211 Ha
r942454.fit  4.41  1.46 0.212    59.5 from 3195 sources of intphas_5211 r
r942455.fit  3.13  1.03 0.143    59.5 from 2997 sources of intphas_5211 i
r942456.fit  4.41  1.46 0.175    72.7 from 1039 sources of intphas_5238 Ha
r942457.fit  3.03  1.00 0.108   136.5 from 4431 sources of intphas_5238 r
r942458.fit  2.65  0.87 0.109   127.2 from 3771 sources of intphas_5238 i
r942459.fit  3.56  1.17 0.104    69.2 from 1001 sources of intphas_5240 Ha
r942460.fit  3.74  1.23 0.152   128.2 from 2906 sources of intphas_5240 r
r942461.fit  3.86  1.27 0.174   121.2 from 2412 sources of intphas_5240 i
r942462.fit  3.97  1.31 0.106    75.2 from 807 sources of intphas_5240o Ha
r942463.fit  3.59  1.18 0.111   145.8 from 2912 sources of intphas_5240o r
r942464.fit  3.39  1.12 0.112   115.3 from 2400 sources of intphas_5240o i
r942465.fit  4.19  1.38 0.088    74.3 from 634 sources of intphas_5255o Ha
r942466.fit  4.33  1.43 0.115   135.1 from 1811 sources of intphas_5255o r
r942467.fit  5.22  1.72 0.168   143.7 from 1200 sources of intphas_5255o i
r942468.fit  4.05  1.34 0.105    75.8 from 770 sources of intphas_5296o Ha
r942469.fit  3.85  1.27 0.136    82.3 from 2361 sources of intphas_5296o r
r942470.fit  3.43  1.13 0.099   115.3 from 2071 sources of intphas_5296o i
r942471.fit  4.19  1.38 0.098    73.1 from 643 sources of intphas_5351 Ha
r942472.fit  4.11  1.36 0.108   129.8 from 1919 sources of intphas_5351 r
r942473.fit  3.33  1.10 0.101   126.4 from 2099 sources of intphas_5351 i
r942474.fit  4.71  1.55 0.146    69.9 from 562 sources of intphas_5351o Ha
r942475.fit  4.73  1.56 0.182   137.7 from 1948 sources of intphas_5351o r
r942476.fit  4.11  1.36 0.137   133.5 from 1771 sources of intphas_5351o i
r942477.fit  4.85  1.60 0.192    45.5 from 691 sources of intphas_5358 Ha
r942478.fit  3.39  1.12 0.095    72.5 from 2446 sources of intphas_5358 r
r942479.fit  2.94  0.97 0.092   123.1 from 2281 sources of intphas_5358 i
r942480.fit  4.30  1.42 0.109    64.7 from 264 sources of intphas_0190 Ha
r942481.fit  4.60  1.52 0.102    74.5 from 568 sources of intphas_0190 r
r942482.fit  4.23  1.40 0.118    75.3 from 590 sources of intphas_0190 i
r942483.fit  4.31  1.42 0.122    67.3 from 266 sources of intphas_0190o Ha
r942484.fit  4.04  1.33 0.130   100.9 from 718 sources of intphas_0190o r
r942485.fit  5.31  1.75 0.127   113.4 from 427 sources of intphas_0190o i
r942486.fit  4.38  1.45 0.124    61.3 from 384 sources of intphas_0191 Ha
r942487.fit  4.88  1.61 0.113   110.5 from 737 sources of intphas_0191 r
r942488.fit  3.61  1.19 0.140    99.6 from 1013 sources of intphas_0191 i
r942489.fit  4.23  1.40 0.135    65.8 from 351 sources of intphas_0191o Ha
r942490.fit  4.91  1.62 0.120   133.6 from 753 sources of intphas_0191o r
r942491.fit  4.43  1.46 0.120   105.0 from 693 sources of intphas_0191o i
r942492.fit  4.70  1.55 0.098    61.9 from 156 sources of intphas_0192 Ha
r942493.fit  4.56  1.50 0.105   137.1 from 380 sources of intphas_0192 r
r942494.fit  4.85  1.60 0.144   124.4 from 370 sources of intphas_0192 i
r942495.fit  4.59  1.51 0.124    70.1 from 204 sources of intphas_0192o Ha
r942496.fit  4.71  1.55 0.124   134.4 from 401 sources of intphas_0192o r
r942497.fit  4.26  1.41 0.140   136.2 from 481 sources of intphas_0192o i
r942498.fit  4.04  1.33 0.103    73.6 from 188 sources of intphas_0193 Ha
r942499.fit  4.00  1.32 0.136   116.1 from 528 sources of intphas_0193 r
r942500.fit  3.94  1.30 0.140   121.0 from 492 sources of intphas_0193 i
r942501.fit  4.27  1.41 0.082    63.9 from 189 sources of intphas_0193o Ha
r942502.fit  4.34  1.43 0.129   120.3 from 462 sources of intphas_0193o r
r942503.fit  3.67  1.21 0.116   111.3 from 545 sources of intphas_0193o i
r942504.fit  3.68  1.21 0.134    64.8 from 510 sources of intphas_0194 Ha
r942505.fit  3.63  1.20 0.168   142.4 from 1434 sources of intphas_0194 r
r942506.fit  3.46  1.14 0.128   119.2 from 1156 sources of intphas_0194 i
r942507.fit  3.62  1.19 0.154    56.7 from 498 sources of intphas_0194o Ha
r942508.fit  3.64  1.20 0.151   126.7 from 1273 sources of intphas_0194o r
r942509.fit  3.61  1.19 0.158   114.0 from 1179 sources of intphas_0194o i
r942510.fit  3.42  1.13 0.114    58.8 from 501 sources of intphas_0195 Ha
r942511.fit  3.86  1.27 0.132   116.0 from 1040 sources of intphas_0195 r
r942512.fit  3.86  1.27 0.120    61.0 from 773 sources of intphas_0195 i
r942513.fit  3.79  1.25 0.131    58.5 from 432 sources of intphas_0195o Ha
r942514.fit  3.88  1.28 0.144   112.7 from 1087 sources of intphas_0195o r
r942515.fit  3.64  1.20 0.133    97.5 from 836 sources of intphas_0195o i
r942516.fit  3.61  1.19 0.108    56.8 from 307 sources of intphas_0197 Ha
r942517.fit  3.61  1.19 0.138   104.5 from 695 sources of intphas_0197 r
r942518.fit  3.58  1.18 0.118    88.9 from 684 sources of intphas_0197 i
r942519.fit  3.96  1.31 0.120    59.3 from 307 sources of intphas_0197o Ha
r942520.fit  3.36  1.11 0.108   127.9 from 818 sources of intphas_0197o r
r942521.fit  3.79  1.25 0.126   105.0 from 693 sources of intphas_0197o i
r942522.fit  3.59  1.18 0.115    62.5 from 395 sources of intphas_0198 Ha
r942523.fit  3.44  1.14 0.107   102.7 from 1045 sources of intphas_0198 r
r942524.fit  3.40  1.12 0.148    91.3 from 1047 sources of intphas_0198 i
r942525.fit  3.92  1.29 0.164    60.5 from 356 sources of intphas_0198o Ha
r942526.fit  3.42  1.13 0.128   106.6 from 1172 sources of intphas_0198o r
r942527.fit  3.34  1.10 0.125    96.4 from 1024 sources of intphas_0198o i
r942528.fit  4.42  1.46 0.156    67.6 from  50 sources of GD248 Ha
r942529.fit  3.27  1.08 0.083   104.6 from 103 sources of GD248 r
r942530.fit  2.92  0.96 0.038    79.6 from  50 sources of GD248 i
r942531.fit  3.99  1.32 0.133    33.4 from  27 sources of FEIGE22 Ha
r942532.fit  4.08  1.35 0.101    38.8 from  19 sources of FEIGE22 r
r942533.fit  3.74  1.23 0.132    42.4 from  22 sources of FEIGE22 i
r942534.fit  4.44  1.47 0.150    42.6 from  25 sources of FEIGE22 r
r942535.fit  5.01  1.65 0.149    31.9 from  13 sources of FEIGE22 U
r942536.fit  4.10  1.35 0.095    33.9 from  17 sources of FEIGE22 g
r942537.fit  3.31  1.09 0.068   119.8 from 109 sources of GD248 r
r942538.fit  4.76  1.57 0.137    67.6 from  28 sources of GD248 U
r942539.fit  3.09  1.02 0.041    71.1 from  71 sources of GD248 g
r942540.fit  4.64  1.53 0.155    69.2 from 523 sources of uvex_1731 r
r942541.fit  5.75  1.90 0.197    53.2 from  48 sources of uvex_1731 U
r942542.fit  4.94  1.63 0.146    68.9 from 237 sources of uvex_1731 g
r942543.fit  4.26  1.41 0.145   135.6 from 520 sources of uvex_1731o r
r942544.fit  5.69  1.88 0.176    53.4 from  55 sources of uvex_1731o U
r942545.fit  4.65  1.53 0.164    66.8 from 298 sources of uvex_1731o g
r942546.fit  4.13  1.36 0.117   116.6 from 311 sources of uvex_1733 r
r942547.fit  5.28  1.74 0.137    52.2 from  27 sources of uvex_1733 U
r942548.fit  4.63  1.53 0.183    70.5 from 138 sources of uvex_1733 g
r942549.fit  4.46  1.47 0.179   144.6 from 260 sources of uvex_1733o r
r942550.fit  5.19  1.71 0.143    55.0 from  25 sources of uvex_1733o U
r942551.fit  4.52  1.49 0.130    71.7 from 116 sources of uvex_1733o g
r942552.fit  4.44  1.47 0.151   132.7 from 369 sources of uvex_1735 r
r942553.fit  5.17  1.71 0.179    55.9 from  46 sources of uvex_1735 U
r942554.fit  4.21  1.39 0.149    70.6 from 196 sources of uvex_1735 g
r942555.fit  4.02  1.33 0.099   106.6 from 336 sources of uvex_1735o r
r942556.fit  5.31  1.75 0.145    58.8 from  38 sources of uvex_1735o U
r942557.fit  4.03  1.33 0.133    71.4 from 188 sources of uvex_1735o g
r942558.fit  4.10  1.35 0.124    96.7 from 426 sources of uvex_1739 r
r942559.fit  5.36  1.77 0.158    55.3 from  44 sources of uvex_1739 U
r942560.fit  4.57  1.51 0.131    71.8 from 188 sources of uvex_1739 g
r942561.fit  4.91  1.62 0.174   126.2 from 371 sources of uvex_1739o r
r942562.fit  5.28  1.74 0.153    55.8 from  40 sources of uvex_1739o U
r942563.fit  4.42  1.46 0.143    66.8 from 235 sources of uvex_1739o g
r942564.fit  4.47  1.48 0.155   130.4 from 397 sources of uvex_1741 r
r942565.fit  5.14  1.70 0.152    55.7 from  49 sources of uvex_1741 U
r942566.fit  4.31  1.42 0.161    67.2 from 222 sources of uvex_1741 g
r942567.fit  4.10  1.35 0.145   136.6 from 428 sources of uvex_1741o r
r942568.fit  5.58  1.84 0.163    54.6 from  40 sources of uvex_1741o U
r942569.fit  4.35  1.44 0.144    72.4 from 232 sources of uvex_1741o g
r942570.fit  4.37  1.44 0.147   134.7 from 434 sources of uvex_1743 r
r942571.fit  5.49  1.81 0.159    57.7 from  48 sources of uvex_1743 U
r942572.fit  4.60  1.52 0.146    69.8 from 231 sources of uvex_1743 g
r942573.fit  4.58  1.51 0.143   117.7 from 432 sources of uvex_1743o r
r942574.fit  5.49  1.81 0.166    58.2 from  51 sources of uvex_1743o U
r942575.fit  4.61  1.52 0.159    66.6 from 237 sources of uvex_1743o g
r942576.fit  4.14  1.37 0.152   139.4 from 385 sources of uvex_1748 r
r942577.fit  5.49  1.81 0.153    59.9 from  38 sources of uvex_1748 U
r942578.fit  4.33  1.43 0.121    78.5 from 184 sources of uvex_1748 g
r942579.fit  4.22  1.39 0.139   111.8 from 439 sources of uvex_1748o r
r942580.fit  5.24  1.73 0.163    64.1 from  50 sources of uvex_1748o U
r942581.fit  4.83  1.59 0.164    80.7 from 176 sources of uvex_1748o g
r942582.fit  4.24  1.40 0.165   104.3 from 376 sources of uvex_1778 r
r942583.fit  5.28  1.74 0.160    56.9 from  32 sources of uvex_1778 U
r942584.fit  4.51  1.49 0.155    74.5 from 153 sources of uvex_1778 g
r942585.fit  4.31  1.42 0.140   134.1 from 351 sources of uvex_1778o r
r942586.fit  5.15  1.70 0.176    55.6 from  44 sources of uvex_1778o U
r942587.fit  4.30  1.42 0.160    73.6 from 174 sources of uvex_1778o g
r942588.fit  4.13  1.36 0.153   131.3 from 838 sources of uvex_1934 r
r942589.fit  5.37  1.77 0.175    62.3 from 109 sources of uvex_1934 U
r942590.fit  4.27  1.41 0.145    77.8 from 563 sources of uvex_1934 g
r942591.fit  4.07  1.34 0.136   135.4 from 910 sources of uvex_1934o r
r942592.fit  5.43  1.79 0.191    60.6 from  90 sources of uvex_1934o U
r942593.fit  4.21  1.39 0.141    78.2 from 550 sources of uvex_1934o g
r942594.fit  4.19  1.38 0.105   130.1 from 888 sources of uvex_1935 r
r942595.fit  5.51  1.82 0.190    58.7 from 106 sources of uvex_1935 U
r942596.fit  4.51  1.49 0.128    56.0 from 541 sources of uvex_1935 g
r942597.fit  5.58  1.84 0.207   131.8 from 589 sources of uvex_1935o r
r942598.fit  5.73  1.89 0.176    59.2 from  91 sources of uvex_1935o U
r942599.fit  4.43  1.46 0.133    75.8 from 570 sources of uvex_1935o g
r942600.fit  3.95  1.30 0.200   132.0 from 826 sources of uvex_1936 r
r942601.fit  5.15  1.70 0.169    59.8 from  68 sources of uvex_1936 U
r942602.fit  4.19  1.38 0.167    70.4 from 431 sources of uvex_1936 g
r942603.fit  3.80  1.25 0.138   110.9 from 816 sources of uvex_1936o r
r942604.fit  5.37  1.77 0.121    50.6 from  52 sources of uvex_1936o U
r942605.fit  4.41  1.46 0.109    65.5 from 384 sources of uvex_1936o g
r942606.fit  4.27  1.41 0.115   110.0 from 863 sources of uvex_1939 r
r942607.fit  5.14  1.70 0.175    50.5 from 132 sources of uvex_1939 U
r942608.fit  3.65  1.20 0.107    61.2 from 759 sources of uvex_1939 g
r942609.fit  3.75  1.24 0.158   112.0 from 1115 sources of uvex_1939o r
r942610.fit  5.37  1.77 0.180    49.9 from 121 sources of uvex_1939o U
r942611.fit  4.37  1.44 0.186    61.9 from 673 sources of uvex_1939o g
r942612.fit  3.70  1.22 0.156    64.0 from  85 sources of HZ4 r
r942613.fit  5.06  1.67 0.178    52.7 from  41 sources of HZ4 U
r942614.fit  3.70  1.22 0.083    46.4 from  65 sources of HZ4 g
r942615.fit  3.57  1.18 0.150    93.6 from 722 sources of uvex_1940 r
r942616.fit  4.80  1.58 0.168    49.5 from  81 sources of uvex_1940 U
r942617.fit  3.81  1.26 0.113    63.3 from 367 sources of uvex_1940 g
r942618.fit  3.72  1.23 0.136   104.8 from 700 sources of uvex_1940o r
r942619.fit  5.05  1.67 0.158    51.1 from  67 sources of uvex_1940o U
r942620.fit  3.80  1.25 0.133    58.6 from 395 sources of uvex_1940o g
r942621.fit  3.92  1.29 0.110   117.1 from 462 sources of uvex_1941 r
r942622.fit  4.79  1.58 0.156    50.8 from  43 sources of uvex_1941 U
r942623.fit  3.81  1.26 0.131    63.7 from 261 sources of uvex_1941 g
r942624.fit  3.68  1.21 0.123   110.1 from 434 sources of uvex_1941o r
r942625.fit  4.69  1.55 0.142    51.0 from  43 sources of uvex_1941o U
r942626.fit  3.82  1.26 0.140    65.5 from 244 sources of uvex_1941o g
r942627.fit  4.18  1.38 0.184   116.2 from 813 sources of uvex_1942 r
r942628.fit  5.07  1.67 0.165    51.8 from 118 sources of uvex_1942 U
r942629.fit  4.13  1.36 0.147    66.9 from 568 sources of uvex_1942 g
r942630.fit  3.79  1.25 0.143    97.6 from 1017 sources of uvex_1942o r
r942631.fit  5.50  1.82 0.171    52.8 from 116 sources of uvex_1942o U
r942632.fit  4.41  1.46 0.174    72.6 from 610 sources of uvex_1942o g
r942633.fit  4.42  1.46 0.196    90.3 from 803 sources of uvex_1944 r
r942634.fit  5.62  1.85 0.180    52.7 from  83 sources of uvex_1944 U
r942635.fit  4.18  1.38 0.168    48.2 from 602 sources of uvex_1944 g
r942636.fit  3.79  1.25 0.134   111.9 from 873 sources of uvex_1944o r
r942637.fit  5.59  1.84 0.166    53.4 from  78 sources of uvex_1944o U
r942638.fit  4.47  1.48 0.159    76.5 from 448 sources of uvex_1944o g
r942639.fit  3.77  1.24 0.120   131.4 from 666 sources of uvex_1945 r
r942640.fit  5.36  1.77 0.159    54.9 from  61 sources of uvex_1945 U
r942641.fit  4.06  1.34 0.114    76.4 from 435 sources of uvex_1945 g
r942642.fit  4.04  1.33 0.136   105.5 from 668 sources of uvex_1945o r
r942643.fit  4.84  1.60 0.107    56.9 from  71 sources of uvex_1945o U
r942644.fit  3.82  1.26 0.115    79.8 from 425 sources of uvex_1945o g
r942645.fit  3.85  1.27 0.097   126.7 from 340 sources of uvex_1946 r
r942646.fit  5.02  1.66 0.105    52.9 from  46 sources of uvex_1946 U
r942647.fit  4.18  1.38 0.088    94.9 from 126 sources of uvex_1946 g
r942648.fit  3.82  1.26 0.110   115.4 from 272 sources of uvex_1946o r
r942649.fit  5.26  1.74 0.126    55.9 from  43 sources of uvex_1946o U
r942650.fit  3.90  1.29 0.057    83.2 from 168 sources of uvex_1946o g
r942651.fit  3.72  1.23 0.124    38.3 from 822 sources of uvex_1947 r
r942652.fit  5.24  1.73 0.125    58.2 from  69 sources of uvex_1947 U
r942653.fit  4.20  1.39 0.137    77.7 from 471 sources of uvex_1947 g
r942654.fit  4.28  1.41 0.175   127.5 from 647 sources of uvex_1947o r
r942655.fit  5.24  1.73 0.135    56.2 from  75 sources of uvex_1947o U
r942656.fit  4.01  1.32 0.072    79.3 from 478 sources of uvex_1947o g
r942657.fit  4.03  1.33 0.147    93.8 from 451 sources of uvex_1949 r
r942658.fit  5.31  1.75 0.113    58.0 from  40 sources of uvex_1949 U
r942659.fit  3.89  1.28 0.107    60.1 from 236 sources of uvex_1949 g
r942660.fit  3.45  1.14 0.096   103.7 from 588 sources of uvex_1949o r
r942661.fit  5.29  1.75 0.107    59.5 from  50 sources of uvex_1949o U
r942662.fit  3.77  1.24 0.112    40.2 from 285 sources of uvex_1949o g
r942663.fit  3.68  1.21 0.129    88.6 from 990 sources of uvex_1950 r
r942664.fit  5.20  1.72 0.113    56.3 from 112 sources of uvex_1950 U
r942665.fit  3.92  1.29 0.084    57.8 from 654 sources of uvex_1950 g
r942666.fit  3.71  1.22 0.118    97.7 from 1063 sources of uvex_1950o r
r942667.fit  5.43  1.79 0.135    61.4 from 126 sources of uvex_1950o U
r942668.fit  3.64  1.20 0.103    67.9 from 781 sources of uvex_1950o g
r942669.fit  3.42  1.13 0.099   112.6 from 1046 sources of uvex_1954 r
r942670.fit  5.42  1.79 0.139    70.7 from 136 sources of uvex_1954 U
r942673.fit is not a target (BIAS)
r942674.fit  3.38  1.12 0.100    43.7 from  47 sources of G191B2B r
r942675.fit  4.78  1.58 0.053    41.7 from   8 sources of G191B2B U
r942676.fit  4.20  1.39 0.116    41.5 from  21 sources of G191B2B g
r942677.fit  3.34  1.10 0.092   135.3 from 1063 sources of uvex_1954o r
r942678.fit  4.86  1.60 0.119    83.1 from 154 sources of uvex_1954o U
r942679.fit  3.49  1.15 0.109    94.0 from 706 sources of uvex_1954o g
r942680.fit  3.37  1.11 0.118   114.1 from 1033 sources of uvex_1955 r
r942681.fit  4.78  1.58 0.130    80.4 from 101 sources of uvex_1955 U
r942682.fit  3.41  1.13 0.111    93.9 from 710 sources of uvex_1955 g
r942683.fit  3.96  1.31 0.191   136.3 from 879 sources of uvex_1955o r
r942684.fit  4.78  1.58 0.133    71.2 from 108 sources of uvex_1955o U
r942685.fit  3.59  1.18 0.086    89.5 from 643 sources of uvex_1955o g
r942686.fit  4.25  1.40 0.178    61.2 from 792 sources of uvex_1977 r
r942687.fit  4.95  1.63 0.163    82.7 from  92 sources of uvex_1977 U
r942688.fit  3.57  1.18 0.118    87.4 from 620 sources of uvex_1977 g
r942689.fit  3.29  1.09 0.144   144.7 from 1044 sources of uvex_1977o r
r942690.fit  4.33  1.43 0.130    81.7 from 125 sources of uvex_1977o U
r942691.fit  3.72  1.23 0.088    98.6 from 621 sources of uvex_1977o g
r942692.fit  3.41  1.13 0.099   147.9 from 318 sources of uvex_1979 r
r942693.fit  4.51  1.49 0.088    83.2 from  29 sources of uvex_1979 U
r942694.fit  3.52  1.16 0.119   102.6 from 150 sources of uvex_1979 g
r942695.fit  4.78  1.58 0.213   149.5 from 263 sources of uvex_1979o r
r942696.fit  4.95  1.63 0.127    83.5 from  28 sources of uvex_1979o U
r942697.fit  3.59  1.18 0.085   101.9 from 162 sources of uvex_1979o g
r942698.fit  3.49  1.15 0.074   131.8 from 1160 sources of uvex_1983 r
r942699.fit  4.80  1.58 0.138    84.5 from 154 sources of uvex_1983 U
r942700.fit  3.53  1.16 0.108   103.1 from 887 sources of uvex_1983 g
r942701.fit  3.02  1.00 0.086   128.2 from 1410 sources of uvex_1983o r
r942702.fit  4.56  1.50 0.116    81.2 from 173 sources of uvex_1983o U
r942703.fit  3.64  1.20 0.134    89.4 from 880 sources of uvex_1983o g
r942704.fit  3.05  1.01 0.087   134.7 from 691 sources of uvex_1990 r
r942705.fit  4.32  1.43 0.120    76.2 from  68 sources of uvex_1990 U
r942706.fit  3.49  1.15 0.132    90.6 from 339 sources of uvex_1990 g
r942707.fit  4.21  1.39 0.216   117.3 from 487 sources of uvex_1990o r
r942708.fit  4.39  1.45 0.125    85.2 from  56 sources of uvex_1990o U
r942709.fit  3.46  1.14 0.091   103.8 from 310 sources of uvex_1990o g
r942710.fit  3.31  1.09 0.103   125.0 from 706 sources of uvex_1993 r
r942711.fit  4.37  1.44 0.116    87.5 from  67 sources of uvex_1993 U
r942712.fit  3.08  1.02 0.083    57.8 from 453 sources of uvex_1993 g
r942713.fit  3.34  1.10 0.113   142.3 from 740 sources of uvex_1993o r
r942714.fit  4.32  1.43 0.073    79.8 from  74 sources of uvex_1993o U
r942715.fit  3.60  1.19 0.064   127.5 from 410 sources of uvex_1993o g
r942716.fit  3.43  1.13 0.077   190.0 from 982 sources of uvex_1995 r
r942717.fit  4.46  1.47 0.102   115.5 from 133 sources of uvex_1995 U
r942718.fit  4.02  1.33 0.075   194.0 from 576 sources of uvex_1995 g
r942719.fit  3.34  1.10 0.133   165.0 from 1055 sources of uvex_1995o r
r942720.fit  4.67  1.54 0.120   151.4 from 143 sources of uvex_1995o U
r942721.fit  3.80  1.25 0.072   309.7 from 641 sources of uvex_1995o g
r942722.fit  3.51  1.16 0.065   341.7 from 755 sources of uvex_1996 r
r942723.fit  4.44  1.47 0.094   258.9 from  77 sources of uvex_1996 U
r942724.fit  3.72  1.23 0.089   727.7 from 489 sources of uvex_1996 g
r942725.fit  3.35  1.11 0.053    67.7 from  49 sources of G191B2B r
r942726.fit  5.43  1.79 0.152    61.6 from   6 sources of G191B2B U
r942727.fit  3.96  1.31 0.066   106.7 from  34 sources of G191B2B g
r942728.fit is not a target (BIAS)
r942729.fit is not a target (BIAS)
r942730.fit is not a target (BIAS)
r942731.fit is not a target (BIAS)
r942732.fit is not a target (BIAS)
r942733.fit is not a target (SKY)
r942734.fit is not a target (SKY)
r942735.fit is not a target (SKY)
r942736.fit is not a target (SKY)
r942737.fit is not a target (SKY)
r942738.fit is not a target (SKY)
r942739.fit is not a target (SKY)
r942740.fit is not a target (SKY)
r942741.fit is not a target (SKY)
r942742.fit is not a target (SKY)
r942743.fit is not a target (SKY)
r942744.fit is not a target (SKY)
r942745.fit is not a target (SKY)
r942746.fit is not a target (SKY)
r942747.fit is not a target (SKY)
r942748.fit is not a target (SKY)
