r940161.fit is not a target (BIAS)
r940162.fit is not a target (BIAS)
r940163.fit is not a target (BIAS)
r940164.fit is not a target (BIAS)
r940165.fit is not a target (BIAS)
r940166.fit is not a target (BIAS)
r940167.fit is not a target (BIAS)
r940168.fit is not a target (BIAS)
r940169.fit is not a target (BIAS)
r940170.fit is not a target (BIAS)
r940171.fit is not a target (BIAS)
r940172.fit is not a target (BIAS)
r940173.fit is not a target (BIAS)
r940174.fit is not a target (BIAS)
r940175.fit is not a target (BIAS)
r940176.fit is not a target (BIAS)
r940177.fit is not a target (BIAS)
r940178.fit is not a target (BIAS)
r940179.fit is not a target (BIAS)
r940180.fit is not a target (BIAS)
r940181.fit is not a target (BIAS)
r940182.fit is not a target (BIAS)
r940183.fit is not a target (FLAT)
r940184.fit is not a target (FLAT)
r940185.fit is not a target (FLAT)
r940186.fit is not a target (FLAT)
r940187.fit is not a target (FLAT)
r940188.fit is not a target (FLAT)
r940189.fit is not a target (FLAT)
r940190.fit is not a target (FLAT)
r940191.fit is not a target (BIAS)
r940192.fit is not a target (BIAS)
r940193.fit is not a target (FLAT)
r940194.fit is not a target (FLAT)
r940195.fit is not a target (FLAT)
r940196.fit is not a target (FLAT)
r940197.fit is not a target (BIAS)
r940198.fit is not a target (BIAS)
r940199.fit is not a target (BIAS)
r940200.fit is not a target (BIAS)
r940201.fit is not a target (FLAT)
r940202.fit is not a target (FLAT)
r940203.fit is not a target (FLAT)
r940204.fit is not a target (FLAT)
r940205.fit is not a target (FLAT)
r940206.fit is not a target (FLAT)
r940207.fit is not a target (FLAT)
r940208.fit is not a target (FLAT)
r940209.fit is not a target (FLAT)
r940210.fit is not a target (FLAT)
r940211.fit is not a target (FLAT)
r940212.fit is not a target (FLAT)
r940213.fit is not a target (FLAT)
r940214.fit is not a target (BIAS)
r940215.fit is not a target (BIAS)
r940216.fit is not a target (BIAS)
r940217.fit is not a target (BIAS)
r940218.fit is not a target (FLAT)
r940219.fit is not a target (FLAT)
r940220.fit is not a target (FLAT)
r940221.fit is not a target (FLAT)
r940222.fit is not a target (FLAT)
r940223.fit is not a target (FLAT)
r940224.fit is not a target (FLAT)
r940225.fit is not a target (FLAT)
r940226.fit is not a target (FLAT)
r940227.fit is not a target (FLAT)
r940228.fit is not a target (FLAT)
r940229.fit is not a target (FLAT)
r940230.fit is not a target (FLAT)
r940231.fit is not a target (FOCUS)
r940232.fit is not a target (FOCUS)
r940233.fit  6.30  2.08 0.062    44.1 from  15 sources of SA112-250 Ha
r940234.fit  6.57  2.17 0.043    47.1 from   8 sources of SA112-250 r
r940235.fit  6.60  2.18 0.051    50.2 from   9 sources of SA112-250 i
r940236.fit  6.77  2.23 0.101    50.7 from  19 sources of SA113-260 Ha
r940237.fit  6.40  2.11 0.062    81.0 from  28 sources of SA113-260 r
r940238.fit  5.40  1.78 0.066    75.1 from  23 sources of SA113-260 i
r940241.fit  5.69  1.88 0.057    95.0 from  61 sources of SA113-260
r940242.fit is not a target (FOCUS)
r940243.fit  5.29  1.75 0.085    55.8 from  80 sources of intphas_7290o Ha
r940244.fit  4.82  1.59 0.059   121.7 from 153 sources of intphas_7290o r
r940245.fit  4.72  1.56 0.091   107.3 from 179 sources of intphas_7290o i
r940246.fit  4.94  1.63 0.080    55.0 from 281 sources of intphas_7289 Ha
r940247.fit  4.94  1.63 0.082   121.9 from 686 sources of intphas_7289 r
r940248.fit  5.20  1.72 0.111    98.9 from 498 sources of intphas_7289 i
r940249.fit  5.44  1.80 0.096    53.0 from 250 sources of intphas_7289o Ha
r940250.fit  5.27  1.74 0.106   120.9 from 664 sources of intphas_7289o r
r940251.fit  5.08  1.68 0.082    97.2 from 521 sources of intphas_7289o i
r940252.fit  4.62  1.52 0.070    64.0 from 150 sources of intphas_5780 Ha
r940253.fit  4.43  1.46 0.053   141.0 from 326 sources of intphas_5780 r
r940254.fit  4.47  1.48 0.080    91.3 from 366 sources of intphas_5780 i
r940255.fit  5.22  1.72 0.069    64.9 from 125 sources of intphas_5780o Ha
r940256.fit  5.14  1.70 0.070    48.3 from 288 sources of intphas_5780o r
r940257.fit  4.47  1.48 0.079    47.3 from 343 sources of intphas_5780o i
r940258.fit  5.09  1.68 0.099    64.8 from 216 sources of intphas_5706 Ha
r940259.fit  4.82  1.59 0.129   108.9 from 616 sources of intphas_5706 r
r940260.fit  4.66  1.54 0.115   101.3 from 657 sources of intphas_5706 i
r940261.fit  5.77  1.90 0.153    58.9 from 195 sources of intphas_5706o Ha
r940262.fit  4.92  1.62 0.150   131.4 from 664 sources of intphas_5706o r
r940263.fit  4.86  1.60 0.139    79.0 from 617 sources of intphas_5706o i
r940264.fit  4.37  1.44 0.088    60.2 from 369 sources of intphas_5464 Ha
r940265.fit  3.92  1.29 0.104   106.7 from 1211 sources of intphas_5464 r
r940266.fit  3.90  1.29 0.106    86.6 from 1422 sources of intphas_5464 i
r940267.fit  4.10  1.35 0.165    66.1 from 450 sources of intphas_5464o Ha
r940268.fit  4.89  1.61 0.191   128.0 from 963 sources of intphas_5464o r
r940269.fit  4.16  1.37 0.120   106.6 from 984 sources of intphas_5464o i
r940270.fit  4.00  1.32 0.128    58.8 from 854 sources of intphas_5465 Ha
r940271.fit  3.72  1.23 0.129    53.9 from 2726 sources of intphas_5465 r
r940272.fit  3.73  1.23 0.132    81.7 from 1983 sources of intphas_5465 i
r940273.fit  3.63  1.20 0.123    64.1 from 913 sources of intphas_5465o Ha
r940274.fit  3.68  1.21 0.100   149.1 from 2332 sources of intphas_5465o r
r940275.fit  3.20  1.06 0.099    54.2 from 2037 sources of intphas_5465o i
r940276.fit  4.15  1.37 0.155    59.8 from 662 sources of intphas_5470 Ha
r940277.fit  3.45  1.14 0.116   138.2 from 2493 sources of intphas_5470 r
r940278.fit  3.53  1.16 0.118   111.1 from 2343 sources of intphas_5470 i
r940279.fit  3.65  1.20 0.135    50.2 from 791 sources of intphas_5470o Ha
r940280.fit  4.68  1.54 0.189    42.3 from 1756 sources of intphas_5470o r
r940281.fit  4.28  1.41 0.171    42.6 from 1946 sources of intphas_5470o i
r940282.fit  3.98  1.31 0.088    59.2 from 690 sources of intphas_5647 Ha
r940283.fit  4.13  1.36 0.094   172.8 from 1818 sources of intphas_5647 r
r940284.fit  3.80  1.25 0.105   120.6 from 1570 sources of intphas_5647 i
r940285.fit  4.02  1.33 0.074    99.3 from 642 sources of intphas_5647o Ha
r940286.fit  4.18  1.38 0.087   190.4 from 1649 sources of intphas_5647o r
r940287.fit  3.81  1.26 0.094   103.4 from 1490 sources of intphas_5647o i
r940288.fit  4.87  1.61 0.208    83.6 from 951 sources of intphas_5472 Ha
r940289.fit  3.18  1.05 0.113   154.0 from 3675 sources of intphas_5472 r
r940290.fit  2.99  0.99 0.137   121.0 from 3181 sources of intphas_5472 i
r940291.fit  3.50  1.16 0.167    45.4 from 1326 sources of intphas_5472o Ha
r940292.fit  3.49  1.15 0.133    52.9 from 3744 sources of intphas_5472o r
r940293.fit  3.67  1.21 0.112    49.6 from 2175 sources of intphas_5472o i
r940294.fit  4.36  1.44 0.106    81.5 from 772 sources of intphas_5474 Ha
r940295.fit  5.46  1.80 0.168   189.2 from 1847 sources of intphas_5474 r
r940296.fit  4.62  1.52 0.131   122.3 from 1825 sources of intphas_5474 i
r940297.fit  4.70  1.55 0.100    71.3 from 618 sources of intphas_5474o Ha
r940298.fit  4.37  1.44 0.112   119.2 from 2300 sources of intphas_5474o r
r940299.fit  4.63  1.53 0.125   109.7 from 1711 sources of intphas_5474o i
r940300.fit  5.00  1.65 0.090    75.3 from 320 sources of intphas_5476 Ha
r940301.fit  4.34  1.43 0.085   178.6 from 1014 sources of intphas_5476 r
r940302.fit  3.94  1.30 0.095   127.6 from 1145 sources of intphas_5476 i
r940303.fit  4.04  1.33 0.084    52.4 from 389 sources of intphas_5476o Ha
r940304.fit  3.72  1.23 0.088   122.4 from 1176 sources of intphas_5476o r
r940305.fit  3.64  1.20 0.083    63.6 from 1171 sources of intphas_5476o i
r940306.fit  3.92  1.29 0.073    82.3 from 658 sources of intphas_5477 Ha
r940307.fit  4.68  1.54 0.131   135.5 from 1445 sources of intphas_5477 r
r940308.fit  4.23  1.40 0.121   120.2 from 1215 sources of intphas_5477 i
r940309.fit  4.27  1.41 0.094    92.3 from 607 sources of intphas_5477o Ha
r940310.fit  3.63  1.20 0.090   154.3 from 2041 sources of intphas_5477o r
r940311.fit  3.58  1.18 0.078   130.1 from 1478 sources of intphas_5477o i
r940312.fit  5.71  1.88 0.138    56.1 from  35 sources of GD248 Ha
r940313.fit  5.64  1.86 0.102   118.9 from  60 sources of GD248 r
r940314.fit  4.89  1.61 0.112    58.2 from  33 sources of GD248 i
r940315.fit  4.27  1.41 0.086    97.1 from 264 sources of intphas_6917 Ha
r940316.fit  4.08  1.35 0.106   193.9 from 926 sources of intphas_6917 r
r940317.fit  4.18  1.38 0.101   141.7 from 604 sources of intphas_6917 i
r940318.fit  4.24  1.40 0.099   104.4 from 245 sources of intphas_6917o Ha
r940319.fit  4.59  1.51 0.113   255.4 from 672 sources of intphas_6917o r
r940320.fit  4.14  1.37 0.074   173.2 from 534 sources of intphas_6917o i
r940321.fit  4.78  1.58 0.065    92.4 from 390 sources of intphas_6919 Ha
r940322.fit  4.87  1.61 0.083   141.9 from 1080 sources of intphas_6919 r
r940323.fit  4.70  1.55 0.091    87.8 from 849 sources of intphas_6919 i
r940324.fit  4.26  1.41 0.100   105.1 from 492 sources of intphas_6919o Ha
r940325.fit  4.39  1.45 0.072   123.1 from 1283 sources of intphas_6919o r
r940326.fit  3.52  1.16 0.131   120.0 from 1551 sources of intphas_6919o i
r940327.fit  5.61  1.85 0.112    95.5 from 328 sources of intphas_6844 Ha
r940328.fit  4.85  1.60 0.081   241.0 from 899 sources of intphas_6844 r
r940329.fit  5.21  1.72 0.090    51.1 from 605 sources of intphas_6844 i
r940330.fit  5.15  1.70 0.073   113.2 from 349 sources of intphas_6844o Ha
r940331.fit  4.79  1.58 0.066   121.3 from 1116 sources of intphas_6844o r
r940332.fit  4.56  1.50 0.114   133.8 from 987 sources of intphas_6844o i
r940333.fit  4.08  1.35 0.097    87.5 from 578 sources of intphas_6945 Ha
r940334.fit  4.58  1.51 0.104    98.0 from 1385 sources of intphas_6945 r
r940335.fit  4.74  1.56 0.089    74.0 from 944 sources of intphas_6945 i
r940336.fit  4.87  1.61 0.060    83.7 from 455 sources of intphas_6945o Ha
r940337.fit  5.41  1.79 0.073   170.0 from 1099 sources of intphas_6945o r
r940338.fit  4.40  1.45 0.086   100.5 from 1109 sources of intphas_6945o i
r940339.fit  4.72  1.56 0.047    85.0 from 266 sources of intphas_6784 Ha
r940340.fit  4.24  1.40 0.050   222.3 from 740 sources of intphas_6784 r
r940341.fit  4.35  1.44 0.076   121.9 from 602 sources of intphas_6784 i
r940342.fit  4.58  1.51 0.040    84.1 from 274 sources of intphas_6784o Ha
r940343.fit  4.21  1.39 0.047   184.3 from 796 sources of intphas_6784o r
r940344.fit  3.97  1.31 0.061   118.8 from 736 sources of intphas_6784o i
r940345.fit  4.56  1.50 0.066    61.4 from 452 sources of intphas_6890 Ha
r940346.fit  4.67  1.54 0.079   132.9 from 1152 sources of intphas_6890 r
r940347.fit  4.02  1.33 0.082    80.4 from 985 sources of intphas_6890 i
r940348.fit  4.36  1.44 0.066    81.5 from 482 sources of intphas_6890o Ha
r940349.fit  4.33  1.43 0.076   179.3 from 1273 sources of intphas_6890o r
r940350.fit  4.79  1.58 0.075   104.3 from 762 sources of intphas_6890o i
r940351.fit  4.01  1.32 0.084    83.6 from 471 sources of intphas_7097 Ha
r940352.fit  4.08  1.35 0.117   126.0 from 1347 sources of intphas_7097 r
r940353.fit  3.71  1.22 0.109    92.4 from 1136 sources of intphas_7097 i
r940354.fit  4.56  1.50 0.063    61.9 from 402 sources of intphas_7097o Ha
r940355.fit  4.40  1.45 0.093   170.9 from 1255 sources of intphas_7097o r
r940356.fit  4.83  1.59 0.091   115.4 from 779 sources of intphas_7097o i
r940357.fit  4.63  1.53 0.060    72.8 from 404 sources of intphas_7094 Ha
r940358.fit  4.04  1.33 0.052   178.4 from 1425 sources of intphas_7094 r
r940359.fit  4.10  1.35 0.075   110.1 from 911 sources of intphas_7094 i
r940360.fit  4.16  1.37 0.067    76.3 from 503 sources of intphas_7094o Ha
r940361.fit  4.02  1.33 0.053   147.3 from 1316 sources of intphas_7094o r
r940362.fit  3.18  1.05 0.076    97.0 from 1351 sources of intphas_7094o i
r940363.fit  3.43  1.13 0.062    61.3 from 633 sources of intphas_7078 Ha
r940364.fit  3.63  1.20 0.130   188.3 from 1604 sources of intphas_7078 r
r940365.fit  2.92  0.96 0.107    81.7 from 1520 sources of intphas_7078 i
r940366.fit  3.14  1.04 0.073    68.8 from 812 sources of intphas_7078o Ha
r940367.fit  3.74  1.23 0.071   119.4 from 1510 sources of intphas_7078o r
r940368.fit  3.20  1.06 0.092    98.4 from 1412 sources of intphas_7078o i
r940369.fit  3.60  1.19 0.091    86.6 from 719 sources of intphas_7071 Ha
r940370.fit  3.88  1.28 0.064   162.6 from 1521 sources of intphas_7071 r
r940371.fit  3.78  1.25 0.070   106.5 from 1120 sources of intphas_7071 i
r940372.fit  3.68  1.21 0.090    81.3 from 685 sources of intphas_7071o Ha
r940373.fit  3.33  1.10 0.093   218.9 from 1943 sources of intphas_7071o r
r940374.fit  3.57  1.18 0.091   104.4 from 1303 sources of intphas_7071o i
r940375.fit  3.59  1.18 0.060    82.4 from 748 sources of intphas_7070 Ha
r940376.fit  3.80  1.25 0.062   182.5 from 1596 sources of intphas_7070 r
r940377.fit  3.05  1.01 0.072   115.9 from 1539 sources of intphas_7070 i
r940378.fit  3.84  1.27 0.068    83.1 from 596 sources of intphas_7070o Ha
r940379.fit  3.24  1.07 0.079    42.2 from 2006 sources of intphas_7070o r
r940380.fit  3.06  1.01 0.108   114.2 from 1653 sources of intphas_7070o i
r940381.fit  3.73  1.23 0.065    82.7 from 609 sources of intphas_7069 Ha
r940382.fit  4.17  1.38 0.074   125.6 from 1398 sources of intphas_7069 r
r940383.fit  3.72  1.23 0.070    92.5 from 1084 sources of intphas_7069 i
r940384.fit  3.87  1.28 0.065    80.5 from 559 sources of intphas_7069o Ha
r940385.fit  3.55  1.17 0.067   220.1 from 1759 sources of intphas_7069o r
r940386.fit  3.33  1.10 0.060   117.0 from 1320 sources of intphas_7069o i
r940387.fit  4.95  1.63 0.088    57.8 from  41 sources of GD248 Ha
r940388.fit  4.17  1.38 0.065   118.3 from  89 sources of GD248 r
r940389.fit  4.12  1.36 0.071    59.1 from  46 sources of GD248 i
r940390.fit  4.07  1.34 0.106   109.3 from 337 sources of intphas_0213 Ha
r940391.fit  4.35  1.44 0.105   309.2 from 726 sources of intphas_0213 r
r940392.fit  3.92  1.29 0.117    60.5 from 718 sources of intphas_0213 i
r940393.fit  3.98  1.31 0.151   119.5 from 311 sources of intphas_0213o Ha
r940394.fit  3.97  1.31 0.150   346.1 from 703 sources of intphas_0213o r
r940395.fit  4.04  1.33 0.150   146.0 from 697 sources of intphas_0213o i
r940396.fit  3.94  1.30 0.101    90.6 from 410 sources of intphas_0214 Ha
r940397.fit  4.13  1.36 0.098   205.2 from 1059 sources of intphas_0214 r
r940398.fit  3.91  1.29 0.110   134.1 from 769 sources of intphas_0214 i
r940399.fit  3.71  1.22 0.110    90.1 from 407 sources of intphas_0214o Ha
r940400.fit  4.05  1.34 0.133   232.9 from 1134 sources of intphas_0214o r
r940401.fit  3.81  1.26 0.139   120.6 from 1093 sources of intphas_0214o i
r940402.fit  3.88  1.28 0.101    92.4 from 258 sources of intphas_0215 Ha
r940403.fit  3.88  1.28 0.081   279.8 from 691 sources of intphas_0215 r
r940404.fit  3.85  1.27 0.119   131.0 from 734 sources of intphas_0215 i
r940405.fit  3.98  1.31 0.160    50.2 from 301 sources of intphas_0215o Ha
r940406.fit  3.73  1.23 0.109   263.4 from 896 sources of intphas_0215o r
r940407.fit  3.72  1.23 0.116    72.3 from 753 sources of intphas_0215o i
r940408.fit  3.99  1.32 0.125   126.5 from 357 sources of intphas_0216 Ha
r940409.fit  4.09  1.35 0.129   226.3 from 964 sources of intphas_0216 r
r940410.fit  4.45  1.47 0.079   120.3 from 600 sources of intphas_0216 i
r940411.fit  4.51  1.49 0.107    95.6 from 285 sources of intphas_0216o Ha
r940412.fit  4.77  1.57 0.117   114.2 from 694 sources of intphas_0216o r
r940413.fit  3.90  1.29 0.142   114.8 from 631 sources of intphas_0216o i
r940414.fit  4.29  1.42 0.108   100.2 from 294 sources of intphas_0479 Ha
r940415.fit  4.11  1.36 0.103   297.8 from 833 sources of intphas_0479 r
r940416.fit  3.93  1.30 0.099   236.6 from 546 sources of intphas_0479 i
r940417.fit  4.37  1.44 0.123    51.7 from 294 sources of intphas_0479o Ha
r940418.fit  3.94  1.30 0.098   435.3 from 883 sources of intphas_0479o r
r940419.fit  3.97  1.31 0.122   174.9 from 676 sources of intphas_0479o i
r940420.fit  3.92  1.29 0.133   102.0 from 201 sources of intphas_0400 Ha
r940421.fit  4.06  1.34 0.123   284.4 from 561 sources of intphas_0400 r
r940422.fit  3.72  1.23 0.119   152.6 from 578 sources of intphas_0400 i
r940423.fit  4.17  1.38 0.104   100.0 from 198 sources of intphas_0400o Ha
r940424.fit  4.16  1.37 0.118   283.7 from 539 sources of intphas_0400o r
r940425.fit  3.96  1.31 0.119   157.4 from 523 sources of intphas_0400o i
r940426.fit  3.94  1.30 0.117    97.2 from 355 sources of intphas_0456 Ha
r940427.fit  3.76  1.24 0.119   255.5 from 840 sources of intphas_0456 r
r940428.fit  3.98  1.31 0.111   152.1 from 745 sources of intphas_0456 i
r940429.fit  3.62  1.19 0.118    97.2 from 424 sources of intphas_0456o Ha
r940430.fit  4.66  1.54 0.088   226.7 from 675 sources of intphas_0456o r
r940431.fit  3.97  1.31 0.112   158.6 from 613 sources of intphas_0456o i
r940432.fit  4.47  1.48 0.123   106.1 from 136 sources of intphas_0422 Ha
r940433.fit  3.53  1.16 0.115   290.0 from 462 sources of intphas_0422 r
r940434.fit  3.91  1.29 0.118   149.8 from 421 sources of intphas_0422 i
r940435.fit  4.48  1.48 0.080    97.1 from 154 sources of intphas_0422o Ha
r940436.fit  4.30  1.42 0.100   205.4 from 384 sources of intphas_0422o r
r940437.fit  3.64  1.20 0.092   138.0 from 496 sources of intphas_0422o i
r940438.fit  3.89  1.28 0.086    88.4 from 350 sources of intphas_0421 Ha
r940439.fit  3.63  1.20 0.105   180.0 from 999 sources of intphas_0421 r
r940440.fit  3.42  1.13 0.123   101.2 from 880 sources of intphas_0421 i
r940441.fit  3.94  1.30 0.169    92.0 from 333 sources of intphas_0421o Ha
r940442.fit  3.64  1.20 0.124    35.7 from 914 sources of intphas_0421o r
r940443.fit  3.29  1.09 0.116    35.8 from 841 sources of intphas_0421o i
r940444.fit  4.16  1.37 0.103    92.1 from 225 sources of intphas_0881 Ha
r940445.fit  4.49  1.48 0.109   270.8 from 554 sources of intphas_0881 r
r940446.fit  4.18  1.38 0.115   137.2 from 502 sources of intphas_0881 i
r940447.fit  4.42  1.46 0.142    91.2 from 191 sources of intphas_0881o Ha
r940448.fit  3.82  1.26 0.092   240.4 from 671 sources of intphas_0881o r
r940449.fit  4.12  1.36 0.130   135.8 from 525 sources of intphas_0881o i
r940450.fit  4.28  1.41 0.091    74.5 from 323 sources of intphas_0420 Ha
r940451.fit  4.17  1.38 0.090   170.5 from 815 sources of intphas_0420 r
r940452.fit  4.30  1.42 0.085   132.7 from 551 sources of intphas_0420 i
r940453.fit  4.25  1.40 0.074    85.6 from 325 sources of intphas_0420o Ha
r940454.fit  4.25  1.40 0.091   219.8 from 789 sources of intphas_0420o r
r940455.fit  3.83  1.26 0.070    74.6 from 679 sources of intphas_0420o i
r940456.fit  3.75  1.24 0.069    71.0 from 351 sources of intphas_0419 Ha
r940457.fit  4.67  1.54 0.104   183.7 from 746 sources of intphas_0419 r
r940458.fit  4.10  1.35 0.069   105.0 from 593 sources of intphas_0419 i
r940459.fit  4.14  1.37 0.081    87.1 from 290 sources of intphas_0419o Ha
r940460.fit  4.12  1.36 0.095   249.9 from 804 sources of intphas_0419o r
r940461.fit  3.57  1.18 0.078   114.0 from 715 sources of intphas_0419o i
r940462.fit  4.06  1.34 0.089    84.0 from 260 sources of intphas_0885 Ha
r940463.fit  4.42  1.46 0.090   233.1 from 608 sources of intphas_0885 r
r940464.fit  4.33  1.43 0.120   125.9 from 557 sources of intphas_0885 i
r940465.fit  4.29  1.42 0.128    97.5 from 257 sources of intphas_0885o Ha
r940466.fit  4.38  1.45 0.094   295.4 from 659 sources of intphas_0885o r
r940467.fit  4.26  1.41 0.119   154.5 from 593 sources of intphas_0885o i
r940468.fit  3.84  1.27 0.134    56.9 from  27 sources of Feige22 Ha
r940469.fit  3.69  1.22 0.092    63.6 from  20 sources of Feige22 r
r940470.fit  3.73  1.23 0.076    51.0 from  15 sources of Feige22 i
r940471.fit  4.44  1.47 0.104    98.8 from 191 sources of intphas_0938 Ha
r940472.fit  4.37  1.44 0.088   135.9 from 557 sources of intphas_0938 r
r940473.fit  4.37  1.44 0.102   160.0 from 472 sources of intphas_0938 i
r940474.fit  4.13  1.36 0.125   104.7 from 201 sources of intphas_0938o Ha
r940475.fit  3.51  1.16 0.092   218.2 from 696 sources of intphas_0938o r
r940476.fit  3.57  1.18 0.138   121.0 from 673 sources of intphas_0938o i
r940477.fit  3.56  1.17 0.087   101.0 from 380 sources of intphas_0939 Ha
r940478.fit  3.76  1.24 0.105   258.3 from 948 sources of intphas_0939 r
r940479.fit  3.80  1.25 0.123   165.1 from 724 sources of intphas_0939 i
r940480.fit  4.13  1.36 0.124    34.8 from 286 sources of intphas_0939o Ha
r940481.fit  4.03  1.33 0.124   186.8 from 840 sources of intphas_0939o r
r940482.fit  3.90  1.29 0.095    66.3 from 681 sources of intphas_0939o i
r940483.fit  3.69  1.22 0.071   113.1 from 287 sources of intphas_0940 Ha
r940484.fit  4.13  1.36 0.105   340.3 from 536 sources of intphas_0940 r
r940485.fit  4.71  1.55 0.169   193.5 from 422 sources of intphas_0940 i
r940486.fit  4.16  1.37 0.125   101.6 from 270 sources of intphas_0940o Ha
r940487.fit  3.90  1.29 0.103   333.5 from 599 sources of intphas_0940o r
r940488.fit  3.84  1.27 0.064   169.2 from 564 sources of intphas_0940o i
r940489.fit  4.03  1.33 0.071    79.9 from 232 sources of intphas_0941 Ha
r940490.fit  4.02  1.33 0.076   373.8 from 558 sources of intphas_0941 r
r940491.fit  3.88  1.28 0.130   125.3 from 574 sources of intphas_0941 i
r940492.fit  3.94  1.30 0.094   126.8 from 236 sources of intphas_0941o Ha
r940493.fit  3.94  1.30 0.089   299.7 from 615 sources of intphas_0941o r
r940494.fit  3.81  1.26 0.095   165.4 from 584 sources of intphas_0941o i
r940495.fit  3.90  1.29 0.112   129.5 from 302 sources of intphas_0942 Ha
r940496.fit  3.96  1.31 0.132   364.5 from 802 sources of intphas_0942 r
r940497.fit  3.89  1.28 0.143   183.1 from 697 sources of intphas_0942 i
r940498.fit  3.97  1.31 0.116    40.8 from 309 sources of intphas_0942o Ha
r940499.fit  4.66  1.54 0.181   286.6 from 700 sources of intphas_0942o r
r940500.fit  4.63  1.53 0.151   171.4 from 623 sources of intphas_0942o i
r940501.fit  3.84  1.27 0.080   128.1 from 189 sources of intphas_0951 Ha
r940502.fit  4.35  1.44 0.144   363.9 from 451 sources of intphas_0951 r
r940503.fit  3.91  1.29 0.122    69.3 from 424 sources of intphas_0951 i
r940504.fit  4.04  1.33 0.135   131.8 from 182 sources of intphas_0951o Ha
r940505.fit  4.17  1.38 0.105   414.3 from 475 sources of intphas_0951o r
r940506.fit  3.73  1.23 0.121   230.5 from 507 sources of intphas_0951o i
r940507.fit  4.00  1.32 0.135   146.3 from 183 sources of intphas_0952 Ha
r940508.fit  4.22  1.39 0.111   453.8 from 507 sources of intphas_0952 r
r940509.fit  4.16  1.37 0.150   254.0 from 438 sources of intphas_0952 i
r940510.fit  3.99  1.32 0.155   148.9 from 207 sources of intphas_0952o Ha
r940511.fit  3.68  1.21 0.102   455.9 from 534 sources of intphas_0952o r
r940512.fit  3.63  1.20 0.139   251.5 from 496 sources of intphas_0952o i
r940513.fit  3.85  1.27 0.104   136.9 from 201 sources of intphas_0955 Ha
r940514.fit  3.63  1.20 0.099   443.0 from 503 sources of intphas_0955 r
r940515.fit  3.46  1.14 0.112   183.0 from 485 sources of intphas_0955 i
r940516.fit  3.58  1.18 0.115   131.6 from 198 sources of intphas_0955o Ha
r940517.fit  3.77  1.24 0.135   416.4 from 500 sources of intphas_0955o r
r940518.fit  3.23  1.07 0.124   239.1 from 503 sources of intphas_0955o i
r940519.fit  3.49  1.15 0.112   152.5 from 266 sources of intphas_0956 Ha
r940520.fit  3.45  1.14 0.105   481.1 from 569 sources of intphas_0956 r
r940521.fit  3.42  1.13 0.097   218.7 from 518 sources of intphas_0956 i
r940522.fit  3.69  1.22 0.126   157.5 from 238 sources of intphas_0956o Ha
r940523.fit  3.37  1.11 0.107   486.4 from 562 sources of intphas_0956o r
r940524.fit  3.07  1.01 0.088   254.7 from 569 sources of intphas_0956o i
r940525.fit  3.57  1.18 0.121   136.0 from 260 sources of intphas_0957 Ha
r940526.fit  3.48  1.15 0.106   418.8 from 610 sources of intphas_0957 r
r940527.fit  3.40  1.12 0.104   242.1 from 579 sources of intphas_0957 i
r940528.fit  3.50  1.16 0.092   144.6 from 253 sources of intphas_0957o Ha
r940529.fit  3.64  1.20 0.109   348.5 from 651 sources of intphas_0957o r
r940530.fit  3.63  1.20 0.123   250.8 from 605 sources of intphas_0957o i
r940531.fit  3.48  1.15 0.086   148.1 from 343 sources of intphas_0958 Ha
r940532.fit  3.73  1.23 0.112   461.1 from 853 sources of intphas_0958 r
r940533.fit  3.44  1.14 0.112   261.5 from 791 sources of intphas_0958 i
r940534.fit  3.81  1.26 0.144   126.6 from 328 sources of intphas_0958o Ha
r940535.fit  4.09  1.35 0.093   387.4 from 694 sources of intphas_0958o r
r940536.fit  3.74  1.23 0.126   224.4 from 763 sources of intphas_0958o i
r940537.fit  3.59  1.18 0.110   125.8 from 217 sources of intphas_0959 Ha
r940538.fit  3.52  1.16 0.122   386.2 from 567 sources of intphas_0959 r
r940539.fit  3.24  1.07 0.112   186.5 from 586 sources of intphas_0959 i
r940540.fit  3.41  1.13 0.069   102.6 from 192 sources of intphas_0959o Ha
r940541.fit  3.30  1.09 0.075   309.5 from 501 sources of intphas_0959o r
r940542.fit  3.61  1.19 0.114   179.8 from 510 sources of intphas_0959o i
r940543.fit  3.57  1.18 0.133   145.8 from 361 sources of intphas_0843 Ha
r940544.fit  3.61  1.19 0.107   418.7 from 904 sources of intphas_0843 r
r940545.fit  3.44  1.14 0.105   249.7 from 834 sources of intphas_0843 i
r940546.fit  3.52  1.16 0.095    91.3 from 379 sources of intphas_0843o Ha
r940547.fit  3.48  1.15 0.082   302.2 from 981 sources of intphas_0843o r
r940548.fit  3.44  1.14 0.097   233.9 from 834 sources of intphas_0843o i
r940549.fit  3.85  1.27 0.114   118.7 from 236 sources of intphas_1698 Ha
r940550.fit  4.24  1.40 0.142   661.9 from 543 sources of intphas_1698 r
r940551.fit  4.01  1.32 0.121   303.5 from 510 sources of intphas_1698 i
r940552.fit  3.85  1.27 0.113   189.6 from 232 sources of intphas_1698o Ha
r940553.fit  4.33  1.43 0.121   569.2 from 472 sources of intphas_1698o r
r940554.fit  4.00  1.32 0.129   249.3 from 477 sources of intphas_1698o i
r940555.fit  3.78  1.25 0.102   141.4 from 131 sources of intphas_1277 Ha
r940556.fit  3.41  1.13 0.122   421.2 from 324 sources of intphas_1277 r
r940557.fit  3.04  1.00 0.107   215.1 from 392 sources of intphas_1277 i
r940558.fit  3.31  1.09 0.119   142.1 from 148 sources of intphas_1277o Ha
r940559.fit  3.29  1.09 0.139   416.3 from 341 sources of intphas_1277o r
r940560.fit  3.28  1.08 0.116   230.2 from 390 sources of intphas_1277o i
r940561.fit  3.35  1.11 0.109   132.8 from 142 sources of intphas_1276 Ha
r940562.fit  3.04  1.00 0.107   261.1 from 379 sources of intphas_1276 r
r940563.fit  2.86  0.94 0.100   221.0 from 401 sources of intphas_1276 i
r940564.fit  3.26  1.08 0.138   128.4 from 153 sources of intphas_1276o Ha
r940565.fit  3.40  1.12 0.121   352.1 from 366 sources of intphas_1276o r
r940566.fit  3.37  1.11 0.146   206.9 from 384 sources of intphas_1276o i
r940567.fit  3.23  1.07 0.093   126.3 from 167 sources of intphas_1275 Ha
r940568.fit  3.38  1.12 0.110   382.9 from 383 sources of intphas_1275 r
r940569.fit  3.01  0.99 0.109   220.6 from 430 sources of intphas_1275 i
r940570.fit  3.52  1.16 0.125   122.0 from 156 sources of intphas_1275o Ha
r940571.fit  3.37  1.11 0.112   379.1 from 390 sources of intphas_1275o r
r940572.fit  3.01  0.99 0.121   145.7 from 439 sources of intphas_1275o i
r940573.fit  3.49  1.15 0.147   112.3 from 142 sources of intphas_1377 Ha
r940574.fit  3.15  1.04 0.122   371.4 from 305 sources of intphas_1377 r
r940575.fit  3.03  1.00 0.098   194.5 from 328 sources of intphas_1377 i
r940576.fit  3.35  1.11 0.099   125.8 from 160 sources of intphas_1377o Ha
r940577.fit  3.30  1.09 0.113   379.2 from 343 sources of intphas_1377o r
r940578.fit  3.48  1.15 0.084   210.5 from 338 sources of intphas_1377o i
r940579.fit  3.13  1.03 0.061   136.4 from 202 sources of intphas_1374 Ha
r940580.fit  3.75  1.24 0.120   243.0 from 367 sources of intphas_1374 r
r940581.fit  3.53  1.16 0.132   189.2 from 367 sources of intphas_1374 i
r940582.fit  3.54  1.17 0.101   114.3 from 173 sources of intphas_1374o Ha
r940583.fit  3.14  1.04 0.115   487.2 from 471 sources of intphas_1374o r
r940584.fit  3.03  1.00 0.101   297.9 from 453 sources of intphas_1374o i
r940585.fit  3.42  1.13 0.130   216.6 from 185 sources of intphas_1286 Ha
r940586.fit  3.45  1.14 0.127   704.0 from 390 sources of intphas_1286 r
r940587.fit  3.58  1.18 0.146   553.7 from 360 sources of intphas_1286 i
r940588.fit  3.42  1.13 0.144   377.2 from 177 sources of intphas_1286o Ha
r940589.fit  3.08  1.02 0.087  1444.4 from 410 sources of intphas_1286o r
r940590.fit  3.04  1.00 0.133  1064.2 from 420 sources of intphas_1286o i
r940591.fit  4.36  1.44 0.197   673.3 from  41 sources of SA95-271 Ha
r940592.fit  2.98  0.98 0.114  2385.4 from  65 sources of SA95-271 r
r940593.fit  3.19  1.05 0.112  1703.9 from  65 sources of SA95-271 i
r940594.fit  3.55  1.17 0.095   374.2 from  82 sources of G191B2B Ha
r940595.fit  3.41  1.13 0.089   269.3 from  67 sources of G191B2B r
r940596.fit  2.97  0.98 0.117   278.6 from  74 sources of G191B2B i
r940597.fit is not a target (SKY)
r940598.fit is not a target (SKY)
r940599.fit is not a target (SKY)
r940600.fit is not a target (SKY)
r940601.fit is not a target (SKY)
r940602.fit is not a target (SKY)
r940603.fit is not a target (SKY)
r940604.fit is not a target (SKY)
r940605.fit is not a target (SKY)
