r930108.fit is not a target (BIAS)
r930109.fit is not a target (BIAS)
r930110.fit is not a target (BIAS)
r930111.fit is not a target (BIAS)
r930112.fit is not a target (BIAS)
r930113.fit is not a target (BIAS)
r930114.fit is not a target (BIAS)
r930115.fit is not a target (BIAS)
r930116.fit is not a target (BIAS)
r930117.fit is not a target (BIAS)
r930118.fit is not a target (BIAS)
r930119.fit is not a target (BIAS)
r930120.fit is not a target (BIAS)
r930121.fit is not a target (BIAS)
r930122.fit is not a target (BIAS)
r930123.fit is not a target (BIAS)
r930124.fit is not a target (BIAS)
r930125.fit is not a target (BIAS)
r930126.fit is not a target (BIAS)
r930127.fit is not a target (BIAS)
r930128.fit is not a target (BIAS)
r930129.fit is not a target (SKY)
r930130.fit is not a target (SKY)
r930131.fit is not a target (SKY)
r930132.fit is not a target (SKY)
r930133.fit is not a target (SKY)
r930134.fit is not a target (SKY)
r930135.fit is not a target (SKY)
r930136.fit is not a target (SKY)
r930137.fit is not a target (SKY)
r930138.fit is not a target (SKY)
r930139.fit is not a target (SKY)
r930140.fit is not a target (SKY)
r930141.fit is not a target (SKY)
r930142.fit is not a target (SKY)
r930143.fit is not a target (SKY)
r930144.fit is not a target (SKY)
r930145.fit is not a target (SKY)
r930146.fit is not a target (SKY)
r930147.fit is not a target (SKY)
r930148.fit is not a target (SKY)
r930149.fit is not a target (SKY)
r930150.fit is not a target (SKY)
r930151.fit is not a target (SKY)
r930152.fit is not a target (SKY)
r930153.fit is not a target (SKY)
r930154.fit is not a target (SKY)
r930155.fit is not a target (SKY)
r930156.fit is not a target (SKY)
r930157.fit is not a target (SKY)
r930158.fit is not a target (SKY)
r930159.fit is not a target (SKY)
r930160.fit is not a target (FOCUS)
r930161.fit  3.41  1.13 0.088    29.4 from  49 sources of KEPLER_SHIFT2
r930162.fit  3.67  1.21 0.106   109.7 from 348 sources of KEPLER_SHIFT2
r930163.fit  4.24  1.40 0.111    41.4 from  22 sources of KEPLER_SHIFT2
r930164.fit  4.39  1.45 0.069    63.7 from  47 sources of KEPLER_SHIFT2
r930165.fit  4.24  1.40 0.091    63.1 from  51 sources of KEPLER_SHIFT2
r930166.fit  3.92  1.29 0.027    37.8 from  35 sources of KEPLER_SHIFT2
r930167.fit  4.62  1.52 0.100    98.5 from 152 sources of KEPLER_SHIFT2
r930168.fit  4.45  1.47 0.089    84.4 from 168 sources of KEPLER_SHIFT2
r930169.fit  3.40  1.12 0.063    36.6 from  66 sources of KEPLER_SHIFT2
r930170.fit  4.04  1.33 0.096   125.4 from 303 sources of KEPLER_SHIFT2
r930171.fit  3.93  1.30 0.054    36.7 from  56 sources of KEPLER_SHIFT2
r930172.fit  3.83  1.26 0.074   121.8 from 315 sources of KEPLER_SHIFT2
r930173.fit  4.27  1.41 0.070    37.5 from  37 sources of KEPLER_SHIFT2
r930174.fit  4.77  1.57 0.079    96.2 from 136 sources of KEPLER_SHIFT2
r930175.fit  4.82  1.59 0.056    95.4 from 129 sources of KEPLER_SHIFT2
r930176.fit  4.45  1.47 0.074    43.1 from  18 sources of KEPLER_SHIFT2
r930177.fit  4.24  1.40 0.071    72.8 from  53 sources of KEPLER_SHIFT2
r930178.fit  4.57  1.51 0.120    68.0 from  48 sources of KEPLER_SHIFT2
r930179.fit  3.63  1.20 0.081    33.6 from  42 sources of KEPLER_SHIFT2
r930180.fit  4.17  1.38 0.095   107.0 from 282 sources of KEPLER_SHIFT2
r930181.fit  3.46  1.14 0.073    35.5 from  29 sources of KEPLER_28_13
r930182.fit  3.83  1.26 0.076   100.0 from 266 sources of KEPLER_28_13
r930183.fit  5.04  1.66 0.142    46.6 from  16 sources of KEPLER_28_13
r930184.fit  4.68  1.54 0.069    68.7 from  30 sources of KEPLER_28_13
r930185.fit  5.06  1.67 0.096    68.6 from  29 sources of KEPLER_28_13
r930186.fit  4.16  1.37 0.051    50.6 from  24 sources of KEPLER_28_13
r930187.fit  4.22  1.39 0.073   109.8 from 119 sources of KEPLER_28_13
r930188.fit  4.45  1.47 0.071   111.5 from 112 sources of KEPLER_28_13
r930189.fit  3.87  1.28 0.055    52.2 from  33 sources of KEPLER_28_13
r930190.fit  4.06  1.34 0.083   136.5 from 276 sources of KEPLER_28_13
r930191.fit  3.30  1.09 0.062    42.9 from  44 sources of KEPLER_28_13
r930192.fit  4.03  1.33 0.095   125.8 from 283 sources of KEPLER_28_13
r930193.fit  5.16  1.70 0.038    40.7 from  22 sources of KEPLER_28_13
r930194.fit  4.12  1.36 0.074   101.5 from 129 sources of KEPLER_28_13
r930195.fit  4.48  1.48 0.049   102.4 from 108 sources of KEPLER_28_13
r930196.fit  4.67  1.54 0.057    50.6 from  20 sources of KEPLER_28_13
r930197.fit  4.69  1.55 0.065    72.6 from  36 sources of KEPLER_28_13
r930198.fit  4.54  1.50 0.051    74.9 from  37 sources of KEPLER_28_13
r930199.fit  3.45  1.14 0.050    50.4 from  23 sources of KEPLER_28_13
r930200.fit  3.78  1.25 0.042   112.6 from 264 sources of KEPLER_28_13
r930201.fit  3.05  1.01 0.072    54.5 from  31 sources of KEPLER_16_21
r930202.fit  3.95  1.30 0.153   129.8 from 198 sources of KEPLER_16_21
r930203.fit  4.36  1.44 0.059    63.5 from  23 sources of KEPLER_16_21
r930204.fit  5.01  1.65 0.041    80.7 from  28 sources of KEPLER_16_21
r930205.fit  4.31  1.42 0.061    80.8 from  39 sources of KEPLER_16_21
r930206.fit  4.67  1.54 0.063    60.6 from  28 sources of KEPLER_16_21
r930207.fit  5.26  1.74 0.069   120.2 from  89 sources of KEPLER_16_21
r930208.fit  5.11  1.69 0.057   119.8 from  92 sources of KEPLER_16_21
r930209.fit  3.30  1.09 0.043    60.6 from  41 sources of KEPLER_16_21
r930210.fit  3.45  1.14 0.060   144.5 from 239 sources of KEPLER_16_21
r930211.fit  3.10  1.02 0.044    60.5 from  45 sources of KEPLER_16_21
r930212.fit  3.74  1.23 0.054   144.7 from 209 sources of KEPLER_16_21
r930213.fit  4.79  1.58 0.045    59.3 from  20 sources of KEPLER_16_21
r930214.fit  4.90  1.62 0.073   119.2 from 102 sources of KEPLER_16_21
r930215.fit  4.61  1.52 0.060   119.2 from 109 sources of KEPLER_16_21
r930216.fit  4.52  1.49 0.056    60.9 from  22 sources of KEPLER_16_21
r930217.fit  4.53  1.49 0.066    80.0 from  32 sources of KEPLER_16_21
r930218.fit  4.17  1.38 0.038    79.8 from  40 sources of KEPLER_16_21
r930219.fit  3.10  1.02 0.071    55.8 from  26 sources of KEPLER_16_21
r930220.fit  4.58  1.51 0.154   132.0 from 161 sources of KEPLER_16_21
r930221.fit  2.88  0.95 0.077    53.7 from  40 sources of KEPLER_17_19
r930222.fit  3.01  0.99 0.070    91.9 from 251 sources of KEPLER_17_19
r930223.fit  4.35  1.44 0.060    62.5 from  22 sources of KEPLER_17_19
r930224.fit  4.10  1.35 0.068    79.8 from  43 sources of KEPLER_17_19
r930225.fit  4.45  1.47 0.062    78.7 from  41 sources of KEPLER_17_19
r930226.fit  4.13  1.36 0.037    60.8 from  37 sources of KEPLER_17_19
r930227.fit  4.51  1.49 0.085   118.7 from  98 sources of KEPLER_17_19
r930228.fit  4.36  1.44 0.051   118.9 from 102 sources of KEPLER_17_19
r930229.fit  2.86  0.94 0.038    61.6 from  57 sources of KEPLER_17_19
r930230.fit  3.60  1.19 0.084   119.1 from 223 sources of KEPLER_17_19
r930231.fit  3.24  1.07 0.054    61.9 from  48 sources of KEPLER_17_19
r930232.fit  3.45  1.14 0.066   168.1 from 198 sources of KEPLER_17_19
r930233.fit  4.68  1.54 0.091    64.5 from  22 sources of KEPLER_17_19
r930234.fit  4.44  1.47 0.068   137.5 from  66 sources of KEPLER_17_19
r930235.fit  4.63  1.53 0.028   124.9 from  73 sources of KEPLER_17_19
r930236.fit  4.35  1.44 0.069    59.2 from  27 sources of KEPLER_17_19
r930237.fit  4.62  1.52 0.076    74.8 from  44 sources of KEPLER_17_19
r930238.fit  4.55  1.50 0.054    73.7 from  44 sources of KEPLER_17_19
r930239.fit  3.34  1.10 0.050    49.8 from  39 sources of KEPLER_17_19
r930240.fit  3.32  1.10 0.065   123.3 from 194 sources of KEPLER_17_19
r930241.fit  3.51  1.16 0.075    55.5 from  12 sources of KEPLER_14_21
r930242.fit  3.29  1.09 0.076   155.0 from 132 sources of KEPLER_14_21
r930243.fit  4.40  1.45 0.069    62.6 from  16 sources of KEPLER_14_21
r930244.fit  4.55  1.50 0.071    85.9 from  17 sources of KEPLER_14_21
r930245.fit  4.45  1.47 0.073    83.6 from  19 sources of KEPLER_14_21
r930246.fit  4.65  1.53 0.070    71.5 from   9 sources of KEPLER_14_21
r930247.fit  4.96  1.64 0.052   152.0 from  34 sources of KEPLER_14_21
r930248.fit  4.71  1.55 0.066   161.4 from  21 sources of KEPLER_14_21
r930249.fit  3.53  1.16 0.048    71.7 from  11 sources of KEPLER_14_21
r930250.fit  3.84  1.27 0.044   190.7 from  99 sources of KEPLER_14_21
r930251.fit  3.95  1.30 0.078    54.6 from  19 sources of KEPLER_14_21
r930252.fit  4.14  1.37 0.061   183.9 from  86 sources of KEPLER_14_21
r930253.fit  4.58  1.51 0.058    56.0 from  16 sources of KEPLER_14_21
r930254.fit  4.74  1.56 0.036   131.1 from  23 sources of KEPLER_14_21
r930255.fit  4.72  1.56 0.059   140.4 from  23 sources of KEPLER_14_21
r930256.fit  4.62  1.52 0.183    55.8 from  11 sources of KEPLER_14_21
r930257.fit  4.44  1.47 0.081    75.1 from  13 sources of KEPLER_14_21
r930258.fit  4.73  1.56 0.082    71.9 from  12 sources of KEPLER_14_21
r930259.fit  3.13  1.03 0.042    71.0 from   3 sources of KEPLER_14_21
r930260.fit  3.59  1.18 0.088   246.3 from  11 sources of KEPLER_14_21
r930261.fit  3.33  1.10 0.047    43.2 from  15 sources of KEPLER_14_21
r930262.fit  3.62  1.19 0.075    85.6 from 162 sources of KEPLER_14_21
r930263.fit  5.09  1.68 0.038    48.2 from  17 sources of KEPLER_14_21
r930264.fit  5.07  1.67 0.027    60.4 from  22 sources of KEPLER_14_21
r930265.fit  5.45  1.80 0.102    59.6 from  17 sources of KEPLER_14_21
r930266.fit  5.17  1.71 0.083    43.3 from  15 sources of KEPLER_14_21
r930267.fit  5.54  1.83 0.043    74.4 from  49 sources of KEPLER_14_21
r930268.fit  5.78  1.91 0.070    71.6 from  43 sources of KEPLER_14_21
r930269.fit  3.84  1.27 0.054    40.5 from  15 sources of KEPLER_14_21
r930270.fit  4.31  1.42 0.053    79.3 from 125 sources of KEPLER_14_21
r930271.fit  3.77  1.24 0.036    41.2 from  14 sources of KEPLER_14_21
r930272.fit  4.91  1.62 0.075    78.1 from 115 sources of KEPLER_14_21
r930273.fit  5.42  1.79 0.072    39.8 from  16 sources of KEPLER_14_21
r930274.fit  6.16  2.03 0.049    65.6 from  39 sources of KEPLER_14_21
r930275.fit  6.36  2.10 0.068    63.4 from  35 sources of KEPLER_14_21
r930276.fit  5.91  1.95 0.060    46.4 from  12 sources of KEPLER_14_21
r930277.fit  5.63  1.86 0.061    53.5 from  17 sources of KEPLER_14_21
r930278.fit  5.87  1.94 0.088    52.9 from  17 sources of KEPLER_14_21
r930279.fit  3.75  1.24 0.039    40.2 from  11 sources of KEPLER_14_21
r930280.fit  4.80  1.58 0.120    76.1 from 111 sources of KEPLER_14_21
r930281.fit  3.65  1.20 0.038    38.6 from  14 sources of KEPLER_AU12_1342
r930282.fit  4.07  1.34 0.048    67.2 from  86 sources of KEPLER_AU12_1342
r930283.fit  0.63  0.21 0.194    40.8 from  11 sources of KEPLER_AU12_1342
r930284.fit  4.44  1.47 0.092    49.9 from  14 sources of KEPLER_AU12_1342
r930285.fit  4.49  1.48 0.108    50.1 from  11 sources of KEPLER_AU12_1342
r930286.fit  5.21  1.72 0.204    38.8 from  12 sources of KEPLER_AU12_1342
r930287.fit  6.40  2.11 0.029    53.9 from  39 sources of KEPLER_AU12_1342
r930288.fit  6.07  2.00 0.072    54.3 from  24 sources of KEPLER_AU12_1342
r930289.fit  4.04  1.33 0.075    38.4 from   9 sources of KEPLER_AU12_1342
r930290.fit  4.71  1.55 0.066    51.6 from  61 sources of KEPLER_AU12_1342
r930291.fit  4.59  1.51 0.108    38.0 from   8 sources of KEPLER_AU12_1342
r930292.fit  4.92  1.62 0.048    56.3 from  38 sources of KEPLER_AU12_1342
r930293.fit  5.87  1.94 0.225    44.7 from   6 sources of KEPLER_AU12_1342
r930294.fit  4.50  1.49 0.211    54.8 from  13 sources of KEPLER_AU12_1342
r930295.fit  4.46  1.47 0.203    55.6 from  14 sources of KEPLER_AU12_1342
r930296.fit  4.58  1.51 0.249    44.5 from   8 sources of KEPLER_AU12_1342
r930297.fit  4.40  1.45 0.183    49.8 from   9 sources of KEPLER_AU12_1342
r930298.fit  4.42  1.46 0.222    44.4 from  10 sources of KEPLER_AU12_1342
r930299.fit -1.05 -0.35 0.442    78.5 from   2 sources of KEPLER_AU12_1342
r930300.fit  4.37  1.44 0.184    74.5 from   8 sources of KEPLER_AU12_1342
r930301.fit  4.24  1.40 0.256    61.6 from  10 sources of ID2851
r930302.fit  5.84  1.93 0.111   121.0 from  39 sources of ID2851
r930303.fit  4.88  1.61 0.100   124.1 from  24 sources of ID2851
r930305.fit  6.20  2.05 0.391    71.2 from   2 sources of 120
r930306.fit  4.48  1.48 0.233    63.9 from  10 sources of ID2851
r930307.fit  4.23  1.40 0.102    63.7 from  10 sources of ID2851
r930308.fit  4.43  1.46 0.252    65.7 from   8 sources of ID2851
r930309.fit  4.48  1.48 0.126    63.2 from  13 sources of ID2851
r930310.fit  4.91  1.62 0.218   109.1 from  15 sources of ID2851
r930311.fit  4.53  1.49 0.124   110.2 from  17 sources of ID2851
r930312.fit  4.41  1.46 0.170   112.7 from  12 sources of ID2851
r930313.fit  4.70  1.55 0.084   106.7 from  16 sources of ID2851
r930314.fit  4.73  1.56 0.098    97.7 from  19 sources of ID2851
r930315.fit  4.95  1.63 0.107    95.5 from  23 sources of ID2851
r930316.fit  4.41  1.46 0.090    96.6 from  23 sources of ID2851
r930317.fit  4.45  1.47 0.122    99.7 from  17 sources of ID2851
r930318.fit  4.39  1.45 0.113    95.2 from  17 sources of ID2851
r930319.fit  4.45  1.47 0.094   101.7 from  16 sources of ID2851
r930320.fit  4.38  1.45 0.186    96.6 from   9 sources of ID2851
r930321.fit  4.26  1.41 0.088    93.8 from  17 sources of ID2851
