r1014458.fit is not a target (BIAS)
r1014459.fit is not a target (BIAS)
r1014460.fit is not a target (BIAS)
r1014461.fit is not a target (BIAS)
r1014462.fit is not a target (BIAS)
r1014463.fit is not a target (FLAT)
r1014464.fit is not a target (FLAT)
r1014465.fit is not a target (FLAT)
r1014466.fit is not a target (FLAT)
r1014467.fit is not a target (FLAT)
r1014468.fit is not a target (FLAT)
r1014469.fit is not a target (FLAT)
r1014470.fit is not a target (FLAT)
r1014471.fit is not a target (FLAT)
r1014472.fit is not a target (FLAT)
r1014473.fit is not a target (FLAT)
r1014474.fit is not a target (FLAT)
r1014475.fit is not a target (FLAT)
r1014476.fit is not a target (FLAT)
r1014477.fit is not a target (FLAT)
r1014478.fit is not a target (FLAT)
r1014479.fit is not a target (FLAT)
r1014480.fit no objects found
r1014481.fit no objects found
r1014482.fit no objects found
r1014483.fit  3.15  1.04 0.046    65.9 from  31 sources of SA110-246 Ha
r1014484.fit  3.34  1.10 0.064    59.9 from  17 sources of SA110-246 r
r1014485.fit  2.97  0.98 0.052    63.6 from  38 sources of SA110-246 i
r1014486.fit  3.65  1.20 0.060    64.5 from  16 sources of SA110-246 r
r1014487.fit  4.45  1.47 0.093    59.8 from  15 sources of SA110-246 U
r1014488.fit  3.65  1.20 0.038    48.2 from  13 sources of SA110-246 g
r1014489.fit  4.29  1.42 0.075     9.8 from  20 sources of SA113-260 Ha
r1014490.fit  3.74  1.23 0.071    57.3 from  57 sources of SA113-260 r
r1014491.fit  3.76  1.24 0.064    37.2 from  35 sources of SA113-260 i
r1014492.fit  3.60  1.19 0.076    14.1 from  26 sources of SA113-260 r
r1014493.fit  4.83  1.59 0.135    16.2 from  13 sources of SA113-260 U
r1014494.fit  4.28  1.41 0.066    14.1 from  20 sources of SA113-260 g
r1014495.fit no objects found
r1014496.fit  3.53  1.16 0.013   160.4 from   1 sources of intphas_4830o r
r1014497.fit  3.20  1.06 0.007   119.2 from   1 sources of intphas_4830o i
r1014498.fit  4.13  1.36 0.148    49.5 from   2 sources of intphas_4877 Ha
r1014499.fit  4.54  1.50 0.044    56.0 from  68 sources of intphas_4830o Ha
r1014500.fit  4.27  1.41 0.042   127.3 from 272 sources of intphas_4830o r
r1014501.fit  3.86  1.27 0.058    88.8 from 362 sources of intphas_4830o i
r1014502.fit  4.81  1.59 0.089    46.9 from 131 sources of intphas_4877 Ha
r1014503.fit  4.35  1.44 0.090   102.4 from 440 sources of intphas_4877 r
r1014504.fit  4.13  1.36 0.093    68.3 from 576 sources of intphas_4877 i
r1014505.fit  6.15  2.03 0.046    55.9 from  57 sources of intphas_4877o Ha
r1014506.fit  6.27  2.07 0.075   119.3 from 214 sources of intphas_4877o r
r1014507.fit  6.73  2.22 0.089    96.1 from 187 sources of intphas_4877o i
r1014508.fit  6.31  2.08 0.047    95.8 from  51 sources of intphas_4879 Ha
r1014509.fit  6.99  2.31 0.079   109.3 from 186 sources of intphas_4879 r
r1014510.fit  5.82  1.92 0.087    94.0 from 308 sources of intphas_4879 i
r1014511.fit  2.03  0.67 0.242    81.8 from  12 sources of intphas_4879o Ha
r1014512.fit  0.86  0.28 0.176   287.4 from   9 sources of intphas_4879o r
r1014513.fit  4.60  1.52 0.188   279.3 from   8 sources of intphas_4879o i
r1014514.fit  5.91  1.95 0.072    96.3 from  14 sources of intphas_4896o Ha
r1014515.fit  9.44  3.12 0.061   148.3 from  68 sources of intphas_4896o r
r1014516.fit  9.32  3.08 0.070    96.0 from  82 sources of intphas_4896o i
