r1022608.fit is not a target (BIAS)
r1022609.fit is not a target (BIAS)
r1022610.fit is not a target (BIAS)
r1022611.fit is not a target (BIAS)
r1022612.fit is not a target (BIAS)
r1022613.fit is not a target (SKY)
r1022614.fit is not a target (SKY)
r1022615.fit is not a target (SKY)
r1022616.fit is not a target (SKY)
r1022617.fit is not a target (SKY)
r1022618.fit is not a target (SKY)
r1022619.fit is not a target (SKY)
r1022620.fit is not a target (SKY)
r1022621.fit is not a target (SKY)
r1022622.fit is not a target (SKY)
r1022623.fit is not a target (SKY)
r1022624.fit is not a target (SKY)
r1022625.fit is not a target (SKY)
r1022626.fit is not a target (SKY)
r1022627.fit is not a target (SKY)
r1022628.fit is not a target (SKY)
r1022629.fit is not a target (SKY)
r1022630.fit is not a target (SKY)
r1022631.fit is not a target (SKY)
r1022632.fit is not a target (SKY)
r1022633.fit is not a target (SKY)
r1022634.fit is not a target (SKY)
r1022635.fit is not a target (SKY)
r1022636.fit is not a target (SKY)
r1022637.fit is not a target (SKY)
r1022638.fit is not a target (SKY)
r1022639.fit is not a target (SKY)
r1022640.fit is not a target (SKY)
r1022641.fit is not a target (SKY)
r1022642.fit  6.09  2.01 0.029   833.6 from  22 sources of SA113-260 Ha
r1022643.fit  5.89  1.94 0.080  1704.7 from  40 sources of SA113-260 r
r1022644.fit  6.15  2.03 0.048  1147.4 from  22 sources of SA113-260 i
r1022645.fit  5.82  1.92 0.104   201.6 from  12 sources of SA112-250 Ha
r1022646.fit  7.89  2.60 0.033   235.3 from   9 sources of SA112-250 r
r1022647.fit  7.49  2.47 0.048   252.1 from  11 sources of SA112-250 i
r1022648.fit  4.37  1.44 0.031   106.2 from  42 sources of Wolf1346 Ha
r1022649.fit  5.44  1.80 0.046   128.5 from  51 sources of Wolf1346 r
r1022650.fit  5.28  1.74 0.051   132.0 from  43 sources of Wolf1346 i
r1022651.fit  5.32  1.76 0.061   327.4 from 120 sources of intphas_6985o Ha
r1022652.fit  4.35  1.44 0.072   528.0 from 442 sources of intphas_6985o r
r1022653.fit  4.61  1.52 0.075   374.6 from 347 sources of intphas_6985o i
r1022654.fit  4.68  1.54 0.087   139.4 from 174 sources of intphas_6985 Ha
r1022655.fit  4.56  1.50 0.053   246.4 from 487 sources of intphas_6985 r
r1022656.fit  4.33  1.43 0.079   220.2 from 454 sources of intphas_6985 i
r1022657.fit  4.57  1.51 0.062    97.2 from 174 sources of intphas_6999 Ha
r1022658.fit  4.49  1.48 0.054   190.7 from 363 sources of intphas_6999 r
r1022659.fit  4.28  1.41 0.065   155.9 from 369 sources of intphas_6999 i
r1022660.fit  4.73  1.56 0.061    72.0 from 176 sources of intphas_6999o Ha
r1022661.fit  4.64  1.53 0.069   151.4 from 395 sources of intphas_6999o r
r1022662.fit  5.28  1.74 0.044   100.7 from 300 sources of intphas_6999o i
r1022663.fit  6.36  2.10 0.044    70.7 from  77 sources of intphas_7028 Ha
r1022664.fit  6.72  2.22 0.051   136.1 from 189 sources of intphas_7028 r
r1022665.fit  7.45  2.46 0.044   128.6 from 143 sources of intphas_7028 i
r1022666.fit  7.42  2.45 0.039    70.6 from  55 sources of intphas_7028o Ha
r1022667.fit  6.72  2.22 0.039   132.2 from 175 sources of intphas_7028o r
r1022668.fit  4.92  1.62 0.049    43.2 from 261 sources of intphas_7028o i
r1022669.fit  5.12  1.69 0.051    65.3 from 102 sources of intphas_7021 Ha
r1022670.fit  5.45  1.80 0.058   133.2 from 220 sources of intphas_7021 r
r1022671.fit  4.75  1.57 0.068   115.7 from 274 sources of intphas_7021 i
r1022672.fit  5.42  1.79 0.047    65.6 from  95 sources of intphas_7021o Ha
r1022673.fit  6.79  2.24 0.057   136.2 from 137 sources of intphas_7021o r
r1022674.fit  5.32  1.76 0.051   119.5 from 211 sources of intphas_7021o i
r1022675.fit  5.63  1.86 0.036    62.8 from  79 sources of intphas_7019 Ha
r1022676.fit  5.99  1.98 0.053   136.0 from 132 sources of intphas_7019 r
r1022677.fit  5.40  1.78 0.068   117.5 from 159 sources of intphas_7019 i
r1022678.fit  5.71  1.88 0.043    61.8 from  73 sources of intphas_7019o Ha
r1022679.fit  7.21  2.38 0.051   122.4 from 116 sources of intphas_7019o r
r1022680.fit  5.51  1.82 0.051   112.2 from 186 sources of intphas_7019o i
r1022681.fit  5.15  1.70 0.031    54.6 from  44 sources of intphas_6320 Ha
r1022682.fit  5.87  1.94 0.056   113.8 from  60 sources of intphas_6320 r
r1022683.fit  4.86  1.60 0.052   109.2 from 100 sources of intphas_6320 i
r1022684.fit  6.40  2.11 0.024    54.6 from  33 sources of intphas_6320o Ha
r1022685.fit  6.19  2.04 0.038   123.2 from  50 sources of intphas_6320o r
r1022686.fit  6.73  2.22 0.046   106.0 from  48 sources of intphas_6320o i
r1022687.fit  4.86  1.60 0.037    59.4 from  76 sources of intphas_7062 Ha
r1022688.fit  5.63  1.86 0.032   121.5 from 137 sources of intphas_7062 r
r1022689.fit  4.89  1.61 0.044   105.2 from 154 sources of intphas_7062 i
r1022690.fit  5.08  1.68 0.051    57.9 from  84 sources of intphas_7062o Ha
r1022691.fit  4.95  1.63 0.037   126.6 from 151 sources of intphas_7062o r
r1022692.fit  5.75  1.90 0.042   109.9 from 132 sources of intphas_7062o i
r1022693.fit  5.10  1.68 0.042    51.0 from  94 sources of intphas_7066 Ha
r1022694.fit  5.21  1.72 0.044   123.9 from 275 sources of intphas_7066 r
r1022695.fit  6.38  2.11 0.051   103.2 from 185 sources of intphas_7066 i
r1022696.fit  5.75  1.90 0.046    50.6 from  79 sources of intphas_7066o Ha
r1022697.fit  7.23  2.39 0.057   115.1 from 152 sources of intphas_7066o r
r1022698.fit  7.31  2.41 0.055   104.0 from 134 sources of intphas_7066o i
r1022699.fit  8.73  2.88 0.050    57.7 from  25 sources of intphas_7076 Ha
r1022700.fit  9.05  2.99 0.047   124.5 from  57 sources of intphas_7076 r
r1022701.fit  6.88  2.27 0.043    57.3 from  33 sources of intphas_7076 i
r1022702.fit 79.38 26.20 0.250   152.9 from   2 sources of intphas_7076o Ha
r1022703.fit 11.69  3.86 0.072    62.8 from  24 sources of intphas_7076 Ha
r1022704.fit  6.69  2.21 0.040   120.5 from 126 sources of intphas_7076 r
r1022705.fit  6.19  2.04 0.053   112.9 from 159 sources of intphas_7076 i
r1022706.fit  5.96  1.97 0.044    61.2 from  62 sources of intphas_7076o Ha
r1022707.fit  6.42  2.12 0.044   117.2 from 151 sources of intphas_7076o r
r1022708.fit  6.53  2.15 0.058   114.9 from 151 sources of intphas_7076o i
r1022709.fit  8.12  2.68 0.052    62.3 from  28 sources of intphas_7612 Ha
r1022710.fit  6.60  2.18 0.056   128.7 from 111 sources of intphas_7612 r
r1022711.fit  6.61  2.18 0.054   115.7 from 115 sources of intphas_7612 i
r1022712.fit  7.01  2.31 0.035    58.6 from  32 sources of intphas_7612o Ha
r1022713.fit  7.99  2.64 0.043   118.9 from  67 sources of intphas_7612o r
r1022714.fit  7.74  2.55 0.051   115.8 from  75 sources of intphas_7612o i
r1022715.fit 13.42  4.43 0.049    57.2 from  27 sources of intphas_7601 Ha
r1022716.fit 13.27  4.38 0.043   119.8 from  75 sources of intphas_7601 r
r1022717.fit  9.91  3.27 0.047   115.1 from 100 sources of intphas_7601 i
r1022718.fit 12.83  4.23 0.029    57.1 from  32 sources of intphas_7601o Ha
r1022719.fit  9.59  3.16 0.048   112.3 from 129 sources of intphas_7601o r
r1022720.fit  7.30  2.41 0.042   108.6 from 152 sources of intphas_7601o i
r1022721.fit  7.59  2.50 0.034    54.4 from  74 sources of intphas_7607 Ha
r1022722.fit  8.49  2.80 0.048   114.2 from 139 sources of intphas_7607 r
r1022723.fit 11.68  3.85 0.064   117.0 from  66 sources of intphas_7607 i
r1022724.fit  6.78  2.24 0.043    50.7 from  79 sources of intphas_7607o Ha
r1022725.fit 10.03  3.31 0.046   112.9 from 123 sources of intphas_7607o r
r1022726.fit  9.13  3.01 0.037   115.9 from 111 sources of intphas_7607o i
r1022727.fit  9.45  3.12 0.069    57.8 from  78 sources of intphas_0498 Ha
r1022728.fit  8.43  2.78 0.055   123.5 from 213 sources of intphas_0498 r
r1022729.fit  7.86  2.59 0.049   120.6 from 181 sources of intphas_0498 i
r1022730.fit  8.76  2.89 0.057    55.5 from  84 sources of intphas_0498o Ha
r1022731.fit 11.36  3.75 0.074   123.9 from 135 sources of intphas_0498o r
r1022732.fit  9.15  3.02 0.058   112.5 from 142 sources of intphas_0498o i
r1022733.fit  8.73  2.88 0.053    54.4 from  64 sources of intphas_0499 Ha
r1022734.fit  8.70  2.87 0.054   118.1 from 163 sources of intphas_0499 r
r1022735.fit 11.20  3.70 0.093   111.3 from  83 sources of intphas_0499 i
r1022736.fit  9.47  3.13 0.056    57.3 from  57 sources of intphas_0499o Ha
r1022737.fit  6.56  2.16 0.079   125.0 from 259 sources of intphas_0499o r
r1022738.fit  7.64  2.52 0.048   111.8 from 144 sources of intphas_0499o i
r1022739.fit  9.15  3.02 0.062    57.8 from  38 sources of intphas_7610 Ha
r1022740.fit  6.92  2.28 0.033   118.8 from 155 sources of intphas_7610 r
r1022741.fit  6.97  2.30 0.077   113.3 from 153 sources of intphas_7610 i
r1022742.fit  7.67  2.53 0.039    56.0 from  41 sources of intphas_7610o Ha
r1022743.fit  7.58  2.50 0.045   122.6 from 126 sources of intphas_7610o r
r1022744.fit  7.86  2.59 0.037   112.3 from 101 sources of intphas_7610o i
r1022745.fit  9.89  3.26 0.035    57.1 from  44 sources of intphas_7616 Ha
r1022746.fit  8.50  2.81 0.043   126.7 from 116 sources of intphas_7616 r
r1022747.fit  8.61  2.84 0.051   112.0 from  98 sources of intphas_7616 i
r1022748.fit  8.34  2.75 0.039    54.3 from  51 sources of intphas_7616o Ha
r1022749.fit 11.34  3.74 0.055   120.7 from  83 sources of intphas_7616o r
r1022750.fit  8.31  2.74 0.038   108.6 from 102 sources of intphas_7616o i
r1022751.fit  9.24  3.05 0.044    64.3 from  28 sources of intphas_7615 Ha
r1022752.fit  8.93  2.95 0.049   133.0 from  65 sources of intphas_7615 r
r1022753.fit  9.45  3.12 0.061   113.8 from  62 sources of intphas_7615 i
r1022754.fit 11.23  3.71 0.020    63.3 from  17 sources of intphas_7615o Ha
r1022755.fit  8.45  2.79 0.034   127.2 from  75 sources of intphas_7615o r
r1022756.fit  8.51  2.81 0.075   120.5 from  69 sources of intphas_7615o i
r1022757.fit  8.92  2.94 0.063    20.1 from  14 sources of SA92-502 Ha
r1022758.fit  7.19  2.37 0.029    22.2 from   8 sources of SA92-502 r
r1022759.fit  5.81  1.92 0.041    26.4 from   8 sources of SA92-502 i
r1022760.fit  6.46  2.13 0.027    56.7 from 110 sources of intphas_0500 Ha
r1022761.fit  6.92  2.28 0.046   126.3 from 306 sources of intphas_0500 r
r1022762.fit  6.95  2.29 0.040   118.5 from 203 sources of intphas_0500 i
r1022763.fit  7.13  2.35 0.031    53.3 from  93 sources of intphas_0500o Ha
r1022764.fit  6.94  2.29 0.054   126.5 from 308 sources of intphas_0500o r
r1022765.fit  6.34  2.09 0.058   111.6 from 249 sources of intphas_0500o i
r1022766.fit  7.11  2.35 0.039    57.2 from 105 sources of intphas_0501 Ha
r1022767.fit  7.35  2.43 0.044   140.0 from 258 sources of intphas_0501 r
r1022768.fit  6.15  2.03 0.062   119.4 from 264 sources of intphas_0501 i
r1022769.fit  6.94  2.29 0.040    51.9 from 103 sources of intphas_0501o Ha
r1022770.fit  7.63  2.52 0.043   142.3 from 241 sources of intphas_0501o r
r1022771.fit  8.59  2.83 0.057   121.7 from 149 sources of intphas_0501o i
r1022772.fit  7.10  2.34 0.048    60.1 from  72 sources of intphas_0502 Ha
r1022773.fit  8.21  2.71 0.048   139.5 from 154 sources of intphas_0502 r
r1022774.fit  7.21  2.38 0.058   117.0 from 178 sources of intphas_0502 i
r1022775.fit  7.08  2.34 0.030    59.5 from  71 sources of intphas_0502o Ha
r1022776.fit  8.64  2.85 0.062   133.2 from 145 sources of intphas_0502o r
r1022777.fit  6.65  2.19 0.056   113.8 from 199 sources of intphas_0502o i
r1022778.fit  5.65  1.86 0.044    53.6 from 161 sources of intphas_0503 Ha
r1022779.fit  7.56  2.49 0.052   135.1 from 286 sources of intphas_0503 r
r1022780.fit  6.61  2.18 0.081   119.6 from 248 sources of intphas_0503 i
r1022781.fit  6.82  2.25 0.051    60.6 from 110 sources of intphas_0503o Ha
r1022782.fit  6.50  2.15 0.047   144.8 from 339 sources of intphas_0503o r
r1022783.fit  6.85  2.26 0.043   120.1 from 219 sources of intphas_0503o i
r1022784.fit  7.48  2.47 0.049    51.6 from  97 sources of intphas_0505 Ha
r1022785.fit  5.87  1.94 0.056   140.8 from 375 sources of intphas_0505 r
r1022786.fit  6.02  1.99 0.047   115.7 from 264 sources of intphas_0505 i
r1022787.fit  6.98  2.30 0.037    59.2 from 103 sources of intphas_0505o Ha
r1022788.fit  5.37  1.77 0.039   121.3 from 429 sources of intphas_0505o r
r1022789.fit  4.92  1.62 0.042   106.6 from 366 sources of intphas_0505o i
r1022790.fit  5.00  1.65 0.041    58.8 from 192 sources of intphas_0506 Ha
r1022791.fit  5.55  1.83 0.046   123.5 from 404 sources of intphas_0506 r
r1022792.fit  4.99  1.65 0.045   114.7 from 379 sources of intphas_0506 i
r1022793.fit  5.73  1.89 0.045    61.5 from 140 sources of intphas_0506o Ha
r1022794.fit  5.81  1.92 0.036   138.9 from 348 sources of intphas_0506o r
r1022795.fit  5.32  1.76 0.041   118.7 from 351 sources of intphas_0506o i
r1022796.fit  5.79  1.91 0.036    62.8 from 100 sources of intphas_0507 Ha
r1022797.fit  5.97  1.97 0.037   131.2 from 257 sources of intphas_0507 r
r1022798.fit  5.40  1.78 0.042   112.8 from 258 sources of intphas_0507 i
r1022799.fit  5.77  1.90 0.030    59.6 from 108 sources of intphas_0507o Ha
r1022800.fit  6.13  2.02 0.042   132.8 from 242 sources of intphas_0507o r
r1022801.fit  4.70  1.55 0.046   112.9 from 323 sources of intphas_0507o i
r1022802.fit  5.63  1.86 0.067    60.4 from 109 sources of intphas_0961 Ha
r1022803.fit  5.13  1.69 0.032   132.7 from 360 sources of intphas_0961 r
r1022804.fit  5.38  1.78 0.047   118.8 from 259 sources of intphas_0961 i
r1022805.fit  4.68  1.54 0.043    58.9 from 153 sources of intphas_0961o Ha
r1022806.fit  4.39  1.45 0.050   134.4 from 461 sources of intphas_0961o r
r1022807.fit  4.45  1.47 0.039   117.2 from 367 sources of intphas_0961o i
r1022808.fit  4.78  1.58 0.042    69.7 from 201 sources of intphas_0962 Ha
r1022809.fit  4.92  1.62 0.043   133.3 from 510 sources of intphas_0962 r
r1022810.fit  4.91  1.62 0.057   114.7 from 416 sources of intphas_0962 i
r1022811.fit  5.08  1.68 0.052    71.1 from 194 sources of intphas_0962o Ha
r1022812.fit  5.29  1.75 0.057   145.8 from 488 sources of intphas_0962o r
r1022813.fit  5.06  1.67 0.071   117.2 from 411 sources of intphas_0962o i
r1022814.fit  4.76  1.57 0.031    60.0 from 132 sources of intphas_0963 Ha
r1022815.fit  5.03  1.66 0.036   135.3 from 285 sources of intphas_0963 r
r1022816.fit  5.05  1.67 0.044   121.5 from 239 sources of intphas_0963 i
r1022817.fit  5.53  1.82 0.034    54.1 from 107 sources of intphas_0963o Ha
r1022818.fit  5.47  1.81 0.030   131.0 from 271 sources of intphas_0963o r
r1022819.fit  5.04  1.66 0.042   108.9 from 263 sources of intphas_0963o i
r1022820.fit  5.75  1.90 0.040    60.4 from 101 sources of intphas_0964 Ha
r1022821.fit  5.64  1.86 0.036   128.8 from 242 sources of intphas_0964 r
r1022822.fit  4.89  1.61 0.049    83.7 from 249 sources of intphas_0964 i
r1022823.fit  5.05  1.67 0.063    59.0 from 125 sources of intphas_0964o Ha
r1022824.fit  5.48  1.81 0.046   126.4 from 250 sources of intphas_0964o r
r1022825.fit  5.25  1.73 0.076   113.7 from 226 sources of intphas_0964o i
r1022826.fit  5.45  1.80 0.039    64.2 from 125 sources of intphas_0977 Ha
r1022827.fit  5.04  1.66 0.047   120.0 from 366 sources of intphas_0977 r
r1022828.fit  4.40  1.45 0.053    99.7 from 355 sources of intphas_0977 i
r1022829.fit  4.79  1.58 0.053    65.7 from 155 sources of intphas_0977o Ha
r1022830.fit  5.32  1.76 0.036   136.3 from 355 sources of intphas_0977o r
r1022831.fit  4.57  1.51 0.049   112.9 from 358 sources of intphas_0977o i
r1022832.fit  4.75  1.57 0.065    23.1 from  30 sources of SA95-271 r
r1022833.fit  5.96  1.97 0.097    31.1 from  17 sources of SA95-271 U
r1022834.fit  5.04  1.66 0.041    19.8 from  29 sources of SA95-271 g
r1022835.fit  4.88  1.61 0.061    97.1 from 240 sources of uvex_1807 r
r1022836.fit  6.16  2.03 0.066    31.9 from  16 sources of uvex_1807 U
r1022837.fit  5.62  1.85 0.055    44.6 from  93 sources of uvex_1807 g
r1022838.fit  6.64  2.19 0.054    96.9 from 134 sources of uvex_1807o r
r1022839.fit  6.75  2.23 0.048    26.9 from  23 sources of uvex_1807o U
r1022840.fit  5.93  1.96 0.046    45.6 from  81 sources of uvex_1807o g
r1022841.fit  5.39  1.78 0.030    91.9 from 204 sources of uvex_1809 r
r1022842.fit  5.88  1.94 0.065    31.5 from  25 sources of uvex_1809 U
r1022843.fit  5.56  1.83 0.049    44.5 from 111 sources of uvex_1809 g
r1022844.fit  4.98  1.64 0.039    90.9 from 222 sources of uvex_1809o r
r1022845.fit  5.99  1.98 0.062    30.3 from  25 sources of uvex_1809o U
r1022846.fit  4.70  1.55 0.054    45.5 from 152 sources of uvex_1809o g
r1022847.fit  4.41  1.46 0.068    66.3 from 291 sources of uvex_1810 r
r1022848.fit  5.05  1.67 0.055    31.2 from  27 sources of uvex_1810 U
r1022849.fit  4.94  1.63 0.050    42.6 from 128 sources of uvex_1810 g
r1022850.fit  5.55  1.83 0.081    85.3 from 232 sources of uvex_1810o r
r1022851.fit  6.05  2.00 0.053    30.5 from  23 sources of uvex_1810o U
r1022852.fit  5.29  1.75 0.075    42.0 from 116 sources of uvex_1810o g
r1022853.fit  4.73  1.56 0.046    79.6 from 345 sources of uvex_1811 r
r1022854.fit  5.40  1.78 0.040    31.5 from  42 sources of uvex_1811 U
r1022855.fit  4.39  1.45 0.068    45.0 from 235 sources of uvex_1811 g
r1022856.fit  4.25  1.40 0.092    87.9 from 399 sources of uvex_1811o r
r1022857.fit  5.27  1.74 0.053    30.8 from  42 sources of uvex_1811o U
r1022858.fit  4.90  1.62 0.062    43.4 from 220 sources of uvex_1811o g
r1022859.fit  4.03  1.33 0.057    91.9 from 466 sources of uvex_1812 r
r1022860.fit  5.47  1.81 0.077    34.7 from  30 sources of uvex_1812 U
r1022861.fit  4.32  1.43 0.073    48.3 from 259 sources of uvex_1812 g
r1022862.fit  4.49  1.48 0.078    93.4 from 460 sources of uvex_1812o r
r1022863.fit  5.38  1.78 0.068    28.2 from  45 sources of uvex_1812o U
r1022864.fit  4.49  1.48 0.056    47.5 from 295 sources of uvex_1812o g
r1022865.fit  4.51  1.49 0.070    87.4 from 266 sources of uvex_1813 r
r1022866.fit  4.97  1.64 0.063    29.1 from  29 sources of uvex_1813 U
r1022867.fit  4.63  1.53 0.059    42.7 from 144 sources of uvex_1813 g
r1022868.fit  4.17  1.38 0.060    70.5 from 331 sources of uvex_1813o r
r1022869.fit  5.35  1.77 0.050    32.0 from  27 sources of uvex_1813o U
r1022870.fit  4.91  1.62 0.097    37.9 from 136 sources of uvex_1813o g
r1022871.fit  4.35  1.44 0.123    68.2 from 597 sources of uvex_1815 r
r1022872.fit  5.02  1.66 0.058    30.9 from  70 sources of uvex_1815 U
r1022873.fit  4.09  1.35 0.067    39.6 from 410 sources of uvex_1815 g
r1022874.fit  4.27  1.41 0.084    92.5 from 570 sources of uvex_1815o r
r1022875.fit  5.13  1.69 0.093    29.2 from  68 sources of uvex_1815o U
r1022876.fit  4.43  1.46 0.071    43.3 from 353 sources of uvex_1815o g
r1022877.fit  3.86  1.27 0.064    83.0 from 578 sources of uvex_1985 r
r1022878.fit  5.29  1.75 0.078    29.0 from  57 sources of uvex_1985 U
r1022879.fit  4.52  1.49 0.088    32.0 from 296 sources of uvex_1985 g
r1022880.fit  4.47  1.48 0.120    86.9 from 523 sources of uvex_1985o r
r1022881.fit  5.00  1.65 0.070    21.3 from  72 sources of uvex_1985o U
r1022882.fit  4.19  1.38 0.050    41.6 from 339 sources of uvex_1985o g
r1022883.fit  4.14  1.37 0.071    88.8 from 771 sources of uvex_1986 r
r1022884.fit  5.06  1.67 0.058    28.4 from  86 sources of uvex_1986 U
r1022885.fit  4.37  1.44 0.070    37.3 from 488 sources of uvex_1986 g
r1022886.fit  4.27  1.41 0.063    81.9 from 718 sources of uvex_1986o r
r1022887.fit  5.32  1.76 0.048    25.7 from  72 sources of uvex_1986o U
r1022888.fit  4.54  1.50 0.119    43.4 from 454 sources of uvex_1986o g
r1022889.fit  3.85  1.27 0.049    10.6 from  67 sources of G191B2b r
r1022890.fit  4.67  1.54 0.048     5.3 from   4 sources of G191B2b U
r1022891.fit  3.86  1.27 0.069     5.1 from  44 sources of G191B2b g
r1022892.fit  4.11  1.36 0.126    92.7 from 430 sources of uvex_2500 r
r1022893.fit  4.75  1.57 0.093    30.6 from  63 sources of uvex_2500 U
r1022894.fit  4.03  1.33 0.088    46.2 from 263 sources of uvex_2500 g
r1022895.fit  3.96  1.31 0.078    91.9 from 419 sources of uvex_2500o r
r1022896.fit  4.83  1.59 0.092    31.8 from  60 sources of uvex_2500o U
r1022897.fit  4.21  1.39 0.119    47.0 from 237 sources of uvex_2500o g
r1022898.fit  3.90  1.29 0.090     9.8 from 431 sources of uvex_2502 r
r1022899.fit  4.81  1.59 0.070    27.3 from  54 sources of uvex_2502 U
r1022900.fit  4.06  1.34 0.070    10.6 from 254 sources of uvex_2502 g
r1022901.fit  3.59  1.18 0.082    95.1 from 487 sources of uvex_2502o r
r1022902.fit  4.67  1.54 0.079    33.4 from  54 sources of uvex_2502o U
r1022903.fit  3.99  1.32 0.107    47.1 from 271 sources of uvex_2502o g
r1022904.fit  3.69  1.22 0.091    78.1 from 578 sources of uvex_2504 r
r1022905.fit  4.55  1.50 0.069    30.7 from  80 sources of uvex_2504 U
r1022906.fit  3.80  1.25 0.072    50.8 from 380 sources of uvex_2504 g
r1022907.fit  3.41  1.13 0.073    80.0 from 667 sources of uvex_2504o r
r1022908.fit  4.63  1.53 0.076    33.4 from  66 sources of uvex_2504o U
r1022909.fit  3.98  1.31 0.074    46.3 from 356 sources of uvex_2504o g
r1022910.fit  4.04  1.33 0.093    99.8 from 626 sources of uvex_2506 r
r1022911.fit  4.91  1.62 0.085    36.1 from  71 sources of uvex_2506 U
r1022912.fit  3.87  1.28 0.070    52.6 from 470 sources of uvex_2506 g
r1022913.fit  3.85  1.27 0.074    59.6 from 655 sources of uvex_2506o r
r1022914.fit  4.93  1.63 0.078    34.1 from  75 sources of uvex_2506o U
r1022915.fit  3.98  1.31 0.083    34.4 from 438 sources of uvex_2506o g
r1022916.fit  3.78  1.25 0.119   101.6 from 719 sources of uvex_2509 r
r1022917.fit  4.50  1.49 0.081    29.5 from 107 sources of uvex_2509 U
r1022918.fit  3.81  1.26 0.104    52.6 from 515 sources of uvex_2509 g
r1022919.fit  3.56  1.17 0.087    74.5 from 772 sources of uvex_2509o r
r1022920.fit  4.67  1.54 0.082    36.5 from  86 sources of uvex_2509o U
r1022921.fit  4.03  1.33 0.109    51.4 from 469 sources of uvex_2509o g
r1022922.fit  4.03  1.33 0.130    76.1 from 638 sources of uvex_2511 r
r1022923.fit  4.78  1.58 0.064    32.7 from  82 sources of uvex_2511 U
r1022924.fit  3.89  1.28 0.070    47.8 from 470 sources of uvex_2511 g
r1022925.fit  3.60  1.19 0.063    92.3 from 744 sources of uvex_2511o r
r1022926.fit  4.89  1.61 0.075    37.3 from  86 sources of uvex_2511o U
r1022927.fit  3.95  1.30 0.077    51.8 from 493 sources of uvex_2511o g
r1022928.fit  3.69  1.22 0.055   101.0 from 465 sources of uvex_2512 r
r1022929.fit  4.35  1.44 0.062    37.6 from  70 sources of uvex_2512 U
r1022930.fit  3.71  1.22 0.059    52.6 from 291 sources of uvex_2512 g
r1022931.fit  3.53  1.16 0.078   102.6 from 478 sources of uvex_2512o r
r1022932.fit  4.50  1.49 0.077    29.2 from  76 sources of uvex_2512o U
r1022933.fit  3.57  1.18 0.070    53.6 from 295 sources of uvex_2512o g
r1022934.fit  4.15  1.37 0.043   101.0 from 495 sources of uvex_2514 r
r1022935.fit  4.60  1.52 0.044    37.2 from  75 sources of uvex_2514 U
r1022936.fit  4.00  1.32 0.050    55.3 from 352 sources of uvex_2514 g
r1022937.fit  3.80  1.25 0.085    98.0 from 611 sources of uvex_2514o r
r1022938.fit  4.86  1.60 0.073    32.7 from  81 sources of uvex_2514o U
r1022939.fit  3.68  1.21 0.074    54.7 from 444 sources of uvex_2514o g
r1022940.fit  3.68  1.21 0.062   109.1 from 690 sources of uvex_2517 r
r1022941.fit  4.44  1.47 0.090    33.9 from  72 sources of uvex_2517 U
r1022942.fit  3.89  1.28 0.070    51.8 from 407 sources of uvex_2517 g
r1022943.fit  3.66  1.21 0.088   106.0 from 675 sources of uvex_2517o r
r1022944.fit  4.40  1.45 0.066    36.3 from  66 sources of uvex_2517o U
r1022945.fit  3.61  1.19 0.080    59.2 from 468 sources of uvex_2517o g
r1022946.fit  4.18  1.38 0.127   105.1 from 593 sources of uvex_2519 r
r1022947.fit  4.67  1.54 0.055    36.3 from  76 sources of uvex_2519 U
r1022948.fit  3.90  1.29 0.061    60.8 from 461 sources of uvex_2519 g
r1022949.fit  3.66  1.21 0.096    64.6 from 739 sources of uvex_2519o r
r1022950.fit  4.94  1.63 0.044    39.2 from  68 sources of uvex_2519o U
r1022951.fit  3.59  1.18 0.069    45.0 from 563 sources of uvex_2519o g
r1022952.fit  3.55  1.17 0.078    36.7 from 838 sources of uvex_2520 r
r1022953.fit  4.93  1.63 0.081    71.8 from 101 sources of uvex_2520 U
r1022954.fit  3.75  1.24 0.061    34.1 from 554 sources of uvex_2520 g
r1022955.fit  4.81  1.59 0.089   131.5 from 593 sources of uvex_2520o r
r1022956.fit  4.57  1.51 0.063    72.4 from 118 sources of uvex_2520o U
r1022957.fit  3.67  1.21 0.058    94.4 from 612 sources of uvex_2520o g
r1022958.fit  3.55  1.17 0.052    25.6 from 289 sources of SA98-650 r
r1022959.fit  4.56  1.50 0.099    23.8 from  96 sources of SA98-650 U
r1022960.fit  3.36  1.11 0.055    17.3 from 243 sources of SA98-650 g
r1022961.fit  3.80  1.25 0.096   109.5 from 746 sources of uvex_3423 r
r1022962.fit  4.62  1.52 0.093    39.4 from  96 sources of uvex_3423 U
r1022963.fit  4.20  1.39 0.067    63.4 from 453 sources of uvex_3423 g
r1022964.fit  4.60  1.52 0.147    98.6 from 612 sources of uvex_3423o r
r1022965.fit  5.79  1.91 0.086    40.0 from  72 sources of uvex_3423o U
r1022966.fit  4.76  1.57 0.085    66.1 from 376 sources of uvex_3423o g
r1022967.fit  4.50  1.49 0.086   101.6 from 538 sources of uvex_3426 r
r1022968.fit  6.90  2.28 0.161    47.7 from  45 sources of uvex_3426 U
r1022969.fit  4.05  1.34 0.060    60.0 from 432 sources of uvex_3426 g
r1022970.fit  3.88  1.28 0.079   123.4 from 623 sources of uvex_3426o r
r1022971.fit  4.91  1.62 0.076    40.1 from  71 sources of uvex_3426o U
r1022972.fit  4.19  1.38 0.102    72.6 from 398 sources of uvex_3426o g
r1022973.fit  3.77  1.24 0.130   113.8 from 753 sources of uvex_3427 r
r1022974.fit  4.52  1.49 0.090    42.3 from 100 sources of uvex_3427 U
r1022975.fit  4.27  1.41 0.042    66.2 from 466 sources of uvex_3427 g
r1022976.fit  3.88  1.28 0.050   124.2 from 683 sources of uvex_3427o r
r1022977.fit  4.89  1.61 0.070    33.9 from  83 sources of uvex_3427o U
r1022978.fit  3.66  1.21 0.073    69.2 from 559 sources of uvex_3427o g
r1022979.fit  3.71  1.22 0.103   148.6 from 443 sources of uvex_3428 r
r1022980.fit  4.83  1.59 0.069    35.0 from  66 sources of uvex_3428 U
r1022981.fit  3.65  1.20 0.054    75.9 from 296 sources of uvex_3428 g
r1022982.fit  3.54  1.17 0.074   127.5 from 451 sources of uvex_3428o r
r1022983.fit  4.57  1.51 0.082    47.4 from  69 sources of uvex_3428o U
r1022984.fit  3.74  1.23 0.087    73.5 from 292 sources of uvex_3428o g
r1022985.fit  3.28  1.08 0.053    90.2 from 923 sources of uvex_3435 r
r1022986.fit  4.32  1.43 0.078    38.1 from 104 sources of uvex_3435 U
r1022987.fit  3.29  1.09 0.068    54.4 from 664 sources of uvex_3435 g
r1022988.fit  3.40  1.12 0.067   116.1 from 879 sources of uvex_3435o r
r1022989.fit  4.80  1.58 0.088    33.7 from  93 sources of uvex_3435o U
r1022990.fit  3.68  1.21 0.067    55.5 from 579 sources of uvex_3435o g
r1022991.fit  3.54  1.17 0.066   116.9 from 843 sources of uvex_3440 r
r1022992.fit  4.36  1.44 0.059    34.5 from 132 sources of uvex_3440 U
r1022993.fit  3.80  1.25 0.074    58.9 from 569 sources of uvex_3440 g
r1022994.fit  4.29  1.42 0.151    55.2 from 719 sources of uvex_3440o r
r1022995.fit  4.33  1.43 0.061    36.5 from 145 sources of uvex_3440o U
r1022996.fit  3.51  1.16 0.048    67.7 from 584 sources of uvex_3440o g
r1022997.fit  3.29  1.09 0.065   141.5 from 728 sources of uvex_3441 r
r1022998.fit  4.45  1.47 0.066    76.0 from  74 sources of uvex_3441 U
r1022999.fit  3.40  1.12 0.051   102.5 from 511 sources of uvex_3441 g
r1023000.fit  3.44  1.14 0.043   153.3 from 734 sources of uvex_3441o r
r1023001.fit  4.62  1.52 0.072    78.2 from  77 sources of uvex_3441o U
r1023002.fit  4.53  1.49 0.045    97.7 from 390 sources of uvex_3441o g
r1023003.fit  3.96  1.31 0.055    60.3 from 604 sources of uvex_3442 r
r1023004.fit  4.31  1.42 0.035    77.9 from 126 sources of uvex_3442 U
r1023005.fit  3.50  1.16 0.062    52.2 from 539 sources of uvex_3442 g
r1023006.fit  3.44  1.14 0.075   146.7 from 698 sources of uvex_3442o r
r1023007.fit  4.71  1.55 0.087    79.8 from 111 sources of uvex_3442o U
r1023008.fit  4.21  1.39 0.073   102.4 from 435 sources of uvex_3442o g
r1023009.fit  4.47  1.48 0.128   140.3 from 604 sources of uvex_3602 r
r1023010.fit  4.26  1.41 0.056    72.4 from 114 sources of uvex_3602 U
r1023011.fit  3.63  1.20 0.047    94.8 from 555 sources of uvex_3602 g
r1023012.fit  3.79  1.25 0.042   115.6 from 728 sources of uvex_3602o r
r1023013.fit  4.68  1.54 0.044    74.7 from  86 sources of uvex_3602o U
r1023014.fit  3.84  1.27 0.037    94.5 from 506 sources of uvex_3602o g
r1023015.fit  5.47  1.81 0.202    76.7 from 137 sources of intphas_3650 Ha
r1023016.fit  3.27  1.08 0.057   158.5 from 381 sources of intphas_3650 r
r1023017.fit  2.81  0.93 0.056   129.6 from 435 sources of intphas_3650 i
r1023018.fit  3.94  1.30 0.087    71.2 from 168 sources of intphas_3650o Ha
r1023019.fit  3.50  1.16 0.054   125.2 from 386 sources of intphas_3650o r
r1023020.fit  3.61  1.19 0.069   123.8 from 359 sources of intphas_3650o i
r1023021.fit  3.54  1.17 0.058    80.0 from 271 sources of intphas_3655 Ha
r1023022.fit  3.28  1.08 0.057   166.9 from 692 sources of intphas_3655 r
r1023023.fit  3.40  1.12 0.059   130.4 from 577 sources of intphas_3655 i
r1023024.fit  3.85  1.27 0.062    82.3 from 266 sources of intphas_3655o Ha
r1023025.fit  3.79  1.25 0.071   155.5 from 653 sources of intphas_3655o r
r1023026.fit  3.10  1.02 0.064   109.9 from 690 sources of intphas_3655o i
r1023027.fit  3.55  1.17 0.066    74.9 from 295 sources of intphas_3637 Ha
r1023028.fit  3.50  1.16 0.060   158.6 from 837 sources of intphas_3637 r
r1023029.fit  3.55  1.17 0.101   113.1 from 644 sources of intphas_3637 i
r1023030.fit  3.47  1.15 0.066    77.3 from 329 sources of intphas_3637o Ha
r1023031.fit  3.39  1.12 0.058   159.5 from 863 sources of intphas_3637o r
r1023032.fit  3.08  1.02 0.051   132.1 from 729 sources of intphas_3637o i
r1023033.fit  3.47  1.15 0.069    78.0 from 317 sources of intphas_3638 Ha
r1023034.fit  3.28  1.08 0.052   166.5 from 827 sources of intphas_3638 r
r1023035.fit  2.85  0.94 0.044   117.6 from 803 sources of intphas_3638 i
r1023036.fit  3.60  1.19 0.080    70.3 from 298 sources of intphas_3638o Ha
r1023037.fit  3.10  1.02 0.051   160.5 from 872 sources of intphas_3638o r
r1023038.fit  2.98  0.98 0.051   138.3 from 735 sources of intphas_3638o i
r1023039.fit  3.20  1.06 0.042    84.0 from 128 sources of intphas_3639 Ha
r1023040.fit  3.05  1.01 0.051   212.2 from 299 sources of intphas_3639 r
r1023041.fit  2.70  0.89 0.033   162.2 from 333 sources of intphas_3639 i
r1023042.fit  3.58  1.18 0.102    99.9 from 127 sources of intphas_3639o Ha
r1023043.fit  3.65  1.20 0.085   279.1 from 243 sources of intphas_3639o r
r1023044.fit  3.30  1.09 0.085   233.5 from 271 sources of intphas_3639o i
r1023045.fit  4.12  1.36 0.056   130.8 from 164 sources of intphas_3649 Ha
r1023046.fit  3.55  1.17 0.045   525.1 from 422 sources of intphas_3649 r
r1023047.fit  3.41  1.13 0.061   466.5 from 402 sources of intphas_3649 i
