r1004387.fit is not a target (BIAS)
r1004388.fit is not a target (BIAS)
r1004389.fit is not a target (BIAS)
r1004390.fit is not a target (BIAS)
r1004391.fit is not a target (BIAS)
r1004392.fit is not a target (SKY)
r1004393.fit is not a target (SKY)
r1004394.fit is not a target (SKY)
r1004395.fit is not a target (SKY)
r1004396.fit is not a target (SKY)
r1004397.fit is not a target (SKY)
r1004398.fit is not a target (SKY)
r1004399.fit is not a target (SKY)
r1004400.fit is not a target (SKY)
r1004401.fit is not a target (SKY)
r1004402.fit is not a target (SKY)
r1004403.fit is not a target (SKY)
r1004404.fit is not a target (SKY)
r1004405.fit is not a target (SKY)
r1004406.fit is not a target (SKY)
r1004407.fit is not a target (SKY)
r1004408.fit is not a target (SKY)
r1004409.fit is not a target (SKY)
r1004410.fit is not a target (SKY)
r1004411.fit is not a target (SKY)
r1004412.fit is not a target (SKY)
r1004413.fit is not a target (SKY)
r1004414.fit is not a target (SKY)
r1004415.fit is not a target (SKY)
r1004416.fit  3.92  1.29 0.196   440.4 from  68 sources of ST_PG1657 Ha
r1004417.fit  3.13  1.03 0.101   820.6 from 182 sources of ST_PG1657 r
r1004418.fit  2.80  0.92 0.098   325.0 from  93 sources of ST_PG1657 i
r1004419.fit is not a target (FOCUS)
r1004420.fit is not a target (FOCUS)
r1004421.fit  4.02  1.33 0.058    84.0 from 137 sources of ST_PG1657 r
r1004422.fit  3.96  1.31 0.050   262.8 from 124 sources of ST_PG1657 r
r1004423.fit  4.73  1.56 0.202    40.5 from  30 sources of SA110-246 Ha
r1004424.fit  3.36  1.11 0.088    37.9 from  22 sources of SA110-246 r
r1004425.fit  3.30  1.09 0.095    38.4 from  55 sources of SA110-246 i
r1004426.fit  4.48  1.48 0.199    40.1 from  57 sources of ST_PG1657 Ha
r1004427.fit  3.54  1.17 0.110    85.0 from 138 sources of ST_PG1657 r
r1004428.fit  3.16  1.04 0.081    47.8 from  84 sources of ST_PG1657 i
r1004429.fit  3.85  1.27 0.109    63.4 from  79 sources of intphas_4351 Ha
r1004430.fit  4.00  1.32 0.077   117.9 from 129 sources of intphas_4351 r
r1004431.fit  3.37  1.11 0.103   111.0 from 205 sources of intphas_4351 i
r1004432.fit  3.93  1.30 0.133    54.5 from  80 sources of intphas_4351o Ha
r1004433.fit  4.43  1.46 0.179   134.8 from 119 sources of intphas_4351o r
r1004434.fit  3.48  1.15 0.108   115.0 from 183 sources of intphas_4351o i
r1004435.fit  4.72  1.56 0.267    62.2 from 390 sources of intphas_4380 Ha
r1004436.fit  3.86  1.27 0.132   118.1 from 1367 sources of intphas_4380 r
r1004437.fit  3.43  1.13 0.142    86.8 from 1818 sources of intphas_4380 i
r1004438.fit  3.43  1.13 0.121    49.2 from 537 sources of intphas_4513 Ha
r1004439.fit  3.72  1.23 0.112   111.0 from 1497 sources of intphas_4513 r
r1004440.fit  3.41  1.13 0.143   101.1 from 1790 sources of intphas_4513 i
r1004441.fit  3.85  1.27 0.145    28.4 from 498 sources of intphas_4513o Ha
r1004442.fit  3.73  1.23 0.144    42.7 from 1502 sources of intphas_4513o r
r1004443.fit  3.20  1.06 0.130    42.3 from 1833 sources of intphas_4513o i
r1004444.fit  6.98  2.30 0.380    63.1 from 341 sources of intphas_4565 Ha
r1004445.fit  3.79  1.25 0.125    51.7 from 1732 sources of intphas_4565 r
r1004446.fit  3.73  1.23 0.133    53.3 from 1959 sources of intphas_4565 i
r1004447.fit  4.06  1.34 0.124    55.0 from 406 sources of intphas_4565o Ha
r1004448.fit  3.94  1.30 0.138   118.1 from 1571 sources of intphas_4565o r
r1004449.fit  3.80  1.25 0.143   108.2 from 1862 sources of intphas_4565o i
r1004450.fit  5.33  1.76 0.176    50.4 from 373 sources of intphas_4596 Ha
r1004451.fit  4.56  1.50 0.126    82.3 from 1448 sources of intphas_4596 r
r1004452.fit  4.58  1.51 0.124    75.9 from 1253 sources of intphas_4596 i
r1004453.fit  4.23  1.40 0.117    45.0 from 508 sources of intphas_4596o Ha
r1004454.fit  4.31  1.42 0.122    48.9 from 1659 sources of intphas_4596o r
r1004455.fit  3.63  1.20 0.128    48.9 from 2083 sources of intphas_4596o i
r1004456.fit  4.07  1.34 0.125    44.4 from 649 sources of intphas_4610 Ha
r1004457.fit  4.10  1.35 0.144    43.3 from 2135 sources of intphas_4610 r
r1004458.fit  3.73  1.23 0.135    79.8 from 2315 sources of intphas_4610 i
r1004459.fit  4.19  1.38 0.131    57.3 from 594 sources of intphas_4610o Ha
r1004460.fit  3.66  1.21 0.136    97.9 from 2416 sources of intphas_4610o r
r1004461.fit  3.47  1.15 0.149    89.9 from 2560 sources of intphas_4610o i
r1004462.fit  3.61  1.19 0.111    24.2 from 485 sources of intphas_4618 Ha
r1004463.fit  3.45  1.14 0.134    92.3 from 1702 sources of intphas_4618 r
r1004464.fit  3.48  1.15 0.158    74.6 from 1888 sources of intphas_4618 i
r1004465.fit  4.02  1.33 0.178    46.0 from 368 sources of intphas_4632 Ha
r1004466.fit  3.82  1.26 0.132    83.0 from 1094 sources of intphas_4632 r
r1004467.fit  3.61  1.19 0.125    93.8 from 1304 sources of intphas_4632 i
r1004468.fit  4.45  1.47 0.140    49.2 from 233 sources of intphas_4632o Ha
r1004469.fit  4.00  1.32 0.109   100.1 from 903 sources of intphas_4632o r
r1004470.fit  4.19  1.38 0.178    96.2 from 1070 sources of intphas_4632o i
r1004471.fit  3.77  1.24 0.139    52.5 from 380 sources of intphas_4633 Ha
r1004472.fit  3.43  1.13 0.132    29.4 from 1433 sources of intphas_4633 r
r1004473.fit  3.47  1.15 0.131    29.7 from 1516 sources of intphas_4633 i
r1004474.fit  3.55  1.17 0.112    53.0 from 338 sources of intphas_4633o Ha
r1004475.fit  3.69  1.22 0.135    67.0 from 1014 sources of intphas_4633o r
r1004476.fit  3.52  1.16 0.121   104.5 from 1337 sources of intphas_4633o i
r1004477.fit  3.62  1.19 0.094    53.0 from 323 sources of intphas_4634 Ha
r1004478.fit  3.74  1.23 0.101   104.0 from 839 sources of intphas_4634 r
r1004479.fit  3.26  1.08 0.119    98.2 from 1432 sources of intphas_4634 i
r1004480.fit  3.54  1.17 0.112    56.3 from 337 sources of intphas_4634o Ha
r1004481.fit  3.47  1.15 0.126   106.5 from 982 sources of intphas_4634o r
r1004482.fit  3.51  1.16 0.147   106.7 from 1278 sources of intphas_4634o i
r1004483.fit  3.68  1.21 0.150    57.6 from 354 sources of intphas_4635 Ha
r1004484.fit  3.60  1.19 0.155    50.4 from 1123 sources of intphas_4635 r
r1004485.fit  3.15  1.04 0.152    51.5 from 1874 sources of intphas_4635 i
r1004486.fit  3.38  1.12 0.120    42.5 from 347 sources of intphas_4635o Ha
r1004487.fit  3.19  1.05 0.110   100.7 from 1072 sources of intphas_4635o r
r1004488.fit  2.99  0.99 0.127    71.6 from 1733 sources of intphas_4635o i
r1004489.fit  3.58  1.18 0.151    59.5 from 809 sources of intphas_4641 Ha
r1004490.fit  3.30  1.09 0.117    54.8 from 2713 sources of intphas_4641 r
r1004491.fit  3.01  0.99 0.134    54.8 from 2983 sources of intphas_4641 i
r1004492.fit  3.47  1.15 0.156    59.4 from 797 sources of intphas_4641o Ha
r1004493.fit  2.93  0.97 0.121   114.9 from 3224 sources of intphas_4641o r
r1004494.fit  2.98  0.98 0.133    96.8 from 2891 sources of intphas_4641o i
r1004495.fit  2.98  0.98 0.110    56.4 from 431 sources of intphas_4644 Ha
r1004496.fit  3.19  1.05 0.136    52.3 from 1179 sources of intphas_4644 r
r1004497.fit  2.74  0.90 0.117    95.6 from 1387 sources of intphas_4644 i
r1004498.fit  3.69  1.22 0.155    54.2 from 313 sources of intphas_4644o Ha
r1004499.fit  3.33  1.10 0.112    32.1 from 875 sources of intphas_4644o r
r1004500.fit  2.94  0.97 0.104   106.5 from 1081 sources of intphas_4644o i
r1004501.fit  3.89  1.28 0.158    54.3 from 230 sources of intphas_4645 Ha
r1004502.fit  3.31  1.09 0.099    99.2 from 703 sources of intphas_4645 r
r1004503.fit  2.89  0.95 0.104    99.4 from 1115 sources of intphas_4645 i
r1004504.fit  3.25  1.07 0.098    56.1 from 251 sources of intphas_4645o Ha
r1004505.fit  3.38  1.12 0.108    97.2 from 670 sources of intphas_4645o r
r1004506.fit  2.86  0.94 0.105   109.4 from 1106 sources of intphas_4645o i
r1004507.fit  3.11  1.03 0.098    55.8 from 439 sources of intphas_4646 Ha
r1004508.fit  3.05  1.01 0.115   115.1 from 1302 sources of intphas_4646 r
r1004509.fit  2.76  0.91 0.110    97.0 from 1645 sources of intphas_4646 i
r1004510.fit  3.32  1.10 0.139    53.9 from 408 sources of intphas_4646o Ha
r1004511.fit  3.45  1.14 0.109    64.3 from 1165 sources of intphas_4646o r
r1004512.fit  3.40  1.12 0.179    93.3 from 1378 sources of intphas_4646o i
r1004513.fit  2.92  0.96 0.080    55.3 from 380 sources of intphas_4647 Ha
r1004514.fit  2.84  0.94 0.104    90.7 from 1233 sources of intphas_4647 r
r1004515.fit  2.57  0.85 0.110    85.1 from 1792 sources of intphas_4647 i
r1004516.fit  3.38  1.12 0.167    60.0 from 363 sources of intphas_4647o Ha
r1004517.fit  3.03  1.00 0.134   113.5 from 1184 sources of intphas_4647o r
r1004518.fit  3.22  1.06 0.193    92.6 from 1398 sources of intphas_4647o i
r1004519.fit  3.12  1.03 0.097    45.4 from 442 sources of intphas_4666 Ha
r1004520.fit  3.56  1.17 0.153    70.6 from 1139 sources of intphas_4666 r
r1004521.fit  2.69  0.89 0.111    65.8 from 2061 sources of intphas_4666 i
r1004522.fit  3.61  1.19 0.153    52.8 from 438 sources of intphas_4666o Ha
r1004523.fit  3.37  1.11 0.143   107.0 from 1426 sources of intphas_4666o r
r1004524.fit  2.97  0.98 0.130   107.8 from 1994 sources of intphas_4666o i
r1004525.fit  3.87  1.28 0.165    59.3 from 206 sources of intphas_4764o Ha
r1004526.fit  2.65  0.87 0.073    62.9 from 776 sources of intphas_4764o r
r1004527.fit  2.66  0.88 0.079    61.7 from 984 sources of intphas_4764o i
r1004528.fit  4.36  1.44 0.262    57.6 from 191 sources of intphas_5012 Ha
r1004529.fit  3.19  1.05 0.117   103.4 from 594 sources of intphas_5012 r
r1004530.fit  2.62  0.86 0.101   107.5 from 953 sources of intphas_5012 i
r1004531.fit  3.21  1.06 0.086    54.7 from 247 sources of intphas_5012o Ha
r1004532.fit  3.03  1.00 0.081   115.8 from 718 sources of intphas_5012o r
r1004533.fit  2.65  0.87 0.079   103.2 from 1013 sources of intphas_5012o i
r1004534.fit  3.62  1.19 0.106    47.3 from 263 sources of intphas_5014 Ha
r1004535.fit  3.61  1.19 0.131    89.7 from 768 sources of intphas_5014 r
r1004536.fit  2.87  0.95 0.110   103.5 from 1399 sources of intphas_5014 i
r1004537.fit  3.23  1.07 0.085    62.0 from 339 sources of intphas_5014o Ha
r1004538.fit  3.60  1.19 0.118   103.7 from 897 sources of intphas_5014o r
r1004539.fit  3.19  1.05 0.111   108.7 from 1283 sources of intphas_5014o i
r1004540.fit  3.60  1.19 0.061    56.8 from 222 sources of intphas_5015 Ha
r1004541.fit  3.71  1.22 0.072    99.0 from 590 sources of intphas_5015 r
r1004542.fit  3.85  1.27 0.086    94.8 from 584 sources of intphas_5015 i
r1004543.fit  4.28  1.41 0.107    56.6 from 198 sources of intphas_5015o Ha
r1004544.fit  3.62  1.19 0.066   101.3 from 632 sources of intphas_5015o r
r1004545.fit  3.34  1.10 0.064   104.5 from 770 sources of intphas_5015o i
r1004546.fit  4.45  1.47 0.159    54.2 from 445 sources of intphas_5018 Ha
r1004547.fit  3.48  1.15 0.110   103.9 from 1914 sources of intphas_5018 r
r1004548.fit  3.12  1.03 0.115   100.4 from 2186 sources of intphas_5018 i
r1004549.fit  3.18  1.05 0.107    43.4 from 780 sources of intphas_5018o Ha
r1004550.fit  3.43  1.13 0.142    71.8 from 2259 sources of intphas_5018o r
r1004551.fit  2.82  0.93 0.132    74.3 from 2710 sources of intphas_5018o i
r1004552.fit  3.07  1.01 0.121    55.7 from 917 sources of intphas_5045 Ha
r1004553.fit  2.87  0.95 0.116    78.0 from 3021 sources of intphas_5045 r
r1004554.fit  2.65  0.87 0.116    76.8 from 2787 sources of intphas_5045 i
r1004555.fit  2.80  0.92 0.109    36.6 from 1038 sources of intphas_5045o Ha
r1004556.fit  2.84  0.94 0.118    95.8 from 3122 sources of intphas_5045o r
r1004557.fit  2.67  0.88 0.114    68.0 from 2784 sources of intphas_5045o i
r1004558.fit  2.85  0.94 0.111    54.0 from 883 sources of intphas_5046 Ha
r1004559.fit  2.96  0.98 0.131    43.9 from 2392 sources of intphas_5046 r
r1004560.fit  2.66  0.88 0.125    89.5 from 2619 sources of intphas_5046 i
r1004561.fit  2.93  0.97 0.111    53.3 from 814 sources of intphas_5046o Ha
r1004562.fit  2.94  0.97 0.106    95.7 from 2244 sources of intphas_5046o r
r1004563.fit  2.47  0.82 0.105    65.4 from 2780 sources of intphas_5046o i
r1004564.fit  3.40  1.12 0.214    49.0 from 176 sources of intphas_5065 Ha
r1004565.fit  3.14  1.04 0.102   116.5 from 455 sources of intphas_5065 r
r1004566.fit  3.29  1.09 0.113   107.2 from 658 sources of intphas_5065 i
r1004567.fit  3.53  1.16 0.098    29.9 from 160 sources of intphas_5065o Ha
r1004568.fit  4.26  1.41 0.066    81.1 from 266 sources of intphas_5065o r
r1004569.fit  4.21  1.39 0.081    92.5 from 387 sources of intphas_5065o i
r1004570.fit  5.12  1.69 0.112    57.7 from 105 sources of intphas_5080o Ha
r1004571.fit  4.90  1.62 0.074   111.3 from 188 sources of intphas_5080o r
r1004572.fit  3.87  1.28 0.092    98.3 from 449 sources of intphas_5080o i
r1004573.fit  3.63  1.20 0.065    53.1 from 140 sources of intphas_5080 Ha
r1004574.fit  3.78  1.25 0.084   101.4 from 343 sources of intphas_5080 r
r1004575.fit  3.36  1.11 0.093   105.5 from 646 sources of intphas_5080 i
r1004576.fit  3.88  1.28 0.136    48.5 from 164 sources of ST_NGC7006 Ha
r1004577.fit  3.77  1.24 0.155    92.3 from 494 sources of ST_NGC7006 r
r1004578.fit  2.86  0.94 0.104    68.4 from 236 sources of ST_NGC7006 i
r1004579.fit  3.54  1.17 0.078    46.1 from  94 sources of ST_NGC7006 He1
r1004580.fit  2.86  0.94 0.058    49.0 from 255 sources of ST_NGC7006 r
r1004581.fit  4.15  1.37 0.083    48.6 from  83 sources of ST_NGC7006 U
r1004582.fit  3.14  1.04 0.079    39.0 from 187 sources of ST_NGC7006 g
r1004583.fit  3.25  1.07 0.112    36.2 from  48 sources of SA113-260 Ha
r1004584.fit  2.73  0.90 0.073    60.5 from 120 sources of SA113-260 r
r1004585.fit  2.59  0.85 0.091    59.8 from  93 sources of SA113-260 i
r1004586.fit  3.25  1.07 0.112    39.6 from  28 sources of SA113-260 He1
r1004587.fit  2.88  0.95 0.069    36.8 from  51 sources of SA113-260 r
r1004588.fit  3.91  1.29 0.088    35.9 from  18 sources of SA113-260 U
r1004589.fit  2.85  0.94 0.049    34.8 from  52 sources of SA113-260 g
r1004590.fit  3.52  1.16 0.145    57.7 from 759 sources of intphas_7050 Ha
r1004591.fit  3.14  1.04 0.102   104.1 from 2158 sources of intphas_7050 r
r1004592.fit  3.00  0.99 0.107    94.2 from 1706 sources of intphas_7050 i
r1004593.fit  3.71  1.22 0.198    54.2 from 647 sources of intphas_7050o Ha
r1004594.fit  3.28  1.08 0.110    93.4 from 2025 sources of intphas_7050o r
r1004595.fit  3.23  1.07 0.118    76.3 from 1557 sources of intphas_7050o i
r1004596.fit  3.76  1.24 0.166    54.3 from 508 sources of intphas_7065 Ha
r1004597.fit  3.11  1.03 0.109    86.3 from 1722 sources of intphas_7065 r
r1004598.fit  3.07  1.01 0.113    88.2 from 1379 sources of intphas_7065 i
r1004599.fit  3.31  1.09 0.113   235.7 from 139 sources of intphas_7081o Ha
r1004600.fit  3.11  1.03 0.089   387.0 from 351 sources of intphas_7081o r
r1004601.fit  2.99  0.99 0.115   276.7 from 394 sources of intphas_7081o i
r1004602.fit  3.29  1.09 0.114   264.0 from 686 sources of intphas_7091 Ha
r1004603.fit  3.28  1.08 0.119   274.9 from 1845 sources of intphas_7091 r
r1004604.fit  2.90  0.96 0.110   259.4 from 1562 sources of intphas_7091 i
r1004605.fit  3.30  1.09 0.092   228.4 from 665 sources of intphas_7091o Ha
r1004606.fit  3.23  1.07 0.093   270.8 from 1791 sources of intphas_7091o r
r1004607.fit  3.08  1.02 0.121   271.6 from 1284 sources of intphas_7091o i
r1004608.fit  3.47  1.15 0.102   229.2 from 197 sources of intphas_6820 Ha
r1004609.fit  3.63  1.20 0.084   263.8 from 480 sources of intphas_6820 r
r1004610.fit  3.56  1.17 0.074   262.0 from 473 sources of intphas_6820 i
r1004611.fit  4.04  1.33 0.069   233.5 from 155 sources of intphas_6820o Ha
r1004612.fit  3.55  1.17 0.061   273.6 from 466 sources of intphas_6820o r
r1004613.fit  3.48  1.15 0.079   269.3 from 495 sources of intphas_6820o i
r1004614.fit  5.03  1.66 0.155   229.8 from  54 sources of intphas_6346 Ha
r1004615.fit  3.51  1.16 0.042   246.2 from 166 sources of intphas_6346 r
r1004616.fit  3.08  1.02 0.059   264.0 from 235 sources of intphas_6346 i
r1004617.fit  3.50  1.16 0.068   229.6 from  68 sources of intphas_6346o Ha
r1004618.fit  3.40  1.12 0.056   272.8 from 133 sources of intphas_6346o r
r1004619.fit  3.40  1.12 0.053   276.3 from 168 sources of intphas_6346o i
r1004620.fit  4.25  1.40 0.119   229.5 from  92 sources of intphas_6367 Ha
r1004621.fit  2.80  0.92 0.065   266.1 from 365 sources of intphas_6367 r
r1004622.fit  2.69  0.89 0.078   266.0 from 443 sources of intphas_6367 i
r1004623.fit  2.97  0.98 0.080   227.8 from 120 sources of intphas_6367o Ha
r1004624.fit  3.03  1.00 0.052   261.3 from 270 sources of intphas_6367o r
r1004625.fit  2.71  0.89 0.072   257.2 from 399 sources of intphas_6367o i
r1004626.fit  3.30  1.09 0.070   224.2 from 110 sources of intphas_6391 Ha
r1004627.fit  3.12  1.03 0.070   270.8 from 215 sources of intphas_6391 r
r1004628.fit  2.59  0.85 0.066   267.8 from 359 sources of intphas_6391 i
r1004629.fit  2.90  0.96 0.089   228.5 from 156 sources of intphas_6391o Ha
r1004630.fit  2.81  0.93 0.058   266.7 from 309 sources of intphas_6391o r
r1004631.fit  2.58  0.85 0.062   266.5 from 412 sources of intphas_6391o i
r1004632.fit  3.24  1.07 0.103   228.9 from  78 sources of intphas_6397 Ha
r1004633.fit  2.82  0.93 0.060   273.8 from 235 sources of intphas_6397 r
r1004634.fit  2.56  0.84 0.054   264.2 from 354 sources of intphas_6397 i
r1004635.fit  2.88  0.95 0.059   228.4 from  85 sources of intphas_6397o Ha
r1004636.fit  2.90  0.96 0.050   271.5 from 216 sources of intphas_6397o r
r1004637.fit  2.59  0.85 0.051   252.9 from 320 sources of intphas_6397o i
r1004638.fit  3.00  0.99 0.076   228.9 from  88 sources of intphas_6402 Ha
r1004639.fit  2.99  0.99 0.071   275.5 from 138 sources of intphas_6402 r
r1004640.fit  2.82  0.93 0.059   274.4 from 214 sources of intphas_6402 i
r1004641.fit  3.34  1.10 0.083   229.5 from  77 sources of intphas_6402o Ha
r1004642.fit  3.22  1.06 0.087   261.7 from 124 sources of intphas_6402o r
r1004643.fit  3.02  1.00 0.047   256.2 from 181 sources of intphas_6402o i
r1004644.fit  4.23  1.40 0.083   414.0 from 155 sources of uvex_0928 He1
r1004645.fit  4.13  1.36 0.117   473.7 from 563 sources of uvex_0928 r
r1004646.fit  5.67  1.87 0.116   408.4 from  64 sources of uvex_0928 U
r1004647.fit  4.56  1.50 0.105   442.0 from 290 sources of uvex_0928 g
r1004648.fit  4.26  1.41 0.126   420.7 from 173 sources of uvex_0928o He1
r1004649.fit  4.35  1.44 0.100   462.8 from 478 sources of uvex_0928o r
r1004650.fit  5.52  1.82 0.103   421.5 from  73 sources of uvex_0928o U
r1004651.fit  4.40  1.45 0.121   439.6 from 288 sources of uvex_0928o g
r1004652.fit  4.00  1.32 0.090   415.9 from 134 sources of uvex_0929 He1
r1004653.fit  4.25  1.40 0.099   467.3 from 465 sources of uvex_0929 r
r1004654.fit  5.38  1.78 0.115   417.6 from  50 sources of uvex_0929 U
r1004655.fit  4.38  1.45 0.089   433.4 from 281 sources of uvex_0929 g
r1004656.fit  4.56  1.50 0.089   429.9 from 109 sources of uvex_0929o He1
r1004657.fit  4.62  1.52 0.110   475.4 from 422 sources of uvex_0929o r
r1004658.fit  5.56  1.83 0.081   422.5 from  37 sources of uvex_0929o U
r1004659.fit  4.81  1.59 0.077   444.7 from 228 sources of uvex_0929o g
r1004660.fit  4.84  1.60 0.075   424.1 from  60 sources of uvex_1097 He1
r1004661.fit  5.24  1.73 0.091   472.8 from 182 sources of uvex_1097 r
r1004662.fit  6.47  2.14 0.126   414.6 from  24 sources of uvex_1097 U
r1004663.fit  5.22  1.72 0.092   433.7 from 112 sources of uvex_1097 g
r1004664.fit  4.33  1.43 0.076   432.5 from  70 sources of uvex_1097o He1
r1004665.fit  4.33  1.43 0.105   478.7 from 287 sources of uvex_1097o r
r1004666.fit  5.54  1.83 0.103   421.6 from  27 sources of uvex_1097o U
r1004667.fit  4.74  1.56 0.103   448.5 from 135 sources of uvex_1097o g
r1004668.fit  4.05  1.34 0.066   428.3 from  53 sources of uvex_1098 He1
r1004669.fit  4.10  1.35 0.089   478.1 from 190 sources of uvex_1098 r
r1004670.fit  5.33  1.76 0.104   421.5 from  23 sources of uvex_1098 U
r1004671.fit  4.41  1.46 0.067   440.1 from  95 sources of uvex_1098 g
r1004672.fit  4.03  1.33 0.092   434.4 from  47 sources of uvex_1098o He1
r1004673.fit  4.17  1.38 0.089   470.9 from 163 sources of uvex_1098o r
r1004674.fit  4.56  1.50 0.107   422.7 from  17 sources of uvex_1098o U
r1004675.fit  4.26  1.41 0.091   442.7 from  88 sources of uvex_1098o g
r1004676.fit  4.11  1.36 0.072   429.1 from  80 sources of uvex_1104 He1
r1004677.fit  4.19  1.38 0.074   472.1 from 263 sources of uvex_1104 r
r1004678.fit  5.50  1.82 0.066   416.5 from  29 sources of uvex_1104 U
r1004679.fit  4.66  1.54 0.074   438.9 from 131 sources of uvex_1104 g
r1004680.fit  5.41  1.79 0.143   454.4 from  31 sources of HZ4 He1
r1004681.fit  4.51  1.49 0.082   458.6 from  61 sources of HZ4 r
r1004682.fit  5.75  1.90 0.120   435.7 from  22 sources of HZ4 U
r1004683.fit  4.76  1.57 0.111   441.7 from  48 sources of HZ4 g
r1004684.fit  4.27  1.41 0.125   447.5 from  60 sources of HZ4 Ha
r1004685.fit  4.18  1.38 0.097   454.7 from  67 sources of HZ4 r
r1004686.fit  4.09  1.35 0.095   465.5 from  61 sources of HZ4 i
r1004687.fit  4.42  1.46 0.143    31.2 from  29 sources of SA95-271 Ha
r1004688.fit  4.00  1.32 0.084    75.0 from  55 sources of SA95-271 r
r1004689.fit  3.68  1.21 0.076    68.3 from  46 sources of SA95-271 i
r1004690.fit  4.25  1.40 0.105    44.0 from  32 sources of SA95-271 He1
r1004691.fit  3.75  1.24 0.093    43.6 from  35 sources of SA95-271 r
r1004692.fit  5.27  1.74 0.090   125.4 from  18 sources of SA95-271 U
r1004693.fit  4.79  1.58 0.120   138.7 from  28 sources of SA95-271 g
r1004694.fit is not a target (SKY)
r1004695.fit is not a target (SKY)
r1004696.fit is not a target (SKY)
