r1012144.fit is not a target (BIAS)
r1012145.fit is not a target (FLAT)
r1012146.fit is not a target (SKY)
r1012147.fit is not a target (SKY)
r1012148.fit is not a target (SKY)
r1012149.fit is not a target (SKY)
r1012150.fit is not a target (SKY)
r1012151.fit is not a target (SKY)
r1012152.fit is not a target (SKY)
r1012153.fit is not a target (SKY)
r1012154.fit is not a target (SKY)
r1012155.fit is not a target (SKY)
r1012156.fit is not a target (SKY)
r1012157.fit is not a target (SKY)
r1012158.fit is not a target (SKY)
r1012159.fit is not a target (SKY)
r1012160.fit is not a target (SKY)
r1012161.fit is not a target (SKY)
r1012162.fit is not a target (SKY)
r1012163.fit is not a target (SKY)
r1012164.fit is not a target (SKY)
r1012165.fit is not a target (FOCUS)
r1012166.fit  5.13  1.69 0.091    60.6 from  46 sources of SA110-246 i
r1012167.fit  5.02  1.66 0.061    40.0 from  17 sources of SA110-246 g
r1012168.fit  4.88  1.61 0.182    41.1 from  12 sources of SA110-246 U
r1012169.fit  4.44  1.47 0.088    55.2 from  25 sources of SA110-246 r
r1012170.fit  4.98  1.64 0.053    36.7 from  24 sources of SA110-246 Ha
r1012171.fit  4.97  1.64 0.091    98.4 from 140 sources of PTFS1118M
r1012172.fit  4.21  1.39 0.064    78.0 from  49 sources of intphas_4084 Ha
r1012173.fit  4.25  1.40 0.068   154.8 from 126 sources of intphas_4084 r
r1012174.fit  3.78  1.25 0.085   120.6 from 284 sources of intphas_4084 i
r1012175.fit  4.28  1.41 0.100    64.4 from  44 sources of intphas_4084o Ha
r1012176.fit  3.89  1.28 0.076   155.2 from 121 sources of intphas_4084o r
r1012177.fit  4.52  1.49 0.101   113.1 from 182 sources of intphas_4084o i
r1012178.fit  4.23  1.40 0.086    70.1 from  28 sources of intphas_4085 Ha
r1012179.fit  3.85  1.27 0.075   148.4 from  52 sources of intphas_4085 r
r1012180.fit  3.56  1.17 0.078   105.2 from 123 sources of intphas_4085 i
r1012181.fit  4.33  1.43 0.090    67.8 from  27 sources of intphas_4085o Ha
r1012182.fit  4.42  1.46 0.060   152.8 from  38 sources of intphas_4085o r
r1012183.fit  4.15  1.37 0.103   128.2 from  80 sources of intphas_4085o i
r1012184.fit  4.25  1.40 0.125    67.4 from 544 sources of intphas_4231 Ha
r1012185.fit  4.02  1.33 0.139   129.5 from 1793 sources of intphas_4231 r
r1012186.fit  3.36  1.11 0.144   102.6 from 1905 sources of intphas_4231 i
r1012187.fit  3.89  1.28 0.096    61.3 from 672 sources of intphas_4231o Ha
r1012188.fit  4.00  1.32 0.113   132.4 from 1903 sources of intphas_4231o r
r1012189.fit  3.74  1.23 0.114   114.0 from 1657 sources of intphas_4231o i
r1012190.fit  4.80  1.58 0.203    39.3 from 431 sources of intphas_4355 Ha
r1012191.fit  4.19  1.38 0.123    62.4 from 1422 sources of intphas_4355 r
r1012192.fit  4.61  1.52 0.118    58.5 from 1105 sources of intphas_4355 i
r1012193.fit  4.01  1.32 0.111    67.2 from 482 sources of intphas_4355o Ha
r1012194.fit  4.07  1.34 0.108    60.5 from 1456 sources of intphas_4355o r
r1012195.fit  3.64  1.20 0.119    58.4 from 1508 sources of intphas_4355o i
r1012196.fit  3.54  1.17 0.104    66.5 from 516 sources of intphas_4368 Ha
r1012197.fit  3.81  1.26 0.108   115.1 from 1297 sources of intphas_4368 r
r1012198.fit  3.17  1.05 0.128    98.1 from 1548 sources of intphas_4368 i
r1012199.fit  3.92  1.29 0.091    64.7 from 436 sources of intphas_4368o Ha
r1012200.fit  3.71  1.22 0.102    83.3 from 1349 sources of intphas_4368o r
r1012201.fit  3.72  1.23 0.116    93.3 from 1200 sources of intphas_4368o i
r1012202.fit  3.96  1.31 0.083    71.7 from  66 sources of intphas_4373 Ha
r1012203.fit  3.44  1.14 0.065   130.4 from 150 sources of intphas_4373 r
r1012204.fit  3.85  1.27 0.099   124.7 from 184 sources of intphas_4373 i
r1012205.fit  4.04  1.33 0.110    63.5 from  67 sources of intphas_4270o Ha
r1012206.fit  4.07  1.34 0.044   121.7 from 123 sources of intphas_4270o r
r1012207.fit  3.70  1.22 0.054   122.2 from 190 sources of intphas_4270o i
r1012208.fit  3.88  1.28 0.070    85.8 from 635 sources of intphas_5609 Ha
r1012209.fit  3.95  1.30 0.113   130.4 from 1790 sources of intphas_5609 r
r1012210.fit  4.26  1.41 0.152   118.3 from 1544 sources of intphas_5609 i
r1012211.fit  4.34  1.43 0.101    83.9 from 507 sources of intphas_5609o Ha
r1012212.fit  4.24  1.40 0.101   118.3 from 1539 sources of intphas_5609o r
r1012213.fit  4.07  1.34 0.127   120.0 from 1344 sources of intphas_5609o i
r1012214.fit  4.54  1.50 0.130    73.2 from 511 sources of intphas_5774 Ha
r1012215.fit  4.15  1.37 0.116   128.9 from 1571 sources of intphas_5774 r
r1012216.fit  3.75  1.24 0.147   101.0 from 1604 sources of intphas_5774 i
r1012217.fit  4.41  1.46 0.191    66.4 from 583 sources of intphas_5784 Ha
r1012218.fit  3.98  1.31 0.108    49.0 from 1635 sources of intphas_5784 r
r1012219.fit  3.54  1.17 0.108    99.5 from 1613 sources of intphas_5784 i
r1012220.fit  5.19  1.71 0.202    66.1 from 192 sources of intphas_5811 Ha
r1012221.fit  4.20  1.39 0.101   102.1 from 495 sources of intphas_5811 r
r1012222.fit  3.63  1.20 0.083   111.7 from 652 sources of intphas_5811 i
r1012223.fit  3.45  1.14 0.078    64.6 from 276 sources of intphas_5811o Ha
r1012224.fit  3.31  1.09 0.069    84.4 from 615 sources of intphas_5811o r
r1012225.fit  2.84  0.94 0.078   113.4 from 812 sources of intphas_5811o i
r1012226.fit  3.51  1.16 0.092   102.3 from 238 sources of SA112-250 i
r1012227.fit  3.60  1.19 0.112    37.3 from  43 sources of SA112-250 g
r1012228.fit  5.00  1.65 0.103    41.0 from  21 sources of SA112-250 U
r1012229.fit  3.69  1.22 0.085    47.6 from  56 sources of SA112-250 r
r1012230.fit  3.93  1.30 0.078    54.8 from  93 sources of SA112-250 Ha
r1012231.fit  3.61  1.19 0.084    82.4 from 296 sources of intphas_5835o Ha
r1012232.fit  2.96  0.98 0.072   106.8 from 867 sources of intphas_5835o r
r1012233.fit  2.91  0.96 0.083    97.3 from 970 sources of intphas_5835o i
r1012234.fit  3.50  1.16 0.104    72.2 from 151 sources of intphas_6123 Ha
r1012235.fit  3.57  1.18 0.107   120.9 from 250 sources of intphas_6123 r
r1012236.fit  3.40  1.12 0.103   115.2 from 266 sources of intphas_6123 i
r1012237.fit  3.52  1.16 0.095    75.5 from 139 sources of intphas_6123o Ha
r1012238.fit  3.21  1.06 0.102   117.7 from 242 sources of intphas_6123o r
r1012239.fit  3.67  1.21 0.095   125.7 from 230 sources of intphas_6123o i
r1012240.fit  3.08  1.02 0.089    69.7 from 607 sources of intphas_6135 Ha
r1012241.fit  2.98  0.98 0.094   113.8 from 1577 sources of intphas_6135 r
r1012242.fit  2.90  0.96 0.105   121.5 from 1408 sources of intphas_6135 i
r1012243.fit  3.13  1.03 0.070    61.7 from 621 sources of intphas_6135o Ha
r1012244.fit  3.25  1.07 0.099    73.9 from 1521 sources of intphas_6135o r
r1012245.fit  3.03  1.00 0.084   121.0 from 1250 sources of intphas_6135o i
r1012246.fit  3.06  1.01 0.101    41.6 from 688 sources of intphas_5532o Ha
r1012247.fit  2.84  0.94 0.101   105.9 from 2134 sources of intphas_5532o r
r1012248.fit  3.02  1.00 0.139   112.2 from 1697 sources of intphas_5532o i
r1012249.fit  3.40  1.12 0.151    38.7 from 664 sources of intphas_5532 Ha
r1012250.fit  2.79  0.92 0.137    50.5 from 2338 sources of intphas_5532 r
r1012251.fit  3.46  1.14 0.089    51.7 from 1314 sources of intphas_5532 i
r1012252.fit  3.37  1.11 0.070    75.8 from 125 sources of intphas_6088o Ha
r1012253.fit  2.96  0.98 0.062   118.6 from 217 sources of intphas_6088o r
r1012254.fit  3.10  1.02 0.094   126.0 from 274 sources of intphas_6088o i
r1012255.fit  3.14  1.04 0.052    60.9 from 139 sources of intphas_6088 Ha
r1012256.fit  3.23  1.07 0.057   123.4 from 211 sources of intphas_6088 r
r1012257.fit  3.06  1.01 0.077   130.3 from 254 sources of intphas_6088 i
r1012258.fit  5.33  1.76 0.236    75.2 from 151 sources of intphas_6133 Ha
r1012259.fit  3.29  1.09 0.085   113.4 from 315 sources of intphas_6133 r
r1012260.fit  3.05  1.01 0.082   126.5 from 388 sources of intphas_6133 i
r1012261.fit  3.77  1.24 0.153    71.4 from 204 sources of intphas_6205 Ha
r1012262.fit  3.00  0.99 0.054   115.5 from 522 sources of intphas_6205 r
r1012263.fit  2.93  0.97 0.107   116.6 from 610 sources of intphas_6205 i
r1012264.fit  3.53  1.16 0.091    66.0 from  89 sources of intphas_6295 Ha
r1012265.fit  3.42  1.13 0.111   127.9 from 217 sources of intphas_6295 r
r1012266.fit  3.30  1.09 0.136   130.8 from 291 sources of intphas_6295 i
r1012267.fit  3.19  1.05 0.096    70.1 from 139 sources of intphas_6295o Ha
r1012268.fit  3.31  1.09 0.094   106.1 from 259 sources of intphas_6295o r
r1012269.fit  3.00  0.99 0.115   123.4 from 392 sources of intphas_6295o i
r1012270.fit  3.42  1.13 0.105    69.5 from 118 sources of intphas_6247 Ha
r1012271.fit  2.73  0.90 0.061   114.6 from 212 sources of intphas_6247 r
r1012272.fit  2.46  0.81 0.062   137.5 from 317 sources of intphas_6247 i
r1012273.fit  3.49  1.15 0.097   104.8 from 140 sources of intphas_7036o Ha
r1012274.fit  3.35  1.11 0.116   164.9 from 225 sources of intphas_7036o r
r1012275.fit  3.17  1.05 0.068   175.9 from 287 sources of intphas_7036o i
r1012276.fit  3.22  1.06 0.077    89.7 from 171 sources of intphas_7054 Ha
r1012277.fit  3.17  1.05 0.073   135.4 from 382 sources of intphas_7054 r
r1012278.fit  3.13  1.03 0.076   150.6 from 436 sources of intphas_7054 i
r1012279.fit  4.11  1.36 0.165   110.4 from 141 sources of intphas_7054o Ha
r1012280.fit  3.31  1.09 0.065   152.3 from 353 sources of intphas_7054o r
r1012281.fit  3.10  1.02 0.076   173.6 from 423 sources of intphas_7054o i
r1012282.fit  3.49  1.15 0.068   107.0 from 122 sources of intphas_7081 Ha
r1012283.fit  3.17  1.05 0.087   144.4 from 280 sources of intphas_7081 r
r1012284.fit  3.06  1.01 0.073   148.6 from 349 sources of intphas_7081 i
r1012285.fit  3.31  1.09 0.092   107.4 from 629 sources of intphas_7086 Ha
r1012286.fit  3.10  1.02 0.066   140.1 from 1860 sources of intphas_7086 r
r1012287.fit  2.78  0.92 0.073   150.9 from 1500 sources of intphas_7086 i
r1012288.fit  3.60  1.19 0.125    87.8 from 582 sources of intphas_7086o Ha
r1012289.fit  3.29  1.09 0.094    94.5 from 1698 sources of intphas_7086o r
r1012290.fit  3.19  1.05 0.110   100.8 from 1384 sources of intphas_7086o i
r1012291.fit  3.73  1.23 0.088   103.2 from  42 sources of feige110 i
r1012292.fit  3.53  1.16 0.068    39.0 from  15 sources of feige110 g
r1012293.fit  4.72  1.56 0.082    36.6 from   8 sources of feige110 U
r1012294.fit  3.13  1.03 0.058    38.2 from  20 sources of feige110 r
r1012295.fit  3.95  1.30 0.076    53.8 from  31 sources of feige110 Ha
r1012296.fit  3.48  1.15 0.083    95.7 from  95 sources of PTFS1122S
r1012297.fit  3.94  1.30 0.110   189.0 from 288 sources of intphas_0348 Ha
r1012298.fit  3.70  1.22 0.111   263.1 from 815 sources of intphas_0348 r
r1012299.fit  3.56  1.17 0.118   367.0 from 746 sources of intphas_0348 i
r1012300.fit  3.95  1.30 0.114   203.7 from 259 sources of intphas_0348o Ha
r1012301.fit  4.01  1.32 0.078   223.9 from 698 sources of intphas_0348o r
r1012302.fit  3.84  1.27 0.082   206.3 from 663 sources of intphas_0348o i
r1012303.fit  3.98  1.31 0.105   126.0 from 175 sources of intphas_0418o Ha
r1012304.fit  3.81  1.26 0.069   167.8 from 435 sources of intphas_0418o r
r1012305.fit  3.56  1.17 0.089   191.4 from 497 sources of intphas_0418o i
r1012306.fit  3.80  1.25 0.114   125.8 from 330 sources of intphas_0525o Ha
r1012307.fit  4.13  1.36 0.094   162.3 from 746 sources of intphas_0525o r
r1012308.fit  3.51  1.16 0.101   190.1 from 811 sources of intphas_0525o i
r1012309.fit  4.04  1.33 0.120   138.0 from 377 sources of intphas_0530o Ha
r1012310.fit  4.18  1.38 0.079   391.2 from 1064 sources of intphas_0530o r
r1012311.fit  3.88  1.28 0.097   397.9 from 887 sources of intphas_0530o i
r1012312.fit  4.12  1.36 0.067   344.2 from 184 sources of intphas_0531 Ha
r1012313.fit  4.03  1.33 0.086   399.7 from 578 sources of intphas_0531 r
r1012314.fit  3.90  1.29 0.091   400.9 from 483 sources of intphas_0531 i
r1012315.fit  4.00  1.32 0.068   350.6 from 210 sources of intphas_0531o Ha
r1012316.fit  4.19  1.38 0.071   404.4 from 522 sources of intphas_0531o r
r1012317.fit  3.69  1.22 0.068   417.3 from 493 sources of intphas_0531o i
r1012318.fit  3.79  1.25 0.095   351.6 from 317 sources of intphas_0572 Ha
r1012319.fit  3.96  1.31 0.076   402.6 from 733 sources of intphas_0572 r
r1012320.fit  3.73  1.23 0.086   383.8 from 650 sources of intphas_0572 i
r1012321.fit  3.85  1.27 0.084   348.7 from 321 sources of intphas_0572o Ha
r1012322.fit  3.69  1.22 0.093   405.9 from 825 sources of intphas_0572o r
r1012323.fit  3.56  1.17 0.096   425.0 from 686 sources of intphas_0572o i
r1012324.fit  3.62  1.19 0.067   206.7 from 167 sources of intphas_0326o Ha
r1012325.fit  3.64  1.20 0.059   206.8 from 423 sources of intphas_0326o r
r1012326.fit  3.39  1.12 0.071   213.5 from 436 sources of intphas_0326o i
r1012327.fit  3.64  1.20 0.082   159.6 from 195 sources of intphas_0418 Ha
r1012328.fit  3.59  1.18 0.068   211.4 from 474 sources of intphas_0418 r
r1012329.fit  3.22  1.06 0.082   249.3 from 554 sources of intphas_0418 i
r1012330.fit  3.75  1.24 0.072   189.0 from 316 sources of intphas_0424 Ha
r1012331.fit  3.58  1.18 0.087   222.6 from 967 sources of intphas_0424 r
r1012332.fit  3.57  1.18 0.110   231.1 from 843 sources of intphas_0424 i
r1012333.fit  4.14  1.37 0.115   176.4 from 278 sources of intphas_0424o Ha
r1012334.fit  4.00  1.32 0.125   204.0 from 878 sources of intphas_0424o r
r1012335.fit  3.74  1.23 0.110   182.6 from 776 sources of intphas_0424o i
r1012336.fit  3.51  1.16 0.079   169.2 from 405 sources of intphas_0425 Ha
r1012337.fit  3.67  1.21 0.094   252.5 from 905 sources of intphas_0425 r
r1012338.fit  3.70  1.22 0.096   262.5 from 752 sources of intphas_0425 i
r1012339.fit  3.98  1.31 0.131   206.9 from 328 sources of intphas_0425o Ha
r1012340.fit  3.53  1.16 0.085   209.9 from 968 sources of intphas_0425o r
r1012341.fit  3.44  1.14 0.107   203.9 from 928 sources of intphas_0425o i
r1012342.fit  2.84  0.94 0.054   161.7 from  49 sources of FEIGE110 i
r1012343.fit  2.75  0.91 0.082    95.3 from  16 sources of FEIGE110 g
r1012344.fit  3.34  1.10 0.089    93.0 from  10 sources of FEIGE110 U
r1012345.fit  2.55  0.84 0.043    96.6 from  24 sources of FEIGE110 r
r1012346.fit  3.31  1.09 0.060   103.0 from  33 sources of FEIGE110 Ha
r1012347.fit  4.68  1.54 0.137    86.0 from 207 sources of uvex_1747 r
r1012348.fit  5.88  1.94 0.173    31.1 from  20 sources of uvex_1747 U
r1012349.fit  4.87  1.61 0.127    50.2 from 101 sources of uvex_1747 g
r1012350.fit  4.21  1.39 0.089    91.6 from 202 sources of uvex_1747o r
r1012351.fit  5.33  1.76 0.111    30.9 from  21 sources of uvex_1747o U
r1012352.fit  4.80  1.58 0.111    54.6 from  88 sources of uvex_1747o g
r1012353.fit  4.55  1.50 0.115    92.9 from 458 sources of uvex_1750 r
r1012354.fit  5.83  1.92 0.108    30.6 from  44 sources of uvex_1750 U
r1012355.fit  4.84  1.60 0.092    47.7 from 260 sources of uvex_1750 g
r1012356.fit  4.91  1.62 0.118   103.6 from 406 sources of uvex_1750o r
r1012357.fit  5.96  1.97 0.148    26.2 from  46 sources of uvex_1750o U
r1012358.fit  4.99  1.65 0.094    44.9 from 255 sources of uvex_1750o g
r1012359.fit  4.86  1.60 0.115   100.4 from 456 sources of uvex_1753 r
r1012360.fit  5.28  1.74 0.139    26.3 from  49 sources of uvex_1753 U
r1012361.fit  4.82  1.59 0.093    52.1 from 315 sources of uvex_1753 g
r1012362.fit  4.65  1.53 0.115    84.6 from 466 sources of uvex_1753o r
r1012363.fit  5.88  1.94 0.156    24.4 from  39 sources of uvex_1753o U
r1012364.fit  4.70  1.55 0.150    42.6 from 342 sources of uvex_1753o g
r1012365.fit  4.32  1.43 0.103   100.2 from 281 sources of uvex_1756 r
r1012366.fit  5.42  1.79 0.129    29.0 from  30 sources of uvex_1756 U
r1012367.fit  4.58  1.51 0.140    54.3 from 142 sources of uvex_1756 g
r1012367.fit  4.58  1.51 0.140    54.3 from 142 sources of uvex_1756 g
r1012368.fit  4.23  1.40 0.125    47.1 from 290 sources of uvex_1756o r
r1012368.fit  4.23  1.40 0.125    47.1 from 290 sources of uvex_1756o r
r1012369.fit  5.46  1.80 0.128    28.9 from  27 sources of uvex_1756o U
r1012369.fit  5.46  1.80 0.128    28.9 from  27 sources of uvex_1756o U
r1012370.fit  4.67  1.54 0.118    44.0 from 134 sources of uvex_1756o g
r1012370.fit  4.67  1.54 0.118    44.0 from 134 sources of uvex_1756o g
r1012371.fit  4.35  1.44 0.094    70.4 from 317 sources of uvex_1757 r
r1012371.fit  4.35  1.44 0.094    70.4 from 317 sources of uvex_1757 r
r1012372.fit  5.49  1.81 0.132    26.4 from  36 sources of uvex_1757 U
r1012372.fit  5.49  1.81 0.132    26.4 from  36 sources of uvex_1757 U
r1012373.fit  4.54  1.50 0.092    39.5 from 171 sources of uvex_1757 g
r1012373.fit  4.54  1.50 0.092    39.5 from 171 sources of uvex_1757 g
r1012374.fit  4.34  1.43 0.095    72.5 from 310 sources of uvex_1757o r
r1012374.fit  4.34  1.43 0.095    72.5 from 310 sources of uvex_1757o r
r1012375.fit  5.25  1.73 0.112    19.0 from  36 sources of uvex_1757o U
r1012375.fit  5.25  1.73 0.112    19.0 from  36 sources of uvex_1757o U
r1012376.fit  4.22  1.39 0.093    39.9 from 178 sources of uvex_1757o g
r1012376.fit  4.22  1.39 0.093    39.9 from 178 sources of uvex_1757o g
r1012377.fit  4.59  1.51 0.127    56.2 from 288 sources of uvex_1788 r
r1012377.fit  4.59  1.51 0.127    56.2 from 288 sources of uvex_1788 r
r1012378.fit  5.35  1.77 0.102    24.5 from  31 sources of uvex_1788 U
r1012378.fit  5.35  1.77 0.102    24.5 from  31 sources of uvex_1788 U
r1012379.fit  4.63  1.53 0.104    38.6 from 170 sources of uvex_1788 g
r1012379.fit  4.63  1.53 0.104    38.6 from 170 sources of uvex_1788 g
r1012380.fit  4.48  1.48 0.110    90.6 from 288 sources of uvex_1788o r
r1012380.fit  4.48  1.48 0.110    90.6 from 288 sources of uvex_1788o r
r1012381.fit  5.38  1.78 0.156    32.5 from  28 sources of uvex_1788o U
r1012381.fit  5.38  1.78 0.156    32.5 from  28 sources of uvex_1788o U
r1012382.fit  4.60  1.52 0.119    55.8 from 163 sources of uvex_1788o g
r1012382.fit  4.60  1.52 0.119    55.8 from 163 sources of uvex_1788o g
r1012383.fit  4.72  1.56 0.134    95.5 from 389 sources of uvex_1791 r
r1012383.fit  4.72  1.56 0.134    95.5 from 389 sources of uvex_1791 r
r1012384.fit  5.45  1.80 0.124    27.8 from  60 sources of uvex_1791 U
r1012384.fit  5.45  1.80 0.124    27.8 from  60 sources of uvex_1791 U
r1012385.fit  4.68  1.54 0.107    53.6 from 265 sources of uvex_1791 g
r1012385.fit  4.68  1.54 0.107    53.6 from 265 sources of uvex_1791 g
r1012386.fit  4.38  1.45 0.114    75.3 from 402 sources of uvex_1791o r
r1012386.fit  4.38  1.45 0.114    75.3 from 402 sources of uvex_1791o r
r1012387.fit  5.66  1.87 0.125    30.7 from  55 sources of uvex_1791o U
r1012387.fit  5.66  1.87 0.125    30.7 from  55 sources of uvex_1791o U
r1012388.fit  4.65  1.53 0.129    40.7 from 257 sources of uvex_1791o g
r1012388.fit  4.65  1.53 0.129    40.7 from 257 sources of uvex_1791o g
r1012389.fit  4.23  1.40 0.100    80.0 from 531 sources of uvex_1792 r
r1012389.fit  4.23  1.40 0.100    80.0 from 531 sources of uvex_1792 r
r1012390.fit  5.46  1.80 0.108    30.8 from  52 sources of uvex_1792 U
r1012390.fit  5.46  1.80 0.108    30.8 from  52 sources of uvex_1792 U
r1012391.fit  4.56  1.50 0.088    47.4 from 322 sources of uvex_1792 g
r1012391.fit  4.56  1.50 0.088    47.4 from 322 sources of uvex_1792 g
r1012392.fit  4.36  1.44 0.106    75.7 from 521 sources of uvex_1792o r
r1012392.fit  4.36  1.44 0.106    75.7 from 521 sources of uvex_1792o r
r1012393.fit  5.33  1.76 0.098    29.6 from  56 sources of uvex_1792o U
r1012393.fit  5.33  1.76 0.098    29.6 from  56 sources of uvex_1792o U
r1012394.fit  4.42  1.46 0.123    45.2 from 366 sources of uvex_1792o g
r1012394.fit  4.42  1.46 0.123    45.2 from 366 sources of uvex_1792o g
r1012395.fit  4.68  1.54 0.080    90.6 from 439 sources of uvex_1795 r
r1012395.fit  4.68  1.54 0.080    90.6 from 439 sources of uvex_1795 r
r1012396.fit  5.73  1.89 0.119    25.0 from  46 sources of uvex_1795 U
r1012396.fit  5.73  1.89 0.119    25.0 from  46 sources of uvex_1795 U
r1012397.fit  4.64  1.53 0.088    46.0 from 269 sources of uvex_1795 g
r1012397.fit  4.64  1.53 0.088    46.0 from 269 sources of uvex_1795 g
r1012398.fit  4.39  1.45 0.075    93.6 from 485 sources of uvex_1795o r
r1012398.fit  4.39  1.45 0.075    93.6 from 485 sources of uvex_1795o r
r1012399.fit  5.10  1.68 0.109    22.9 from  52 sources of uvex_1795o U
r1012399.fit  5.10  1.68 0.109    22.9 from  52 sources of uvex_1795o U
r1012400.fit  4.01  1.32 0.092    29.2 from 382 sources of uvex_1795o g
r1012400.fit  4.01  1.32 0.092    29.2 from 382 sources of uvex_1795o g
r1012401.fit  3.99  1.32 0.096    85.6 from 336 sources of uvex_1796 r
r1012401.fit  3.99  1.32 0.096    85.6 from 336 sources of uvex_1796 r
r1012402.fit  4.97  1.64 0.118    16.8 from  28 sources of uvex_1796 U
r1012402.fit  4.97  1.64 0.118    16.8 from  28 sources of uvex_1796 U
r1012403.fit  4.28  1.41 0.117    40.0 from 165 sources of uvex_1796 g
r1012403.fit  4.28  1.41 0.117    40.0 from 165 sources of uvex_1796 g
r1012404.fit  3.85  1.27 0.123    62.2 from 304 sources of uvex_1796o r
r1012404.fit  3.85  1.27 0.123    62.2 from 304 sources of uvex_1796o r
r1012405.fit  4.65  1.53 0.113    26.2 from  28 sources of uvex_1796o U
r1012405.fit  4.65  1.53 0.113    26.2 from  28 sources of uvex_1796o U
r1012406.fit  4.09  1.35 0.111    39.5 from 149 sources of uvex_1796o g
r1012406.fit  4.09  1.35 0.111    39.5 from 149 sources of uvex_1796o g
r1012407.fit  4.01  1.32 0.123    81.2 from 403 sources of uvex_1797 r
r1012407.fit  4.01  1.32 0.123    81.2 from 403 sources of uvex_1797 r
r1012408.fit  5.19  1.71 0.121    25.0 from  31 sources of uvex_1797 U
r1012408.fit  5.19  1.71 0.121    25.0 from  31 sources of uvex_1797 U
r1012409.fit  4.31  1.42 0.115    39.4 from 192 sources of uvex_1797 g
r1012409.fit  4.31  1.42 0.115    39.4 from 192 sources of uvex_1797 g
r1012410.fit  3.98  1.31 0.092    83.9 from 414 sources of uvex_1797o r
r1012410.fit  3.98  1.31 0.092    83.9 from 414 sources of uvex_1797o r
r1012411.fit  5.22  1.72 0.107    32.8 from  30 sources of uvex_1797o U
r1012411.fit  5.22  1.72 0.107    32.8 from  30 sources of uvex_1797o U
r1012412.fit  4.17  1.38 0.087    43.5 from 187 sources of uvex_1797o g
r1012412.fit  4.17  1.38 0.087    43.5 from 187 sources of uvex_1797o g
r1012413.fit  4.52  1.49 0.112    97.3 from 340 sources of uvex_1937 r
r1012413.fit  4.52  1.49 0.112    97.3 from 340 sources of uvex_1937 r
r1012414.fit  5.91  1.95 0.125    30.4 from  33 sources of uvex_1937 U
r1012414.fit  5.91  1.95 0.125    30.4 from  33 sources of uvex_1937 U
r1012415.fit  4.75  1.57 0.093    57.6 from 169 sources of uvex_1937 g
r1012415.fit  4.75  1.57 0.093    57.6 from 169 sources of uvex_1937 g
r1012416.fit  4.50  1.49 0.097    70.0 from 355 sources of uvex_1937o r
r1012416.fit  4.50  1.49 0.097    70.0 from 355 sources of uvex_1937o r
r1012417.fit  5.52  1.82 0.092    30.2 from  39 sources of uvex_1937o U
r1012417.fit  5.52  1.82 0.092    30.2 from  39 sources of uvex_1937o U
r1012418.fit  4.33  1.43 0.121    41.0 from 239 sources of uvex_1937o g
r1012418.fit  4.33  1.43 0.121    41.0 from 239 sources of uvex_1937o g
r1012419.fit  3.91  1.29 0.115    81.6 from 429 sources of uvex_1938 r
r1012419.fit  3.91  1.29 0.115    81.6 from 429 sources of uvex_1938 r
r1012420.fit  4.95  1.63 0.110    29.5 from  34 sources of uvex_1938 U
r1012420.fit  4.95  1.63 0.110    29.5 from  34 sources of uvex_1938 U
r1012421.fit  4.07  1.34 0.105    48.2 from 204 sources of uvex_1938 g
r1012421.fit  4.07  1.34 0.105    48.2 from 204 sources of uvex_1938 g
r1012422.fit  4.35  1.44 0.122    88.1 from 355 sources of uvex_1938o r
r1012422.fit  4.35  1.44 0.122    88.1 from 355 sources of uvex_1938o r
r1012423.fit  5.15  1.70 0.124    29.8 from  30 sources of uvex_1938o U
r1012423.fit  5.15  1.70 0.124    29.8 from  30 sources of uvex_1938o U
r1012424.fit  4.39  1.45 0.121    51.5 from 185 sources of uvex_1938o g
r1012424.fit  4.39  1.45 0.121    51.5 from 185 sources of uvex_1938o g
r1012425.fit  4.62  1.52 0.150    90.3 from 248 sources of uvex_1962 r
r1012425.fit  4.62  1.52 0.150    90.3 from 248 sources of uvex_1962 r
r1012426.fit  5.50  1.82 0.103    34.0 from  32 sources of uvex_1962 U
r1012426.fit  5.50  1.82 0.103    34.0 from  32 sources of uvex_1962 U
r1012427.fit  4.24  1.40 0.100    46.3 from 140 sources of uvex_1962 g
r1012427.fit  4.24  1.40 0.100    46.3 from 140 sources of uvex_1962 g
r1012428.fit  3.89  1.28 0.086    84.9 from 265 sources of uvex_1962o r
r1012428.fit  3.89  1.28 0.086    84.9 from 265 sources of uvex_1962o r
r1012429.fit  5.06  1.67 0.111    28.2 from  40 sources of uvex_1962o U
r1012429.fit  5.06  1.67 0.111    28.2 from  40 sources of uvex_1962o U
r1012430.fit  4.08  1.35 0.069    62.7 from 116 sources of uvex_1962o g
r1012430.fit  4.08  1.35 0.069    62.7 from 116 sources of uvex_1962o g
r1012431.fit  3.73  1.23 0.111    90.7 from 656 sources of uvex_1963 r
r1012431.fit  3.73  1.23 0.111    90.7 from 656 sources of uvex_1963 r
r1012432.fit  5.17  1.71 0.105    31.3 from  62 sources of uvex_1963 U
r1012432.fit  5.17  1.71 0.105    31.3 from  62 sources of uvex_1963 U
r1012433.fit  3.98  1.31 0.080    60.3 from 365 sources of uvex_1963 g
r1012433.fit  3.98  1.31 0.080    60.3 from 365 sources of uvex_1963 g
r1012434.fit  4.14  1.37 0.152    90.7 from 565 sources of uvex_1963o r
r1012434.fit  4.14  1.37 0.152    90.7 from 565 sources of uvex_1963o r
r1012435.fit  5.33  1.76 0.102    53.5 from  67 sources of uvex_1963o U
r1012435.fit  5.33  1.76 0.102    53.5 from  67 sources of uvex_1963o U
r1012436.fit  4.14  1.37 0.094    99.4 from 354 sources of uvex_1963o g
r1012436.fit  4.14  1.37 0.094    99.4 from 354 sources of uvex_1963o g
r1012437.fit  4.53  1.49 0.093   102.1 from  54 sources of SA95-271 i
r1012437.fit  4.53  1.49 0.093   102.1 from  54 sources of SA95-271 i
r1012438.fit  4.41  1.46 0.072    84.4 from  35 sources of SA95-271 g
r1012438.fit  4.41  1.46 0.072    84.4 from  35 sources of SA95-271 g
r1012439.fit  5.15  1.70 0.141   124.1 from  20 sources of SA95-271 U
r1012439.fit  5.15  1.70 0.141   124.1 from  20 sources of SA95-271 U
r1012440.fit  3.26  1.08 0.058    64.8 from  42 sources of SA95-271 r
r1012440.fit  3.26  1.08 0.058    64.8 from  42 sources of SA95-271 r
r1012441.fit  4.23  1.40 0.081    66.7 from  36 sources of SA95-271 Ha
r1012441.fit  4.23  1.40 0.081    66.7 from  36 sources of SA95-271 Ha