r1019320.fit is not a target (BIAS)
r1019321.fit is not a target (BIAS)
r1019322.fit is not a target (BIAS)
r1019323.fit is not a target (BIAS)
r1019324.fit is not a target (BIAS)
r1019325.fit is not a target (BIAS)
r1019326.fit is not a target (BIAS)
r1019327.fit is not a target (BIAS)
r1019328.fit is not a target (BIAS)
r1019329.fit is not a target (BIAS)
r1019330.fit is not a target (BIAS)
r1019331.fit is not a target (BIAS)
r1019332.fit is not a target (BIAS)
r1019333.fit is not a target (BIAS)
r1019334.fit  3.86  1.27 0.191  8680.8 from   3 sources of TEST
r1019335.fit is not a target (BIAS)
r1019336.fit is not a target (BIAS)
r1019337.fit is not a target (BIAS)
r1019338.fit is not a target (BIAS)
r1019339.fit is not a target (BIAS)
r1019340.fit is not a target (BIAS)
r1019341.fit is not a target (BIAS)
r1019342.fit is not a target (BIAS)
r1019343.fit is not a target (BIAS)
r1019344.fit is not a target (BIAS)
r1019345.fit is not a target (BIAS)
r1019346.fit is not a target (BIAS)
r1019347.fit is not a target (BIAS)
r1019348.fit is not a target (BIAS)
r1019349.fit is not a target (BIAS)
r1019350.fit is not a target (BIAS)
r1019351.fit is not a target (BIAS)
r1019352.fit is not a target (BIAS)
r1019353.fit is not a target (BIAS)
r1019354.fit is not a target (BIAS)
r1019355.fit is not a target (BIAS)
r1019356.fit is not a target (FLAT)
r1019357.fit is not a target (FLAT)
r1019358.fit is not a target (FLAT)
r1019359.fit is not a target (FLAT)
r1019360.fit is not a target (BIAS)
r1019361.fit is not a target (BIAS)
r1019362.fit is not a target (BIAS)
r1019363.fit is not a target (BIAS)
r1019364.fit is not a target (SKY)
r1019365.fit is not a target (SKY)
r1019366.fit is not a target (SKY)
r1019367.fit is not a target (SKY)
r1019368.fit is not a target (SKY)
r1019369.fit is not a target (SKY)
r1019370.fit is not a target (SKY)
r1019371.fit is not a target (SKY)
r1019372.fit is not a target (SKY)
r1019373.fit is not a target (SKY)
r1019374.fit is not a target (FOCUS)
r1019375.fit  4.28  1.41 0.083   495.1 from 104 sources of intphas_7497 Ha
r1019376.fit  4.87  1.61 0.057   845.8 from 178 sources of intphas_7497 r
r1019377.fit  4.56  1.50 0.087   581.9 from 211 sources of intphas_7497 i
r1019378.fit  5.42  1.79 0.059   491.9 from  59 sources of intphas_7504 Ha
r1019379.fit  5.27  1.74 0.056   826.7 from 132 sources of intphas_7504 r
r1019380.fit  4.61  1.52 0.070   557.4 from 175 sources of intphas_7504 i
r1019381.fit  4.29  1.42 0.097   498.5 from  78 sources of intphas_7504o Ha
r1019382.fit  4.28  1.41 0.069   828.3 from 176 sources of intphas_7504o r
r1019383.fit  4.65  1.53 0.097   589.5 from 192 sources of intphas_7504o i
r1019384.fit  4.63  1.53 0.070   478.9 from 168 sources of intphas_0010 Ha
r1019385.fit  4.15  1.37 0.067   955.1 from 522 sources of intphas_0010 r
r1019386.fit  3.85  1.27 0.070   605.2 from 499 sources of intphas_0010 i
r1019387.fit  4.18  1.38 0.062   545.6 from  76 sources of intphas_0015 Ha
r1019388.fit  4.24  1.40 0.074   821.1 from 175 sources of intphas_0015 r
r1019389.fit  4.29  1.42 0.052   412.9 from 200 sources of intphas_0015 i
r1019390.fit  4.56  1.50 0.120   515.6 from 220 sources of intphas_0024o Ha
r1019391.fit  4.16  1.37 0.104   749.0 from 586 sources of intphas_0024o r
r1019392.fit  4.27  1.41 0.077   595.7 from 482 sources of intphas_0024o i
r1019393.fit  4.52  1.49 0.096   522.2 from 263 sources of intphas_0027 Ha
r1019394.fit  4.50  1.49 0.106   756.3 from 694 sources of intphas_0027 r
r1019395.fit  3.92  1.29 0.103   600.1 from 634 sources of intphas_0027 i
r1019396.fit  3.91  1.29 0.080   510.0 from 340 sources of intphas_0076o Ha
r1019397.fit  4.02  1.33 0.099   634.0 from 828 sources of intphas_0076o r
r1019398.fit  3.81  1.26 0.103   601.9 from 740 sources of intphas_0076o i
r1019399.fit  4.23  1.40 0.074   520.8 from 217 sources of intphas_0079o Ha
r1019400.fit  4.53  1.49 0.081   742.9 from 544 sources of intphas_0079o r
r1019401.fit  4.14  1.37 0.097   593.5 from 527 sources of intphas_0079o i
r1019402.fit  4.12  1.36 0.077   509.2 from 310 sources of intphas_0081 Ha
r1019403.fit  4.08  1.35 0.094   823.8 from 799 sources of intphas_0081 r
r1019404.fit  3.96  1.31 0.097   563.5 from 689 sources of intphas_0081 i
r1019405.fit  4.13  1.36 0.089   409.8 from 124 sources of intphas_7585 Ha
r1019406.fit  3.99  1.32 0.068   683.4 from 267 sources of intphas_7585 r
r1019407.fit  3.97  1.31 0.077   518.8 from 289 sources of intphas_7585 i
r1019408.fit  4.31  1.42 0.068   499.8 from 111 sources of intphas_7585o Ha
r1019409.fit  4.10  1.35 0.074   864.9 from 249 sources of intphas_7585o r
r1019410.fit  4.07  1.34 0.063   577.7 from 269 sources of intphas_7585o i
r1019411.fit  4.17  1.38 0.066   480.9 from 107 sources of intphas_7589 Ha
r1019412.fit  4.16  1.37 0.087   766.6 from 234 sources of intphas_7589 r
r1019413.fit  3.77  1.24 0.082   521.7 from 310 sources of intphas_7589 i
r1019414.fit  3.88  1.28 0.092   481.5 from 113 sources of intphas_7589o Ha
r1019415.fit  3.83  1.26 0.085   713.1 from 281 sources of intphas_7589o r
r1019416.fit  3.55  1.17 0.080   529.8 from 339 sources of intphas_7589o i
r1019417.fit  3.87  1.28 0.108   480.9 from 313 sources of intphas_7591 Ha
r1019418.fit  4.06  1.34 0.068   646.4 from 694 sources of intphas_7591 r
r1019419.fit  3.70  1.22 0.088   570.3 from 589 sources of intphas_7591 i
r1019420.fit  4.34  1.43 0.119   477.5 from 252 sources of intphas_7591o Ha
r1019421.fit  3.73  1.23 0.071   477.6 from 749 sources of intphas_7591o r
r1019422.fit  3.55  1.17 0.082   221.6 from 643 sources of intphas_7591o i
r1019423.fit  4.56  1.50 0.151   536.2 from 221 sources of intphas_0926 Ha
r1019424.fit  3.95  1.30 0.119   917.6 from 572 sources of intphas_0926 r
r1019425.fit  3.96  1.31 0.120   601.8 from 492 sources of intphas_0926 i
r1019426.fit  4.57  1.51 0.111   555.6 from 187 sources of intphas_0926o Ha
r1019427.fit  4.17  1.38 0.110   505.8 from 569 sources of intphas_0926o r
r1019428.fit  4.00  1.32 0.108   245.5 from 528 sources of intphas_0926o i
r1019429.fit  4.28  1.41 0.095   172.3 from 110 sources of intphas_0930 Ha
r1019430.fit  4.12  1.36 0.097   529.3 from 277 sources of intphas_0930 r
r1019431.fit  3.79  1.25 0.123   244.4 from 318 sources of intphas_0930 i
r1019432.fit  4.01  1.32 0.117   159.2 from 114 sources of intphas_0930o Ha
r1019433.fit  4.07  1.34 0.084   440.5 from 257 sources of intphas_0930o r
r1019434.fit  3.95  1.30 0.111   174.8 from 271 sources of intphas_0930o i
r1019435.fit  4.14  1.37 0.120   168.9 from 251 sources of intphas_0942 Ha
r1019436.fit  4.68  1.54 0.098   595.8 from 524 sources of intphas_0942 r
r1019437.fit  4.06  1.34 0.081   280.1 from 473 sources of intphas_0942 i
r1019438.fit  4.65  1.53 0.130   206.7 from 204 sources of intphas_0942o Ha
r1019439.fit  4.26  1.41 0.119   470.3 from 650 sources of intphas_0942o r
r1019440.fit  3.90  1.29 0.107   275.9 from 596 sources of intphas_0942o i
r1019441.fit  4.27  1.41 0.104   201.9 from 193 sources of intphas_0946 Ha
r1019442.fit  3.80  1.25 0.125   477.8 from 619 sources of intphas_0946 r
r1019443.fit  3.55  1.17 0.111   244.3 from 591 sources of intphas_0946 i
r1019444.fit  3.74  1.23 0.104   197.5 from 267 sources of intphas_0946o Ha
r1019445.fit  3.76  1.24 0.103   536.5 from 596 sources of intphas_0946o r
r1019446.fit  3.59  1.18 0.107   265.1 from 591 sources of intphas_0946o i
r1019447.fit  4.27  1.41 0.113   192.5 from 164 sources of intphas_0947 Ha
r1019448.fit  4.26  1.41 0.135   521.6 from 409 sources of intphas_0947 r
r1019449.fit  3.86  1.27 0.086   258.3 from 372 sources of intphas_0947 i
r1019450.fit  3.88  1.28 0.100   161.5 from 194 sources of intphas_0947o Ha
r1019451.fit  4.16  1.37 0.104    70.0 from 429 sources of intphas_0947o r
r1019452.fit  3.52  1.16 0.101   240.1 from 471 sources of intphas_0947o i
r1019453.fit  3.94  1.30 0.098   173.5 from 191 sources of intphas_0951 Ha
r1019454.fit  4.15  1.37 0.126   411.2 from 413 sources of intphas_0951 r
r1019455.fit  3.90  1.29 0.115   224.9 from 401 sources of intphas_0951 i
r1019456.fit  4.11  1.36 0.136   223.0 from 149 sources of intphas_0951o Ha
r1019457.fit  3.88  1.28 0.135    70.9 from 440 sources of intphas_0951o r
r1019458.fit  3.54  1.17 0.138    72.0 from 466 sources of intphas_0951o i
r1019459.fit  3.71  1.22 0.123   205.0 from 179 sources of intphas_0952 Ha
r1019460.fit  4.00  1.32 0.146   295.8 from 467 sources of intphas_0952 r
r1019461.fit  3.82  1.26 0.124   213.1 from 408 sources of intphas_0952 i
r1019462.fit  3.79  1.25 0.127   152.9 from 178 sources of intphas_0952o Ha
r1019463.fit  3.85  1.27 0.121   368.4 from 471 sources of intphas_0952o r
r1019464.fit  4.19  1.38 0.121   172.6 from 369 sources of intphas_0952o i
r1019465.fit  4.02  1.33 0.105   269.6 from 117 sources of intphas_0955 Ha
r1019466.fit  4.15  1.37 0.115   927.3 from 308 sources of intphas_0955 r
r1019467.fit  4.12  1.36 0.135    54.7 from 350 sources of intphas_0955 i
r1019468.fit  4.52  1.49 0.167   150.9 from 120 sources of intphas_0955o Ha
r1019469.fit  3.92  1.29 0.100   466.4 from 392 sources of intphas_0955o r
r1019470.fit  3.75  1.24 0.128   300.3 from 346 sources of intphas_0955o i
r1019471.fit  4.57  1.51 0.117  1020.0 from   3 sources of Gav1
r1019472.fit  4.72  1.56 0.091  1313.7 from   3 sources of Gav1
r1019473.fit  5.15  1.70 0.106  1608.8 from   2 sources of Gav1
r1019474.fit  5.13  1.69 0.063  1316.5 from   2 sources of Gav1
r1019475.fit  4.91  1.62 0.088   931.1 from   3 sources of Gav1
r1019476.fit  4.46  1.47 0.086   853.1 from   3 sources of Gav1
r1019477.fit  4.79  1.58 0.082  1111.9 from   3 sources of Gav1
r1019478.fit  4.65  1.53 0.086  1507.1 from   2 sources of Gav1
r1019479.fit  4.54  1.50 0.090  1851.6 from   2 sources of Gav1
r1019480.fit  4.48  1.48 0.089  1828.4 from   2 sources of Gav1
r1019481.fit  4.55  1.50 0.104  2132.2 from   2 sources of Gav1
r1019482.fit  4.57  1.51 0.102  2119.3 from   2 sources of Gav1
r1019483.fit  4.51  1.49 0.093  1966.5 from   3 sources of Gav1
r1019484.fit  4.83  1.59 0.146   947.3 from   3 sources of Gav1
r1019485.fit  4.35  1.44 0.108   924.7 from   3 sources of Gav1
r1019486.fit  4.18  1.38 0.100  1043.4 from   3 sources of Gav1
r1019487.fit  4.72  1.56 0.093  1598.1 from   2 sources of Gav1
r1019489.fit is not a target (BIAS)
r1019490.fit  4.09  1.35 0.097   149.8 from 290 sources of intphas_1462 Ha
r1019491.fit  4.31  1.42 0.102   502.9 from 659 sources of intphas_1462 r
r1019492.fit  3.72  1.23 0.110   217.6 from 625 sources of intphas_1462 i
r1019493.fit  4.04  1.33 0.096   144.0 from 261 sources of intphas_1462o Ha
r1019494.fit  4.71  1.55 0.052   406.0 from 561 sources of intphas_1462o r
r1019495.fit  3.85  1.27 0.091   141.9 from 592 sources of intphas_1462o i
r1019496.fit  3.65  1.20 0.087   126.0 from 167 sources of intphas_1466 Ha
r1019497.fit  3.68  1.21 0.103   437.7 from 321 sources of intphas_1466 r
r1019498.fit  4.20  1.39 0.055   212.3 from 238 sources of intphas_1466 i
r1019499.fit  3.93  1.30 0.099   138.3 from 140 sources of intphas_1466o Ha
r1019500.fit  3.84  1.27 0.103   342.6 from 279 sources of intphas_1466o r
r1019501.fit  3.63  1.20 0.091   263.8 from 297 sources of intphas_1466o i
r1019502.fit  3.96  1.31 0.085   140.6 from 213 sources of intphas_1467 Ha
r1019503.fit  3.91  1.29 0.108   313.4 from 590 sources of intphas_1467 r
r1019504.fit  3.67  1.21 0.080   199.2 from 520 sources of intphas_1467 i
r1019505.fit  3.91  1.29 0.104   156.9 from 224 sources of intphas_1467o Ha
r1019506.fit  3.93  1.30 0.075    83.6 from 590 sources of intphas_1467o r
r1019507.fit  3.70  1.22 0.100   213.5 from 541 sources of intphas_1467o i
r1019508.fit  3.97  1.31 0.097   136.9 from 187 sources of intphas_1484 Ha
r1019509.fit  4.05  1.34 0.071    64.9 from 453 sources of intphas_1484 r
r1019510.fit  3.86  1.27 0.067   200.9 from 414 sources of intphas_1484 i
r1019511.fit  3.86  1.27 0.085   113.9 from 174 sources of intphas_1484o Ha
r1019512.fit  4.03  1.33 0.087   444.4 from 435 sources of intphas_1484o r
r1019513.fit  3.49  1.15 0.091   207.1 from 468 sources of intphas_1484o i
r1019514.fit  3.85  1.27 0.069   138.2 from 148 sources of intphas_1485 Ha
r1019515.fit  3.75  1.24 0.073   315.9 from 325 sources of intphas_1485 r
r1019516.fit  3.55  1.17 0.100   155.3 from 334 sources of intphas_1485 i
r1019517.fit  3.72  1.23 0.080   122.2 from 131 sources of intphas_1485o Ha
r1019518.fit  3.54  1.17 0.097   430.7 from 374 sources of intphas_1485o r
r1019519.fit  3.51  1.16 0.081   206.2 from 341 sources of intphas_1485o i
r1019520.fit  3.85  1.27 0.088   132.8 from 232 sources of intphas_1486 Ha
r1019521.fit  4.16  1.37 0.073   282.7 from 458 sources of intphas_1486 r
r1019522.fit  3.73  1.23 0.125   193.8 from 477 sources of intphas_1486 i
r1019523.fit  3.54  1.17 0.084   136.9 from 254 sources of intphas_1486o Ha
r1019524.fit  3.67  1.21 0.088   350.5 from 567 sources of intphas_1486o r
r1019525.fit  3.47  1.15 0.104   201.3 from 498 sources of intphas_1486o i
r1019526.fit  3.90  1.29 0.118   115.8 from 271 sources of intphas_2114 Ha
r1019527.fit  3.74  1.23 0.118   404.8 from 701 sources of intphas_2114 r
r1019528.fit  3.74  1.23 0.111   191.0 from 496 sources of intphas_2114 i
r1019529.fit  3.87  1.28 0.119   124.1 from 262 sources of intphas_2114o Ha
r1019530.fit  4.14  1.37 0.135   387.2 from 617 sources of intphas_2114o r
r1019531.fit  3.55  1.17 0.117   186.8 from 516 sources of intphas_2114o i
r1019532.fit  4.17  1.38 0.119   124.4 from 320 sources of intphas_2127 Ha
r1019533.fit  3.89  1.28 0.093   362.6 from 922 sources of intphas_2127 r
r1019534.fit  3.88  1.28 0.116   205.5 from 625 sources of intphas_2127 i
r1019535.fit  4.12  1.36 0.101   191.6 from 231 sources of intphas_2127o Ha
r1019536.fit  3.84  1.27 0.134   573.9 from 630 sources of intphas_2127o r
r1019537.fit  4.00  1.32 0.109   228.3 from 437 sources of intphas_2127o i
r1019538.fit  3.93  1.30 0.204   124.9 from 213 sources of intphas_2147 Ha
r1019539.fit  3.49  1.15 0.108   403.0 from 615 sources of intphas_2147 r
r1019540.fit  3.47  1.15 0.126   183.5 from 596 sources of intphas_2147 i
r1019541.fit  4.02  1.33 0.215   130.1 from 255 sources of intphas_2156 Ha
r1019542.fit  3.65  1.20 0.155   371.3 from 662 sources of intphas_2156 r
r1019543.fit  3.47  1.15 0.079   180.4 from 510 sources of intphas_2156 i
r1019544.fit  4.05  1.34 0.109   111.1 from 216 sources of intphas_2156o Ha
r1019545.fit  3.77  1.24 0.114   325.3 from 628 sources of intphas_2156o r
r1019546.fit  3.85  1.27 0.110   145.4 from 475 sources of intphas_2156o i
r1019547.fit  4.10  1.35 0.091    96.2 from 204 sources of intphas_2164 Ha
r1019548.fit  4.09  1.35 0.093   323.2 from 490 sources of intphas_2164 r
r1019549.fit  3.51  1.16 0.086   180.1 from 514 sources of intphas_2164 i
r1019550.fit  3.99  1.32 0.128   112.7 from 235 sources of intphas_2164o Ha
r1019551.fit  3.59  1.18 0.115   278.6 from 717 sources of intphas_2164o r
r1019552.fit  3.42  1.13 0.094   184.9 from 563 sources of intphas_2164o i
r1019553.fit  3.70  1.22 0.107   120.8 from 211 sources of intphas_2165 Ha
r1019554.fit  3.61  1.19 0.100   122.2 from 546 sources of intphas_2165 r
r1019555.fit  3.55  1.17 0.113   122.6 from 448 sources of intphas_2165 i
r1019556.fit  3.81  1.26 0.101   108.8 from 193 sources of intphas_2165o Ha
r1019557.fit  3.48  1.15 0.087   332.3 from 535 sources of intphas_2165o r
r1019558.fit  3.29  1.09 0.104   151.0 from 482 sources of intphas_2165o i
r1019559.fit  5.18  1.71 0.282   116.6 from 260 sources of intphas_2191 Ha
r1019560.fit  3.51  1.16 0.097   347.3 from 778 sources of intphas_2191 r
r1019561.fit  3.34  1.10 0.105   177.2 from 613 sources of intphas_2191 i
r1019562.fit  3.97  1.31 0.136   101.5 from 267 sources of intphas_2191o Ha
r1019563.fit  3.40  1.12 0.078   314.1 from 787 sources of intphas_2191o r
r1019564.fit  3.20  1.06 0.093   149.0 from 647 sources of intphas_2191o i
r1019565.fit  3.73  1.23 0.119    16.5 from 321 sources of intphas_2220 Ha
r1019566.fit  3.49  1.15 0.097   391.7 from 823 sources of intphas_2220 r
r1019567.fit  3.42  1.13 0.087   184.4 from 640 sources of intphas_2220 i
r1019568.fit  3.39  1.12 0.070   113.1 from 332 sources of intphas_2220o Ha
r1019569.fit  3.31  1.09 0.105   304.6 from 951 sources of intphas_2220o r
r1019570.fit  3.22  1.06 0.104   345.5 from 462 sources of intphas_2220o i
r1019571.fit  3.63  1.20 0.103   317.7 from  82 sources of intphas_2234 Ha
r1019572.fit  3.30  1.09 0.098   659.2 from 281 sources of intphas_2234 r
r1019573.fit  3.34  1.10 0.105   338.1 from 258 sources of intphas_2234 i
r1019574.fit  4.12  1.36 0.150   176.7 from 145 sources of intphas_2234o Ha
r1019575.fit  3.89  1.28 0.117   311.4 from 458 sources of intphas_2234o r
r1019576.fit  3.28  1.08 0.113   146.3 from 426 sources of intphas_2234o i
r1019577.fit  4.15  1.37 0.154   251.0 from  93 sources of intphas_2260 Ha
r1019578.fit  3.72  1.23 0.099   479.7 from 386 sources of intphas_2260 r
r1019579.fit  3.41  1.13 0.118   239.9 from 373 sources of intphas_2260 i
r1019580.fit  3.36  1.11 0.080   232.7 from 159 sources of intphas_2261 Ha
r1019581.fit  3.20  1.06 0.086  1329.0 from 108 sources of intphas_2261 r
r1019582.fit  3.45  1.14 0.144  1375.4 from  32 sources of intphas_2261 i
r1019583.fit  3.60  1.19 0.127   302.2 from 168 sources of intphas_2261o Ha
r1019584.fit  3.30  1.09 0.122    42.1 from 829 sources of intphas_2261o r
r1019585.fit  3.12  1.03 0.097   382.3 from 524 sources of intphas_2261o i
r1019586.fit  4.32  1.43 0.127   275.6 from  72 sources of intphas_2975 Ha
r1019587.fit  4.60  1.52 0.108  1438.0 from  50 sources of intphas_2975 r
r1019588.fit  4.20  1.39 0.067   737.2 from  83 sources of intphas_2975 i
r1019589.fit  3.86  1.27 0.092   114.7 from 204 sources of intphas_2980 Ha
r1019590.fit  3.71  1.22 0.136   461.2 from 565 sources of intphas_2980 r
r1019591.fit  3.41  1.13 0.106   200.7 from 526 sources of intphas_2980 i
r1019592.fit  3.71  1.22 0.107   125.6 from 230 sources of intphas_2980o Ha
r1019593.fit  3.90  1.29 0.093   229.8 from 547 sources of intphas_2980o r
r1019594.fit  3.39  1.12 0.081   169.3 from 373 sources of intphas_2980o i
r1019595.fit  4.43  1.46 0.149   139.3 from 233 sources of intphas_2981 Ha
r1019596.fit  4.34  1.43 0.116   661.8 from 351 sources of intphas_2981 r
r1019597.fit  3.94  1.30 0.059   243.2 from 445 sources of intphas_2981 i
r1019598.fit  4.37  1.44 0.112   113.6 from 253 sources of intphas_2981o Ha
r1019599.fit  4.40  1.45 0.079   363.1 from 682 sources of intphas_2981o r
r1019600.fit  4.06  1.34 0.089   207.7 from 453 sources of intphas_2981o i
r1019601.fit  3.60  1.19 0.081   111.2 from 385 sources of intphas_2984 Ha
r1019602.fit  3.62  1.19 0.096   347.7 from 1016 sources of intphas_2984 r
r1019603.fit  3.43  1.13 0.110   178.8 from 769 sources of intphas_2984 i
r1019604.fit  4.36  1.44 0.115   113.3 from 275 sources of intphas_2984o Ha
r1019605.fit  3.41  1.13 0.103   218.6 from 1071 sources of intphas_2984o r
r1019606.fit  3.32  1.10 0.085   112.7 from 711 sources of intphas_2984o i
r1019607.fit  3.59  1.18 0.101   106.5 from 292 sources of intphas_2987 Ha
r1019608.fit  4.16  1.37 0.120   254.0 from 629 sources of intphas_2987 r
r1019609.fit  3.19  1.05 0.117   142.9 from 644 sources of intphas_2987 i
r1019610.fit  4.02  1.33 0.096    96.0 from 257 sources of intphas_2987o Ha
r1019611.fit  3.71  1.22 0.058   258.2 from 670 sources of intphas_2987o r
r1019612.fit  3.69  1.22 0.106   137.0 from 493 sources of intphas_2987o i
r1019613.fit  3.66  1.21 0.102   110.2 from 293 sources of intphas_2988 Ha
r1019614.fit  3.48  1.15 0.103   275.3 from 737 sources of intphas_2988 r
r1019615.fit  3.43  1.13 0.116   186.2 from 592 sources of intphas_2988 i
r1019616.fit  3.82  1.26 0.121   117.6 from 293 sources of intphas_2988o Ha
r1019617.fit  3.41  1.13 0.082   214.1 from 807 sources of intphas_2988o r
r1019618.fit  3.71  1.22 0.073   173.8 from 560 sources of intphas_2988o i
r1019619.fit  4.18  1.38 0.112   109.3 from 370 sources of intphas_4041 Ha
r1019620.fit  3.95  1.30 0.093   190.9 from 1074 sources of intphas_4041 r
r1019621.fit  3.75  1.24 0.112   143.9 from 830 sources of intphas_4041 i
r1019622.fit  4.03  1.33 0.107   102.6 from 410 sources of intphas_4041o Ha
r1019623.fit  4.08  1.35 0.107   222.8 from 1042 sources of intphas_4041o r
r1019624.fit  3.89  1.28 0.088   130.6 from 772 sources of intphas_4041o i
r1019625.fit  4.18  1.38 0.122    91.2 from 346 sources of intphas_4049 Ha
r1019626.fit  4.30  1.42 0.120   223.0 from 861 sources of intphas_4049 r
r1019627.fit  3.51  1.16 0.110   145.5 from 747 sources of intphas_4049 i
r1019628.fit  3.94  1.30 0.102    59.6 from 365 sources of intphas_4049o Ha
r1019629.fit  4.38  1.45 0.078   200.4 from 747 sources of intphas_4049o r
r1019630.fit  4.31  1.42 0.129   144.4 from 546 sources of intphas_4049o i
r1019631.fit  4.71  1.55 0.100    70.6 from 246 sources of intphas_4054 Ha
r1019632.fit  4.73  1.56 0.128   132.9 from 659 sources of intphas_4054 r
r1019633.fit  4.12  1.36 0.049    96.2 from 516 sources of intphas_4054 i
r1019634.fit  4.65  1.53 0.086    63.2 from 262 sources of intphas_4054o Ha
r1019635.fit  4.34  1.43 0.077   139.7 from 687 sources of intphas_4054o r
r1019636.fit  4.58  1.51 0.089   112.8 from 488 sources of intphas_4054o i
r1019637.fit  5.48  1.81 0.167    62.1 from 219 sources of intphas_4055 Ha
r1019638.fit  4.64  1.53 0.073   120.1 from 686 sources of intphas_4055 r
r1019639.fit  5.08  1.68 0.059   113.7 from 382 sources of intphas_4055 i
r1019640.fit  4.90  1.62 0.047    57.2 from 207 sources of intphas_4064 Ha
r1019641.fit  4.74  1.56 0.110   118.4 from 652 sources of intphas_4064 r
r1019642.fit  3.85  1.27 0.053   112.4 from 542 sources of intphas_4064 i
r1019643.fit  4.81  1.59 0.066    53.2 from 248 sources of intphas_4064o Ha
r1019644.fit  5.57  1.84 0.103   136.4 from 530 sources of intphas_4064o r
r1019645.fit  4.10  1.35 0.053   117.7 from 499 sources of intphas_4064o i
r1019646.fit  4.74  1.56 0.059    60.9 from 240 sources of intphas_4066 Ha
r1019647.fit  4.67  1.54 0.071   148.9 from 632 sources of intphas_4066 r
r1019648.fit  4.53  1.49 0.057   131.7 from 443 sources of intphas_4066 i
r1019649.fit  5.10  1.68 0.103    70.8 from 225 sources of intphas_4066o Ha
r1019650.fit  5.19  1.71 0.087   160.6 from 537 sources of intphas_4066o r
r1019651.fit  4.54  1.50 0.077   132.7 from 443 sources of intphas_4066o i
