r1014117.fit is not a target (FLAT)
r1014118.fit is not a target (FLAT)
r1014119.fit is not a target (FLAT)
r1014120.fit is not a target (FLAT)
r1014121.fit is not a target (FLAT)
r1014122.fit is not a target (FLAT)
r1014123.fit is not a target (FLAT)
r1014124.fit is not a target (FLAT)
r1014125.fit is not a target (FLAT)
r1014126.fit is not a target (FLAT)
r1014127.fit is not a target (FLAT)
r1014128.fit is not a target (FLAT)
r1014129.fit is not a target (FLAT)
r1014130.fit is not a target (FLAT)
r1014131.fit is not a target (FLAT)
r1014132.fit is not a target (BIAS)
r1014133.fit is not a target (BIAS)
r1014134.fit is not a target (BIAS)
r1014135.fit is not a target (BIAS)
r1014136.fit is not a target (BIAS)
r1014142.fit  4.43  1.46 0.089    51.7 from   4 sources of SA110-246 Ha
r1014143.fit  2.88  0.95 0.069    61.5 from  64 sources of SA110-246 i
r1014144.fit  4.85  1.60 0.170    59.4 from  36 sources of SA110-246 Ha
r1014145.fit  3.13  1.03 0.076    55.9 from  32 sources of SA110-246 r
r1014146.fit  2.92  0.96 0.070    38.9 from  50 sources of SA110-246 i
r1014147.fit  3.25  1.07 0.082    49.1 from  27 sources of SA110-246 r
r1014148.fit  0.47  0.16 0.070    33.6 from   5 sources of SA110-246 U
r1014149.fit  3.50  1.16 0.060    37.4 from  17 sources of SA110-246 g
r1014150.fit  4.55  1.50 0.155    15.7 from  27 sources of SA113-260 Ha
r1014151.fit  3.87  1.28 0.090    56.7 from  71 sources of SA113-260 r
r1014152.fit  4.05  1.34 0.098    34.9 from  51 sources of SA113-260 i
r1014153.fit  4.02  1.33 0.147    18.1 from  28 sources of SA113-260 r
r1014154.fit  4.42  1.46 0.176    22.8 from  15 sources of SA113-260 U
r1014155.fit  4.20  1.39 0.071    19.4 from  23 sources of SA113-260 g
r1014156.fit  3.89  1.28 0.084    14.8 from  35 sources of SA112-250 Ha
r1014157.fit  3.77  1.24 0.038    17.0 from  31 sources of SA112-250 r
r1014158.fit  3.47  1.15 0.046    15.3 from  27 sources of SA112-250 i
r1014159.fit  3.44  1.14 0.127    15.0 from  42 sources of SA112-250 r
r1014160.fit  3.95  1.30 0.106    22.5 from  20 sources of SA112-250 U
r1014161.fit  3.87  1.28 0.086    17.6 from  35 sources of SA112-250 g
r1014162.fit  3.61  1.19 0.112    42.6 from 161 sources of intphas_4457o Ha
r1014163.fit  3.11  1.03 0.056   136.1 from 372 sources of intphas_4457o r
r1014164.fit  2.96  0.98 0.091    71.1 from 562 sources of intphas_4457o i
r1014165.fit  3.33  1.10 0.077    40.8 from 223 sources of intphas_4458 Ha
r1014166.fit  3.17  1.05 0.056    77.0 from 523 sources of intphas_4458 r
r1014167.fit  3.16  1.04 0.095    77.4 from 657 sources of intphas_4458 i
r1014168.fit  4.25  1.40 0.199    43.0 from 135 sources of intphas_4471o Ha
r1014169.fit  3.34  1.10 0.068   107.7 from 346 sources of intphas_4471o r
r1014170.fit  3.29  1.09 0.074    86.1 from 489 sources of intphas_4471o i
r1014171.fit  3.85  1.27 0.067    51.9 from 113 sources of intphas_4473o Ha
r1014172.fit  3.49  1.15 0.067   131.0 from 238 sources of intphas_4473o r
r1014173.fit  3.18  1.05 0.066   364.9 from 369 sources of intphas_4473o i
r1014174.fit  3.84  1.27 0.062   357.7 from 296 sources of intphas_4476 Ha
r1014175.fit  3.78  1.25 0.070   521.0 from 888 sources of intphas_4476 r
r1014176.fit  3.22  1.06 0.077   469.1 from 1134 sources of intphas_4476 i
r1014177.fit  3.71  1.22 0.087   442.6 from 151 sources of intphas_4488 Ha
r1014178.fit  3.22  1.06 0.077   135.0 from 357 sources of intphas_4488 r
r1014179.fit  2.67  0.88 0.082   104.9 from 680 sources of intphas_4488 i
r1014180.fit  3.52  1.16 0.071    70.6 from 149 sources of intphas_4488o Ha
r1014181.fit  3.08  1.02 0.059   148.9 from 373 sources of intphas_4488o r
r1014182.fit  2.74  0.90 0.072   113.9 from 629 sources of intphas_4488o i
r1014183.fit  3.52  1.16 0.107    34.5 from 707 sources of intphas_4511 Ha
r1014184.fit  3.00  0.99 0.102   128.9 from 2506 sources of intphas_4511 r
r1014185.fit  2.56  0.84 0.096    96.4 from 2353 sources of intphas_4511 i
r1014186.fit  3.38  1.12 0.164    54.0 from 693 sources of intphas_4528o Ha
r1014187.fit  2.93  0.97 0.109    74.8 from 2459 sources of intphas_4528o r
r1014188.fit  2.57  0.85 0.109    62.7 from 2677 sources of intphas_4528o i
r1014189.fit  3.86  1.27 0.109    73.1 from 377 sources of intphas_4537 Ha
r1014190.fit  3.40  1.12 0.094   142.3 from 1414 sources of intphas_4537 r
r1014191.fit  2.98  0.98 0.110   110.8 from 1987 sources of intphas_4537 i
r1014192.fit  5.16  1.70 0.301    68.2 from 231 sources of intphas_4560 Ha
r1014193.fit  2.93  0.97 0.085   114.3 from 1296 sources of intphas_4560 r
r1014194.fit  2.65  0.87 0.105    90.6 from 2065 sources of intphas_4560 i
r1014195.fit  3.95  1.30 0.275    58.8 from 191 sources of intphas_4575 Ha
r1014196.fit  3.04  1.00 0.073    73.7 from 612 sources of intphas_4575 r
r1014197.fit  3.05  1.01 0.115    93.8 from 792 sources of intphas_4575 i
r1014198.fit  3.90  1.29 0.116    69.5 from 619 sources of intphas_4582o Ha
r1014199.fit  3.69  1.22 0.117   126.0 from 2064 sources of intphas_4582o r
r1014200.fit  3.45  1.14 0.117    36.5 from 2011 sources of intphas_4582o i
r1014201.fit  4.61  1.52 0.136    66.9 from 110 sources of intphas_4622 Ha
r1014202.fit  3.89  1.28 0.089   137.0 from 294 sources of intphas_4622 r
r1014203.fit  2.91  0.96 0.090   112.5 from 622 sources of intphas_4622 i
r1014204.fit  3.98  1.31 0.093    53.0 from 146 sources of intphas_4623 Ha
r1014205.fit  3.10  1.02 0.073    92.3 from 493 sources of intphas_4623 r
r1014206.fit  2.83  0.93 0.059   104.9 from 615 sources of intphas_4623 i
r1014207.fit  3.65  1.20 0.106    60.0 from 842 sources of intphas_4626o Ha
r1014208.fit  3.31  1.09 0.123   116.0 from 3206 sources of intphas_4626o r
r1014209.fit  3.37  1.11 0.125   107.7 from 2682 sources of intphas_4626o i
r1014210.fit  3.76  1.24 0.096    35.0 from 777 sources of intphas_4627o Ha
r1014211.fit  3.87  1.28 0.119    30.3 from 2208 sources of intphas_4627o r
r1014212.fit  3.73  1.23 0.122    31.4 from 2106 sources of intphas_4627o i
r1014213.fit  3.82  1.26 0.105    66.6 from 268 sources of intphas_4636 Ha
r1014214.fit  3.27  1.08 0.100   100.7 from 1042 sources of intphas_4636 r
r1014215.fit  3.18  1.05 0.099   104.7 from 1113 sources of intphas_4636 i
r1014216.fit  3.81  1.26 0.124    58.2 from 241 sources of intphas_4649o Ha
r1014217.fit  3.32  1.10 0.086   109.7 from 855 sources of intphas_4649o r
r1014218.fit  3.08  1.02 0.099   100.9 from 1294 sources of intphas_4649o i
r1014219.fit  4.98  1.64 0.154    64.4 from 171 sources of intphas_4660 Ha
r1014220.fit  3.52  1.16 0.090    76.4 from 921 sources of intphas_4660 r
r1014221.fit  3.30  1.09 0.100    47.5 from 1172 sources of intphas_4660 i
r1014222.fit  3.94  1.30 0.082    48.4 from 355 sources of intphas_4662 Ha
r1014223.fit  3.54  1.17 0.100    98.0 from 1208 sources of intphas_4662 r
r1014224.fit  3.46  1.14 0.112    47.5 from 1526 sources of intphas_4662 i
r1014225.fit  3.97  1.31 0.078    59.0 from 387 sources of intphas_4662o Ha
r1014226.fit  3.63  1.20 0.112    73.9 from 1317 sources of intphas_4662o r
r1014227.fit  3.86  1.27 0.120    73.9 from 1337 sources of intphas_4662o i
r1014228.fit  4.66  1.54 0.121    66.6 from 421 sources of intphas_4678 Ha
r1014229.fit  4.12  1.36 0.116   116.2 from 1498 sources of intphas_4678 r
r1014230.fit  4.01  1.32 0.116   109.3 from 1597 sources of intphas_4678 i
r1014231.fit  4.59  1.51 0.081    60.8 from 166 sources of intphas_4721o Ha
r1014232.fit  3.85  1.27 0.084   110.0 from 703 sources of intphas_4721o r
r1014233.fit  3.78  1.25 0.088   102.6 from 840 sources of intphas_4721o i
r1014234.fit  4.33  1.43 0.068    61.9 from 187 sources of intphas_4730 Ha
r1014235.fit  4.03  1.33 0.057   114.9 from 459 sources of intphas_4730 r
r1014236.fit  3.91  1.29 0.061   107.3 from 500 sources of intphas_4730 i
r1014237.fit  4.71  1.55 0.103    64.7 from 350 sources of intphas_4757o Ha
r1014238.fit  4.10  1.35 0.117   104.4 from 1623 sources of intphas_4757o r
r1014239.fit  4.03  1.33 0.122    95.5 from 1553 sources of intphas_4757o i
r1014240.fit  5.86  1.93 0.135    76.7 from 117 sources of intphas_4795 Ha
r1014241.fit  4.50  1.49 0.101   129.3 from 673 sources of intphas_4795 r
r1014242.fit  4.37  1.44 0.096   108.7 from 888 sources of intphas_4795 i
r1014243.fit  4.79  1.58 0.067    73.6 from 162 sources of intphas_4795o Ha
r1014244.fit  4.57  1.51 0.088   119.2 from 565 sources of intphas_4795o r
r1014245.fit  4.75  1.57 0.088   113.9 from 460 sources of intphas_4795o i
r1014246.fit  3.27  1.08 0.160   211.2 from 558 sources of intphas_6790 Ha
r1014247.fit  3.04  1.00 0.130   251.0 from 1623 sources of intphas_6790 r
r1014248.fit  2.85  0.94 0.128   263.3 from 1502 sources of intphas_6790 i
r1014249.fit  3.32  1.10 0.167   228.5 from 447 sources of intphas_6794 Ha
r1014250.fit  3.07  1.01 0.126   245.2 from 1266 sources of intphas_6794 r
r1014251.fit  2.91  0.96 0.108   252.2 from 1217 sources of intphas_6794 i
r1014252.fit  3.04  1.00 0.103   217.1 from 377 sources of intphas_6792o Ha
r1014253.fit  2.93  0.97 0.086   243.8 from 935 sources of intphas_6792o r
r1014254.fit  2.82  0.93 0.090   244.7 from 907 sources of intphas_6792o i
r1014255.fit  2.86  0.94 0.085   218.8 from 401 sources of intphas_6792 Ha
r1014256.fit  2.73  0.90 0.080   249.2 from 1088 sources of intphas_6792 r
r1014257.fit  2.73  0.90 0.107   242.8 from 1003 sources of intphas_6792 i
r1014258.fit  3.08  1.02 0.110   198.7 from 590 sources of intphas_6790o Ha
r1014259.fit  2.92  0.96 0.101   106.1 from 1803 sources of intphas_6790o r
r1014260.fit  2.73  0.90 0.118    75.9 from 1636 sources of intphas_6790o i
r1014261.fit  3.14  1.04 0.112    58.6 from 436 sources of intphas_6794o Ha
r1014262.fit  2.93  0.97 0.101   246.0 from 1363 sources of intphas_6794o r
r1014263.fit  2.69  0.89 0.107   219.4 from 1370 sources of intphas_6794o i
r1014264.fit  3.15  1.04 0.097   217.6 from 551 sources of intphas_6795 Ha
r1014265.fit  3.00  0.99 0.098   211.2 from 1525 sources of intphas_6795 r
r1014266.fit  2.97  0.98 0.121   211.5 from 1394 sources of intphas_6795 i
r1014267.fit  3.47  1.15 0.153   215.7 from 365 sources of intphas_6801o Ha
r1014268.fit  3.33  1.10 0.096   254.9 from 827 sources of intphas_6801o r
r1014269.fit  3.05  1.01 0.097   242.5 from 877 sources of intphas_6801o i
r1014270.fit  3.28  1.08 0.089   216.7 from 390 sources of intphas_6801 Ha
r1014271.fit  3.56  1.17 0.120   264.8 from 835 sources of intphas_6801 r
r1014272.fit  3.12  1.03 0.086   241.2 from 871 sources of intphas_6801 i
r1014273.fit  3.48  1.15 0.092   221.9 from 297 sources of intphas_6799 Ha
r1014274.fit  3.26  1.08 0.107   251.6 from 910 sources of intphas_6799 r
r1014275.fit  3.06  1.01 0.109   248.1 from 866 sources of intphas_6799 i
r1014276.fit  3.18  1.05 0.157   225.8 from 353 sources of intphas_6799o Ha
r1014277.fit  3.10  1.02 0.093   253.1 from 1023 sources of intphas_6799o r
r1014278.fit  2.64  0.87 0.085   249.2 from 1120 sources of intphas_6799o i
r1014279.fit  2.80  0.92 0.086    59.6 from  26 sources of SA114-548 Ha
r1014280.fit  2.90  0.96 0.062    62.9 from  28 sources of SA114-548 r
r1014281.fit  2.95  0.97 0.094    60.7 from  16 sources of SA114-548 i
r1014282.fit  3.52  1.16 0.117    42.1 from  15 sources of SA114-548 r
r1014283.fit  4.21  1.39 0.155    53.0 from  15 sources of SA114-548 U
r1014284.fit  2.83  0.93 0.091    44.1 from  27 sources of SA114-548 g
r1014285.fit  3.33  1.10 0.110    58.4 from  48 sources of SA112-250 Ha
r1014286.fit  2.35  0.78 0.048    48.1 from  58 sources of SA112-250 r
r1014287.fit  2.16  0.71 0.039    43.0 from  58 sources of SA112-250 i
r1014288.fit  2.85  0.94 0.074    38.8 from  48 sources of SA112-250 r
r1014289.fit  3.21  1.06 0.089    44.3 from  27 sources of SA112-250 U
r1014290.fit  2.83  0.93 0.049    39.1 from  39 sources of SA112-250 g
r1014291.fit  3.13  1.03 0.131    60.0 from 331 sources of intphas_6808 Ha
r1014292.fit  2.66  0.88 0.073   128.6 from 1017 sources of intphas_6808 r
r1014293.fit  2.64  0.87 0.097   117.0 from 1025 sources of intphas_6808 i
r1014294.fit  3.08  1.02 0.123    70.3 from 343 sources of intphas_6808o Ha
r1014295.fit  2.96  0.98 0.080   117.8 from 909 sources of intphas_6808o r
r1014296.fit  3.03  1.00 0.098   117.6 from 808 sources of intphas_6808o i
r1014297.fit  3.15  1.04 0.062    62.6 from 306 sources of intphas_6804o Ha
r1014298.fit  2.76  0.91 0.074   123.9 from 1001 sources of intphas_6804o r
r1014299.fit  2.42  0.80 0.088   118.9 from 1167 sources of intphas_6804o i
r1014300.fit  3.23  1.07 0.124    68.9 from 318 sources of intphas_6804 Ha
r1014301.fit  2.62  0.86 0.070   110.9 from 1028 sources of intphas_6804 r
r1014302.fit  2.42  0.80 0.079   117.8 from 1120 sources of intphas_6804 i
r1014303.fit  3.74  1.23 0.202    67.2 from 384 sources of intphas_6809 Ha
r1014304.fit  3.30  1.09 0.106   101.8 from 899 sources of intphas_6809 r
r1014305.fit  3.07  1.01 0.107    98.2 from 951 sources of intphas_6809 i
r1014306.fit  3.00  0.99 0.100    69.9 from 404 sources of intphas_6809o Ha
r1014307.fit  2.92  0.96 0.081   104.4 from 960 sources of intphas_6809o r
r1014308.fit  2.78  0.92 0.085    97.0 from 951 sources of intphas_6809o i
r1014309.fit  3.09  1.02 0.095    72.6 from 312 sources of intphas_6814 Ha
r1014310.fit  3.36  1.11 0.082   110.7 from 725 sources of intphas_6814 r
r1014311.fit  2.85  0.94 0.072   101.9 from 869 sources of intphas_6814 i
r1014312.fit  2.99  0.99 0.099    76.2 from 359 sources of intphas_6814o Ha
r1014313.fit  3.15  1.04 0.097    69.0 from 872 sources of intphas_6814o r
r1014314.fit  2.64  0.87 0.092    65.4 from 1009 sources of intphas_6814o i
r1014315.fit  3.08  1.02 0.062    73.4 from 278 sources of intphas_6815 Ha
r1014316.fit  2.99  0.99 0.068    91.1 from 726 sources of intphas_6815 r
r1014317.fit  2.56  0.84 0.064   117.2 from 903 sources of intphas_6815 i
r1014318.fit  3.15  1.04 0.068    63.4 from 274 sources of intphas_6815o Ha
r1014319.fit  3.22  1.06 0.112   108.0 from 713 sources of intphas_6815o r
r1014320.fit  2.80  0.92 0.081   105.6 from 820 sources of intphas_6815o i
r1014321.fit  3.79  1.25 0.063    76.9 from 244 sources of intphas_6825 Ha
r1014322.fit  3.47  1.15 0.052   113.7 from 759 sources of intphas_6825 r
r1014323.fit  3.75  1.24 0.057   128.3 from 549 sources of intphas_6825 i
r1014324.fit  3.98  1.31 0.039    41.5 from 232 sources of intphas_6825o Ha
r1014325.fit  3.36  1.11 0.063    57.7 from 865 sources of intphas_6825o r
r1014326.fit  3.60  1.19 0.080    57.6 from 645 sources of intphas_6825o i
r1014327.fit  4.80  1.58 0.070    72.9 from 179 sources of intphas_6350 Ha
r1014328.fit  3.74  1.23 0.045   131.0 from 607 sources of intphas_6350 r
r1014329.fit  3.94  1.30 0.054   126.5 from 545 sources of intphas_6350 i
r1014330.fit  3.67  1.21 0.046    72.4 from 300 sources of intphas_6350o Ha
r1014331.fit  4.07  1.34 0.050   126.1 from 673 sources of intphas_6350o r
r1014332.fit  3.65  1.20 0.054   130.5 from 744 sources of intphas_6350o i
r1014333.fit  4.15  1.37 0.049    82.0 from 149 sources of intphas_6361 Ha
r1014334.fit  4.34  1.43 0.062   133.2 from 384 sources of intphas_6361 r
r1014335.fit  3.49  1.15 0.047   123.0 from 540 sources of intphas_6361 i
r1014336.fit  4.25  1.40 0.067    94.3 from 397 sources of intphas_6364 Ha
r1014337.fit  3.54  1.17 0.076   124.5 from 1536 sources of intphas_6364 r
r1014338.fit  3.34  1.10 0.062   132.5 from 1364 sources of intphas_6364 i
r1014339.fit  4.14  1.37 0.063    92.2 from 416 sources of intphas_6364o Ha
r1014340.fit  4.22  1.39 0.072   130.9 from 1126 sources of intphas_6364o r
r1014341.fit  3.48  1.15 0.067   145.1 from 1232 sources of intphas_6364o i
r1014342.fit  5.52  1.82 0.078   122.3 from 367 sources of uvex_2180 r
r1014343.fit  7.01  2.31 0.087    59.6 from  38 sources of uvex_2180 U
r1014344.fit  6.53  2.15 0.060    73.7 from 182 sources of uvex_2180 g
r1014345.fit  6.26  2.07 0.098   124.4 from 300 sources of uvex_2180o r
r1014346.fit  6.86  2.26 0.090    59.4 from  34 sources of uvex_2180o U
r1014347.fit  6.09  2.01 0.069    76.5 from 193 sources of uvex_2180o g
r1014348.fit  5.95  1.96 0.050   112.5 from 292 sources of uvex_2099 r
r1014349.fit  6.74  2.22 0.116    55.2 from  38 sources of uvex_2099 U
r1014350.fit  5.71  1.88 0.129    54.1 from 241 sources of uvex_2099 g
r1014351.fit  5.36  1.77 0.111   109.4 from 398 sources of uvex_2099o r
r1014352.fit  6.33  2.09 0.099    57.4 from  35 sources of uvex_2099o U
r1014353.fit  5.16  1.70 0.079    70.3 from 272 sources of uvex_2099o g
r1014354.fit  4.98  1.64 0.104   111.7 from 438 sources of uvex_1885 r
r1014355.fit  6.26  2.07 0.085    58.9 from  37 sources of uvex_1885 U
r1014356.fit  5.72  1.89 0.089    71.8 from 242 sources of uvex_1885 g
r1014357.fit  5.17  1.71 0.107   107.1 from 379 sources of uvex_1885o r
r1014358.fit  6.69  2.21 0.085    60.8 from  43 sources of uvex_1885o U
r1014359.fit  5.79  1.91 0.089    73.5 from 242 sources of uvex_1885o g
r1014360.fit  5.34  1.76 0.087   104.0 from 313 sources of uvex_1654o r
r1014361.fit  6.58  2.17 0.092    56.7 from  27 sources of uvex_1654o U
r1014362.fit  6.01  1.98 0.046    73.3 from 154 sources of uvex_1654o g
r1014363.fit  6.83  2.25 0.062   116.6 from 288 sources of uvex_2190 r
r1014364.fit  7.11  2.35 0.094    58.1 from  36 sources of uvex_2190 U
r1014365.fit  5.40  1.78 0.114    71.5 from 319 sources of uvex_2190 g
r1014366.fit  5.15  1.70 0.095    37.9 from 477 sources of uvex_2190o r
r1014367.fit  7.11  2.35 0.086    55.3 from  35 sources of uvex_2190o U
r1014368.fit  6.19  2.04 0.105    77.3 from 231 sources of uvex_2190o g
r1014369.fit  6.61  2.18 0.068   113.4 from 343 sources of uvex_1992 r
r1014370.fit  8.15  2.69 0.073    44.3 from  52 sources of uvex_1992 U
r1014371.fit  6.18  2.04 0.084    73.3 from 278 sources of uvex_1992 g
r1014372.fit  5.93  1.96 0.084    97.2 from 402 sources of uvex_1992o r
r1014373.fit  7.82  2.58 0.085    61.2 from  40 sources of uvex_1992o U
r1014374.fit  6.48  2.14 0.078    76.8 from 265 sources of uvex_1992o g
r1014375.fit  6.67  2.20 0.036   244.9 from 212 sources of uvex_2298 r
r1014376.fit  7.82  2.58 0.077    83.8 from  38 sources of uvex_2298 U
r1014377.fit  7.23  2.39 0.077   146.1 from 129 sources of uvex_2298 g
r1014378.fit  6.64  2.19 0.052   282.0 from 211 sources of uvex_2298o r
r1014379.fit  8.53  2.81 0.068   100.0 from  29 sources of uvex_2298o U
r1014380.fit  6.39  2.11 0.114   135.9 from 165 sources of uvex_2298o g
r1014381.fit  7.17  2.37 0.062    68.9 from 292 sources of uvex_2368 r
r1014382.fit  8.61  2.84 0.099    59.7 from  33 sources of uvex_2368 U
r1014383.fit  7.23  2.39 0.070    75.4 from 219 sources of uvex_2368 g
r1014384.fit  6.65  2.19 0.118   115.1 from 307 sources of uvex_2368o r
r1014385.fit  8.45  2.79 0.056    58.4 from  27 sources of uvex_2368o U
r1014386.fit  6.88  2.27 0.064    76.1 from 214 sources of uvex_2368o g
r1014387.fit  6.67  2.20 0.117    95.6 from 318 sources of uvex_1989 r
r1014388.fit  7.22  2.38 0.070    53.7 from  41 sources of uvex_1989 U
r1014389.fit  6.51  2.15 0.071    72.1 from 188 sources of uvex_1989 g
r1014390.fit  6.69  2.21 0.086   107.2 from 296 sources of uvex_1989o r
r1014391.fit  7.46  2.46 0.057    58.9 from  38 sources of uvex_1989o U
r1014392.fit  7.27  2.40 0.075    73.4 from 172 sources of uvex_1989o g
r1014393.fit  6.30  2.08 0.069   110.9 from 418 sources of uvex_2083 r
r1014394.fit  7.76  2.56 0.059    57.3 from  64 sources of uvex_2083 U
r1014395.fit  6.36  2.10 0.066    80.7 from 327 sources of uvex_2083 g
r1014396.fit  6.12  2.02 0.080    38.6 from 440 sources of uvex_2083o r
r1014397.fit  8.32  2.75 0.052    60.6 from  59 sources of uvex_2083o U
r1014398.fit  7.24  2.39 0.077    34.8 from 265 sources of uvex_2083o g
r1014399.fit  7.10  2.34 0.069   114.4 from 128 sources of uvex_1984 r
r1014400.fit  8.22  2.71 0.035   423.3 from  29 sources of uvex_1984 U
r1014401.fit  6.66  2.20 0.040   436.1 from  78 sources of uvex_1984 g
r1014402.fit  6.39  2.11 0.056   440.9 from 147 sources of uvex_1984o r
r1014403.fit  7.70  2.54 0.068   422.2 from  29 sources of uvex_1984o U
r1014404.fit  7.65  2.52 0.040   433.2 from  66 sources of uvex_1984o g
r1014405.fit  6.86  2.26 0.041   501.3 from 274 sources of uvex_1980 r
r1014406.fit  8.64  2.85 0.054   442.8 from  30 sources of uvex_1980 U
r1014407.fit  7.01  2.31 0.064   454.4 from 199 sources of uvex_1980 g
r1014408.fit  7.66  2.53 0.072   503.6 from 233 sources of uvex_1980o r
r1014409.fit  8.18  2.70 0.056   442.0 from  22 sources of uvex_1980o U
r1014410.fit  6.97  2.30 0.041   448.8 from 184 sources of uvex_1980o g
r1014411.fit  6.06  2.00 0.045   507.3 from 312 sources of uvex_1976 r
r1014412.fit  7.61  2.51 0.035   440.4 from  37 sources of uvex_1976 U
r1014413.fit  7.28  2.40 0.049   464.4 from 145 sources of uvex_1976 g
r1014414.fit  6.94  2.29 0.080   507.3 from 242 sources of uvex_1976o r
r1014415.fit  7.96  2.63 0.054   439.4 from  35 sources of uvex_1976o U
r1014416.fit  6.91  2.28 0.054   450.7 from 155 sources of uvex_1976o g
r1014417.fit  6.36  2.10 0.048   495.1 from 276 sources of uvex_1974 r
r1014418.fit  7.50  2.48 0.055   435.8 from  23 sources of uvex_1974 U
r1014419.fit  6.13  2.02 0.055   454.7 from 183 sources of uvex_1974 g
r1014420.fit  6.78  2.24 0.036   495.4 from 232 sources of uvex_1974o r
r1014421.fit  7.56  2.49 0.048   434.7 from  21 sources of uvex_1974o U
r1014422.fit  6.21  2.05 0.043   456.7 from 174 sources of uvex_1974o g
r1014423.fit  6.15  2.03 0.053   486.6 from 270 sources of uvex_1953 r
r1014424.fit  7.36  2.43 0.067   423.8 from  30 sources of uvex_1953 U
r1014425.fit  6.54  2.16 0.056   439.0 from 153 sources of uvex_1953 g
r1014426.fit  6.07  2.00 0.052   478.4 from 273 sources of uvex_1953o r
r1014427.fit  7.31  2.41 0.067   416.4 from  33 sources of uvex_1953o U
r1014428.fit  6.27  2.07 0.064   444.1 from 155 sources of uvex_1953o g
r1014429.fit  5.84  1.93 0.050   449.9 from 234 sources of uvex_1952 r
r1014430.fit  6.70  2.21 0.041   401.4 from  27 sources of uvex_1952 U
r1014431.fit  5.92  1.95 0.045   416.7 from 133 sources of uvex_1952 g
r1014432.fit  6.02  1.99 0.034   459.5 from 219 sources of uvex_1952o r
r1014433.fit  6.93  2.29 0.045   399.9 from  28 sources of uvex_1952o U
r1014434.fit  5.84  1.93 0.034   417.9 from 127 sources of uvex_1952o g
r1014435.fit  5.56  1.83 0.057   475.1 from 393 sources of uvex_1948 r
r1014436.fit  6.76  2.23 0.063   416.2 from  44 sources of uvex_1948 U
r1014437.fit  5.34  1.76 0.056   435.8 from 290 sources of uvex_1948 g
r1014438.fit  5.20  1.72 0.062   468.5 from 388 sources of uvex_1948o r
r1014439.fit  6.60  2.18 0.051   427.3 from  38 sources of uvex_1948o U
r1014440.fit  5.61  1.85 0.053   449.7 from 222 sources of uvex_1948o g
r1014441.fit  5.03  1.66 0.058   380.8 from  14 sources of G191B2B r
r1014442.fit  4.49  1.48 0.093   374.8 from   6 sources of G191B2B U
r1014443.fit  4.84  1.60 0.035   379.5 from  32 sources of G191B2B g
r1014444.fit  4.79  1.58 0.061   374.2 from  32 sources of G191B2B Ha
r1014445.fit  4.21  1.39 0.076   371.5 from  27 sources of G191B2B r
r1014446.fit  4.88  1.61 0.086   372.6 from  23 sources of G191B2B i
r1014447.fit  5.54  1.83 0.040    52.6 from  20 sources of SA95-271 Ha
r1014448.fit  6.19  2.04 0.032   104.8 from  35 sources of SA95-271 r
r1014449.fit  6.17  2.04 0.084   107.5 from  29 sources of SA95-271 i
r1014450.fit  7.23  2.39 0.059    80.3 from  13 sources of SA95-271 r
r1014451.fit  4.26  1.41 0.030   168.7 from  15 sources of SA95-271 U
r1014452.fit  5.88  1.94 0.057   171.8 from  23 sources of SA95-271 g
r1014453.fit is not a target (BIAS)
r1014454.fit is not a target (BIAS)
r1014455.fit is not a target (BIAS)
r1014456.fit is not a target (BIAS)
r1014457.fit is not a target (BIAS)
