r1024450.fit is not a target (BIAS)
r1024451.fit is not a target (BIAS)
r1024452.fit is not a target (BIAS)
r1024453.fit is not a target (BIAS)
r1024455.fit is not a target (BIAS)
r1024456.fit is not a target (BIAS)
r1024457.fit is not a target (BIAS)
r1024458.fit is not a target (BIAS)
r1024459.fit is not a target (BIAS)
r1024460.fit is not a target (BIAS)
r1024461.fit is not a target (BIAS)
r1024462.fit is not a target (BIAS)
r1024463.fit is not a target (BIAS)
r1024464.fit is not a target (BIAS)
r1024465.fit is not a target (BIAS)
r1024466.fit is not a target (SKY)
r1024467.fit is not a target (SKY)
r1024468.fit is not a target (SKY)
r1024469.fit is not a target (SKY)
r1024470.fit is not a target (SKY)
r1024471.fit is not a target (SKY)
r1024472.fit is not a target (SKY)
r1024473.fit is not a target (SKY)
r1024474.fit is not a target (SKY)
r1024476.fit is not a target (SKY)
r1024477.fit is not a target (SKY)
r1024478.fit is not a target (SKY)
r1024479.fit is not a target (FOCUS)
r1024480.fit is not a target (FOCUS)
r1024481.fit no objects found
r1024482.fit no objects found
r1024483.fit no objects found
r1024484.fit no objects found
r1024485.fit no objects found
r1024486.fit  5.30  1.75 0.032    81.2 from   1 sources of TRTST1
r1024487.fit no objects found
r1024488.fit no objects found
r1024489.fit no objects found
r1024490.fit no objects found
r1024491.fit  5.43  1.79 0.036    83.9 from   1 sources of TRTST1
r1024492.fit no objects found
r1024493.fit  5.27  1.74 0.031    85.1 from   1 sources of TRTST1
r1024494.fit  5.54  1.83 0.097    85.3 from   1 sources of TRTST1
r1024495.fit  4.92  1.62 0.039    82.3 from   1 sources of TRTST1
r1024496.fit  5.65  1.86 0.071    84.7 from   1 sources of TRTST1
r1024497.fit no objects found
r1024498.fit no objects found
r1024499.fit no objects found
r1024500.fit no objects found
r1024501.fit  5.44  1.80 0.060    86.1 from   1 sources of TRTST1
r1024502.fit no objects found
r1024503.fit no objects found
r1024504.fit no objects found
r1024505.fit no objects found
r1024506.fit no objects found
r1024507.fit no objects found
r1024508.fit no objects found
r1024509.fit  4.27  1.41 0.051    85.8 from   1 sources of TRTST1
r1024510.fit  4.72  1.56 0.117    85.7 from   1 sources of TRTST1
r1024511.fit  5.52  1.82 0.015    85.7 from   1 sources of TRTST1
r1024512.fit  5.40  1.78 0.093    85.7 from   1 sources of TRTST1
r1024513.fit  5.02  1.66 0.066    85.8 from   1 sources of TRTST1
r1024514.fit no objects found
r1024515.fit no objects found
r1024516.fit no objects found
r1024517.fit no objects found
r1024518.fit no objects found
r1024519.fit no objects found
r1024520.fit no objects found
r1024521.fit no objects found
r1024522.fit no objects found
r1024523.fit no objects found
r1024524.fit  5.64  1.86 0.085    86.9 from   1 sources of TRTST1
r1024525.fit no objects found
r1024526.fit no objects found
r1024527.fit  5.41  1.79 0.053    87.0 from   1 sources of TRTST1
r1024528.fit no objects found
r1024529.fit  4.87  1.61 0.031    87.1 from   1 sources of TRTST1
r1024530.fit no objects found
r1024531.fit no objects found
r1024532.fit no objects found
r1024533.fit  5.36  1.77 0.043    86.3 from   1 sources of TRTST1
r1024534.fit  4.59  1.51 0.024    87.1 from   1 sources of TRTST1
r1024535.fit  5.41  1.79 0.048    86.9 from   1 sources of TRTST1
r1024536.fit no objects found
r1024537.fit no objects found
r1024538.fit no objects found
r1024539.fit  4.99  1.65 0.038    87.0 from   1 sources of TRTST1
r1024540.fit  5.31  1.75 0.041    87.2 from   1 sources of TRTST1
r1024541.fit no objects found
r1024542.fit  5.21  1.72 0.060    85.8 from   1 sources of TRTST1
r1024543.fit  5.49  1.81 0.085    85.8 from   1 sources of TRTST1
r1024544.fit no objects found
r1024545.fit  5.04  1.66 0.017    85.8 from   1 sources of TRTST1
r1024546.fit no objects found
r1024547.fit no objects found
r1024548.fit no objects found
r1024549.fit  5.72  1.89 0.085    85.7 from   1 sources of TRTST1
r1024550.fit  5.51  1.82 0.012    85.9 from   1 sources of TRTST1
r1024551.fit  5.57  1.84 0.076    85.8 from   1 sources of TRTST1
r1024552.fit no objects found
r1024553.fit  5.62  1.85 0.049    86.0 from   1 sources of TRTST1
r1024554.fit  5.21  1.72 0.035    85.8 from   1 sources of TRTST1
r1024555.fit  5.34  1.76 0.014    85.8 from   1 sources of TRTST1
r1024556.fit  5.60  1.85 0.045    85.8 from   1 sources of TRTST1
r1024557.fit no objects found
r1024558.fit  4.87  1.61 0.079    85.9 from   1 sources of TRTST1
r1024559.fit  4.33  1.43 0.056    86.0 from   1 sources of TRTST1
r1024560.fit  4.68  1.54 0.031    86.0 from   1 sources of TRTST1
r1024561.fit  4.68  1.54 0.019    85.9 from   1 sources of TRTST1
r1024562.fit  5.10  1.68 0.051    86.0 from   1 sources of TRTST1
r1024563.fit  4.80  1.58 0.023    85.9 from   1 sources of TRTST1
r1024564.fit  3.87  1.28 0.041    86.1 from   1 sources of TRTST1
r1024565.fit  5.09  1.68 0.058    86.0 from   1 sources of TRTST1
r1024566.fit  5.47  1.81 0.050    85.8 from   1 sources of TRTST1
r1024567.fit  5.24  1.73 0.100    85.8 from   1 sources of TRTST1
r1024568.fit  4.24  1.40 0.038    86.1 from   1 sources of TRTST1
r1024569.fit  5.49  1.81 0.082    85.9 from   1 sources of TRTST1
r1024570.fit  4.98  1.64 0.067    86.0 from   1 sources of TRTST1
r1024571.fit  5.28  1.74 0.061    85.9 from   1 sources of TRTST1
r1024572.fit  5.63  1.86 0.031    86.1 from   1 sources of TRTST1
r1024573.fit no objects found
r1024574.fit no objects found
r1024575.fit  5.66  1.87 0.056    85.7 from   1 sources of TRTST1
r1024576.fit  5.41  1.79 0.022    85.9 from   1 sources of TRTST1
r1024577.fit  5.18  1.71 0.034    85.6 from   1 sources of TRTST1
r1024578.fit no objects found
r1024579.fit no objects found
r1024580.fit no objects found
r1024581.fit no objects found
r1024582.fit no objects found
r1024583.fit no objects found
r1024584.fit  5.71  1.88 0.060    84.9 from   1 sources of TRTST1
r1024585.fit no objects found
r1024586.fit no objects found
r1024587.fit  4.37  1.44 0.004    85.1 from   1 sources of TRTST1
r1024588.fit  4.43  1.46 0.018    84.7 from   1 sources of TRTST1
r1024589.fit  4.71  1.55 0.096    85.1 from   1 sources of TRTST1
r1024590.fit  5.20  1.72 0.078    86.0 from   1 sources of TRTST1
r1024591.fit  4.95  1.63 0.059    86.1 from   1 sources of TRTST1
r1024592.fit  5.68  1.87 0.067    86.0 from   1 sources of TRTST1
r1024593.fit  5.25  1.73 0.060    85.9 from   1 sources of TRTST1
r1024594.fit  4.87  1.61 0.012    86.0 from   1 sources of TRTST1
r1024595.fit no objects found
r1024596.fit no objects found
r1024597.fit no objects found
r1024598.fit no objects found
r1024599.fit no objects found
r1024600.fit no objects found
r1024601.fit no objects found
r1024602.fit no objects found
r1024603.fit no objects found
r1024604.fit  5.50  1.82 0.022    85.9 from   1 sources of TRTST1
r1024605.fit  5.30  1.75 0.047    86.0 from   1 sources of TRTST1
r1024606.fit  5.67  1.87 0.028    86.1 from   1 sources of TRTST1
r1024607.fit  5.34  1.76 0.052    85.9 from   1 sources of TRTST1
r1024608.fit  5.54  1.83 0.018    86.1 from   1 sources of TRTST1
r1024609.fit no objects found
r1024610.fit  5.44  1.80 0.036    85.9 from   1 sources of TRTST1
r1024611.fit no objects found
r1024612.fit  5.49  1.81 0.021    86.0 from   1 sources of TRTST1
r1024613.fit  5.96  1.97 0.101    86.0 from   1 sources of TRTST1
r1024614.fit  5.61  1.85 0.013    86.0 from   1 sources of TRTST1
r1024615.fit  4.70  1.55 0.038    85.8 from   1 sources of TRTST1
r1024616.fit  5.40  1.78 0.073    86.0 from   1 sources of TRTST1
r1024617.fit  5.04  1.66 0.088    85.8 from   1 sources of TRTST1
r1024618.fit no objects found
r1024619.fit  4.82  1.59 0.067    85.9 from   1 sources of TRTST1
r1024620.fit  5.27  1.74 0.032    86.0 from   1 sources of TRTST1
r1024621.fit  5.48  1.81 0.025    86.0 from   1 sources of TRTST1
r1024622.fit  4.73  1.56 0.077    86.1 from   1 sources of TRTST1
r1024623.fit  5.43  1.79 0.075    85.8 from   1 sources of TRTST1
r1024624.fit  4.29  1.42 0.052    84.0 from   1 sources of TRTST1
r1024625.fit  4.96  1.64 0.048    85.8 from   1 sources of TRTST1
r1024626.fit  4.23  1.40 0.012    85.8 from   1 sources of TRTST1
r1024627.fit  5.03  1.66 0.051    85.8 from   1 sources of TRTST1
r1024628.fit  5.69  1.88 0.071    85.7 from   1 sources of TRTST1
r1024629.fit  4.59  1.51 0.020    85.8 from   1 sources of TRTST1
r1024630.fit  5.62  1.85 0.064    85.9 from   1 sources of TRTST1
r1024631.fit  4.81  1.59 0.020    86.1 from   1 sources of TRTST1
r1024632.fit  4.94  1.63 0.004    86.0 from   1 sources of TRTST1
r1024633.fit  5.46  1.80 0.032    86.0 from   1 sources of TRTST1
r1024634.fit no objects found
r1024635.fit no objects found
r1024636.fit  5.54  1.83 0.064    86.0 from   1 sources of TRTST1
r1024637.fit no objects found
r1024638.fit  5.32  1.76 0.081    85.2 from   1 sources of TRTST1
r1024639.fit  5.29  1.75 0.086    85.7 from   1 sources of TRTST1
r1024640.fit  5.56  1.83 0.047    85.3 from   1 sources of TRTST1
r1024641.fit  5.24  1.73 0.026    85.7 from   1 sources of TRTST1
r1024642.fit  5.38  1.78 0.052    85.8 from   1 sources of TRTST1
r1024643.fit no objects found
r1024644.fit no objects found
r1024645.fit no objects found
r1024646.fit no objects found
r1024647.fit  5.40  1.78 0.020    85.8 from   1 sources of TRTST1
r1024648.fit  5.54  1.83 0.076    85.5 from   1 sources of TRTST1
r1024649.fit  5.62  1.85 0.062    85.5 from   1 sources of TRTST1
r1024650.fit no objects found
r1024651.fit  5.02  1.66 0.033    86.0 from   1 sources of TRTST1
r1024652.fit no objects found
r1024653.fit no objects found
r1024654.fit no objects found
r1024655.fit  5.33  1.76 0.070    85.3 from   1 sources of TRTST1
r1024656.fit  5.23  1.73 0.028    86.1 from   1 sources of TRTST1
r1024657.fit no objects found
r1024658.fit  4.51  1.49 0.020    86.0 from   1 sources of TRTST1
r1024659.fit no objects found
r1024660.fit  5.59  1.84 0.057    85.9 from   1 sources of TRTST1
r1024661.fit no objects found
r1024662.fit  5.18  1.71 0.092    85.3 from   1 sources of TRTST1
r1024663.fit  5.20  1.72 0.030    84.9 from   1 sources of TRTST1
r1024664.fit  4.45  1.47 0.061    84.9 from   1 sources of TRTST1
r1024665.fit no objects found
r1024666.fit  5.62  1.85 0.027    84.7 from   1 sources of TRTST1
r1024667.fit  5.85  1.93 0.031    84.8 from   1 sources of TRTST1
r1024668.fit  5.14  1.70 0.039    84.7 from   1 sources of TRTST1
r1024669.fit no objects found
r1024670.fit  5.30  1.75 0.078    84.8 from   1 sources of TRTST1
r1024671.fit no objects found
r1024672.fit  5.87  1.94 0.065    84.7 from   1 sources of TRTST1
r1024673.fit  5.37  1.77 0.022    84.9 from   1 sources of TRTST1
r1024674.fit  5.06  1.67 0.025    84.9 from   1 sources of TRTST1
r1024675.fit  4.90  1.62 0.018    84.7 from   1 sources of TRTST1
r1024676.fit  4.66  1.54 0.033    84.8 from   1 sources of TRTST1
r1024677.fit  5.48  1.81 0.045    84.7 from   1 sources of TRTST1
r1024678.fit  5.29  1.75 0.048    86.1 from   1 sources of TRTST1
r1024679.fit  5.35  1.77 0.015    85.2 from   1 sources of TRTST1
r1024680.fit no objects found
r1024681.fit  4.66  1.54 0.074    76.3 from   1 sources of TRTST2
r1024682.fit  4.65  1.53 0.099    77.1 from   1 sources of TRTST2
r1024683.fit  4.01  1.32 0.049    78.2 from   1 sources of TRTST2
r1024684.fit  3.79  1.25 0.045    78.8 from   1 sources of TRTST2
r1024685.fit  4.29  1.42 0.028    80.2 from   1 sources of TRTST2
r1024686.fit  4.45  1.47 0.010    79.9 from   1 sources of TRTST2
r1024687.fit  4.88  1.61 0.004    81.1 from   1 sources of TRTST2
r1024688.fit  5.01  1.65 0.018    82.2 from   1 sources of TRTST2
r1024689.fit  4.36  1.44 0.035    82.2 from   1 sources of TRTST2
r1024690.fit  4.72  1.56 0.016    82.0 from   1 sources of TRTST2
r1024691.fit  4.25  1.40 0.043    83.3 from   1 sources of TRTST2
r1024692.fit  5.46  1.80 0.103    83.0 from   1 sources of TRTST2
r1024694.fit  4.66  1.54 0.005    76.2 from   1 sources of TRTST2
r1024695.fit  3.82  1.26 0.084    77.1 from   1 sources of TRTST2
r1024696.fit  3.46  1.14 0.056    78.0 from   1 sources of TRTST2
r1024697.fit  3.48  1.15 0.056    79.1 from   1 sources of TRTST2
r1024698.fit  3.57  1.18 0.009    80.1 from   1 sources of TRTST2
r1024699.fit  3.38  1.12 0.054    80.2 from   1 sources of TRTST2
r1024700.fit  3.51  1.16 0.042    81.0 from   1 sources of TRTST2
r1024701.fit  3.41  1.13 0.067    82.3 from   1 sources of TRTST2
r1024702.fit  4.03  1.33 0.043    82.1 from   1 sources of TRTST2
r1024703.fit  4.57  1.51 0.053    82.3 from   1 sources of TRTST2
r1024704.fit  5.73  1.89 0.063    83.4 from   1 sources of TRTST2
r1024705.fit  4.46  1.47 0.037    82.9 from   1 sources of TRTST2
r1024706.fit  4.41  1.46 0.037    82.9 from   1 sources of TRTST2
r1024707.fit  4.14  1.37 0.061    84.3 from   1 sources of TRTST2
r1024708.fit  4.29  1.42 0.068    84.1 from   1 sources of TRTST2
r1024709.fit  4.11  1.36 0.044    84.3 from   1 sources of TRTST2
r1024710.fit  4.33  1.43 0.074    84.1 from   1 sources of TRTST2
r1024711.fit  4.23  1.40 0.047    84.1 from   1 sources of TRTST2
r1024712.fit  3.93  1.30 0.039    84.0 from   1 sources of TRTST2
r1024713.fit  4.14  1.37 0.003    83.9 from   1 sources of TRTST2
r1024714.fit  4.41  1.46 0.041    83.7 from   1 sources of TRTST2
r1024715.fit  4.05  1.34 0.058    83.8 from   1 sources of TRTST2
r1024716.fit  3.76  1.24 0.060    84.3 from   1 sources of TRTST2
r1024717.fit  3.54  1.17 0.016    85.2 from   1 sources of TRTST2
r1024718.fit  4.12  1.36 0.017    83.2 from   1 sources of TRTST2
r1024719.fit  4.02  1.33 0.056    85.2 from   1 sources of TRTST2
r1024720.fit  4.00  1.32 0.023    85.0 from   1 sources of TRTST2
r1024721.fit  3.87  1.28 0.058    85.2 from   1 sources of TRTST2
r1024722.fit  3.76  1.24 0.005    84.2 from   1 sources of TRTST2
r1024723.fit  3.80  1.25 0.044    85.2 from   1 sources of TRTST2
r1024724.fit  4.06  1.34 0.023    85.2 from   1 sources of TRTST2
r1024725.fit  4.16  1.37 0.040    85.1 from   1 sources of TRTST2
r1024726.fit  4.60  1.52 0.067    85.3 from   1 sources of TRTST2
r1024727.fit  4.49  1.48 0.044    85.1 from   1 sources of TRTST2
r1024728.fit  3.34  1.10 0.034    85.0 from   1 sources of TRTST2
r1024729.fit  4.07  1.34 0.038    85.0 from   1 sources of TRTST2
r1024730.fit  3.72  1.23 0.061    85.0 from   1 sources of TRTST2
r1024731.fit  3.51  1.16 0.062    85.3 from   1 sources of TRTST2
r1024732.fit  3.62  1.19 0.045    84.4 from   1 sources of TRTST2
r1024733.fit  4.35  1.44 0.076    85.2 from   1 sources of TRTST2
r1024734.fit  3.79  1.25 0.074    85.3 from   1 sources of TRTST2
r1024735.fit  3.71  1.22 0.029    85.1 from   1 sources of TRTST2
r1024736.fit  4.03  1.33 0.041    85.2 from   1 sources of TRTST2
r1024737.fit  4.27  1.41 0.049    83.8 from   1 sources of TRTST2
r1024738.fit  4.59  1.51 0.088    84.9 from   1 sources of TRTST2
r1024739.fit  4.53  1.49 0.078    85.1 from   1 sources of TRTST2
r1024740.fit  4.50  1.49 0.045    85.3 from   1 sources of TRTST2
r1024741.fit  4.50  1.49 0.023    85.2 from   1 sources of TRTST2
r1024742.fit  3.90  1.29 0.050    84.2 from   1 sources of TRTST2
r1024743.fit  4.06  1.34 0.052    84.1 from   1 sources of TRTST2
r1024744.fit  4.43  1.46 0.089    82.4 from   1 sources of TRTST2
r1024745.fit  5.18  1.71 0.114    84.1 from   1 sources of TRTST2
r1024746.fit  3.79  1.25 0.035    84.4 from   1 sources of TRTST2
r1024747.fit  4.13  1.36 0.043    84.5 from   1 sources of TRTST2
r1024748.fit  4.53  1.49 0.043    85.5 from   1 sources of TRTST2
r1024749.fit  5.09  1.68 0.037    85.0 from   1 sources of TRTST2
r1024750.fit  4.06  1.34 0.019    84.4 from   1 sources of TRTST2
r1024751.fit  4.40  1.45 0.038    84.3 from   1 sources of TRTST2
r1024752.fit  4.00  1.32 0.038    84.0 from   1 sources of TRTST2
r1024753.fit  3.72  1.23 0.048    83.0 from   1 sources of TRTST2
r1024754.fit  3.99  1.32 0.056    84.2 from   1 sources of TRTST2
r1024755.fit  4.22  1.39 0.038    85.2 from   1 sources of TRTST2
r1024756.fit  4.49  1.48 0.023    85.2 from   1 sources of TRTST2
r1024757.fit  4.09  1.35 0.021    84.4 from   1 sources of TRTST2
r1024758.fit  3.62  1.19 0.068    85.1 from   1 sources of TRTST2
r1024759.fit  4.00  1.32 0.011    83.7 from   1 sources of TRTST2
r1024760.fit  4.07  1.34 0.048    85.0 from   1 sources of TRTST2
r1024761.fit  3.34  1.10 0.026    85.2 from   1 sources of TRTST2
r1024762.fit  4.02  1.33 0.029    83.1 from   1 sources of TRTST2
r1024763.fit  4.43  1.46 0.058    83.7 from   1 sources of TRTST2
r1024764.fit  3.96  1.31 0.027    84.2 from   1 sources of TRTST2
r1024765.fit  4.08  1.35 0.026    83.9 from   1 sources of TRTST2
r1024766.fit  3.76  1.24 0.019    83.7 from   1 sources of TRTST2
r1024767.fit  4.46  1.47 0.038    84.0 from   1 sources of TRTST2
r1024768.fit  5.01  1.65 0.034    83.7 from   1 sources of TRTST2
r1024769.fit  3.63  1.20 0.045    83.8 from   1 sources of TRTST2
r1024770.fit  3.80  1.25 0.050    83.9 from   1 sources of TRTST2
r1024771.fit  3.43  1.13 0.031    84.1 from   1 sources of TRTST2
r1024772.fit  3.77  1.24 0.031    84.1 from   1 sources of TRTST2
r1024773.fit  3.94  1.30 0.078    82.3 from   1 sources of TRTST2
r1024774.fit  3.96  1.31 0.041    83.8 from   1 sources of TRTST2
r1024775.fit  3.70  1.22 0.056    83.9 from   1 sources of TRTST2
r1024776.fit  3.89  1.28 0.065    83.8 from   1 sources of TRTST2
r1024777.fit  3.75  1.24 0.058    83.8 from   1 sources of TRTST2
r1024778.fit  3.31  1.09 0.046    83.7 from   1 sources of TRTST2
r1024779.fit  3.62  1.19 0.043    83.7 from   1 sources of TRTST2
r1024780.fit  3.53  1.16 0.050    83.9 from   1 sources of TRTST2
r1024781.fit  4.02  1.33 0.025    83.9 from   1 sources of TRTST2
r1024782.fit  3.83  1.26 0.023    83.9 from   1 sources of TRTST2
r1024783.fit  3.48  1.15 0.053    84.1 from   1 sources of TRTST2
r1024784.fit  3.59  1.18 0.012    83.8 from   1 sources of TRTST2
r1024785.fit  3.50  1.16 0.039    83.8 from   1 sources of TRTST2
r1024786.fit  3.45  1.14 0.023    83.9 from   1 sources of TRTST2
r1024787.fit  3.46  1.14 0.059    83.8 from   1 sources of TRTST2
r1024788.fit  3.78  1.25 0.004    83.9 from   1 sources of TRTST2
r1024789.fit  4.03  1.33 0.046    84.0 from   1 sources of TRTST2
r1024790.fit  3.51  1.16 0.057    84.1 from   1 sources of TRTST2
r1024791.fit  3.83  1.26 0.048    84.1 from   1 sources of TRTST2
r1024792.fit  3.84  1.27 0.040    84.1 from   1 sources of TRTST2
r1024793.fit  3.64  1.20 0.019    84.2 from   1 sources of TRTST2
r1024794.fit  3.66  1.21 0.032    84.2 from   1 sources of TRTST2
r1024795.fit  3.97  1.31 0.078    84.2 from   1 sources of TRTST2
r1024796.fit  3.52  1.16 0.074    84.2 from   1 sources of TRTST2
r1024797.fit no objects found
r1024798.fit  3.15  1.04 0.031    83.9 from   1 sources of TRTST2
r1024799.fit  3.64  1.20 0.061    84.3 from   1 sources of TRTST2
r1024800.fit  3.36  1.11 0.056    84.2 from   1 sources of TRTST2
r1024801.fit  3.93  1.30 0.025    84.3 from   1 sources of TRTST2
r1024802.fit  3.50  1.16 0.059    84.2 from   1 sources of TRTST2
r1024803.fit  3.90  1.29 0.082    84.1 from   1 sources of TRTST2
r1024804.fit  3.98  1.31 0.038    83.9 from   1 sources of TRTST2
r1024805.fit  4.80  1.58 0.072    84.1 from   1 sources of TRTST2
r1024806.fit  4.19  1.38 0.029    84.2 from   1 sources of TRTST2
r1024807.fit  3.87  1.28 0.048    84.3 from   1 sources of TRTST2
r1024808.fit  3.85  1.27 0.036    82.1 from   1 sources of TRTST2
r1024809.fit  3.65  1.20 0.060    84.3 from   1 sources of TRTST2
r1024810.fit  3.52  1.16 0.025    84.2 from   1 sources of TRTST2
r1024811.fit  4.60  1.52 0.073    84.0 from   1 sources of TRTST2
r1024812.fit  4.35  1.44 0.078    84.1 from   1 sources of TRTST2
r1024813.fit  4.49  1.48 0.114    84.2 from   1 sources of TRTST2
r1024814.fit  3.89  1.28 0.013    84.2 from   1 sources of TRTST2
r1024815.fit  3.52  1.16 0.035    84.2 from   1 sources of TRTST2
r1024816.fit  4.05  1.34 0.049    82.0 from   1 sources of TRTST2
r1024817.fit  3.89  1.28 0.070    84.3 from   1 sources of TRTST2
r1024818.fit  3.74  1.23 0.042    82.1 from   1 sources of TRTST2
r1024819.fit  4.38  1.45 0.066    84.0 from   1 sources of TRTST2
r1024820.fit  4.20  1.39 0.088    84.2 from   1 sources of TRTST2
r1024821.fit  4.92  1.62 0.030    84.5 from   1 sources of TRTST2
r1024822.fit  4.67  1.54 0.038    84.1 from   1 sources of TRTST2
r1024823.fit  5.90  1.95 0.025    83.8 from   1 sources of TRTST2
r1024824.fit  4.94  1.63 0.015    84.4 from   1 sources of TRTST2
r1024825.fit  5.24  1.73 0.092    84.1 from   1 sources of TRTST2
r1024826.fit  4.26  1.41 0.039    84.3 from   1 sources of TRTST2
r1024827.fit  5.09  1.68 0.080    82.3 from   1 sources of TRTST2
r1024828.fit  4.26  1.41 0.031    84.4 from   1 sources of TRTST2
r1024829.fit  5.12  1.69 0.029    84.4 from   1 sources of TRTST2
r1024830.fit  4.23  1.40 0.054    84.3 from   1 sources of TRTST2
r1024831.fit  5.32  1.76 0.047    84.2 from   1 sources of TRTST2
r1024832.fit  4.08  1.35 0.071    84.1 from   1 sources of TRTST2
r1024833.fit  4.30  1.42 0.017    84.1 from   1 sources of TRTST2
r1024834.fit  5.15  1.70 0.036    84.1 from   1 sources of TRTST2
r1024835.fit  4.77  1.57 0.008    84.2 from   1 sources of TRTST2
r1024836.fit  4.25  1.40 0.022    84.0 from   1 sources of TRTST2
r1024837.fit  4.27  1.41 0.010    84.1 from   1 sources of TRTST2
r1024838.fit  3.69  1.22 0.009    84.3 from   1 sources of TRTST2
r1024839.fit  3.91  1.29 0.028    83.7 from   1 sources of TRTST2
r1024840.fit  5.43  1.79 0.030    84.2 from   1 sources of TRTST2
r1024841.fit  4.76  1.57 0.036    84.1 from   1 sources of TRTST2
r1024842.fit  5.32  1.76 0.048    84.2 from   1 sources of TRTST2
r1024843.fit  5.10  1.68 0.073    84.2 from   1 sources of TRTST2
r1024844.fit  4.30  1.42 0.035    83.8 from   1 sources of TRTST2
r1024845.fit  4.43  1.46 0.042    84.0 from   1 sources of TRTST2
r1024846.fit  3.96  1.31 0.040    83.8 from   1 sources of TRTST2
r1024847.fit  4.30  1.42 0.053    83.8 from   1 sources of TRTST2
r1024848.fit  4.44  1.47 0.072    83.6 from   1 sources of TRTST2
r1024849.fit  4.52  1.49 0.033    83.8 from   1 sources of TRTST2
r1024850.fit  4.52  1.49 0.049    85.5 from   1 sources of TRTST2
r1024851.fit  4.53  1.49 0.004    81.9 from   1 sources of TRTST2
r1024852.fit  4.55  1.50 0.084    83.8 from   1 sources of TRTST2
r1024853.fit  3.92  1.29 0.047    83.8 from   1 sources of TRTST2
r1024854.fit  3.75  1.24 0.025    83.9 from   1 sources of TRTST2
r1024855.fit  4.56  1.50 0.056    83.9 from   1 sources of TRTST2
r1024856.fit  4.81  1.59 0.079    83.7 from   1 sources of TRTST2
r1024857.fit  4.39  1.45 0.029    83.9 from   1 sources of TRTST2
r1024858.fit  5.29  1.75 0.036    85.4 from   1 sources of TRTST2
r1024859.fit  5.08  1.68 0.024    84.5 from   1 sources of TRTST2
r1024860.fit  4.97  1.64 0.051    85.2 from   1 sources of TRTST2
r1024861.fit  5.47  1.81 0.024    84.0 from   1 sources of TRTST2
r1024862.fit  5.14  1.70 0.025    83.9 from   1 sources of TRTST2
r1024863.fit  4.88  1.61 0.037    84.1 from   1 sources of TRTST2
r1024864.fit  5.07  1.67 0.025    84.0 from   1 sources of TRTST2
r1024865.fit  5.66  1.87 0.070    84.1 from   1 sources of TRTST2
r1024866.fit  4.49  1.48 0.092    84.2 from   1 sources of TRTST2
r1024867.fit  4.33  1.43 0.032    84.1 from   1 sources of TRTST2
r1024868.fit  4.88  1.61 0.073    82.1 from   1 sources of TRTST2
r1024869.fit  6.24  2.06 0.045    84.0 from   1 sources of TRTST2
r1024870.fit  4.90  1.62 0.033    84.0 from   1 sources of TRTST2
r1024871.fit  4.08  1.35 0.084    84.0 from   1 sources of TRTST2
r1024872.fit  4.15  1.37 0.016    84.1 from   1 sources of TRTST2
r1024873.fit  4.53  1.49 0.031    84.1 from   1 sources of TRTST2
r1024874.fit  4.28  1.41 0.038    84.0 from   1 sources of TRTST2
r1024875.fit  4.45  1.47 0.049    83.9 from   1 sources of TRTST2
r1024876.fit  4.19  1.38 0.045    83.9 from   1 sources of TRTST2
r1024877.fit  3.62  1.19 0.026    83.9 from   1 sources of TRTST2
r1024878.fit  3.74  1.23 0.053    84.0 from   1 sources of TRTST2
r1024879.fit  4.44  1.47 0.038    83.9 from   1 sources of TRTST2
r1024880.fit  4.75  1.57 0.067    84.2 from   1 sources of TRTST2
r1024881.fit  4.30  1.42 0.041    84.1 from   1 sources of TRTST2
r1024882.fit  4.53  1.49 0.068    84.0 from   1 sources of TRTST2
r1024883.fit  4.57  1.51 0.076    84.0 from   1 sources of TRTST2
r1024884.fit  4.81  1.59 0.075    84.0 from   1 sources of TRTST2
r1024885.fit  4.06  1.34 0.045    84.1 from   1 sources of TRTST2
r1024886.fit  3.97  1.31 0.019    84.3 from   1 sources of TRTST2
r1024887.fit  4.56  1.50 0.038    84.2 from   1 sources of TRTST2
r1024888.fit  5.61  1.85 0.081    84.2 from   1 sources of TRTST2
r1024889.fit  5.42  1.79 0.023    84.1 from   1 sources of TRTST2
r1024890.fit  6.55  2.16 0.104    84.0 from   1 sources of TRTST2
r1024891.fit  6.78  2.24 0.063    84.0 from   1 sources of TRTST2
r1024892.fit  4.63  1.53 0.011    84.1 from   1 sources of TRTST2
r1024893.fit  4.33  1.43 0.074    82.0 from   1 sources of TRTST2
r1024898.fit is not a target (BIAS)
r1024899.fit  5.49  1.81 0.061    82.0 from  24 sources of G158-100 Ha
r1024900.fit  5.44  1.80 0.065   181.9 from  44 sources of G158-100 r
r1024901.fit  5.43  1.79 0.066   100.2 from  19 sources of G158-100 i
r1024902.fit  5.25  1.73 0.046    62.4 from  15 sources of SA92-347 Ha
r1024903.fit  4.51  1.49 0.054   107.1 from  37 sources of SA92-347 r
r1024904.fit  4.13  1.36 0.032    77.0 from  17 sources of SA92-347 i
r1024905.fit  4.45  1.47 0.052    85.8 from  85 sources of intphas_7076 Ha
r1024906.fit  4.65  1.53 0.040   156.7 from 228 sources of intphas_7076 r
r1024907.fit  4.70  1.55 0.074   136.1 from 251 sources of intphas_7076 i
r1024908.fit  4.78  1.58 0.065    74.7 from 341 sources of intphas_7102 Ha
r1024909.fit  4.52  1.49 0.056   145.1 from 962 sources of intphas_7102 r
r1024910.fit  5.65  1.86 0.053   134.5 from 481 sources of intphas_7102 i
r1024911.fit  4.79  1.58 0.050    81.9 from 232 sources of intphas_7102o Ha
r1024912.fit  5.71  1.88 0.088   168.9 from 580 sources of intphas_7102o r
r1024913.fit  4.53  1.49 0.052   146.8 from 455 sources of intphas_7102o i
r1024914.fit  4.25  1.40 0.044    80.7 from  65 sources of intphas_7199 Ha
r1024915.fit  3.84  1.27 0.050   162.9 from 247 sources of intphas_7199 r
r1024916.fit  3.41  1.13 0.067   133.8 from 300 sources of intphas_7199 i
r1024917.fit  4.74  1.56 0.040    59.7 from  84 sources of intphas_0957o Ha
r1024918.fit  4.83  1.59 0.043   137.4 from 218 sources of intphas_0957o r
r1024919.fit  4.65  1.53 0.048   126.7 from 198 sources of intphas_0957o i
r1024920.fit  4.83  1.59 0.048    59.4 from  81 sources of intphas_0958 Ha
r1024921.fit  4.64  1.53 0.059   114.5 from 315 sources of intphas_0958 r
r1024922.fit  5.04  1.66 0.090    93.7 from 267 sources of intphas_0958 i
r1024923.fit  4.76  1.57 0.046    55.9 from  78 sources of intphas_0969 Ha
r1024924.fit  4.79  1.58 0.058    14.5 from 309 sources of intphas_0969 r
r1024925.fit  3.81  1.26 0.068    15.2 from 390 sources of intphas_0969 i
r1024926.fit  4.61  1.52 0.054    42.5 from 117 sources of intphas_0988 Ha
r1024927.fit  5.05  1.67 0.063    92.0 from 220 sources of intphas_0988 r
r1024928.fit  4.03  1.33 0.061   124.2 from 278 sources of intphas_0988 i
r1024929.fit  5.12  1.69 0.089    42.8 from  84 sources of intphas_0988o Ha
r1024930.fit  5.01  1.65 0.067   139.2 from 148 sources of intphas_0988o r
r1024931.fit  4.72  1.56 0.084   119.6 from 162 sources of intphas_0988o i
r1024932.fit  5.07  1.67 0.048    40.9 from  73 sources of intphas_0992 Ha
r1024933.fit  5.01  1.65 0.052   126.5 from 135 sources of intphas_0992 r
r1024934.fit  4.75  1.57 0.041   128.3 from  66 sources of intphas_0992 i
r1024935.fit  4.83  1.59 0.048    46.0 from  18 sources of intphas_0992o Ha
r1024936.fit  4.66  1.54 0.043   149.4 from 101 sources of intphas_0992o r
r1024937.fit  4.63  1.53 0.048    86.2 from  87 sources of intphas_0992o i
r1024938.fit  4.49  1.48 0.060    36.2 from  49 sources of intphas_0665 Ha
r1024939.fit  4.38  1.45 0.092    68.4 from 237 sources of intphas_0665 r
r1024940.fit  4.37  1.44 0.076    99.6 from 234 sources of intphas_0665 i
r1024941.fit  4.43  1.46 0.058    47.2 from  90 sources of intphas_0665o Ha
r1024942.fit  4.55  1.50 0.056   124.1 from 205 sources of intphas_0665o r
r1024943.fit  4.46  1.47 0.062   108.9 from 192 sources of intphas_0665o i
r1024944.fit  4.45  1.47 0.057    51.3 from 181 sources of intphas_0671 Ha
r1024945.fit  4.54  1.50 0.066   109.0 from 560 sources of intphas_0671 r
r1024946.fit  4.29  1.42 0.059    99.8 from 510 sources of intphas_0671 i
r1024947.fit  4.50  1.49 0.065    67.2 from 192 sources of intphas_0671o Ha
r1024948.fit  4.22  1.39 0.065   124.5 from 624 sources of intphas_0671o r
r1024949.fit  4.08  1.35 0.080   106.2 from 473 sources of intphas_0671o i
r1024950.fit  4.26  1.41 0.060    39.9 from 135 sources of intphas_0672 Ha
r1024951.fit  4.36  1.44 0.081   118.3 from 491 sources of intphas_0672 r
r1024952.fit  4.07  1.34 0.111   101.4 from 484 sources of intphas_0672 i
r1024953.fit  4.61  1.52 0.050    47.8 from 197 sources of intphas_0672o Ha
r1024954.fit  4.86  1.60 0.088   112.5 from 608 sources of intphas_0672o r
r1024955.fit  4.33  1.43 0.111   106.9 from 549 sources of intphas_0672o i
r1024956.fit is not a target (BIAS)
r1024957.fit  4.48  1.48 0.071    67.6 from 102 sources of intphas_0665 Ha
r1024958.fit  4.72  1.56 0.066   134.7 from 231 sources of intphas_0665 r
r1024959.fit  4.46  1.47 0.056   124.4 from 229 sources of intphas_0665 i
r1024960.fit  4.42  1.46 0.052    68.8 from  98 sources of intphas_0665o Ha
r1024961.fit  4.78  1.58 0.069   137.3 from 191 sources of intphas_0665o r
r1024962.fit  4.40  1.45 0.085   118.4 from 228 sources of intphas_0665o i
r1024963.fit  4.61  1.52 0.069    71.3 from  25 sources of G158-100 Ha
r1024964.fit  4.47  1.48 0.067   143.0 from  47 sources of G158-100 r
r1024965.fit  4.01  1.32 0.050    88.3 from  24 sources of G158-100 i
r1024966.fit  5.16  1.70 0.100    52.6 from  21 sources of ST_PG0231 Ha
r1024967.fit  5.21  1.72 0.027    72.1 from  26 sources of ST_PG0231 r
r1024968.fit  3.72  1.23 0.076    57.9 from  24 sources of ST_PG0231 i
r1024969.fit  5.41  1.79 0.102   168.4 from  26 sources of f1
r1024970.fit  5.22  1.72 0.106    -0.1 from  32 sources of f1
r1024971.fit  5.58  1.84 0.124    42.3 from  69 sources of f1
r1024972.fit  6.28  2.07 0.118    10.5 from  12 sources of f1
r1024973.fit  6.76  2.23 0.164    81.5 from  25 sources of f1
r1024974.fit  6.39  2.11 0.183    96.6 from  73 sources of f1
r1024975.fit  6.03  1.99 0.138    12.9 from  21 sources of f1
r1024976.fit  6.18  2.04 0.141    -1.6 from  24 sources of f1
r1024977.fit  6.39  2.11 0.117    68.6 from  49 sources of f1
r1024978.fit  4.27  1.41 0.109     0.4 from  44 sources of f1
r1024979.fit  5.88  1.94 0.123    84.3 from  90 sources of f1
r1024980.fit  6.00  1.98 0.124     1.1 from  26 sources of f1
r1024981.fit  5.93  1.96 0.084     3.3 from  24 sources of f1
r1024982.fit  5.24  1.73 0.144    67.3 from  72 sources of f1
r1024983.fit  5.77  1.90 0.101    -1.9 from  26 sources of f1
r1024984.fit  6.54  2.16 0.115    38.2 from  70 sources of f1
r1024985.fit  5.48  1.81 0.062    -4.2 from  28 sources of f2
r1024986.fit  6.04  1.99 0.096    37.3 from  75 sources of f2
r1024987.fit  7.73  2.55 0.093    22.8 from  11 sources of f2
r1024988.fit  7.58  2.50 0.111    65.6 from  23 sources of f2
r1024989.fit  5.75  1.90 0.050    22.1 from  21 sources of f2
r1024990.fit  6.21  2.05 0.118   123.1 from  72 sources of f2
r1024991.fit  6.99  2.31 0.070     9.8 from  19 sources of f2
r1024992.fit  6.79  2.24 0.080    74.8 from  54 sources of f2
r1024993.fit  5.54  1.83 0.112    12.1 from  55 sources of f2
r1024994.fit  5.71  1.88 0.070    63.0 from  96 sources of f2
r1024995.fit  5.31  1.75 0.067    17.5 from  41 sources of f2
r1024996.fit  5.58  1.84 0.086    66.8 from  75 sources of f2
r1024997.fit  5.12  1.69 0.056    -4.2 from  33 sources of f2
r1024998.fit  5.81  1.92 0.111    35.5 from  78 sources of f2
r1024999.fit  6.23  2.06 0.072    -1.6 from  24 sources of f3
r1025000.fit  5.27  1.74 0.075    31.9 from  75 sources of f3
r1025001.fit  6.30  2.08 0.083    13.4 from  11 sources of f3
r1025002.fit  6.18  2.04 0.102    84.8 from  30 sources of f3
r1025003.fit  5.18  1.71 0.088    12.2 from  26 sources of f3
r1025004.fit  5.71  1.88 0.122   107.1 from  81 sources of f3
r1025005.fit  5.12  1.69 0.087    -3.4 from  28 sources of f3
r1025006.fit  5.44  1.80 0.094    61.8 from  65 sources of f3
r1025007.fit  4.39  1.45 0.082     7.8 from  55 sources of f3
r1025008.fit  5.08  1.68 0.106    62.6 from 115 sources of f3
r1025009.fit  4.93  1.63 0.129     4.4 from  40 sources of f3
r1025010.fit  4.76  1.57 0.056    63.9 from  74 sources of f3
r1025011.fit  4.41  1.46 0.068    -4.9 from  39 sources of f3
r1025012.fit  4.58  1.51 0.076    27.0 from  79 sources of f3
r1025013.fit  4.76  1.57 0.048    -4.4 from  32 sources of f1
r1025014.fit  4.90  1.62 0.063    27.7 from  73 sources of f1
r1025015.fit  5.71  1.88 0.049    13.6 from  12 sources of f1
r1025016.fit  5.94  1.96 0.071    83.9 from  27 sources of f1
r1025017.fit  4.60  1.52 0.077     7.1 from  21 sources of f1
r1025018.fit  5.47  1.81 0.066    74.7 from  79 sources of f1
r1025019.fit  4.97  1.64 0.114    -4.2 from  22 sources of f1
r1025020.fit  5.48  1.81 0.066    47.8 from  49 sources of f1
r1025021.fit  4.81  1.59 0.059    -0.4 from  46 sources of f1
r1025022.fit  4.39  1.45 0.045    40.6 from  99 sources of f1
r1025023.fit  4.11  1.36 0.061     0.7 from  35 sources of f1
r1025024.fit  8.59  2.83 0.043    47.9 from  41 sources of f1
r1025025.fit  4.01  1.32 0.035    -7.1 from  29 sources of f1
r1025026.fit  4.97  1.64 0.055    20.5 from  73 sources of f1
r1025027.fit  5.06  1.67 0.037    -4.7 from  21 sources of f2
r1025028.fit  4.96  1.64 0.051    22.0 from  73 sources of f2
r1025029.fit  7.39  2.44 0.158    17.1 from  12 sources of f2
r1025030.fit  5.93  1.96 0.044    40.2 from  22 sources of f2
r1025031.fit  4.27  1.41 0.054    29.9 from  21 sources of f2
r1025032.fit  5.02  1.66 0.072    77.5 from  68 sources of f2
r1025033.fit  6.10  2.01 0.106     1.6 from  18 sources of f2
r1025034.fit  5.22  1.72 0.043    36.4 from  51 sources of f2
r1025035.fit  3.54  1.17 0.073    -3.4 from  30 sources of f2
r1025036.fit  4.39  1.45 0.056    28.9 from  85 sources of f2
r1025037.fit  4.55  1.50 0.051    10.6 from  31 sources of f2
r1025038.fit  4.35  1.44 0.048    32.7 from  64 sources of f2
r1025039.fit  3.94  1.30 0.068    -1.5 from  21 sources of f2
r1025040.fit  4.32  1.43 0.060    16.2 from  72 sources of f2
r1025041.fit  4.06  1.34 0.087    -3.1 from  19 sources of f3
r1025042.fit  4.36  1.44 0.078    11.3 from  64 sources of f3
r1025043.fit  4.84  1.60 0.086     5.4 from  15 sources of f3
r1025044.fit  5.10  1.68 0.091    31.4 from  23 sources of f3
r1025045.fit  4.16  1.37 0.120    15.9 from  17 sources of f3
r1025047.fit  4.30  1.42 0.149    10.4 from   4 sources of f2
r1025048.fit -3.90 -1.29 0.194     4.3 from   9 sources of f2
r1025049.fit  0.73  0.24 0.075     9.5 from   5 sources of f2
r1025050.fit  0.49  0.16 0.195    -0.6 from   9 sources of f2
r1025051.fit  0.71  0.23 0.082    11.6 from   5 sources of f2
r1025052.fit  4.33  1.43 0.258     8.2 from  11 sources of f2
r1025053.fit  4.41  1.46 0.115     5.1 from  44 sources of f3
r1025054.fit  4.12  1.36 0.094    39.3 from 114 sources of f3
r1025055.fit  4.57  1.51 0.120    19.1 from  16 sources of f3
r1025056.fit  5.06  1.67 0.122   108.9 from  35 sources of f3
r1025057.fit  4.11  1.36 0.089     7.4 from  41 sources of f3
r1025058.fit  4.51  1.49 0.121   118.3 from 111 sources of f3
r1025059.fit  4.12  1.36 0.092     2.7 from  34 sources of f3
r1025060.fit  4.67  1.54 0.115    72.4 from  78 sources of f3
r1025061.fit  4.51  1.49 0.091     6.5 from  46 sources of f3
r1025062.fit  4.86  1.60 0.123    64.8 from 128 sources of f3
r1025063.fit  5.26  1.74 0.156    15.8 from  43 sources of f3
r1025064.fit  4.22  1.39 0.081    71.0 from 103 sources of f3
r1025065.fit  4.52  1.49 0.119     5.2 from  44 sources of f3
r1025066.fit  4.54  1.50 0.105    38.0 from  88 sources of f3
r1025067.fit  4.09  1.35 0.077     6.8 from  40 sources of f1
r1025068.fit  4.36  1.44 0.087    36.1 from  87 sources of f1
r1025069.fit  5.22  1.72 0.078    25.2 from  15 sources of f1
r1025070.fit  4.79  1.58 0.106   138.0 from  33 sources of f1
r1025071.fit  3.59  1.18 0.121    14.2 from  34 sources of f1
r1025072.fit  4.66  1.54 0.076   113.0 from  98 sources of f1
r1025073.fit  4.77  1.57 0.079     7.0 from  26 sources of f1
r1025074.fit  4.25  1.40 0.083    68.2 from  74 sources of f1
r1025075.fit  3.77  1.24 0.127     7.5 from  55 sources of f1
r1025076.fit  4.17  1.38 0.086    67.5 from 138 sources of f1
r1025077.fit  5.11  1.69 0.052    14.4 from  37 sources of f1
r1025078.fit  4.54  1.50 0.093    67.3 from  87 sources of f1
r1025079.fit  4.04  1.33 0.091     6.0 from  40 sources of f1
r1025080.fit  4.04  1.33 0.083    42.8 from  96 sources of f1
r1025081.fit  3.96  1.31 0.113     4.2 from  53 sources of f2
r1025082.fit  4.58  1.51 0.092    34.6 from  98 sources of f2
r1025083.fit  5.01  1.65 0.065    12.7 from  18 sources of f2
r1025084.fit  4.96  1.64 0.080   142.1 from  35 sources of f2
r1025085.fit  3.46  1.14 0.047    21.3 from  44 sources of f2
r1025086.fit  4.03  1.33 0.113   112.7 from 110 sources of f2
r1025087.fit  3.69  1.22 0.063    18.0 from  37 sources of f2
r1025088.fit  4.09  1.35 0.070    75.4 from  80 sources of f2
r1025089.fit  4.07  1.34 0.055     7.6 from  55 sources of f2
r1025090.fit  3.86  1.27 0.097    65.0 from 175 sources of f2
r1025091.fit  4.35  1.44 0.067    24.6 from  53 sources of f2
r1025092.fit  3.88  1.28 0.044    71.0 from  96 sources of f2
r1025093.fit  3.67  1.21 0.082     3.3 from  51 sources of f2
r1025094.fit  4.45  1.47 0.072    36.3 from  95 sources of f2
r1025095.fit  3.54  1.17 0.053     3.6 from  44 sources of f3
r1025096.fit  4.55  1.50 0.078    38.1 from  88 sources of f3
r1025097.fit  4.71  1.55 0.066    14.9 from  14 sources of f3
r1025098.fit  5.60  1.85 0.108   105.7 from  34 sources of f3
r1025099.fit  3.93  1.30 0.054     5.9 from  40 sources of f3
r1025100.fit  4.09  1.35 0.118   114.6 from 106 sources of f3
r1025101.fit  3.88  1.28 0.036     5.8 from  40 sources of f3
r1025102.fit  4.36  1.44 0.097    72.2 from  82 sources of f3
r1025103.fit  3.24  1.07 0.091     7.0 from  56 sources of f3
r1025104.fit  3.52  1.16 0.073    60.9 from 179 sources of f3
r1025105.fit  3.90  1.29 0.113    13.5 from  53 sources of f3
r1025106.fit  3.86  1.27 0.087    69.8 from 106 sources of f3
r1025107.fit  3.50  1.16 0.071     2.6 from  48 sources of f3
r1025108.fit  4.56  1.50 0.123    37.3 from  95 sources of f3
r1025109.fit  3.67  1.21 0.112     3.8 from  41 sources of f1
r1025110.fit  4.08  1.35 0.093    37.9 from  96 sources of f1
r1025111.fit  4.76  1.57 0.084    23.8 from  16 sources of f1
r1025112.fit  4.98  1.64 0.101   132.6 from  33 sources of f1
r1025113.fit  3.39  1.12 0.090    51.7 from  38 sources of f1
r1025114.fit  4.25  1.40 0.101   135.6 from 103 sources of f1
r1025115.fit  4.54  1.50 0.103    44.3 from  29 sources of f1
r1025116.fit  4.29  1.42 0.060    99.5 from  77 sources of f1
r1025117.fit  3.71  1.22 0.079    44.0 from  49 sources of f1
r1025118.fit  3.52  1.16 0.063    98.7 from 186 sources of f1
r1025119.fit  3.87  1.28 0.047    53.1 from  48 sources of f1
r1025120.fit  4.39  1.45 0.032    96.2 from  87 sources of f1
r1025121.fit  3.26  1.08 0.068    35.9 from  47 sources of f1
r1025122.fit  4.03  1.33 0.096    70.0 from 104 sources of f1
r1025123.fit  3.15  1.04 0.078    41.0 from  57 sources of f2
r1025124.fit  3.39  1.12 0.082    66.6 from 126 sources of f2
r1025125.fit  4.16  1.37 0.054    50.4 from  18 sources of f2
r1025126.fit  4.57  1.51 0.072   130.5 from  35 sources of f2
r1025127.fit  3.25  1.07 0.053    56.3 from  52 sources of f2
r1025128.fit  4.19  1.38 0.133   158.2 from 100 sources of f2
r1025129.fit  4.08  1.35 0.076    46.8 from  38 sources of f2
r1025130.fit  4.15  1.37 0.079   103.4 from  76 sources of f2
r1025131.fit  2.73  0.90 0.048    43.2 from  72 sources of f2
r1025132.fit  3.49  1.15 0.069    95.7 from 192 sources of f2
r1025133.fit  3.51  1.16 0.043    57.8 from  58 sources of f2
r1025134.fit  3.74  1.23 0.067   102.2 from 101 sources of f2
r1025135.fit  2.96  0.98 0.077    41.1 from  58 sources of f2
r1025136.fit  3.69  1.22 0.125    70.3 from 115 sources of f2
r1025137.fit  3.34  1.10 0.105    38.4 from  51 sources of f3
r1025138.fit  3.82  1.26 0.111    72.0 from 119 sources of f3
r1025139.fit  3.84  1.27 0.072    53.7 from  19 sources of f3
r1025140.fit  4.34  1.43 0.063   148.2 from  42 sources of f3
r1025141.fit  3.98  1.31 0.033    48.2 from  36 sources of f3
r1025142.fit  3.67  1.21 0.094   161.8 from 134 sources of f3
r1025143.fit  3.67  1.21 0.099    48.6 from  39 sources of f3
r1025144.fit  3.95  1.30 0.082   105.4 from  94 sources of f3
r1025145.fit  3.24  1.07 0.042    50.9 from  62 sources of f3
r1025146.fit  2.87  0.95 0.069    91.1 from 231 sources of f3
r1025147.fit  3.34  1.10 0.054    54.8 from  57 sources of f3
r1025148.fit  3.37  1.11 0.094   107.0 from 114 sources of f3
r1025149.fit  3.32  1.10 0.072    41.4 from  52 sources of f3
r1025150.fit  3.60  1.19 0.091    72.0 from 120 sources of f3
r1025151.fit  3.36  1.11 0.050    43.4 from  48 sources of f1
r1025152.fit  3.83  1.26 0.077    74.2 from 105 sources of f1
r1025153.fit  4.30  1.42 0.077    49.3 from  15 sources of f1
r1025154.fit  4.22  1.39 0.055   158.2 from  39 sources of f1
r1025155.fit  3.83  1.26 0.105    54.6 from  35 sources of f1
r1025156.fit  4.01  1.32 0.152   130.3 from 106 sources of f1
r1025157.fit  3.58  1.18 0.050    42.4 from  31 sources of f1
r1025158.fit  3.73  1.23 0.059    91.7 from  93 sources of f1
r1025159.fit  2.74  0.90 0.056    45.6 from  56 sources of f1
r1025160.fit  2.79  0.92 0.066    83.2 from 256 sources of f1
r1025161.fit  4.03  1.33 0.124    57.0 from  48 sources of f1
r1025162.fit  3.47  1.15 0.052    79.8 from 105 sources of f1
r1025163.fit  3.14  1.04 0.052    43.1 from  42 sources of f1
r1025164.fit  4.09  1.35 0.085    73.0 from  94 sources of f1
r1025165.fit  3.20  1.06 0.061    42.4 from  53 sources of f2
r1025166.fit  4.04  1.33 0.044    73.2 from  94 sources of f2
r1025167.fit  4.80  1.58 0.038    53.0 from  14 sources of f2
r1025168.fit  4.26  1.41 0.082   127.7 from  38 sources of f2
r1025169.fit  3.64  1.20 0.054    56.8 from  37 sources of f2
r1025170.fit  4.87  1.61 0.095   160.4 from  84 sources of f2
r1025171.fit  4.39  1.45 0.057    40.7 from  39 sources of f2
r1025172.fit  3.98  1.31 0.072    99.4 from  77 sources of f2
r1025173.fit  3.32  1.10 0.047    47.2 from  56 sources of f2
r1025174.fit  4.74  1.56 0.091    96.5 from 119 sources of f2
r1025175.fit  3.99  1.32 0.093    52.9 from  54 sources of f2
r1025176.fit  3.35  1.11 0.063   101.8 from 114 sources of f2
r1025177.fit  3.31  1.09 0.066    40.9 from  49 sources of f2
r1025178.fit  3.58  1.18 0.095    69.8 from 107 sources of f2
r1025179.fit  3.08  1.02 0.055    42.0 from  51 sources of f3
r1025180.fit  4.18  1.38 0.048    71.6 from  94 sources of f3
r1025181.fit  4.09  1.35 0.073    47.5 from  15 sources of f3
r1025182.fit  4.57  1.51 0.046   142.2 from  34 sources of f3
r1025183.fit  3.70  1.22 0.057    53.8 from  37 sources of f3
r1025184.fit  4.01  1.32 0.101   202.2 from  97 sources of f3
r1025185.fit  4.08  1.35 0.069    46.0 from  35 sources of f3
r1025186.fit  4.35  1.44 0.070   104.8 from  79 sources of f3
r1025187.fit  2.75  0.91 0.074    45.5 from  67 sources of f3
r1025188.fit  3.21  1.06 0.055   101.6 from 181 sources of f3
r1025189.fit  3.41  1.13 0.066    55.7 from  59 sources of f3
r1025190.fit  3.69  1.22 0.066   105.3 from 102 sources of f3
r1025191.fit  3.38  1.12 0.049    41.4 from  49 sources of f3
r1025192.fit  4.32  1.43 0.119    70.8 from  92 sources of f3
r1025193.fit  3.17  1.05 0.050    42.7 from  41 sources of f1
r1025194.fit  3.79  1.25 0.100    73.1 from 101 sources of f1
r1025195.fit  4.28  1.41 0.046    46.4 from  17 sources of f1
r1025196.fit  4.52  1.49 0.078   151.4 from  34 sources of f1
r1025197.fit  4.06  1.34 0.052    53.8 from  31 sources of f1
r1025198.fit  4.40  1.45 0.127   136.2 from  87 sources of f1
r1025199.fit  4.41  1.46 0.080    47.3 from  31 sources of f1
r1025200.fit  4.42  1.46 0.103   103.7 from  78 sources of f1
r1025201.fit  2.75  0.91 0.056    45.6 from  61 sources of f1
r1025202.fit  3.39  1.12 0.059   106.4 from 178 sources of f1
r1025203.fit  4.32  1.43 0.092    53.8 from  46 sources of f1
r1025204.fit  3.75  1.24 0.055    95.2 from 105 sources of f1
r1025205.fit  4.13  1.36 0.065    42.9 from  38 sources of f1
r1025206.fit  4.42  1.46 0.131    72.3 from  93 sources of f1
r1025207.fit  3.72  1.23 0.051    40.7 from  42 sources of f2
r1025208.fit  4.23  1.40 0.080    67.8 from  97 sources of f2
r1025209.fit  4.27  1.41 0.031    43.9 from  17 sources of f2
r1025210.fit  4.64  1.53 0.063   121.9 from  34 sources of f2
r1025211.fit  3.74  1.23 0.052    54.6 from  40 sources of f2
r1025212.fit  4.94  1.63 0.089   154.1 from 103 sources of f2
r1025213.fit  4.87  1.61 0.124    43.2 from  32 sources of f2
r1025214.fit  4.97  1.64 0.064   100.5 from  73 sources of f2
r1025215.fit  3.44  1.14 0.053    46.8 from  53 sources of f2
r1025216.fit  4.59  1.51 0.061    98.9 from 125 sources of f2
r1025217.fit  4.27  1.41 0.104    53.7 from  53 sources of f2
r1025218.fit  3.88  1.28 0.085   100.6 from  92 sources of f2
r1025219.fit  3.69  1.22 0.055    41.9 from  44 sources of f2
r1025220.fit  4.42  1.46 0.068    71.1 from  96 sources of f2
r1025221.fit  3.98  1.31 0.048    42.2 from  41 sources of f3
r1025222.fit  4.28  1.41 0.057    71.4 from  96 sources of f3
r1025223.fit  4.81  1.59 0.067    52.6 from  12 sources of f3
r1025224.fit  4.63  1.53 0.065   139.6 from  41 sources of f3
r1025225.fit  4.15  1.37 0.086    56.8 from  35 sources of f3
r1025226.fit  4.93  1.63 0.071   162.6 from  90 sources of f3
r1025227.fit  4.28  1.41 0.045    46.7 from  34 sources of f3
r1025228.fit  5.18  1.71 0.063   108.3 from  75 sources of f3
r1025229.fit  4.01  1.32 0.081    47.9 from  52 sources of f3
r1025230.fit  3.65  1.20 0.064   113.3 from 178 sources of f3
r1025231.fit  4.83  1.59 0.070    58.3 from  42 sources of f3
r1025232.fit  5.46  1.80 0.053   116.2 from  81 sources of f3
r1025233.fit  4.85  1.60 0.058    44.7 from  38 sources of f3
r1025234.fit  4.80  1.58 0.052    89.8 from  88 sources of f3
r1025235.fit is not a target (BIAS)
r1025236.fit is not a target (BIAS)
r1025237.fit is not a target (BIAS)
r1025238.fit is not a target (BIAS)
r1025239.fit is not a target (BIAS)
r1025240.fit is not a target (SKY)
r1025242.fit is not a target (SKY)
r1025243.fit is not a target (SKY)
r1025244.fit is not a target (SKY)
r1025245.fit is not a target (SKY)
r1025246.fit is not a target (SKY)
r1025247.fit is not a target (SKY)
r1025248.fit is not a target (SKY)
r1025249.fit is not a target (SKY)
r1025251.fit is not a target (SKY)
r1025252.fit is not a target (SKY)
