r1012457.fit is not a target (SKY)
r1012458.fit is not a target (SKY)
r1012459.fit is not a target (SKY)
r1012460.fit is not a target (SKY)
r1012461.fit is not a target (SKY)
r1012462.fit is not a target (SKY)
r1012463.fit is not a target (SKY)
r1012464.fit is not a target (SKY)
r1012465.fit is not a target (SKY)
r1012466.fit is not a target (SKY)
r1012467.fit is not a target (SKY)
r1012468.fit is not a target (SKY)
r1012469.fit is not a target (SKY)
r1012470.fit is not a target (SKY)
r1012471.fit is not a target (SKY)
r1012472.fit is not a target (SKY)
r1012473.fit is not a target (FOCUS)
r1012474.fit  6.77  2.23 0.109   107.7 from  50 sources of SA110-246 i
r1012475.fit  6.11  2.02 0.095    97.1 from  20 sources of SA110-246 g
r1012476.fit  5.29  1.75 0.098    71.2 from  11 sources of SA110-246 U
r1012477.fit  6.95  2.29 0.089    55.7 from  21 sources of SA110-246 r
r1012478.fit  5.65  1.86 0.175    33.8 from  33 sources of SA110-246 Ha
r1012479.fit  6.11  2.02 0.090    68.8 from  41 sources of intphas_4084 Ha
r1012480.fit  6.18  2.04 0.079   160.6 from  80 sources of intphas_4084 r
r1012481.fit  6.97  2.30 0.118   122.8 from 200 sources of intphas_4084 i
r1012482.fit  6.99  2.31 0.079    99.5 from 112 sources of PTFS1118M
r1012483.fit  6.53  2.15 0.107    59.3 from 200 sources of intphas_4425 Ha
r1012484.fit  7.09  2.34 0.115   147.5 from 646 sources of intphas_4425 r
r1012485.fit  7.27  2.40 0.116   115.2 from 659 sources of intphas_4425 i
r1012486.fit  6.24  2.06 0.101    56.9 from 184 sources of intphas_4425o Ha
r1012487.fit  6.66  2.20 0.145   122.9 from 822 sources of intphas_4425o r
r1012488.fit  6.61  2.18 0.120   104.8 from 823 sources of intphas_4425o i
r1012489.fit  6.12  2.02 0.177    64.9 from 264 sources of intphas_4498 Ha
r1012490.fit  5.91  1.95 0.126   137.9 from 1004 sources of intphas_4498 r
r1012491.fit  6.58  2.17 0.157   102.7 from 1207 sources of intphas_4498 i
r1012492.fit  5.82  1.92 0.112    60.2 from 271 sources of intphas_4498o Ha
r1012493.fit  6.75  2.23 0.116   137.3 from 870 sources of intphas_4498o r
r1012494.fit  6.37  2.10 0.119   101.3 from 1028 sources of intphas_4498o i
r1012495.fit  6.93  2.29 0.218    73.6 from 180 sources of intphas_4522 Ha
r1012496.fit  6.30  2.08 0.162   127.8 from 800 sources of intphas_4522 r
r1012497.fit  6.31  2.08 0.157   116.8 from 1023 sources of intphas_4522 i
r1012498.fit  5.00  1.65 0.088    70.9 from 266 sources of intphas_4522o Ha
r1012499.fit  5.48  1.81 0.138   147.6 from 992 sources of intphas_4522o r
r1012500.fit  5.96  1.97 0.153    95.9 from 1045 sources of intphas_4522o i
r1012501.fit  5.12  1.69 0.151    52.5 from 567 sources of intphas_4536 Ha
r1012502.fit  5.85  1.93 0.175   123.8 from 1431 sources of intphas_4536 r
r1012503.fit  7.22  2.38 0.173   101.4 from 1765 sources of intphas_4536 i
r1012504.fit  6.22  2.05 0.129    73.2 from 421 sources of intphas_4536o Ha
r1012505.fit  6.86  2.26 0.186    43.6 from 1180 sources of intphas_4536o r
r1012506.fit  6.50  2.15 0.140    40.4 from 1720 sources of intphas_4536o i
r1012507.fit  5.80  1.91 0.100    65.2 from 106 sources of intphas_4549 Ha
r1012508.fit  5.78  1.91 0.097   119.9 from 216 sources of intphas_4549 r
r1012509.fit  6.15  2.03 0.116   104.8 from 306 sources of intphas_4549 i
r1012510.fit  5.82  1.92 0.128    62.3 from 113 sources of intphas_4549o Ha
r1012511.fit  5.61  1.85 0.134   130.1 from 253 sources of intphas_4549o r
r1012512.fit  6.24  2.06 0.143   102.3 from 338 sources of intphas_4549o i
r1012513.fit  5.29  1.75 0.208    49.4 from 396 sources of intphas_4580 Ha
r1012514.fit  5.31  1.75 0.141    89.0 from 1276 sources of intphas_4580 r
r1012515.fit  5.74  1.89 0.139    74.1 from 1459 sources of intphas_4580 i
r1012516.fit  5.34  1.76 0.158    69.0 from 411 sources of intphas_4580o Ha
r1012517.fit  7.11  2.35 0.248   103.8 from 929 sources of intphas_4580o r
r1012518.fit  7.06  2.33 0.191    89.3 from 1144 sources of intphas_4580o i
r1012519.fit  6.45  2.13 0.265    69.6 from 284 sources of intphas_4613 Ha
r1012520.fit  5.94  1.96 0.162    77.9 from 1266 sources of intphas_4613 r
r1012521.fit  5.60  1.85 0.141    68.9 from 1139 sources of intphas_4613 i
r1012522.fit  5.12  1.69 0.149    58.7 from 413 sources of intphas_4613o Ha
r1012523.fit  5.90  1.95 0.174    64.3 from 1365 sources of intphas_4613o r
r1012524.fit  5.54  1.83 0.164   111.7 from 1325 sources of intphas_4613o i
r1012525.fit  5.31  1.75 0.139    64.5 from 318 sources of intphas_4618o Ha
r1012526.fit  5.75  1.90 0.156    96.1 from 1130 sources of intphas_4618o r
r1012527.fit  6.75  2.23 0.156    81.6 from 1327 sources of intphas_4618o i
r1012528.fit  6.62  2.18 0.151    89.1 from 138 sources of SA112-250 i
r1012529.fit  5.64  1.86 0.106    28.6 from  33 sources of SA112-250 g
r1012530.fit  6.82  2.25 0.229    31.9 from  12 sources of SA112-250 U
r1012531.fit  6.15  2.03 0.127    33.5 from  40 sources of SA112-250 r
r1012532.fit  5.58  1.84 0.103    39.5 from  78 sources of SA112-250 Ha
r1012533.fit  5.35  1.77 0.144    61.4 from 347 sources of intphas_4684 Ha
r1012534.fit  5.22  1.72 0.162    31.1 from 1186 sources of intphas_4684 r
r1012535.fit  5.46  1.80 0.140    31.0 from 1075 sources of intphas_4684 i
r1012536.fit  5.29  1.75 0.152    57.4 from 372 sources of intphas_4684o Ha
r1012537.fit  5.87  1.94 0.169   127.5 from 1162 sources of intphas_4684o r
r1012538.fit  4.65  1.53 0.125   117.8 from 1276 sources of intphas_4684o i
r1012539.fit  6.65  2.19 0.275    60.3 from 215 sources of intphas_4755o Ha
r1012540.fit  5.07  1.67 0.131    44.2 from 774 sources of intphas_4755o r
r1012541.fit  6.07  2.00 0.184   108.4 from 773 sources of intphas_4755o i
r1012542.fit  4.83  1.59 0.097    59.5 from 148 sources of intphas_4773 Ha
r1012543.fit  4.93  1.63 0.131   101.7 from 366 sources of intphas_4773 r
r1012544.fit  4.69  1.55 0.103   105.3 from 546 sources of intphas_4773 i
r1012545.fit  4.74  1.56 0.119    44.3 from 158 sources of intphas_4773o Ha
r1012546.fit  5.06  1.67 0.123   107.2 from 382 sources of intphas_4773o r
r1012547.fit  4.21  1.39 0.120   109.0 from 580 sources of intphas_4773o i
r1012548.fit  5.90  1.95 0.123    60.9 from 145 sources of intphas_6782 Ha
r1012549.fit  6.13  2.02 0.167    60.7 from 426 sources of intphas_6782 r
r1012550.fit  6.22  2.05 0.169    59.5 from 437 sources of intphas_6782 i
r1012551.fit  5.14  1.70 0.151   216.5 from 140 sources of intphas_6782o Ha
r1012552.fit  5.72  1.89 0.172   254.7 from 375 sources of intphas_6782o r
r1012553.fit  6.16  2.03 0.149   252.6 from 420 sources of intphas_6782o i
r1012554.fit  5.12  1.69 0.136   191.8 from 189 sources of intphas_6788 Ha
r1012555.fit  6.00  1.98 0.145   266.9 from 382 sources of intphas_6788 r
r1012556.fit  5.74  1.89 0.152   191.6 from 406 sources of intphas_6788 i
r1012557.fit  4.92  1.62 0.123   213.3 from 248 sources of intphas_6789 Ha
r1012558.fit  5.85  1.93 0.168   245.2 from 529 sources of intphas_6789 r
r1012559.fit  5.57  1.84 0.151   259.0 from 626 sources of intphas_6789 i
r1012560.fit  5.14  1.70 0.161   214.7 from 205 sources of intphas_6789o Ha
r1012561.fit  5.22  1.72 0.126   261.5 from 650 sources of intphas_6789o r
r1012562.fit  5.45  1.80 0.130   265.2 from 600 sources of intphas_6789o i
r1012563.fit  4.89  1.61 0.105   229.5 from 163 sources of intphas_6793 Ha
r1012564.fit  5.31  1.75 0.124   271.0 from 381 sources of intphas_6793 r
r1012565.fit  7.27  2.40 0.159   268.3 from 389 sources of intphas_6793 i
r1012566.fit  5.77  1.90 0.201   228.4 from 134 sources of intphas_6793o Ha
r1012567.fit  6.54  2.16 0.149   267.6 from 336 sources of intphas_6793o r
r1012568.fit  6.85  2.26 0.147   254.5 from 342 sources of intphas_6793o i
r1012569.fit  5.71  1.88 0.134   212.7 from 144 sources of intphas_6797 Ha
r1012570.fit  5.58  1.84 0.096   254.5 from 340 sources of intphas_6797 r
r1012571.fit  7.52  2.48 0.181   261.6 from 206 sources of intphas_6797 i
r1012572.fit  5.76  1.90 0.117   215.5 from 113 sources of intphas_6797o Ha
r1012573.fit  5.69  1.88 0.105   256.7 from 325 sources of intphas_6797o r
r1012574.fit  6.35  2.10 0.127   263.5 from 400 sources of intphas_6797o i
r1012575.fit  5.33  1.76 0.164   221.5 from 119 sources of intphas_6408 Ha
r1012576.fit  5.70  1.88 0.110   261.2 from 261 sources of intphas_6408 r
r1012577.fit  5.45  1.80 0.127   270.6 from 332 sources of intphas_6408 i
r1012578.fit  5.22  1.72 0.111   216.8 from 134 sources of intphas_6408o Ha
r1012579.fit  5.29  1.75 0.132   260.6 from 358 sources of intphas_6408o r
r1012580.fit  5.36  1.77 0.152   275.0 from 338 sources of intphas_6408o i
r1012581.fit  5.46  1.80 0.150   221.7 from  80 sources of intphas_6418 Ha
r1012582.fit  5.98  1.97 0.150   260.2 from 131 sources of intphas_6418 r
r1012583.fit  5.73  1.89 0.142   272.7 from 171 sources of intphas_6418 i
r1012584.fit  5.29  1.75 0.172   219.9 from  78 sources of intphas_6418o Ha
r1012585.fit  5.82  1.92 0.169   259.7 from 160 sources of intphas_6418o r
r1012586.fit  4.78  1.58 0.153   272.0 from 230 sources of intphas_6418o i
r1012587.fit  4.00  1.32 0.142    75.7 from  43 sources of FEIGE110 i
r1012588.fit  3.10  1.02 0.086    24.6 from  16 sources of FEIGE110 g
r1012589.fit  4.70  1.55 0.105    42.9 from   9 sources of FEIGE110 U
r1012590.fit  3.43  1.13 0.050    37.7 from  16 sources of FEIGE110 r
r1012591.fit  3.29  1.09 0.080    58.7 from  35 sources of FEIGE110 Ha
r1012592.fit  2.90  0.96 0.075    62.3 from 218 sources of intphas_6419 Ha
r1012593.fit  2.98  0.98 0.100   258.6 from 471 sources of intphas_6419 r
r1012594.fit  2.73  0.90 0.105   273.9 from 649 sources of intphas_6419 i
r1012595.fit  2.94  0.97 0.074   220.5 from 199 sources of intphas_6419o Ha
r1012596.fit  2.67  0.88 0.087   266.3 from 472 sources of intphas_6419o r
r1012597.fit  2.46  0.81 0.092   281.5 from 648 sources of intphas_6419o i
r1012598.fit  3.16  1.04 0.098   221.2 from 123 sources of intphas_6429 Ha
r1012599.fit  2.60  0.86 0.077    74.2 from 376 sources of intphas_6429 r
r1012600.fit  2.60  0.86 0.080   121.1 from 475 sources of intphas_6429 i
r1012601.fit  2.91  0.96 0.071    64.8 from 140 sources of intphas_6429o Ha
r1012602.fit  2.80  0.92 0.066   113.5 from 369 sources of intphas_6429o r
r1012603.fit  2.74  0.90 0.078   132.5 from 478 sources of intphas_6429o i
r1012604.fit  2.88  0.95 0.087    62.7 from 125 sources of intphas_6434 Ha
r1012605.fit  3.13  1.03 0.075   114.2 from 198 sources of intphas_6434 r
r1012606.fit  2.66  0.88 0.077   127.9 from 289 sources of intphas_6434 i
r1012607.fit  3.06  1.01 0.081    50.7 from 119 sources of intphas_6434o Ha
r1012608.fit  2.88  0.95 0.043   114.9 from 271 sources of intphas_6434o r
r1012609.fit  2.61  0.86 0.063   120.1 from 363 sources of intphas_6434o i
r1012610.fit  2.87  0.95 0.054    54.0 from 156 sources of intphas_6437 Ha
r1012611.fit  2.70  0.89 0.066   101.2 from 394 sources of intphas_6437 r
r1012612.fit  2.72  0.90 0.069   114.3 from 509 sources of intphas_6437 i
r1012613.fit  2.77  0.91 0.056    54.5 from 166 sources of intphas_6437o Ha
r1012614.fit  2.93  0.97 0.050    92.2 from 344 sources of intphas_6437o r
r1012615.fit  2.45  0.81 0.061   115.4 from 525 sources of intphas_6437o i
r1012616.fit  3.35  1.11 0.074    79.6 from  99 sources of PTFS1122S
r1012617.fit  3.19  1.05 0.059    71.4 from 244 sources of intphas_7398o Ha
r1012618.fit  3.21  1.06 0.075   267.4 from 558 sources of intphas_7398o r
r1012619.fit  3.22  1.06 0.079   270.4 from 511 sources of intphas_7398o i
r1012620.fit  3.88  1.28 0.091   219.7 from 167 sources of intphas_7465 Ha
r1012621.fit  3.57  1.18 0.065   122.7 from 465 sources of intphas_7465 r
r1012622.fit  3.47  1.15 0.101   123.5 from 461 sources of intphas_7465 i
r1012623.fit  3.38  1.12 0.064    69.0 from 115 sources of intphas_7521 Ha
r1012624.fit  4.03  1.33 0.088   105.0 from 182 sources of intphas_7521 r
r1012625.fit  3.30  1.09 0.105   120.8 from 238 sources of intphas_7521 i
r1012626.fit  4.07  1.34 0.114    78.4 from  83 sources of intphas_7521o Ha
r1012627.fit  3.46  1.14 0.075   121.1 from 214 sources of intphas_7521o r
r1012628.fit  3.29  1.09 0.072   127.9 from 270 sources of intphas_7521o i
r1012629.fit  3.31  1.09 0.097    47.2 from 286 sources of intphas_7550 Ha
r1012630.fit  3.06  1.01 0.079   105.5 from 810 sources of intphas_7550 r
r1012631.fit  3.45  1.14 0.091   110.9 from 609 sources of intphas_7550 i
r1012632.fit  3.33  1.10 0.094    49.2 from 267 sources of intphas_7550o Ha
r1012633.fit  3.45  1.14 0.068   122.6 from 568 sources of intphas_7550o r
r1012634.fit  3.18  1.05 0.105   122.7 from 603 sources of intphas_7550o i
r1012635.fit  3.80  1.25 0.075    80.5 from 248 sources of intphas_7577o Ha
r1012636.fit  3.59  1.18 0.093   109.0 from 689 sources of intphas_7577o r
r1012637.fit  2.91  0.96 0.101   105.8 from 795 sources of intphas_7577o i
r1012638.fit  3.18  1.05 0.083    76.2 from 270 sources of intphas_7578 Ha
r1012639.fit  3.16  1.04 0.089    97.0 from 699 sources of intphas_7578 r
r1012640.fit  2.97  0.98 0.094   104.5 from 648 sources of intphas_7578 i
r1012641.fit  3.74  1.23 0.100    66.9 from 234 sources of intphas_7578o Ha
r1012642.fit  3.15  1.04 0.071   104.8 from 668 sources of intphas_7578o r
r1012643.fit  2.96  0.98 0.068   125.4 from 636 sources of intphas_7578o i
r1012644.fit  3.28  1.08 0.091   224.5 from 342 sources of intphas_7584 Ha
r1012645.fit  3.31  1.09 0.084   268.8 from 823 sources of intphas_7584 r
r1012646.fit  3.30  1.09 0.085   263.3 from 727 sources of intphas_7584 i
r1012647.fit  4.36  1.44 0.100   218.7 from 103 sources of intphas_7592 Ha
r1012648.fit  3.35  1.11 0.079   266.4 from 247 sources of intphas_7592 r
r1012649.fit  3.19  1.05 0.062   259.7 from 310 sources of intphas_7592 i
r1012650.fit  3.50  1.16 0.126   220.5 from 116 sources of intphas_7592o Ha
r1012651.fit  3.14  1.04 0.061   257.9 from 273 sources of intphas_7592o r
r1012652.fit  2.91  0.96 0.043   265.3 from 322 sources of intphas_7592o i
r1012653.fit  3.35  1.11 0.030    97.9 from  40 sources of FEIGE110 i
r1012654.fit  3.44  1.14 0.037    52.9 from  13 sources of FEIGE110 g
r1012655.fit  4.26  1.41 0.072    49.4 from   9 sources of FEIGE110 U
r1012656.fit  3.52  1.16 0.089    57.6 from  16 sources of FEIGE110 r
r1012657.fit  4.54  1.50 0.104    63.8 from  26 sources of FEIGE110 Ha
r1012658.fit  5.53  1.82 0.129   124.7 from 513 sources of uvex_1964 r
r1012659.fit  6.14  2.03 0.115    52.6 from  58 sources of uvex_1964 U
r1012660.fit  5.33  1.76 0.112    59.0 from 393 sources of uvex_1964 g
r1012661.fit  5.20  1.72 0.156   109.5 from 578 sources of uvex_1964o r
r1012662.fit  6.91  2.28 0.149    45.8 from  43 sources of uvex_1964o U
r1012663.fit  5.17  1.71 0.110    72.5 from 429 sources of uvex_1964o g
r1012663.fit  5.17  1.71 0.110    72.5 from 429 sources of uvex_1964o g
r1012664.fit  4.75  1.57 0.133   113.5 from 587 sources of uvex_1966 r
r1012664.fit  4.75  1.57 0.133   113.5 from 587 sources of uvex_1966 r
r1012665.fit  5.88  1.94 0.170    38.7 from  82 sources of uvex_1966 U
r1012665.fit  5.88  1.94 0.170    38.7 from  82 sources of uvex_1966 U
r1012666.fit  4.70  1.55 0.121    73.4 from 409 sources of uvex_1966 g
r1012666.fit  4.70  1.55 0.121    73.4 from 409 sources of uvex_1966 g
r1012667.fit  5.07  1.67 0.115   110.2 from 497 sources of uvex_1966o r
r1012667.fit  5.07  1.67 0.115   110.2 from 497 sources of uvex_1966o r
r1012668.fit  6.17  2.04 0.145    39.4 from  71 sources of uvex_1966o U
r1012668.fit  6.17  2.04 0.145    39.4 from  71 sources of uvex_1966o U
r1012669.fit  5.72  1.89 0.105    73.7 from 311 sources of uvex_1966o g
r1012669.fit  5.72  1.89 0.105    73.7 from 311 sources of uvex_1966o g
r1012670.fit  5.07  1.67 0.116   112.5 from 438 sources of uvex_1967 r
r1012670.fit  5.07  1.67 0.116   112.5 from 438 sources of uvex_1967 r
r1012671.fit  5.84  1.93 0.100    28.9 from  54 sources of uvex_1967 U
r1012671.fit  5.84  1.93 0.100    28.9 from  54 sources of uvex_1967 U
r1012672.fit  4.95  1.63 0.100    62.3 from 304 sources of uvex_1967 g
r1012672.fit  4.95  1.63 0.100    62.3 from 304 sources of uvex_1967 g
r1012673.fit  4.40  1.45 0.108    96.5 from 598 sources of uvex_1967o r
r1012673.fit  4.40  1.45 0.108    96.5 from 598 sources of uvex_1967o r
r1012674.fit  6.03  1.99 0.123    32.9 from  54 sources of uvex_1967o U
r1012674.fit  6.03  1.99 0.123    32.9 from  54 sources of uvex_1967o U
r1012675.fit  5.15  1.70 0.086    56.0 from 318 sources of uvex_1967o g
r1012675.fit  5.15  1.70 0.086    56.0 from 318 sources of uvex_1967o g
r1012676.fit  4.74  1.56 0.083   105.5 from 287 sources of uvex_1968 r
r1012676.fit  4.74  1.56 0.083   105.5 from 287 sources of uvex_1968 r
r1012677.fit  5.67  1.87 0.127    27.0 from  42 sources of uvex_1968 U
r1012677.fit  5.67  1.87 0.127    27.0 from  42 sources of uvex_1968 U
r1012678.fit  5.04  1.66 0.097    53.0 from 148 sources of uvex_1968 g
r1012678.fit  5.04  1.66 0.097    53.0 from 148 sources of uvex_1968 g
r1012679.fit  4.59  1.51 0.113   102.1 from 291 sources of uvex_1968o r
r1012679.fit  4.59  1.51 0.113   102.1 from 291 sources of uvex_1968o r
r1012680.fit  5.73  1.89 0.105    27.3 from  38 sources of uvex_1968o U
r1012680.fit  5.73  1.89 0.105    27.3 from  38 sources of uvex_1968o U
r1012681.fit  4.99  1.65 0.081    47.3 from 142 sources of uvex_1968o g
r1012681.fit  4.99  1.65 0.081    47.3 from 142 sources of uvex_1968o g
r1012682.fit  4.13  1.36 0.115    87.7 from 707 sources of uvex_1970 r
r1012682.fit  4.13  1.36 0.115    87.7 from 707 sources of uvex_1970 r
r1012683.fit  5.51  1.82 0.142    24.9 from  71 sources of uvex_1970 U
r1012683.fit  5.51  1.82 0.142    24.9 from  71 sources of uvex_1970 U
r1012684.fit  4.65  1.53 0.111    49.6 from 415 sources of uvex_1970 g
r1012684.fit  4.65  1.53 0.111    49.6 from 415 sources of uvex_1970 g
r1012685.fit  4.38  1.45 0.091    35.0 from 586 sources of uvex_1970o r
r1012685.fit  4.38  1.45 0.091    35.0 from 586 sources of uvex_1970o r
r1012686.fit  5.51  1.82 0.131    26.2 from  67 sources of uvex_1970o U
r1012686.fit  5.51  1.82 0.131    26.2 from  67 sources of uvex_1970o U
r1012687.fit  4.83  1.59 0.109    56.1 from 327 sources of uvex_1970o g
r1012687.fit  4.83  1.59 0.109    56.1 from 327 sources of uvex_1970o g
r1012688.fit  4.06  1.34 0.102    99.6 from 727 sources of uvex_1975 r
r1012688.fit  4.06  1.34 0.102    99.6 from 727 sources of uvex_1975 r
r1012689.fit  5.46  1.80 0.120    26.3 from  91 sources of uvex_1975 U
r1012689.fit  5.46  1.80 0.120    26.3 from  91 sources of uvex_1975 U
r1012690.fit  4.70  1.55 0.075    49.8 from 430 sources of uvex_1975 g
r1012690.fit  4.70  1.55 0.075    49.8 from 430 sources of uvex_1975 g
r1012691.fit  4.46  1.47 0.091    79.8 from 675 sources of uvex_1975o r
r1012691.fit  4.46  1.47 0.091    79.8 from 675 sources of uvex_1975o r
r1012692.fit  5.59  1.84 0.124    26.1 from  83 sources of uvex_1975o U
r1012692.fit  5.59  1.84 0.124    26.1 from  83 sources of uvex_1975o U
r1012693.fit  4.79  1.58 0.071    51.9 from 429 sources of uvex_1975o g
r1012693.fit  4.79  1.58 0.071    51.9 from 429 sources of uvex_1975o g
r1012694.fit  5.09  1.68 0.136    92.2 from 452 sources of uvex_2027 r
r1012694.fit  5.09  1.68 0.136    92.2 from 452 sources of uvex_2027 r
r1012695.fit  5.96  1.97 0.121    27.9 from  38 sources of uvex_2027 U
r1012695.fit  5.96  1.97 0.121    27.9 from  38 sources of uvex_2027 U
r1012696.fit  4.65  1.53 0.111    52.3 from 341 sources of uvex_2027 g
r1012696.fit  4.65  1.53 0.111    52.3 from 341 sources of uvex_2027 g
r1012697.fit  4.89  1.61 0.147    91.9 from 486 sources of uvex_2027o r
r1012697.fit  4.89  1.61 0.147    91.9 from 486 sources of uvex_2027o r
r1012698.fit  5.57  1.84 0.105    27.3 from  54 sources of uvex_2027o U
r1012698.fit  5.57  1.84 0.105    27.3 from  54 sources of uvex_2027o U
r1012699.fit  4.80  1.58 0.119    54.4 from 292 sources of uvex_2027o g
r1012699.fit  4.80  1.58 0.119    54.4 from 292 sources of uvex_2027o g
r1012700.fit  4.77  1.57 0.136    89.4 from 399 sources of uvex_2030 r
r1012700.fit  4.77  1.57 0.136    89.4 from 399 sources of uvex_2030 r
r1012701.fit  5.70  1.88 0.120    34.5 from  32 sources of uvex_2030 U
r1012701.fit  5.70  1.88 0.120    34.5 from  32 sources of uvex_2030 U
r1012702.fit  4.89  1.61 0.096    48.7 from 251 sources of uvex_2030 g
r1012702.fit  4.89  1.61 0.096    48.7 from 251 sources of uvex_2030 g
r1012703.fit  4.08  1.35 0.117    97.6 from 544 sources of uvex_2030o r
r1012703.fit  4.08  1.35 0.117    97.6 from 544 sources of uvex_2030o r
r1012704.fit  5.61  1.85 0.109    30.4 from  47 sources of uvex_2030o U
r1012704.fit  5.61  1.85 0.109    30.4 from  47 sources of uvex_2030o U
r1012705.fit  4.60  1.52 0.092    57.7 from 278 sources of uvex_2030o g
r1012705.fit  4.60  1.52 0.092    57.7 from 278 sources of uvex_2030o g
r1012706.fit  4.57  1.51 0.086   120.7 from 475 sources of uvex_2307 r
r1012706.fit  4.57  1.51 0.086   120.7 from 475 sources of uvex_2307 r
r1012707.fit  5.53  1.82 0.111    28.2 from  74 sources of uvex_2307 U
r1012707.fit  5.53  1.82 0.111    28.2 from  74 sources of uvex_2307 U
r1012708.fit  5.07  1.67 0.126    62.6 from 335 sources of uvex_2307 g
r1012708.fit  5.07  1.67 0.126    62.6 from 335 sources of uvex_2307 g
r1012709.fit  4.24  1.40 0.100    44.8 from 556 sources of uvex_2307o r
r1012709.fit  4.24  1.40 0.100    44.8 from 556 sources of uvex_2307o r
r1012710.fit  5.53  1.82 0.126    32.0 from  69 sources of uvex_2307o U
r1012710.fit  5.53  1.82 0.126    32.0 from  69 sources of uvex_2307o U
r1012711.fit  4.90  1.62 0.113    58.8 from 336 sources of uvex_2307o g
r1012711.fit  4.90  1.62 0.113    58.8 from 336 sources of uvex_2307o g
r1012712.fit  4.32  1.43 0.100    85.7 from 554 sources of uvex_2314 r
r1012712.fit  4.32  1.43 0.100    85.7 from 554 sources of uvex_2314 r
r1012713.fit  5.81  1.92 0.099    32.2 from  63 sources of uvex_2314 U
r1012713.fit  5.81  1.92 0.099    32.2 from  63 sources of uvex_2314 U
r1012714.fit  4.99  1.65 0.094    46.4 from 309 sources of uvex_2314 g
r1012714.fit  4.99  1.65 0.094    46.4 from 309 sources of uvex_2314 g
r1012715.fit  4.62  1.52 0.108   106.2 from 531 sources of uvex_2314o r
r1012715.fit  4.62  1.52 0.108   106.2 from 531 sources of uvex_2314o r
r1012716.fit  5.73  1.89 0.099    30.9 from  56 sources of uvex_2314o U
r1012716.fit  5.73  1.89 0.099    30.9 from  56 sources of uvex_2314o U
r1012717.fit  4.70  1.55 0.086    61.9 from 360 sources of uvex_2314o g
r1012717.fit  4.70  1.55 0.086    61.9 from 360 sources of uvex_2314o g
r1012718.fit  4.08  1.35 0.081   101.5 from 636 sources of uvex_2321 r
r1012718.fit  4.08  1.35 0.081   101.5 from 636 sources of uvex_2321 r
r1012719.fit  5.29  1.75 0.111    35.2 from  65 sources of uvex_2321 U
r1012719.fit  5.29  1.75 0.111    35.2 from  65 sources of uvex_2321 U
r1012720.fit  4.61  1.52 0.107    69.0 from 412 sources of uvex_2321 g
r1012720.fit  4.61  1.52 0.107    69.0 from 412 sources of uvex_2321 g
r1012721.fit  4.49  1.48 0.079   119.0 from 508 sources of uvex_2321o r
r1012721.fit  4.49  1.48 0.079   119.0 from 508 sources of uvex_2321o r
r1012722.fit no objects found
r1012722.fit  5.46  1.80 0.119    35.2 from  79 sources of uvex_2321o U
r1012723.fit  4.73  1.56 0.104    67.1 from 337 sources of uvex_2321o g
r1012723.fit  4.73  1.56 0.104    67.1 from 337 sources of uvex_2321o g
r1012724.fit  4.68  1.54 0.094   110.6 from 539 sources of uvex_2330 r
r1012724.fit  4.68  1.54 0.094   110.6 from 539 sources of uvex_2330 r
r1012725.fit  5.38  1.78 0.086    36.9 from  73 sources of uvex_2330 U
r1012725.fit  5.38  1.78 0.086    36.9 from  73 sources of uvex_2330 U
r1012726.fit  4.58  1.51 0.115    48.2 from 452 sources of uvex_2330 g
r1012726.fit  4.58  1.51 0.115    48.2 from 452 sources of uvex_2330 g
r1012727.fit  4.81  1.59 0.080    94.9 from 519 sources of uvex_2330o r
r1012727.fit  4.81  1.59 0.080    94.9 from 519 sources of uvex_2330o r
r1012728.fit  5.11  1.69 0.121    32.0 from  76 sources of uvex_2330o U
r1012728.fit  5.11  1.69 0.121    32.0 from  76 sources of uvex_2330o U
r1012729.fit  4.76  1.57 0.116    54.8 from 413 sources of uvex_2330o g
r1012729.fit  4.76  1.57 0.116    54.8 from 413 sources of uvex_2330o g
r1012730.fit  5.00  1.65 0.134    92.8 from 437 sources of uvex_2344 r
r1012730.fit  5.00  1.65 0.134    92.8 from 437 sources of uvex_2344 r
r1012731.fit  5.51  1.82 0.089    21.7 from  67 sources of uvex_2344 U
r1012731.fit  5.51  1.82 0.089    21.7 from  67 sources of uvex_2344 U
r1012732.fit  5.17  1.71 0.068    58.8 from 335 sources of uvex_2344 g
r1012732.fit  5.17  1.71 0.068    58.8 from 335 sources of uvex_2344 g
r1012733.fit  4.47  1.48 0.074   104.8 from 460 sources of uvex_2344o r
r1012733.fit  4.47  1.48 0.074   104.8 from 460 sources of uvex_2344o r
r1012734.fit  5.32  1.76 0.097    29.3 from  69 sources of uvex_2344o U
r1012734.fit  5.32  1.76 0.097    29.3 from  69 sources of uvex_2344o U
r1012735.fit  4.40  1.45 0.073    58.2 from 363 sources of uvex_2344o g
r1012735.fit  4.40  1.45 0.073    58.2 from 363 sources of uvex_2344o g
r1012736.fit  4.13  1.36 0.083   104.6 from 578 sources of uvex_2354 r
r1012736.fit  4.13  1.36 0.083   104.6 from 578 sources of uvex_2354 r
r1012737.fit  5.11  1.69 0.105    34.2 from  72 sources of uvex_2354 U
r1012737.fit  5.11  1.69 0.105    34.2 from  72 sources of uvex_2354 U
r1012738.fit  4.94  1.63 0.079    68.4 from 320 sources of uvex_2354 g
r1012738.fit  4.94  1.63 0.079    68.4 from 320 sources of uvex_2354 g
r1012739.fit  4.67  1.54 0.119     3.2 from 507 sources of uvex_2354o r
r1012739.fit  4.67  1.54 0.119     3.2 from 507 sources of uvex_2354o r
r1012740.fit  5.31  1.75 0.092    44.6 from  75 sources of uvex_2354o U
r1012740.fit  5.31  1.75 0.092    44.6 from  75 sources of uvex_2354o U
r1012741.fit  4.96  1.64 0.069   103.4 from 326 sources of uvex_2354o g
r1012741.fit  4.96  1.64 0.069   103.4 from 326 sources of uvex_2354o g
r1012742.fit  4.56  1.50 0.089    28.8 from 507 sources of uvex_2379 r
r1012742.fit  4.56  1.50 0.089    28.8 from 507 sources of uvex_2379 r
r1012743.fit  5.57  1.84 0.066    94.6 from  67 sources of uvex_2379 U
r1012743.fit  5.57  1.84 0.066    94.6 from  67 sources of uvex_2379 U
r1012744.fit  4.74  1.56 0.093   177.9 from 340 sources of uvex_2379 g
r1012744.fit  4.74  1.56 0.093   177.9 from 340 sources of uvex_2379 g
r1012745.fit  4.55  1.50 0.114   162.0 from 500 sources of uvex_2379o r
r1012745.fit  4.55  1.50 0.114   162.0 from 500 sources of uvex_2379o r
r1012746.fit  5.91  1.95 0.091   173.9 from  69 sources of uvex_2379o U
r1012746.fit  5.91  1.95 0.091   173.9 from  69 sources of uvex_2379o U
r1012747.fit  4.96  1.64 0.110   341.3 from 348 sources of uvex_2379o g
r1012747.fit  4.96  1.64 0.110   341.3 from 348 sources of uvex_2379o g
r1012748.fit  4.25  1.40 0.082   316.3 from  99 sources of HZ4 i
r1012748.fit  4.25  1.40 0.082   316.3 from  99 sources of HZ4 i
r1012749.fit  4.27  1.41 0.088   413.5 from  57 sources of HZ4 g
r1012749.fit  4.27  1.41 0.088   413.5 from  57 sources of HZ4 g
r1012750.fit  5.45  1.80 0.047   639.0 from  29 sources of HZ4 U
r1012750.fit  5.45  1.80 0.047   639.0 from  29 sources of HZ4 U
r1012751.fit  3.23  1.07 0.045   407.3 from  86 sources of HZ4 r
r1012751.fit  3.23  1.07 0.045   407.3 from  86 sources of HZ4 r
r1012752.fit  3.62  1.19 0.117   428.7 from  70 sources of HZ4 Ha
r1012752.fit  3.62  1.19 0.117   428.7 from  70 sources of HZ4 Ha
r1012753.fit is not a target (SKY)
r1012753.fit is not a target (SKY)
r1012754.fit is not a target (SKY)
r1012754.fit is not a target (SKY)
r1012755.fit is not a target (SKY)
r1012755.fit is not a target (SKY)
r1012756.fit is not a target (SKY)
r1012757.fit is not a target (SKY)
r1012758.fit is not a target (SKY)
r1012759.fit is not a target (SKY)
r1012760.fit is not a target (SKY)
r1012761.fit is not a target (SKY)
r1012762.fit is not a target (SKY)
r1012763.fit is not a target (SKY)
r1012764.fit is not a target (SKY)
r1012765.fit is not a target (SKY)
r1012766.fit is not a target (SKY)
r1012767.fit is not a target (SKY)
