r1020085.fit  4.66  1.54 0.121   442.0 from  66 sources of intphas_1504 Ha
r1020086.fit  5.38  1.78 0.130  1341.0 from 211 sources of intphas_1504 r
r1020087.fit  4.44  1.47 0.106   497.4 from 248 sources of intphas_1504 i
r1020088.fit  5.09  1.68 0.137   840.2 from  36 sources of intphas_1504o Ha
r1020089.fit  5.53  1.82 0.104   973.0 from 200 sources of intphas_1504o r
r1020090.fit  4.92  1.62 0.099   525.3 from 198 sources of intphas_1504o i
r1020091.fit  5.21  1.72 0.085   298.3 from  74 sources of intphas_1507 Ha
r1020092.fit  6.74  2.22 0.066  1009.1 from 134 sources of intphas_1507 r
r1020093.fit  5.32  1.76 0.076   410.2 from 152 sources of intphas_1507 i
r1020094.fit  5.24  1.73 0.105   277.0 from  85 sources of intphas_1507o Ha
r1020095.fit  5.53  1.82 0.131   125.9 from 188 sources of intphas_1507o r
r1020096.fit  4.78  1.58 0.106   486.1 from 201 sources of intphas_1507o i
r1020097.fit  4.92  1.62 0.095   274.1 from  52 sources of intphas_1514 Ha
r1020098.fit  5.33  1.76 0.106  1147.3 from 134 sources of intphas_1514 r
r1020099.fit  4.69  1.55 0.095   575.4 from 160 sources of intphas_1514 i
r1020100.fit  4.55  1.50 0.106   363.3 from  67 sources of intphas_1514o Ha
r1020101.fit  5.67  1.87 0.125  1127.1 from 155 sources of intphas_1514o r
r1020102.fit  4.48  1.48 0.115   583.5 from 195 sources of intphas_1514o i
r1020103.fit  4.70  1.55 0.113   369.9 from 136 sources of intphas_1559 Ha
r1020104.fit  5.58  1.84 0.149  1091.6 from 314 sources of intphas_1559 r
r1020105.fit  4.40  1.45 0.109   453.3 from 282 sources of intphas_1559 i
r1020106.fit  4.79  1.58 0.119   370.5 from 114 sources of intphas_1559o Ha
r1020107.fit  5.01  1.65 0.125  1546.0 from 281 sources of intphas_1559o r
r1020108.fit  4.37  1.44 0.122   703.7 from 288 sources of intphas_1559o i
r1020109.fit  4.64  1.53 0.097   453.9 from  47 sources of intphas_1564 Ha
r1020110.fit  5.66  1.87 0.143  1672.9 from 127 sources of intphas_1564 r
r1020111.fit  4.78  1.58 0.129  1128.3 from 132 sources of intphas_1564 i
r1020112.fit  5.12  1.69 0.146   761.9 from  31 sources of intphas_1564o Ha
r1020113.fit  5.42  1.79 0.114  2139.2 from  93 sources of intphas_1564o r
r1020114.fit  4.63  1.53 0.115   890.9 from 143 sources of intphas_1564o i
r1020115.fit  4.74  1.56 0.113   853.7 from  90 sources of intphas_1567 Ha
r1020116.fit  5.89  1.94 0.133  3020.6 from 172 sources of intphas_1567 r
r1020117.fit  4.87  1.61 0.111  1768.8 from 170 sources of intphas_1567 i
r1020118.fit  4.71  1.55 0.127   883.6 from  74 sources of intphas_1567o Ha
r1020119.fit  5.58  1.84 0.131  2535.6 from 244 sources of intphas_1567o r
r1020120.fit  4.45  1.47 0.113  1158.2 from 234 sources of intphas_1567o i
r1020121.fit  5.10  1.68 0.110   798.1 from  78 sources of intphas_1579 Ha
r1020122.fit  5.36  1.77 0.148  3084.2 from 168 sources of intphas_1579 r
r1020123.fit  4.62  1.52 0.108  1149.0 from 219 sources of intphas_1579 i
r1020124.fit  4.81  1.59 0.100   794.8 from  74 sources of intphas_1579o Ha
r1020125.fit  5.35  1.77 0.100  2313.6 from 185 sources of intphas_1579o r
r1020126.fit  4.43  1.46 0.108   931.0 from 219 sources of intphas_1579o i
r1020127.fit  5.35  1.77 0.152   634.3 from  80 sources of intphas_1591 Ha
r1020128.fit  6.44  2.13 0.119  2164.7 from 123 sources of intphas_1591 r
r1020129.fit  4.91  1.62 0.113  1593.5 from 106 sources of intphas_1591 i
r1020130.fit  5.18  1.71 0.108  1037.8 from  53 sources of intphas_1591o Ha
r1020131.fit  5.48  1.81 0.084  3657.3 from 113 sources of intphas_1591o r
r1020132.fit  4.68  1.54 0.086  2059.5 from  93 sources of intphas_1591o i
r1020133.fit  5.05  1.67 0.158  1082.7 from  90 sources of intphas_1620 Ha
r1020134.fit  5.18  1.71 0.115  3087.4 from 206 sources of intphas_1620 r
r1020135.fit  4.42  1.46 0.111  1265.4 from 176 sources of intphas_1620 i
r1020136.fit  4.61  1.52 0.142  1141.2 from  60 sources of intphas_1620o Ha
r1020137.fit  4.48  1.48 0.119  2903.7 from 167 sources of intphas_1620o r
r1020138.fit  3.96  1.31 0.100  1624.1 from 153 sources of intphas_1620o i
r1020139.fit  4.46  1.47 0.124  1073.3 from  61 sources of intphas_1668o Ha
r1020140.fit  5.14  1.70 0.112  3655.9 from 106 sources of intphas_1668o r
r1020141.fit  4.63  1.53 0.103  2906.8 from  52 sources of intphas_1668o i
r1020142.fit  4.88  1.61 0.149   896.1 from  78 sources of intphas_2989 Ha
r1020143.fit  5.72  1.89 0.153  2572.6 from 122 sources of intphas_2989 r
r1020144.fit  4.69  1.55 0.152  2628.8 from  52 sources of intphas_2989 i
r1020145.fit  4.18  1.38 0.099  2105.9 from  14 sources of intphas_2989o Ha
r1020146.fit  4.31  1.42 0.118  8027.5 from  10 sources of intphas_2989o r
r1020147.fit  4.62  1.52 0.126  2742.7 from  66 sources of intphas_2989o i
r1020148.fit  4.85  1.60 0.170   817.3 from  98 sources of intphas_2994 Ha
r1020149.fit  5.95  1.96 0.153  3544.8 from  91 sources of intphas_2994 r
r1020150.fit  4.57  1.51 0.131  2453.8 from  59 sources of intphas_2994 i
r1020151.fit  4.83  1.59 0.135  1334.2 from  36 sources of intphas_2994o Ha
r1020152.fit  5.77  1.90 0.148  3930.7 from 145 sources of intphas_2994o r
r1020153.fit  4.49  1.48 0.151  2732.4 from  59 sources of intphas_2994o i
r1020154.fit  4.18  1.38 0.138  1978.7 from  10 sources of intphas_3008 Ha
r1020155.fit  4.31  1.42 0.135  5238.3 from  17 sources of intphas_3008 r
r1020156.fit  4.52  1.49 0.118  3090.2 from  23 sources of intphas_3008 i
r1020157.fit  4.18  1.38 0.094  1855.8 from  11 sources of intphas_3008o Ha
r1020158.fit  5.23  1.73 0.096  4405.2 from  20 sources of intphas_3008o r
r1020159.fit  0.99  0.33 0.105  2933.4 from  11 sources of intphas_3008o i
r1020160.fit  4.81  1.59 0.139  1343.2 from  19 sources of intphas_3011 Ha
r1020161.fit  4.26  1.41 0.095  5993.5 from  12 sources of intphas_3011 r
r1020162.fit  5.03  1.66 0.115  3200.7 from  26 sources of intphas_3011 i
r1020163.fit  4.19  1.38 0.132  1841.8 from  10 sources of intphas_3013o Ha
r1020164.fit  5.22  1.72 0.127  4623.1 from  27 sources of intphas_3013o r
r1020165.fit  4.76  1.57 0.100  2687.4 from  42 sources of intphas_3013o i
r1020166.fit  4.22  1.39 0.131  1685.7 from  16 sources of intphas_3015o Ha
r1020167.fit  4.71  1.55 0.130  5200.6 from  29 sources of intphas_3015o r
r1020168.fit  4.57  1.51 0.101  2807.3 from  56 sources of intphas_3015o i
r1020169.fit  4.66  1.54 0.131  1523.2 from  22 sources of intphas_3019 Ha
r1020170.fit  5.07  1.67 0.149  5072.6 from  23 sources of intphas_3019 r
r1020171.fit  4.03  1.33 0.128  3403.7 from  16 sources of intphas_3019 i
r1020172.fit  4.19  1.38 0.151  2076.3 from  14 sources of intphas_3020o Ha
r1020173.fit  5.34  1.76 0.141  5089.6 from  24 sources of intphas_3020o r
r1020174.fit  4.16  1.37 0.098  3496.6 from  27 sources of intphas_3020o i
r1020175.fit  4.53  1.49 0.193  1754.0 from  20 sources of intphas_3028o Ha
r1020176.fit  5.58  1.84 0.186  4706.8 from  32 sources of intphas_3028o r
r1020177.fit  5.29  1.75 0.098  3123.1 from  17 sources of intphas_3028o i
r1020178.fit  4.19  1.38 0.135  1884.8 from  10 sources of intphas_3029 Ha
r1020179.fit  4.36  1.44 0.133  5185.2 from  13 sources of intphas_3029 r
r1020180.fit  1.01  0.33 0.122  4095.6 from  10 sources of intphas_3029 i
r1020181.fit  4.18  1.38 0.137  1999.9 from   9 sources of intphas_3029o Ha
r1020182.fit  4.26  1.41 0.186  5710.1 from  10 sources of intphas_3029o r
r1020183.fit  4.08  1.35 0.079  4521.0 from   9 sources of intphas_3029o i
