r1018748.fit is not a target (BIAS)
r1018749.fit is not a target (BIAS)
r1018750.fit is not a target (BIAS)
r1018751.fit no objects found
r1018752.fit no objects found
r1018753.fit no objects found
r1018754.fit no objects found
r1018755.fit 69.55 22.95 0.243 37136.0 from   1 sources of MABLANK4
r1018756.fit  4.75  1.57 0.335 25107.0 from   8 sources of MABLANK4
r1018757.fit  0.83  0.27 0.119   781.0 from   3 sources of MABLANK4
r1018758.fit  6.37  2.10 0.380   148.7 from   2 sources of MABLANK4
r1018759.fit is not a target (BIAS)
r1018760.fit is not a target (BIAS)
r1018761.fit is not a target (BIAS)
r1018762.fit is not a target (BIAS)
r1018763.fit is not a target (BIAS)
r1018764.fit is not a target (BIAS)
r1018765.fit is not a target (BIAS)
r1018766.fit is not a target (BIAS)
r1018767.fit is not a target (BIAS)
r1018768.fit is not a target (BIAS)
r1018769.fit is not a target (BIAS)
r1018770.fit is not a target (BIAS)
r1018771.fit is not a target (BIAS)
r1018772.fit is not a target (BIAS)
r1018773.fit is not a target (BIAS)
r1018774.fit is not a target (BIAS)
r1018775.fit is not a target (BIAS)
r1018776.fit is not a target (BIAS)
r1018777.fit is not a target (BIAS)
r1018778.fit is not a target (BIAS)
r1018779.fit is not a target (BIAS)
r1018780.fit is not a target (BIAS)
r1018781.fit is not a target (BIAS)
r1018782.fit is not a target (BIAS)
r1018783.fit is not a target (BIAS)
r1018784.fit is not a target (BIAS)
r1018785.fit is not a target (BIAS)
r1018786.fit is not a target (BIAS)
r1018787.fit is not a target (BIAS)
r1018788.fit is not a target (BIAS)
r1018789.fit is not a target (BIAS)
r1018790.fit is not a target (BIAS)
r1018791.fit is not a target (BIAS)
r1018792.fit is not a target (BIAS)
r1018793.fit is not a target (BIAS)
r1018794.fit is not a target (BIAS)
r1018795.fit is not a target (BIAS)
r1018796.fit is not a target (BIAS)
r1018797.fit is not a target (BIAS)
r1018798.fit is not a target (BIAS)
r1018799.fit is not a target (BIAS)
r1018800.fit is not a target (BIAS)
r1018801.fit is not a target (BIAS)
r1018802.fit is not a target (BIAS)
r1018803.fit is not a target (BIAS)
r1018804.fit is not a target (BIAS)
r1018805.fit is not a target (BIAS)
r1018806.fit is not a target (BIAS)
r1018807.fit is not a target (BIAS)
r1018808.fit is not a target (BIAS)
r1018809.fit is not a target (BIAS)
r1018810.fit is not a target (BIAS)
r1018811.fit is not a target (BIAS)
r1018812.fit is not a target (BIAS)
r1018813.fit is not a target (BIAS)
r1018814.fit is not a target (BIAS)
r1018815.fit is not a target (BIAS)
r1018816.fit is not a target (BIAS)
r1018817.fit is not a target (BIAS)
r1018818.fit is not a target (BIAS)
r1018819.fit is not a target (BIAS)
r1018820.fit is not a target (BIAS)
r1018821.fit is not a target (BIAS)
r1018822.fit is not a target (BIAS)
r1018823.fit is not a target (BIAS)
r1018824.fit is not a target (BIAS)
r1018825.fit is not a target (BIAS)
r1018826.fit is not a target (BIAS)
r1018827.fit is not a target (BIAS)
r1018828.fit is not a target (BIAS)
r1018829.fit is not a target (BIAS)
r1018830.fit is not a target (BIAS)
r1018831.fit is not a target (BIAS)
r1018832.fit is not a target (SKY)
r1018833.fit is not a target (SKY)
r1018834.fit is not a target (SKY)
r1018835.fit is not a target (SKY)
r1018836.fit is not a target (SKY)
r1018837.fit is not a target (SKY)
r1018838.fit is not a target (SKY)
r1018839.fit is not a target (SKY)
r1018840.fit is not a target (SKY)
r1018841.fit is not a target (SKY)
r1018842.fit is not a target (SKY)
r1018843.fit is not a target (SKY)
r1018844.fit is not a target (SKY)
r1018845.fit is not a target (SKY)
r1018846.fit is not a target (SKY)
r1018847.fit is not a target (SKY)
r1018848.fit is not a target (SKY)
r1018849.fit is not a target (SKY)
r1018850.fit is not a target (SKY)
r1018851.fit is not a target (SKY)
r1018852.fit is not a target (SKY)
r1018853.fit is not a target (SKY)
r1018854.fit is not a target (SKY)
r1018855.fit is not a target (SKY)
r1018856.fit is not a target (SKY)
r1018857.fit is not a target (SKY)
r1018858.fit is not a target (SKY)
r1018859.fit is not a target (SKY)
r1018860.fit is not a target (SKY)
r1018861.fit is not a target (SKY)
r1018862.fit is not a target (SKY)
r1018863.fit is not a target (SKY)
r1018865.fit is not a target (FOCUS)
r1018866.fit  3.43  1.13 0.121   722.4 from 587 sources of ST_NGC6940 Ha
r1018867.fit  2.76  0.91 0.072   867.3 from 1603 sources of ST_NGC6940 r
r1018868.fit  2.37  0.78 0.079   698.1 from 885 sources of ST_NGC6940 i
r1018869.fit  5.12  1.69 0.072   161.2 from  29 sources of SA92-502 Ha
r1018870.fit  4.24  1.40 0.059   170.4 from  29 sources of SA92-502 r
r1018871.fit  4.44  1.47 0.071   122.6 from  26 sources of SA92-502 i
r1018872.fit  3.57  1.18 0.125   226.4 from 371 sources of ST_NGC6940 Ha
r1018873.fit  4.07  1.34 0.067   299.8 from 582 sources of ST_NGC6940 r
r1018874.fit  3.77  1.24 0.121   222.3 from 347 sources of ST_NGC6940 i
r1018875.fit  4.52  1.49 0.042   285.7 from  14 sources of SA92-502 Ha
r1018876.fit  4.85  1.60 0.081   294.8 from  16 sources of SA92-502 r
r1018877.fit  4.62  1.52 0.065   275.9 from  16 sources of SA92-502 i
r1018878.fit is not a target (BIAS)
r1018879.fit is not a target (BIAS)
r1018880.fit  5.24  1.73 0.115   103.5 from  18 sources of SA92-502 Ha
r1018881.fit  3.97  1.31 0.103   113.5 from  17 sources of SA92-502 r
r1018882.fit  4.32  1.43 0.039    94.9 from  12 sources of SA92-502 i
r1018883.fit  4.06  1.34 0.141   149.7 from 313 sources of ST_NGC6940 Ha
r1018884.fit  3.52  1.16 0.053   224.2 from 694 sources of ST_NGC6940 r
r1018885.fit  2.88  0.95 0.069   140.3 from 454 sources of ST_NGC6940 i
r1018886.fit  4.91  1.62 0.078   363.0 from  92 sources of intphas_0434o Ha
r1018887.fit  4.92  1.62 0.071   531.1 from 198 sources of intphas_0434o r
r1018888.fit  4.07  1.34 0.133   442.1 from 309 sources of intphas_0434o i
r1018889.fit  4.38  1.45 0.095   362.5 from 194 sources of intphas_0435 Ha
r1018890.fit  4.58  1.51 0.089   476.3 from 470 sources of intphas_0435 r
r1018891.fit  4.56  1.50 0.061   437.2 from 434 sources of intphas_0435 i
r1018892.fit  4.37  1.44 0.091   460.6 from 181 sources of intphas_0435o Ha
r1018893.fit  4.70  1.55 0.071    33.1 from 397 sources of intphas_0435o r
r1018894.fit  4.14  1.37 0.119    47.8 from 480 sources of intphas_0435o i
r1018895.fit  4.48  1.48 0.062    78.3 from 299 sources of intphas_0436 Ha
r1018896.fit  4.65  1.53 0.067   266.7 from 712 sources of intphas_0436 r
r1018897.fit  4.55  1.50 0.076   149.5 from 547 sources of intphas_0436 i
r1018898.fit  4.19  1.38 0.097    78.6 from 352 sources of intphas_0436o Ha
r1018899.fit  4.26  1.41 0.134   225.0 from 884 sources of intphas_0436o r
r1018900.fit  4.31  1.42 0.105   119.5 from 619 sources of intphas_0436o i
r1018901.fit  4.28  1.41 0.079    80.1 from 300 sources of intphas_0437 Ha
r1018902.fit  4.58  1.51 0.098   241.6 from 750 sources of intphas_0437 r
r1018903.fit  4.10  1.35 0.102   110.5 from 627 sources of intphas_0437 i
r1018904.fit  4.94  1.63 0.074    61.9 from 224 sources of intphas_0437o Ha
r1018905.fit  4.10  1.35 0.107   267.2 from 803 sources of intphas_0437o r
r1018906.fit  4.65  1.53 0.068   128.2 from 472 sources of intphas_0437o i
r1018907.fit  4.47  1.48 0.082    76.3 from 122 sources of intphas_0438 Ha
r1018908.fit  4.35  1.44 0.082   221.1 from 323 sources of intphas_0438 r
r1018909.fit  4.30  1.42 0.076   120.5 from 308 sources of intphas_0438 i
r1018910.fit  4.68  1.54 0.059    77.3 from 101 sources of intphas_0438o Ha
r1018911.fit  4.61  1.52 0.073   285.6 from 314 sources of intphas_0438o r
r1018912.fit  3.92  1.29 0.097   116.3 from 414 sources of intphas_0438o i
r1018913.fit  4.22  1.39 0.094    85.9 from 136 sources of intphas_0439 Ha
r1018914.fit  4.38  1.45 0.070   625.0 from 333 sources of intphas_0439 r
r1018915.fit  4.25  1.40 0.070   542.2 from 330 sources of intphas_0439 i
r1018916.fit  4.63  1.53 0.122   477.7 from 136 sources of intphas_0439o Ha
r1018917.fit  4.07  1.34 0.098   644.8 from 346 sources of intphas_0439o r
r1018918.fit  3.56  1.17 0.093   510.0 from 433 sources of intphas_0439o i
r1018919.fit  4.65  1.53 0.072   420.3 from 203 sources of intphas_0440 Ha
r1018920.fit  4.60  1.52 0.074   633.8 from 592 sources of intphas_0440 r
r1018921.fit  3.90  1.29 0.097   435.0 from 648 sources of intphas_0440 i
r1018922.fit  4.57  1.51 0.072   427.3 from 215 sources of intphas_0440o Ha
r1018923.fit  4.24  1.40 0.077   525.7 from 687 sources of intphas_0440o r
r1018924.fit  3.99  1.32 0.117   456.3 from 588 sources of intphas_0440o i
r1018925.fit  4.04  1.33 0.067   448.6 from 301 sources of intphas_0441 Ha
r1018926.fit  4.34  1.43 0.065   155.1 from 637 sources of intphas_0441 r
r1018927.fit  4.27  1.41 0.083   114.0 from 530 sources of intphas_0441 i
r1018928.fit is not a target (BIAS)
r1018929.fit  4.15  1.37 0.069    84.5 from 146 sources of intphas_0439 Ha
r1018930.fit  3.78  1.25 0.076   625.9 from 405 sources of intphas_0439 r
r1018931.fit  4.00  1.32 0.060   524.3 from 348 sources of intphas_0439 i
r1018932.fit  4.43  1.46 0.076   475.7 from 131 sources of intphas_0439o Ha
r1018933.fit  5.07  1.67 0.065   654.4 from 238 sources of intphas_0439o r
r1018934.fit  5.01  1.65 0.054   539.1 from 249 sources of intphas_0439o i
r1018935.fit  4.84  1.60 0.039   401.1 from 173 sources of intphas_0440 Ha
r1018936.fit  5.70  1.88 0.069   624.3 from 381 sources of intphas_0440 r
r1018937.fit  4.38  1.45 0.038   417.9 from 436 sources of intphas_0440 i
r1018938.fit  5.00  1.65 0.120    66.0 from  19 sources of SA92-502 Ha
r1018939.fit  4.71  1.55 0.088    91.2 from  16 sources of SA92-502 r
r1018940.fit  4.50  1.49 0.083    72.8 from  10 sources of SA92-502 i
r1018941.fit  4.34  1.43 0.084    71.2 from  22 sources of SA92-502 Ha
r1018942.fit  4.60  1.52 0.049    86.7 from  15 sources of SA92-502 r
r1018943.fit  4.99  1.65 0.121    73.8 from  11 sources of SA92-502 i
r1018944.fit  5.82  1.92 0.097    36.3 from  31 sources of GD50 Ha
r1018945.fit  5.47  1.81 0.055   285.1 from  53 sources of GD50 r
r1018946.fit  4.73  1.56 0.054    85.4 from  36 sources of GD50 i
r1018947.fit  4.64  1.53 0.038    87.7 from 191 sources of intphas_0440o Ha
r1018948.fit  4.09  1.35 0.055   264.4 from 650 sources of intphas_0440o r
r1018949.fit  4.24  1.40 0.069   136.2 from 462 sources of intphas_0440o i
r1018950.fit  3.93  1.30 0.046    86.7 from 284 sources of intphas_0441 Ha
r1018951.fit  4.56  1.50 0.078   266.9 from 596 sources of intphas_0441 r
r1018952.fit  4.65  1.53 0.085   150.4 from 450 sources of intphas_0441 i
r1018953.fit  4.46  1.47 0.039    87.2 from 239 sources of intphas_0441o Ha
r1018954.fit  4.44  1.47 0.043    58.7 from 602 sources of intphas_0441o r
r1018955.fit  3.95  1.30 0.078    60.6 from 589 sources of intphas_0441o i
r1018956.fit  4.52  1.49 0.036   437.6 from 120 sources of intphas_0442 Ha
r1018957.fit  3.76  1.24 0.043   498.2 from 469 sources of intphas_0442 r
r1018958.fit  3.74  1.23 0.061   388.0 from 462 sources of intphas_0442 i
r1018959.fit  5.06  1.67 0.077   432.4 from 108 sources of intphas_0442o Ha
r1018960.fit  4.13  1.36 0.056   561.5 from 352 sources of intphas_0442o r
r1018961.fit  3.48  1.15 0.059   468.0 from 457 sources of intphas_0442o i
r1018962.fit  3.92  1.29 0.039   370.4 from 289 sources of intphas_0443 Ha
r1018963.fit  3.84  1.27 0.045   591.5 from 850 sources of intphas_0443 r
r1018964.fit  3.65  1.20 0.052   485.5 from 690 sources of intphas_0443 i
r1018965.fit  5.00  1.65 0.075   367.0 from 212 sources of intphas_0443o Ha
r1018966.fit  3.57  1.18 0.054   395.1 from 950 sources of intphas_0443o r
r1018967.fit  3.76  1.24 0.087   293.1 from 674 sources of intphas_0443o i
r1018968.fit is not a target (BIAS)
r1018969.fit is not a target (BIAS)
r1018970.fit  4.01  1.32 0.047   186.8 from 286 sources of Test for noise
r1018971.fit is not a target (BIAS)
r1018972.fit is not a target (BIAS)
r1018973.fit is not a target (BIAS)
r1018974.fit is not a target (BIAS)
r1018975.fit is not a target (BIAS)
r1018976.fit  3.49  1.15 0.043    72.3 from 151 sources of intphas_0444 Ha
r1018977.fit  3.61  1.19 0.054    81.8 from 352 sources of intphas_0444 r
r1018978.fit  3.56  1.17 0.055    83.2 from 357 sources of intphas_0444 i
r1018979.fit  3.99  1.32 0.079    87.5 from 128 sources of intphas_0444o Ha
r1018980.fit  4.73  1.56 0.067   179.7 from 202 sources of intphas_0444o r
r1018981.fit  4.10  1.35 0.080   174.5 from 296 sources of intphas_0444o i
r1018982.fit  4.11  1.36 0.055   117.5 from 166 sources of intphas_0447 Ha
r1018983.fit  3.60  1.19 0.048    79.4 from 507 sources of intphas_0447 r
r1018984.fit  3.93  1.30 0.056   148.7 from 429 sources of intphas_0447 i
r1018985.fit  4.74  1.56 0.085   104.2 from 155 sources of intphas_0447o Ha
r1018986.fit  3.58  1.18 0.055   264.9 from 474 sources of intphas_0447o r
r1018987.fit  3.47  1.15 0.075   173.5 from 475 sources of intphas_0447o i
r1018988.fit  3.74  1.23 0.054    94.3 from 211 sources of intphas_0448 Ha
r1018989.fit  4.93  1.63 0.099   240.7 from 368 sources of intphas_0448 r
r1018990.fit  3.58  1.18 0.039   169.6 from 487 sources of intphas_0448 i
r1018991.fit  4.83  1.59 0.066   100.2 from 153 sources of intphas_0448o Ha
r1018992.fit  4.25  1.40 0.056   246.0 from 428 sources of intphas_0448o r
r1018993.fit  3.62  1.19 0.057   163.9 from 485 sources of intphas_0448o i
r1018994.fit  3.41  1.13 0.047   113.8 from 129 sources of intphas_0449 Ha
r1018995.fit  3.46  1.14 0.047   249.0 from 330 sources of intphas_0449 r
r1018996.fit  3.31  1.09 0.052   170.9 from 364 sources of intphas_0449 i
r1018997.fit  4.51  1.49 0.068   115.0 from  89 sources of intphas_0449o Ha
r1018998.fit  5.16  1.70 0.045   233.9 from 150 sources of intphas_0449o r
r1018999.fit  3.82  1.26 0.043   156.7 from 262 sources of intphas_0449o i
r1019000.fit  4.29  1.42 0.097    80.2 from 160 sources of intphas_0450 Ha
r1019001.fit  5.75  1.90 0.034   204.9 from 244 sources of intphas_0450 r
r1019002.fit  4.45  1.47 0.074   123.2 from 339 sources of intphas_0450 i
r1019003.fit  3.65  1.20 0.064    82.3 from 192 sources of intphas_0450o Ha
r1019004.fit  4.01  1.32 0.070   220.9 from 423 sources of intphas_0450o r
r1019005.fit  3.62  1.19 0.070   152.9 from 460 sources of intphas_0450o i
r1019006.fit  6.37  2.10 0.055    67.0 from  28 sources of SA95-42 Ha
r1019007.fit  8.73  2.88 0.036   169.7 from  32 sources of SA95-42 r
r1019008.fit  9.99  3.30 0.058    85.1 from  14 sources of SA95-42 i
r1019009.fit  9.10  3.00 0.082    74.0 from  22 sources of HZ4 Ha
r1019010.fit  7.03  2.32 0.027    83.3 from  40 sources of HZ4 r
r1019011.fit  6.13  2.02 0.041    77.9 from  35 sources of HZ4 i
r1019012.fit  8.06  2.66 0.055    73.1 from  32 sources of ST_NGC2419 Ha
r1019013.fit  7.83  2.58 0.078   171.3 from  75 sources of ST_NGC2419 r
r1019014.fit  7.16  2.36 0.040    86.1 from  34 sources of ST_NGC2419 i
r1019015.fit  7.94  2.62 0.108   341.7 from  30 sources of M81A
r1019016.fit  6.03  1.99 0.100   337.1 from  98 sources of M81A
r1019017.fit  6.09  2.01 0.113   370.0 from 100 sources of M81B
r1019018.fit  6.00  1.98 0.098   401.3 from 104 sources of M81C
r1019019.fit  6.22  2.05 0.091   381.6 from 101 sources of M81D
r1019020.fit  6.53  2.15 0.108   996.2 from 146 sources of M81D
r1019021.fit  6.91  2.28 0.130  1030.7 from 144 sources of M81C
r1019022.fit  6.02  1.99 0.119   995.5 from 149 sources of M81B
r1019023.fit  8.62  2.84 0.126   977.8 from 104 sources of M81A
r1019024.fit  7.30  2.41 0.159  1116.9 from 385 sources of M31A
r1019025.fit  7.21  2.38 0.139  1121.8 from 385 sources of M31B
r1019026.fit  7.84  2.59 0.108  1159.2 from 356 sources of M31C
r1019027.fit  6.59  2.17 0.129  1151.9 from 436 sources of M31D
r1019028.fit  7.27  2.40 0.070 20426.9 from  73 sources of tcsdither orig pos
r1019029.fit  5.08  1.68 0.079 20036.2 from 100 sources of tcsdither 5 5
r1019030.fit  5.26  1.74 0.064 19698.9 from  93 sources of tcsdither 10 10
r1019031.fit  5.28  1.74 0.074   302.9 from 131 sources of 97-42 orig
r1019032.fit  5.54  1.83 0.067   304.4 from 113 sources of 97-42 10 0
r1019033.fit  4.85  1.60 0.076   300.1 from 147 sources of 97-42 20 5
r1019034.fit is not a target (BIAS)
r1019035.fit is not a target (BIAS)
r1019036.fit is not a target (FLAT)
r1019037.fit is not a target (FLAT)
r1019038.fit is not a target (BIAS)
r1019039.fit is not a target (BIAS)
r1019040.fit is not a target (FLAT)
r1019041.fit is not a target (FLAT)
r1019042.fit is not a target (SKY)
r1019043.fit is not a target (SKY)
r1019044.fit is not a target (SKY)
r1019045.fit is not a target (SKY)
r1019046.fit is not a target (SKY)
r1019047.fit is not a target (SKY)
r1019048.fit is not a target (SKY)
r1019049.fit is not a target (SKY)
r1019050.fit is not a target (SKY)
r1019051.fit is not a target (SKY)
r1019052.fit is not a target (SKY)
r1019053.fit is not a target (SKY)
r1019054.fit is not a target (SKY)
r1019055.fit is not a target (SKY)
r1019056.fit is not a target (SKY)
r1019057.fit is not a target (SKY)
r1019058.fit is not a target (SKY)
r1019059.fit is not a target (SKY)
r1019060.fit is not a target (SKY)
r1019061.fit is not a target (SKY)
r1019062.fit is not a target (SKY)
r1019063.fit is not a target (SKY)
r1019064.fit is not a target (SKY)
r1019065.fit is not a target (SKY)
r1019066.fit is not a target (SKY)
