r1013472.fit is not a target (FLAT)
r1013473.fit is not a target (FLAT)
r1013474.fit is not a target (FLAT)
r1013475.fit is not a target (FLAT)
r1013476.fit is not a target (FLAT)
r1013477.fit is not a target (FLAT)
r1013478.fit is not a target (FLAT)
r1013479.fit is not a target (FLAT)
r1013480.fit is not a target (FLAT)
r1013481.fit is not a target (FLAT)
r1013482.fit is not a target (FLAT)
r1013483.fit is not a target (FLAT)
r1013484.fit is not a target (FLAT)
r1013485.fit is not a target (FLAT)
r1013486.fit is not a target (FLAT)
r1013487.fit  6.21  2.05 0.053    38.7 from  23 sources of sa110-246 Ha
r1013488.fit  5.90  1.95 0.069    36.5 from  11 sources of sa110-246 r
r1013489.fit  4.40  1.45 0.065    37.8 from  32 sources of sa110-246 i
r1013490.fit  4.77  1.57 0.090    33.7 from 109 sources of intphas_4829o Ha
r1013491.fit  4.61  1.52 0.074   113.8 from 261 sources of intphas_4829o r
r1013492.fit  4.93  1.63 0.111    99.3 from 337 sources of intphas_4829o i
r1013493.fit  5.01  1.65 0.067    60.0 from  92 sources of intphas_4867 Ha
r1013494.fit  5.41  1.79 0.100   122.0 from 221 sources of intphas_4867 r
r1013495.fit  3.84  1.27 0.100    96.6 from 460 sources of intphas_4867 i
r1013496.fit  4.95  1.63 0.061    58.3 from 110 sources of intphas_4867o Ha
r1013497.fit  5.51  1.82 0.072   110.5 from 221 sources of intphas_4867o r
r1013498.fit  4.83  1.59 0.092   104.8 from 325 sources of intphas_4867o i
r1013499.fit  6.02  1.99 0.107    38.3 from 297 sources of intphas_4908 Ha
r1013500.fit  7.19  2.37 0.122   119.0 from 683 sources of intphas_4908 r
r1013501.fit  4.13  1.36 0.126    96.1 from 1483 sources of intphas_4908 i
r1013502.fit  5.64  1.86 0.171    46.1 from 380 sources of intphas_4935 Ha
r1013503.fit  4.65  1.53 0.110   123.7 from 1278 sources of intphas_4935 r
r1013504.fit  3.78  1.25 0.133    73.5 from 1422 sources of intphas_4935 i
r1013505.fit  4.70  1.55 0.101    48.2 from 479 sources of intphas_4935o Ha
r1013506.fit  4.48  1.48 0.102   105.8 from 1530 sources of intphas_4935o r
r1013507.fit  4.26  1.41 0.112    86.1 from 1220 sources of intphas_4935o i
r1013508.fit  4.36  1.44 0.118    51.9 from 135 sources of intphas_4973 Ha
r1013509.fit  3.86  1.27 0.065   105.0 from 403 sources of intphas_4973 r
r1013510.fit  3.65  1.20 0.105    84.4 from 546 sources of intphas_4973 i
r1013511.fit  3.98  1.31 0.059    55.8 from 142 sources of intphas_4973o Ha
r1013512.fit  3.76  1.24 0.069   110.0 from 433 sources of intphas_4973o r
r1013513.fit  3.69  1.22 0.074    98.6 from 510 sources of intphas_4973o i
r1013514.fit  4.09  1.35 0.105    48.2 from 438 sources of intphas_5135 Ha
r1013515.fit  4.17  1.38 0.115    50.5 from 1328 sources of intphas_5135 r
r1013516.fit  3.66  1.21 0.114    80.3 from 1523 sources of intphas_5135 i
r1013517.fit  4.04  1.33 0.076    52.1 from 417 sources of intphas_5135o Ha
r1013518.fit  3.86  1.27 0.094    89.2 from 1451 sources of intphas_5135o r
r1013519.fit  3.59  1.18 0.104    85.5 from 1587 sources of intphas_5135o i
r1013520.fit  3.88  1.28 0.047    48.4 from 144 sources of intphas_5154 Ha
r1013521.fit  3.74  1.23 0.077    97.9 from 368 sources of intphas_5154 r
r1013522.fit  3.74  1.23 0.052    83.6 from 445 sources of intphas_5154 i
r1013523.fit  3.55  1.17 0.051    31.0 from 164 sources of intphas_5154o Ha
r1013524.fit  3.34  1.10 0.070    62.8 from 450 sources of intphas_5154o r
r1013525.fit  3.70  1.22 0.073    56.5 from 471 sources of intphas_5154o i
r1013526.fit  4.80  1.58 0.115    56.2 from 503 sources of intphas_5161o Ha
r1013527.fit  4.22  1.39 0.123    97.6 from 1745 sources of intphas_5161o r
r1013528.fit  3.51  1.16 0.118    52.6 from 1914 sources of intphas_5161o i
r1013529.fit  3.71  1.22 0.090    32.7 from 468 sources of intphas_5165o Ha
r1013530.fit  3.95  1.30 0.100    45.2 from 1206 sources of intphas_5165o r
r1013531.fit  3.83  1.26 0.114    38.6 from 1305 sources of intphas_5165o i
r1013532.fit  4.51  1.49 0.096    58.6 from 712 sources of intphas_5196 Ha
r1013533.fit  4.33  1.43 0.116   107.2 from 2178 sources of intphas_5196 r
r1013534.fit  4.24  1.40 0.115    83.1 from 1549 sources of intphas_5196 i
r1013535.fit  4.10  1.35 0.090    45.6 from 765 sources of intphas_5196o Ha
r1013536.fit  4.55  1.50 0.115    50.8 from 2005 sources of intphas_5196o r
r1013537.fit  4.21  1.39 0.107    69.9 from 1536 sources of intphas_5196o i
r1013538.fit  5.37  1.77 0.111    57.4 from 481 sources of intphas_5309 Ha
r1013539.fit  4.75  1.57 0.115   103.9 from 1513 sources of intphas_5309 r
r1013540.fit  3.63  1.20 0.110    97.0 from 1807 sources of intphas_5309 i
r1013541.fit  4.30  1.42 0.084    56.5 from 584 sources of intphas_5309o Ha
r1013542.fit  3.99  1.32 0.099    79.1 from 1961 sources of intphas_5309o r
r1013543.fit  3.77  1.24 0.103    74.9 from 1680 sources of intphas_5309o i
r1013544.fit  4.25  1.40 0.082    35.0 from 311 sources of intphas_5457 Ha
r1013545.fit  3.82  1.26 0.091    72.2 from 1025 sources of intphas_5457 r
r1013546.fit  3.93  1.30 0.119    37.3 from 1067 sources of intphas_5457 i
r1013547.fit  4.38  1.45 0.079    58.5 from 268 sources of intphas_5457o Ha
r1013548.fit  4.20  1.39 0.072   106.9 from 704 sources of intphas_5457o r
r1013549.fit  3.32  1.10 0.081    96.2 from 1044 sources of intphas_5457o i
r1013550.fit  4.14  1.37 0.104    58.8 from 387 sources of intphas_4565 Ha
r1013551.fit  4.06  1.34 0.115    67.7 from 1365 sources of intphas_4565 r
r1013552.fit  3.88  1.28 0.134    67.2 from 1707 sources of intphas_4565 i
r1013553.fit  3.95  1.30 0.036    48.4 from 114 sources of intphas_5111 Ha
r1013554.fit  3.72  1.23 0.041   105.6 from 287 sources of intphas_5111 r
r1013555.fit  3.37  1.11 0.066    96.9 from 435 sources of intphas_5111 i
r1013556.fit  3.94  1.30 0.039    42.5 from 115 sources of intphas_5111o Ha
r1013557.fit  3.88  1.28 0.084    90.3 from 302 sources of intphas_5111o r
r1013558.fit  3.34  1.10 0.060    85.6 from 458 sources of intphas_5111o i
r1013559.fit  3.97  1.31 0.093     4.0 from  12 sources of sa114-548 Ha
r1013560.fit  4.65  1.53 0.063    12.3 from   9 sources of sa114-548 r
r1013561.fit  3.92  1.29 0.101    15.5 from   9 sources of sa114-548 i
r1013562.fit  4.05  1.34 0.073     8.9 from   9 sources of SA114-548 r
r1013563.fit  4.77  1.57 0.198    34.0 from  11 sources of SA114-548 U
r1013564.fit  4.89  1.61 0.050    12.8 from  11 sources of SA114-548 g
r1013565.fit  4.03  1.33 0.049    32.7 from  19 sources of SA110-246 r
r1013566.fit  4.84  1.60 0.099    36.6 from  12 sources of SA110-246 U
r1013567.fit  5.29  1.75 0.051    31.7 from  11 sources of SA110-246 g
r1013568.fit  4.63  1.53 0.029    38.6 from  30 sources of SA110-246 Ha
r1013569.fit  4.46  1.47 0.081    34.8 from  23 sources of SA110-246 r
r1013570.fit  4.44  1.47 0.083    41.3 from  32 sources of SA110-246 i
r1013571.fit  3.50  1.16 0.045    47.0 from 113 sources of intphas_5124 Ha
r1013572.fit  3.29  1.09 0.045    95.2 from 231 sources of intphas_5124 r
r1013573.fit  3.25  1.07 0.051    64.7 from 363 sources of intphas_5124 i
r1013574.fit  3.61  1.19 0.052    54.0 from 268 sources of intphas_5471 Ha
r1013575.fit  3.55  1.17 0.056    97.8 from 645 sources of intphas_5471 r
r1013576.fit  3.13  1.03 0.069    98.2 from 825 sources of intphas_5471 i
r1013577.fit  3.50  1.16 0.044    54.8 from 110 sources of intphas_5124o Ha
r1013578.fit  3.34  1.10 0.050   115.4 from 221 sources of intphas_5124o r
r1013579.fit  2.96  0.98 0.058    93.8 from 394 sources of intphas_5124o i
r1013580.fit  4.47  1.48 0.108    55.1 from 199 sources of intphas_5471o Ha
r1013581.fit  3.79  1.25 0.075   116.8 from 555 sources of intphas_5471o r
r1013582.fit  3.36  1.11 0.083   113.8 from 733 sources of intphas_5471o i
r1013583.fit  4.38  1.45 0.046    53.6 from 171 sources of intphas_4714o Ha
r1013584.fit  3.59  1.18 0.059   112.7 from 522 sources of intphas_4714o r
r1013585.fit  3.38  1.12 0.046   123.5 from 584 sources of intphas_4714o i
r1013586.fit  4.11  1.36 0.082    61.6 from 271 sources of intphas_4766 Ha
r1013587.fit  3.79  1.25 0.095   138.0 from 959 sources of intphas_4766 r
r1013588.fit  3.34  1.10 0.085   138.4 from 1249 sources of intphas_4766 i
r1013589.fit  4.25  1.40 0.079    62.8 from 242 sources of intphas_4766o Ha
r1013590.fit  3.86  1.27 0.090   130.6 from 903 sources of intphas_4766o r
r1013591.fit  3.83  1.26 0.093   135.9 from 1053 sources of intphas_4766o i
r1013592.fit  3.22  1.06 0.086    69.9 from 227 sources of intphas_6793 Ha
r1013593.fit  3.25  1.07 0.098   111.7 from 554 sources of intphas_6793 r
r1013594.fit  3.48  1.15 0.127   117.0 from 551 sources of intphas_6793 i
r1013595.fit  3.62  1.19 0.086    66.7 from 214 sources of intphas_6793o Ha
r1013596.fit  3.55  1.17 0.087   117.8 from 520 sources of intphas_6793o r
r1013597.fit  3.03  1.00 0.087   127.3 from 725 sources of intphas_6793o i
r1013598.fit  3.41  1.13 0.054    64.2 from 198 sources of intphas_6797 Ha
r1013599.fit  3.46  1.14 0.078   125.0 from 499 sources of intphas_6797 r
r1013600.fit  3.25  1.07 0.074    53.6 from 619 sources of intphas_6797 i
r1013601.fit  3.28  1.08 0.052    63.2 from 101 sources of intphas_6440 Ha
r1013602.fit  3.49  1.15 0.061   113.7 from 230 sources of intphas_6440 r
r1013603.fit  3.45  1.14 0.057   127.3 from 269 sources of intphas_6440 i
r1013604.fit  3.64  1.20 0.041    65.5 from 114 sources of intphas_6440o Ha
r1013605.fit  3.03  1.00 0.061   121.1 from 315 sources of intphas_6440o r
r1013606.fit  2.84  0.94 0.062   118.0 from 386 sources of intphas_6440o i
r1013607.fit  3.62  1.19 0.039    61.3 from  75 sources of intphas_6447 Ha
r1013608.fit  3.07  1.01 0.045   123.7 from 200 sources of intphas_6447 r
r1013609.fit  2.95  0.97 0.050   121.0 from 274 sources of intphas_6447 i
r1013610.fit  3.34  1.10 0.040    63.5 from 101 sources of intphas_6447o Ha
r1013611.fit  3.82  1.26 0.068   101.1 from 203 sources of intphas_6447o r
r1013612.fit  3.39  1.12 0.069   121.0 from 271 sources of intphas_6447o i
r1013613.fit  3.73  1.23 0.046    67.3 from  99 sources of intphas_6448o Ha
r1013614.fit  3.38  1.12 0.042   102.8 from 233 sources of intphas_6448o r
r1013615.fit  3.06  1.01 0.044    97.7 from 332 sources of intphas_6448o i
r1013616.fit  3.47  1.15 0.057    37.3 from 111 sources of intphas_6448 Ha
r1013617.fit  2.96  0.98 0.067   107.3 from 296 sources of intphas_6448 r
r1013618.fit  2.78  0.92 0.047   106.2 from 414 sources of intphas_6448 i
r1013619.fit  3.15  1.04 0.059    66.2 from 197 sources of intphas_6471 Ha
r1013620.fit  3.05  1.01 0.055   110.7 from 557 sources of intphas_6471 r
r1013621.fit  2.60  0.86 0.073   121.3 from 729 sources of intphas_6471 i
r1013622.fit  3.04  1.00 0.064    62.5 from 195 sources of intphas_6471o Ha
r1013623.fit  3.32  1.10 0.068   104.1 from 441 sources of intphas_6471o r
r1013624.fit  2.86  0.94 0.061   122.9 from 560 sources of intphas_6471o i
r1013625.fit  3.30  1.09 0.087    66.8 from 487 sources of intphas_6642 Ha
r1013626.fit  2.95  0.97 0.086    75.4 from 1586 sources of intphas_6642 r
r1013627.fit  3.03  1.00 0.086    73.7 from 1273 sources of intphas_6642 i
r1013628.fit  3.55  1.17 0.067    63.9 from 432 sources of intphas_6642o Ha
r1013629.fit  3.07  1.01 0.070   121.9 from 1505 sources of intphas_6642o r
r1013630.fit  3.18  1.05 0.058   122.6 from 1182 sources of intphas_6642o i
r1013631.fit  3.58  1.18 0.079    38.2 from 362 sources of intphas_6752o Ha
r1013632.fit  3.57  1.18 0.133    36.2 from 1001 sources of intphas_6752o r
r1013633.fit  2.83  0.93 0.082    79.5 from 1079 sources of intphas_6752o i
r1013634.fit  3.33  1.10 0.099    67.5 from 408 sources of intphas_6752 Ha
r1013635.fit  3.20  1.06 0.079   107.2 from 1061 sources of intphas_6752 r
r1013636.fit  2.75  0.91 0.067    74.6 from 1081 sources of intphas_6752 i
r1013637.fit  3.65  1.20 0.123    77.3 from 210 sources of intphas_6765o Ha
r1013638.fit  3.49  1.15 0.085   127.6 from 462 sources of intphas_6765o r
r1013639.fit  3.25  1.07 0.052   131.3 from 517 sources of intphas_6765o i
r1013640.fit  4.54  1.50 0.124    36.6 from  10 sources of SA114-548 Ha
r1013641.fit  4.44  1.47 0.065    38.9 from  10 sources of SA114-548 r
r1013642.fit  4.46  1.47 0.108    38.4 from   9 sources of SA114-548 i
r1013643.fit  5.60  1.85 0.117    39.8 from   8 sources of SA114-548 r
r1013644.fit  5.36  1.77 0.193    55.7 from  10 sources of SA114-548 U
r1013645.fit  4.17  1.38 0.049    44.4 from  14 sources of SA114-548 g
r1013646.fit  5.21  1.72 0.116    62.0 from  26 sources of SA113-260 Ha
r1013647.fit  3.18  1.05 0.054    82.3 from  87 sources of SA113-260 r
r1013648.fit  2.99  0.99 0.031    91.0 from  68 sources of SA113-260 i
r1013649.fit  3.08  1.02 0.039    54.9 from  40 sources of SA113-260 r
r1013650.fit  4.02  1.33 0.054    50.9 from  19 sources of SA113-260 U
r1013651.fit  3.65  1.20 0.041    47.3 from  30 sources of SA113-260 g
r1013652.fit  5.11  1.69 0.129    97.9 from 417 sources of uvex_2144o r
r1013654.fit  5.56  1.83 0.149   370.5 from  43 sources of uvex_2144o U
r1013655.fit  3.21  1.06 0.063   209.1 from 211 sources of intphas_7101 Ha
r1013656.fit  3.42  1.13 0.046   267.2 from 445 sources of intphas_7101 r
r1013657.fit  2.87  0.95 0.048   278.7 from 599 sources of intphas_7101 i
r1013658.fit  3.31  1.09 0.056   208.4 from 193 sources of intphas_7101o Ha
r1013659.fit  3.21  1.06 0.050   266.7 from 479 sources of intphas_7101o r
r1013660.fit  2.72  0.90 0.044   268.8 from 617 sources of intphas_7101o i
r1013661.fit  3.31  1.09 0.036   209.7 from 231 sources of intphas_7175 Ha
r1013662.fit  3.37  1.11 0.074   265.9 from 599 sources of intphas_7175 r
r1013663.fit  4.77  1.57 0.049   245.6 from 309 sources of intphas_7175 i
r1013664.fit  5.31  1.75 0.077   205.9 from  70 sources of intphas_7208 Ha
r1013665.fit  3.73  1.23 0.056   265.9 from 226 sources of intphas_7208 r
r1013666.fit  3.58  1.18 0.043   290.5 from 266 sources of intphas_7208 i
r1013667.fit  4.35  1.44 0.034   213.0 from  95 sources of intphas_7208o Ha
r1013668.fit  4.53  1.49 0.051   277.7 from 191 sources of intphas_7208o r
r1013669.fit  5.15  1.70 0.077   296.3 from 175 sources of intphas_7208o i
r1013670.fit  5.20  1.72 0.040   450.1 from 427 sources of uvex_2144o r
r1013671.fit  6.12  2.02 0.150   414.3 from  41 sources of uvex_2144o U
r1013672.fit  4.68  1.54 0.098   423.7 from 325 sources of uvex_2144o g
r1013673.fit  4.85  1.60 0.087   410.5 from 443 sources of uvex_2166 r
r1013674.fit  6.15  2.03 0.098   404.9 from  53 sources of uvex_2166 U
r1013675.fit  5.48  1.81 0.136   411.3 from 269 sources of uvex_2166 g
r1013676.fit  4.73  1.56 0.105   124.2 from 413 sources of uvex_2166o r
r1013677.fit  5.90  1.95 0.123    38.8 from  50 sources of uvex_2166o U
r1013678.fit  4.85  1.60 0.125    54.3 from 264 sources of uvex_2166o g
r1013679.fit  4.60  1.52 0.085   118.2 from 504 sources of uvex_2427o r
r1013680.fit  5.49  1.81 0.091    42.6 from  57 sources of uvex_2427o U
r1013681.fit  5.03  1.66 0.061    55.5 from 324 sources of uvex_2427o g
r1013682.fit  4.11  1.36 0.101   108.3 from 630 sources of uvex_2429 r
r1013683.fit  5.69  1.88 0.175    41.6 from  72 sources of uvex_2429 U
r1013684.fit  4.56  1.50 0.141    26.9 from 410 sources of uvex_2429 g
r1013685.fit  4.72  1.56 0.124   125.2 from 553 sources of uvex_2429o r
r1013686.fit  5.72  1.89 0.170    39.0 from  81 sources of uvex_2429o U
r1013687.fit  4.53  1.49 0.072    63.2 from 405 sources of uvex_2429o g
r1013688.fit  4.49  1.48 0.139   126.7 from 397 sources of uvex_2431 r
r1013689.fit  5.52  1.82 0.139    32.5 from  59 sources of uvex_2431 U
r1013690.fit  4.82  1.59 0.085    58.6 from 220 sources of uvex_2431 g
r1013691.fit  4.81  1.59 0.081   107.8 from 403 sources of uvex_2431o r
r1013692.fit  5.97  1.97 0.136    34.1 from  56 sources of uvex_2431o U
r1013693.fit  4.97  1.64 0.112    45.0 from 253 sources of uvex_2431o g
r1013694.fit  4.36  1.44 0.110    49.7 from 642 sources of uvex_2432 r
r1013695.fit  5.58  1.84 0.121    19.1 from  87 sources of uvex_2432 U
r1013696.fit  5.70  1.88 0.080    11.7 from 311 sources of uvex_2432 g
r1013697.fit  5.47  1.81 0.083   125.5 from 440 sources of uvex_2432o r
r1013698.fit  5.99  1.98 0.131    36.1 from  89 sources of uvex_2432o U
r1013699.fit  5.34  1.76 0.113    62.4 from 348 sources of uvex_2432o g
r1013700.fit  4.71  1.55 0.090   120.9 from 414 sources of uvex_2433 r
r1013701.fit  6.25  2.06 0.097    19.7 from  58 sources of uvex_2433 U
r1013702.fit  5.14  1.70 0.126    44.7 from 242 sources of uvex_2433 g
r1013703.fit  5.32  1.76 0.062    93.7 from 363 sources of uvex_2433o r
r1013704.fit  5.94  1.96 0.123    33.1 from  63 sources of uvex_2433o U
r1013705.fit  5.29  1.75 0.074    26.6 from 236 sources of uvex_2433o g
r1013706.fit  5.45  1.80 0.090   101.3 from 375 sources of uvex_2434 r
r1013707.fit  5.82  1.92 0.099    31.8 from  48 sources of uvex_2434 U
r1013708.fit  5.37  1.77 0.086    58.7 from 290 sources of uvex_2434 g
r1013709.fit  4.58  1.51 0.075    90.4 from 519 sources of uvex_2434o r
r1013710.fit  6.08  2.01 0.112    31.1 from  49 sources of uvex_2434o U
r1013711.fit  5.32  1.76 0.061    42.6 from 315 sources of uvex_2434o g
r1013712.fit  4.70  1.55 0.080    91.7 from 602 sources of uvex_2435 r
r1013713.fit  5.67  1.87 0.112    25.9 from  86 sources of uvex_2435 U
r1013714.fit  4.74  1.56 0.077    41.8 from 469 sources of uvex_2435 g
r1013715.fit  4.48  1.48 0.074    79.3 from 590 sources of uvex_2435o r
r1013716.fit  5.34  1.76 0.094    23.4 from 103 sources of uvex_2435o U
r1013717.fit  4.74  1.56 0.053    33.8 from 423 sources of uvex_2435o g
r1013718.fit  4.47  1.48 0.092    81.9 from 487 sources of uvex_2436 r
r1013719.fit  5.52  1.82 0.102    28.2 from  69 sources of uvex_2436 U
r1013720.fit  4.75  1.57 0.105    36.4 from 301 sources of uvex_2436 g
r1013721.fit  4.34  1.43 0.090    67.8 from 484 sources of uvex_2436o r
r1013722.fit  5.17  1.71 0.121    26.1 from  75 sources of uvex_2436o U
r1013723.fit  4.63  1.53 0.095    35.3 from 287 sources of uvex_2436o g
r1013724.fit  4.25  1.40 0.097    97.7 from 550 sources of uvex_2439 r
r1013725.fit  5.33  1.76 0.112    23.4 from  75 sources of uvex_2439 U
r1013726.fit  4.60  1.52 0.104    47.9 from 355 sources of uvex_2439 g
r1013727.fit  3.99  1.32 0.109    80.6 from 633 sources of uvex_2439o r
r1013728.fit  5.16  1.70 0.126    24.8 from  87 sources of uvex_2439o U
r1013729.fit  4.49  1.48 0.076    42.1 from 361 sources of uvex_2439o g
r1013730.fit  4.24  1.40 0.120    75.3 from 565 sources of uvex_2441 r
r1013731.fit  5.32  1.76 0.109    28.8 from  61 sources of uvex_2441 U
r1013732.fit  4.76  1.57 0.075    39.4 from 300 sources of uvex_2441 g
r1013733.fit  4.17  1.38 0.074    72.3 from 502 sources of uvex_2441o r
r1013734.fit  5.35  1.77 0.085    22.1 from  72 sources of uvex_2441o U
r1013735.fit  4.47  1.48 0.094    37.4 from 333 sources of uvex_2441o g
r1013736.fit  3.93  1.30 0.077    84.2 from 623 sources of uvex_2442 r
r1013737.fit  5.12  1.69 0.088    23.3 from  86 sources of uvex_2442 U
r1013738.fit  4.64  1.53 0.078    39.8 from 351 sources of uvex_2442 g
r1013739.fit  4.66  1.54 0.095     1.0 from 473 sources of uvex_2442o r
r1013740.fit  6.05  2.00 0.076    26.9 from  77 sources of uvex_2442o U
r1013741.fit  5.23  1.73 0.053    46.5 from 295 sources of uvex_2442o g
r1013742.fit  5.34  1.76 0.130    92.3 from 530 sources of uvex_2443 r
r1013743.fit  5.79  1.91 0.068    33.9 from 109 sources of uvex_2443 U
r1013744.fit  5.28  1.74 0.093    58.6 from 383 sources of uvex_2443 g
r1013745.fit  4.49  1.48 0.052   120.0 from 639 sources of uvex_2443o r
r1013746.fit  5.59  1.84 0.065    29.5 from 115 sources of uvex_2443o U
r1013747.fit  4.50  1.49 0.075    65.1 from 432 sources of uvex_2443o g
r1013748.fit  4.04  1.33 0.081    94.2 from 520 sources of uvex_2445 r
r1013749.fit  5.24  1.73 0.089    24.8 from  85 sources of uvex_2445 U
r1013750.fit  4.36  1.44 0.059    45.4 from 302 sources of uvex_2445 g
r1013751.fit  4.31  1.42 0.100    64.0 from 493 sources of uvex_2445o r
r1013752.fit  5.22  1.72 0.099    24.1 from  99 sources of uvex_2445o U
r1013753.fit  4.29  1.42 0.061    55.5 from 328 sources of uvex_2445o g
r1013754.fit  5.07  1.67 0.053    30.3 from 161 sources of SA98-650 r
r1013755.fit  6.58  2.17 0.128    25.7 from  53 sources of SA98-650 U
r1013756.fit  7.17  2.37 0.060    17.8 from  73 sources of SA98-650 g
r1013757.fit  5.69  1.88 0.111    25.8 from 108 sources of SA98-650 Ha
r1013758.fit  4.66  1.54 0.078    57.7 from 273 sources of SA98-650 r
r1013759.fit  4.43  1.46 0.090    47.2 from 161 sources of SA98-650 i
r1013760.fit  6.43  2.12 0.307    19.6 from  28 sources of SA95-271 Ha
r1013761.fit  3.37  1.11 0.070    62.3 from  53 sources of SA95-271 r
r1013762.fit  2.87  0.95 0.055    78.1 from  58 sources of SA95-271 i
r1013763.fit  3.77  1.24 0.073    28.2 from  36 sources of SA95-271 r
r1013764.fit  4.42  1.46 0.059    87.5 from  24 sources of SA95-271 U
r1013765.fit  3.85  1.27 0.093    75.4 from  38 sources of SA95-271 g
r1013766.fit is not a target (BIAS)
r1013767.fit is not a target (BIAS)
r1013768.fit is not a target (BIAS)
r1013769.fit is not a target (BIAS)
r1013770.fit is not a target (BIAS)
r1013771.fit is not a target (FLAT)
r1013772.fit is not a target (FLAT)
r1013773.fit is not a target (FLAT)
r1013774.fit is not a target (FLAT)
r1013775.fit is not a target (FLAT)
r1013776.fit is not a target (FLAT)
r1013777.fit is not a target (FLAT)
r1013778.fit is not a target (FLAT)
r1013779.fit is not a target (FLAT)
r1013780.fit is not a target (FLAT)
r1013781.fit is not a target (FLAT)
r1013782.fit is not a target (FLAT)
r1013783.fit is not a target (FLAT)
r1013784.fit is not a target (FLAT)
r1013785.fit is not a target (FLAT)
r1013786.fit is not a target (FLAT)
