r1022171.fit is not a target (BIAS)
r1022172.fit is not a target (BIAS)
r1022173.fit is not a target (BIAS)
r1022174.fit is not a target (BIAS)
r1022175.fit is not a target (BIAS)
r1022176.fit is not a target (BIAS)
r1022177.fit is not a target (BIAS)
r1022178.fit is not a target (BIAS)
r1022179.fit is not a target (BIAS)
r1022180.fit is not a target (BIAS)
r1022181.fit is not a target (BIAS)
r1022182.fit is not a target (BIAS)
r1022183.fit is not a target (BIAS)
r1022184.fit is not a target (BIAS)
r1022185.fit  5.20  1.72 0.320   209.2 from   2 sources of TEST
r1022186.fit  4.44  1.47 0.110   905.4 from   3 sources of TEST
r1022187.fit is not a target (SKY)
r1022188.fit is not a target (SKY)
r1022189.fit is not a target (SKY)
r1022190.fit is not a target (SKY)
r1022191.fit is not a target (SKY)
r1022192.fit is not a target (SKY)
r1022193.fit is not a target (SKY)
r1022194.fit is not a target (SKY)
r1022195.fit is not a target (SKY)
r1022196.fit is not a target (SKY)
r1022197.fit is not a target (SKY)
r1022199.fit is not a target (SKY)
r1022200.fit is not a target (SKY)
r1022201.fit is not a target (SKY)
r1022202.fit is not a target (SKY)
r1022203.fit is not a target (SKY)
r1022204.fit is not a target (SKY)
r1022205.fit is not a target (SKY)
r1022206.fit is not a target (SKY)
r1022207.fit is not a target (SKY)
r1022208.fit is not a target (SKY)
r1022209.fit is not a target (SKY)
r1022210.fit is not a target (FOCUS)
r1022211.fit  5.09  1.68 0.086    68.0 from  12 sources of SA112-250 Ha
r1022212.fit  5.94  1.96 0.051    64.8 from   7 sources of SA112-250 r
r1022213.fit  5.61  1.85 0.054    66.2 from   8 sources of SA112-250 i
r1022214.fit  4.32  1.43 0.058    82.2 from  16 sources of SA113-260 Ha
r1022215.fit  7.83  2.58 0.064   160.2 from  25 sources of SA113-260 r
r1022216.fit  8.76  2.89 0.110   124.4 from  14 sources of SA113-260 i
r1022217.fit  5.63  1.86 0.040   100.1 from  77 sources of intphas_7237 Ha
r1022218.fit  5.32  1.76 0.071   232.3 from 232 sources of intphas_7237 r
r1022219.fit  6.60  2.18 0.038   151.2 from 138 sources of intphas_7237 i
r1022220.fit  6.37  2.10 0.037    77.8 from  69 sources of intphas_7243 Ha
r1022221.fit  5.81  1.92 0.057   194.7 from 182 sources of intphas_7243 r
r1022222.fit  5.87  1.94 0.048   138.4 from 180 sources of intphas_7243 i
r1022223.fit  6.85  2.26 0.037    72.0 from  68 sources of intphas_7243o Ha
r1022224.fit  7.49  2.47 0.040   181.7 from 137 sources of intphas_7243o r
r1022225.fit  4.78  1.58 0.083   137.2 from 290 sources of intphas_7243o i
r1022226.fit  6.34  2.09 0.038    67.8 from  62 sources of intphas_7288 Ha
r1022227.fit  5.15  1.70 0.055   179.7 from 215 sources of intphas_7288 r
r1022228.fit  6.42  2.12 0.051   135.8 from 140 sources of intphas_7288 i
r1022229.fit  6.45  2.13 0.066    49.8 from 152 sources of intphas_7212 Ha
r1022230.fit  6.29  2.08 0.044   157.2 from 534 sources of intphas_7212 r
r1022231.fit  5.68  1.87 0.052   124.2 from 419 sources of intphas_7212 i
r1022232.fit  8.18  2.70 0.051    62.0 from 116 sources of intphas_7212o Ha
r1022233.fit  5.28  1.74 0.061   155.2 from 696 sources of intphas_7212o r
r1022234.fit  8.86  2.92 0.068   131.9 from 206 sources of intphas_7212o i
r1022235.fit  7.56  2.49 0.065    63.9 from 116 sources of intphas_7256 Ha
r1022236.fit  6.60  2.18 0.045   163.6 from 423 sources of intphas_7256 r
r1022237.fit  6.18  2.04 0.048   121.1 from 337 sources of intphas_7256 i
r1022238.fit  6.45  2.13 0.033    58.6 from 110 sources of intphas_7256o Ha
r1022239.fit  5.41  1.79 0.040    57.0 from 209 sources of intphas_7256o Ha
r1022240.fit  5.18  1.71 0.048   124.2 from 655 sources of intphas_7256o r
r1022241.fit  5.59  1.84 0.047   117.0 from 380 sources of intphas_7256o i
r1022242.fit  5.40  1.78 0.043    58.0 from 247 sources of intphas_7261 Ha
r1022243.fit  5.40  1.78 0.049   131.1 from 664 sources of intphas_7261 r
r1022244.fit  5.86  1.93 0.054   100.5 from 398 sources of intphas_7261 i
r1022245.fit  6.14  2.03 0.047    65.7 from  77 sources of intphas_6995 Ha
r1022246.fit  5.26  1.74 0.037   150.0 from 266 sources of intphas_6995 r
r1022247.fit  5.07  1.67 0.054   126.7 from 266 sources of intphas_6995 i
r1022248.fit  6.99  2.31 0.069    64.3 from  69 sources of intphas_6995o Ha
r1022249.fit  5.66  1.87 0.043   147.7 from 218 sources of intphas_6995o r
r1022250.fit  5.22  1.72 0.068   127.1 from 243 sources of intphas_6995o i
r1022251.fit  5.40  1.78 0.044    64.9 from 135 sources of intphas_6993 Ha
r1022252.fit  6.53  2.15 0.055   148.8 from 233 sources of intphas_6993 r
r1022253.fit  5.99  1.98 0.056   133.3 from 221 sources of intphas_6993 i
r1022254.fit  5.52  1.82 0.063    63.5 from 106 sources of intphas_6993o Ha
r1022255.fit  5.99  1.98 0.046   151.9 from 216 sources of intphas_6993o r
r1022256.fit  4.88  1.61 0.052   120.2 from 263 sources of intphas_6993o i
r1022257.fit  4.90  1.62 0.059    60.9 from 165 sources of intphas_7590o Ha
r1022258.fit  4.51  1.49 0.059   155.4 from 541 sources of intphas_7590o r
r1022259.fit  4.40  1.45 0.070   129.5 from 454 sources of intphas_7590o i
r1022260.fit  5.06  1.67 0.065    58.3 from 164 sources of intphas_7590 Ha
r1022261.fit  4.92  1.62 0.063   147.0 from 479 sources of intphas_7590 r
r1022262.fit  4.35  1.44 0.076   111.3 from 473 sources of intphas_7590 i
r1022263.fit  5.42  1.79 0.041    60.5 from 133 sources of intphas_7594 Ha
r1022264.fit  4.90  1.62 0.057   150.6 from 399 sources of intphas_7594 r
r1022265.fit  4.38  1.45 0.051   124.9 from 374 sources of intphas_7594 i
r1022266.fit  5.03  1.66 0.046    53.6 from 138 sources of intphas_7594o Ha
r1022267.fit  5.14  1.70 0.048   143.6 from 366 sources of intphas_7594o r
r1022268.fit  4.45  1.47 0.044   124.7 from 367 sources of intphas_7594o i
r1022269.fit  5.29  1.75 0.048    66.4 from 217 sources of intphas_0475 Ha
r1022270.fit  5.01  1.65 0.053   133.4 from 582 sources of intphas_0475 r
r1022271.fit  5.36  1.77 0.044   135.9 from 396 sources of intphas_0475 i
r1022272.fit  5.41  1.79 0.047    69.4 from 202 sources of intphas_0475o Ha
r1022273.fit  6.53  2.15 0.054   168.3 from 393 sources of intphas_0475o r
r1022274.fit  5.88  1.94 0.045   143.8 from 332 sources of intphas_0475o i
r1022275.fit  5.74  1.89 0.047    70.3 from 155 sources of intphas_0477 Ha
r1022276.fit  5.81  1.92 0.039   171.9 from 376 sources of intphas_0477 r
r1022277.fit  6.11  2.02 0.042   129.8 from 256 sources of intphas_0477 i
r1022278.fit  5.93  1.96 0.034    72.8 from 162 sources of intphas_0477o Ha
r1022279.fit  5.67  1.87 0.040   167.8 from 420 sources of intphas_0477o r
r1022280.fit  5.32  1.76 0.040   136.0 from 342 sources of intphas_0477o i
r1022281.fit  5.75  1.90 0.044    70.0 from  98 sources of intphas_0481 Ha
r1022282.fit  5.70  1.88 0.068   124.1 from 270 sources of intphas_0481 r
r1022283.fit  4.88  1.61 0.061   114.9 from 315 sources of intphas_0481 i
r1022284.fit  5.12  1.69 0.060    65.9 from 125 sources of intphas_0481o Ha
r1022285.fit  5.74  1.89 0.052   148.1 from 266 sources of intphas_0481o r
r1022286.fit  4.80  1.58 0.066   131.0 from 322 sources of intphas_0481o i
r1022287.fit  5.18  1.71 0.072    64.9 from 162 sources of intphas_0482 Ha
r1022288.fit  5.10  1.68 0.054   113.4 from 397 sources of intphas_0482 r
r1022289.fit  4.72  1.56 0.050   128.6 from 358 sources of intphas_0482 i
r1022290.fit  5.51  1.82 0.051    65.2 from 116 sources of intphas_0482o Ha
r1022291.fit  5.43  1.79 0.056   141.2 from 420 sources of intphas_0482o r
r1022292.fit  4.84  1.60 0.064   129.4 from 392 sources of intphas_0482o i
r1022293.fit  5.41  1.79 0.053    68.9 from  92 sources of intphas_0486 Ha
r1022294.fit  5.64  1.86 0.048   152.9 from 258 sources of intphas_0486 r
r1022295.fit  5.37  1.77 0.059   129.6 from 240 sources of intphas_0486 i
r1022296.fit  5.88  1.94 0.038    59.5 from  94 sources of intphas_0486o Ha
r1022297.fit  5.57  1.84 0.038   143.2 from 286 sources of intphas_0486o r
r1022298.fit  4.92  1.62 0.049   117.6 from 305 sources of intphas_0486o i
r1022299.fit  5.54  1.83 0.034    64.5 from 175 sources of intphas_0487 Ha
r1022300.fit  5.11  1.69 0.058   140.1 from 544 sources of intphas_0487 r
r1022301.fit  4.90  1.62 0.052   123.7 from 408 sources of intphas_0487 i
r1022302.fit  5.80  1.91 0.054    52.3 from 163 sources of intphas_0487o Ha
r1022303.fit  5.25  1.73 0.041   121.7 from 504 sources of intphas_0487o r
r1022304.fit  5.24  1.73 0.039    98.0 from 354 sources of intphas_0487o i
r1022305.fit  6.65  2.19 0.041    56.0 from  59 sources of intphas_0495 Ha
r1022306.fit  7.28  2.40 0.049   125.1 from 129 sources of intphas_0495 r
r1022307.fit  6.63  2.19 0.045   112.9 from 126 sources of intphas_0495 i
r1022308.fit  7.24  2.39 0.042    59.4 from  51 sources of intphas_0495o Ha
r1022309.fit  6.40  2.11 0.035   137.1 from 171 sources of intphas_0495o r
r1022310.fit  6.59  2.17 0.036   136.9 from 137 sources of intphas_0495o i
r1022311.fit  6.11  2.02 0.046    58.9 from  78 sources of intphas_0496 Ha
r1022312.fit  5.83  1.92 0.045   134.4 from 234 sources of intphas_0496 r
r1022313.fit  5.02  1.66 0.053   125.5 from 281 sources of intphas_0496 i
r1022314.fit  5.69  1.88 0.048    58.2 from  87 sources of intphas_0496o Ha
r1022315.fit  5.23  1.73 0.042   104.2 from 282 sources of intphas_0496o r
r1022316.fit  5.67  1.87 0.043   117.9 from 211 sources of intphas_0496o i
r1022317.fit  5.85  1.93 0.036    61.2 from  80 sources of intphas_0497 Ha
r1022318.fit  5.87  1.94 0.035   132.1 from 258 sources of intphas_0497 r
r1022319.fit  5.59  1.84 0.033   119.1 from 230 sources of intphas_0497 i
r1022320.fit  6.84  2.26 0.032    61.3 from  70 sources of intphas_0497o Ha
r1022321.fit  6.65  2.19 0.043   142.0 from 179 sources of intphas_0497o r
r1022322.fit  6.70  2.21 0.048   117.3 from 159 sources of intphas_0497o i
r1022323.fit  6.09  2.01 0.057    66.6 from  91 sources of intphas_0957 Ha
r1022324.fit  7.15  2.36 0.033   146.3 from 175 sources of intphas_0957 r
r1022325.fit  5.60  1.85 0.044   119.6 from 205 sources of intphas_0957 i
r1022326.fit  7.33  2.42 0.035    63.9 from  65 sources of intphas_0957o Ha
r1022327.fit  9.05  2.99 0.048   145.8 from 124 sources of intphas_0957o r
r1022328.fit  5.92  1.95 0.035   118.2 from 177 sources of intphas_0957o i
r1022329.fit  7.37  2.43 0.046    58.5 from  89 sources of intphas_0958 Ha
r1022330.fit  8.81  2.91 0.037   138.4 from 174 sources of intphas_0958 r
r1022331.fit  6.11  2.02 0.052   116.9 from 246 sources of intphas_0958 i
r1022332.fit  6.72  2.22 0.041    60.8 from 100 sources of intphas_0958o Ha
r1022333.fit  7.28  2.40 0.036   143.0 from 228 sources of intphas_0958o r
r1022334.fit  6.86  2.26 0.047   116.1 from 187 sources of intphas_0958o i
r1022335.fit  5.80  1.91 0.050    50.8 from  15 sources of SA92-502 Ha
r1022336.fit  7.52  2.48 0.037    54.0 from   8 sources of SA92-502 r
r1022337.fit  6.17  2.04 0.045    60.0 from   7 sources of SA92-502 i
r1022338.fit  8.82  2.91 0.065    24.3 from  10 sources of SA95-271 r
r1022339.fit  4.41  1.46 0.058    27.9 from  12 sources of SA95-271 U
r1022340.fit  7.33  2.42 0.055    17.4 from  20 sources of SA95-271 g
r1022341.fit  6.31  2.08 0.034    28.2 from  69 sources of intphas_0959 Ha
r1022342.fit  6.89  2.27 0.028    99.7 from 178 sources of intphas_0959 r
r1022343.fit  5.43  1.79 0.057    84.9 from 210 sources of intphas_0959 i
r1022344.fit  6.35  2.10 0.058    19.3 from  62 sources of intphas_0959o Ha
r1022345.fit  6.03  1.99 0.034    96.8 from 192 sources of intphas_0959o r
r1022346.fit  5.95  1.96 0.066    81.7 from 179 sources of intphas_0959o i
r1022347.fit  6.13  2.02 0.030    25.2 from  85 sources of intphas_0960 Ha
r1022348.fit  6.07  2.00 0.025   110.7 from 188 sources of intphas_0960 r
r1022349.fit  5.53  1.82 0.036    82.0 from 187 sources of intphas_0960 i
r1022350.fit  6.64  2.19 0.042    25.8 from  69 sources of intphas_0960o Ha
r1022351.fit  5.96  1.97 0.023   113.9 from 182 sources of intphas_0960o r
r1022352.fit  5.37  1.77 0.040    80.8 from 177 sources of intphas_0960o i
r1022353.fit  6.43  2.12 0.047    26.4 from 223 sources of uvex_2034 r
r1022354.fit  6.92  2.28 0.037    28.9 from  32 sources of uvex_2034 U
r1022355.fit  6.57  2.17 0.041    44.0 from 146 sources of uvex_2034 g
r1022356.fit  6.60  2.18 0.034   104.1 from 197 sources of uvex_2034o r
r1022357.fit  6.35  2.10 0.044    26.0 from  44 sources of uvex_2034o U
r1022358.fit  5.58  1.84 0.053    43.5 from 152 sources of uvex_2034o g
r1022359.fit  5.62  1.85 0.077    96.2 from 310 sources of uvex_1958 r
r1022360.fit  6.49  2.14 0.078    24.9 from  36 sources of uvex_1958 U
r1022361.fit  5.89  1.94 0.055    38.3 from 164 sources of uvex_1958 g
r1022362.fit  5.98  1.97 0.039   106.6 from 245 sources of uvex_1958o r
r1022363.fit  6.64  2.19 0.044    30.0 from  34 sources of uvex_1958o U
r1022364.fit  5.84  1.93 0.028    44.8 from 169 sources of uvex_1958o g
r1022365.fit  6.56  2.16 0.057   103.6 from 233 sources of uvex_2103 r
r1022366.fit  6.46  2.13 0.065    15.3 from  34 sources of uvex_2103 U
r1022367.fit  5.63  1.86 0.045    38.6 from 194 sources of uvex_2103 g
r1022368.fit  6.59  2.17 0.039    93.9 from 244 sources of uvex_2103o r
r1022369.fit  6.75  2.23 0.066    23.4 from  34 sources of uvex_2103o U
r1022370.fit  6.56  2.16 0.041    37.3 from 152 sources of uvex_2103o g
r1022371.fit  5.91  1.95 0.061    98.7 from 323 sources of uvex_2183 r
r1022372.fit  6.25  2.06 0.050    19.6 from  55 sources of uvex_2183 U
r1022373.fit  7.10  2.34 0.049    29.5 from 186 sources of uvex_2183 g
r1022374.fit  6.66  2.20 0.083   104.0 from 311 sources of uvex_2183o r
r1022375.fit  7.62  2.51 0.035    17.6 from  56 sources of uvex_2183o U
r1022376.fit  6.26  2.07 0.052    38.9 from 242 sources of uvex_2183o g
r1022377.fit  6.51  2.15 0.040    91.1 from 230 sources of uvex_2147 r
r1022378.fit  7.11  2.35 0.043    22.0 from  29 sources of uvex_2147 U
r1022379.fit  6.18  2.04 0.047    36.9 from 137 sources of uvex_2147 g
r1022380.fit  5.20  1.72 0.039    97.0 from 312 sources of uvex_2147o r
r1022381.fit  7.02  2.32 0.061    20.8 from  36 sources of uvex_2147o U
r1022382.fit  7.41  2.45 0.034    40.0 from 108 sources of uvex_2147o g
r1022383.fit  6.85  2.26 0.046    82.7 from 233 sources of uvex_2007 r
r1022384.fit  7.44  2.46 0.038    23.9 from  32 sources of uvex_2007 U
r1022385.fit  6.45  2.13 0.045    35.2 from 171 sources of uvex_2007 g
r1022386.fit  6.63  2.19 0.043    84.3 from 222 sources of uvex_2007o r
r1022387.fit  7.26  2.40 0.042    18.6 from  37 sources of uvex_2007o U
r1022388.fit  6.68  2.20 0.048    34.7 from 147 sources of uvex_2007o g
r1022389.fit  6.16  2.03 0.054    77.8 from 386 sources of uvex_2017 r
r1022390.fit  7.27  2.40 0.061    13.5 from  50 sources of uvex_2017 U
r1022391.fit  5.80  1.91 0.058    37.1 from 317 sources of uvex_2017 g
r1022392.fit  5.53  1.82 0.048    83.9 from 421 sources of uvex_2017o r
r1022393.fit  6.70  2.21 0.072    12.2 from  55 sources of uvex_2017o U
r1022394.fit  6.55  2.16 0.085    35.5 from 269 sources of uvex_2017o g
r1022395.fit  6.27  2.07 0.036    91.1 from 255 sources of uvex_2168 r
r1022396.fit  8.16  2.69 0.031    19.0 from  35 sources of uvex_2168 U
r1022397.fit  6.09  2.01 0.037    34.5 from 200 sources of uvex_2168 g
r1022398.fit  5.80  1.91 0.043    80.1 from 324 sources of uvex_2168o r
r1022399.fit  7.05  2.33 0.030    20.8 from  42 sources of uvex_2168o U
r1022400.fit  6.12  2.02 0.042    33.8 from 197 sources of uvex_2168o g
r1022401.fit  5.55  1.83 0.054    87.1 from 375 sources of uvex_2291o r
r1022402.fit  7.31  2.41 0.035    16.7 from  48 sources of uvex_2291o U
r1022403.fit  5.33  1.76 0.041    41.0 from 296 sources of uvex_2291o g
r1022404.fit  5.49  1.81 0.044    89.0 from 338 sources of uvex_2078 r
r1022405.fit  6.29  2.08 0.050    18.8 from  37 sources of uvex_2078 U
r1022406.fit  6.32  2.09 0.041     4.5 from 153 sources of uvex_2078 g
r1022407.fit  5.64  1.86 0.068    85.7 from 306 sources of uvex_2078o r
r1022408.fit  7.40  2.44 0.043    14.6 from  31 sources of uvex_2078o U
r1022409.fit  5.99  1.98 0.050    38.4 from 167 sources of uvex_2078o g
r1022410.fit  6.07  2.00 0.040    84.7 from 304 sources of uvex_2077 r
r1022411.fit  6.03  1.99 0.045    19.4 from  39 sources of uvex_2077 U
r1022412.fit  6.33  2.09 0.049    35.8 from 198 sources of uvex_2077 g
r1022413.fit  5.35  1.77 0.055    83.6 from 369 sources of uvex_2077o r
r1022414.fit  6.70  2.21 0.046    20.7 from  36 sources of uvex_2077o U
r1022415.fit  6.99  2.31 0.051    35.7 from 159 sources of uvex_2077o g
r1022416.fit  5.97  1.97 0.034    73.8 from 200 sources of uvex_2075 r
r1022417.fit  6.18  2.04 0.047    22.7 from  27 sources of uvex_2075 U
r1022418.fit  6.30  2.08 0.029    29.5 from 122 sources of uvex_2075 g
r1022419.fit  5.24  1.73 0.042    88.1 from 250 sources of uvex_2075o r
r1022420.fit  6.28  2.07 0.041    23.2 from  31 sources of uvex_2075o U
r1022421.fit  5.93  1.96 0.043    38.6 from 121 sources of uvex_2075o g
r1022422.fit  5.39  1.78 0.055     0.7 from  33 sources of G191B2b r
r1022423.fit  7.02  2.32 0.042    -6.5 from   4 sources of G191B2b U
r1022424.fit  6.63  2.19 0.046    -3.0 from   9 sources of G191B2b g
r1022425.fit  5.51  1.82 0.047    86.0 from 244 sources of uvex_1641 r
r1022426.fit  5.60  1.85 0.039    21.6 from  31 sources of uvex_1641 U
r1022427.fit  5.25  1.73 0.041    40.1 from 186 sources of uvex_1641 g
r1022428.fit  6.25  2.06 0.029    92.0 from 203 sources of uvex_1679 r
r1022429.fit  6.25  2.06 0.027    20.2 from  30 sources of uvex_1679 U
r1022430.fit  6.35  2.10 0.033    40.7 from 128 sources of uvex_1679 g
r1022431.fit  6.08  2.01 0.030    92.9 from 197 sources of uvex_1679o r
r1022432.fit  7.14  2.36 0.030    22.7 from  21 sources of uvex_1679o U
r1022433.fit  6.66  2.20 0.036    41.3 from  93 sources of uvex_1679o g
r1022434.fit  7.52  2.48 0.186   105.0 from 233 sources of uvex_2475 r
r1022435.fit  6.35  2.10 0.051    26.2 from  48 sources of uvex_2475 U
r1022436.fit  5.42  1.79 0.075    47.9 from 226 sources of uvex_2475 g
r1022437.fit  5.60  1.85 0.039   113.9 from 302 sources of uvex_2475o r
r1022438.fit  6.46  2.13 0.052    27.1 from  54 sources of uvex_2475o U
r1022439.fit  5.79  1.91 0.046    52.9 from 209 sources of uvex_2475o g
r1022440.fit  4.90  1.62 0.042   105.6 from 412 sources of uvex_2477 r
r1022441.fit  6.46  2.13 0.031    29.2 from  59 sources of uvex_2477 U
r1022442.fit  5.80  1.91 0.071    54.0 from 255 sources of uvex_2477 g
r1022443.fit  4.62  1.52 0.065   102.0 from 483 sources of uvex_2477o r
r1022444.fit  6.08  2.01 0.054    26.8 from  62 sources of uvex_2477o U
r1022445.fit  5.68  1.87 0.068    52.7 from 245 sources of uvex_2477o g
r1022446.fit  5.72  1.89 0.058   117.0 from 395 sources of uvex_2480 r
r1022447.fit  6.27  2.07 0.065    38.7 from  87 sources of uvex_2480 U
r1022448.fit  5.68  1.87 0.065    69.8 from 307 sources of uvex_2480 g
r1022449.fit  5.82  1.92 0.047   121.5 from 382 sources of uvex_2480o r
r1022450.fit  6.36  2.10 0.070    43.8 from  75 sources of uvex_2480o U
r1022451.fit  5.54  1.83 0.081    68.6 from 325 sources of uvex_2480o g
r1022452.fit  5.78  1.91 0.048   117.2 from 367 sources of uvex_2481 r
r1022453.fit  5.63  1.86 0.070    33.5 from  82 sources of uvex_2481 U
r1022454.fit  5.75  1.90 0.075    68.8 from 307 sources of uvex_2481 g
r1022455.fit  5.71  1.88 0.072   124.8 from 371 sources of uvex_2481o r
r1022456.fit  6.40  2.11 0.089    36.8 from  77 sources of uvex_2481o U
r1022457.fit  6.24  2.06 0.106    72.5 from 265 sources of uvex_2481o g
r1022458.fit  5.11  1.69 0.087   124.4 from 443 sources of uvex_2486 r
r1022459.fit  6.14  2.03 0.038    34.7 from  65 sources of uvex_2486 U
r1022460.fit  6.17  2.04 0.037    66.9 from 239 sources of uvex_2486 g
r1022461.fit  5.80  1.91 0.034    89.7 from 329 sources of uvex_2486o r
r1022462.fit  7.05  2.33 0.040    32.4 from  36 sources of uvex_2486o U
r1022463.fit  5.94  1.96 0.056    67.0 from 240 sources of uvex_2486o g
r1022464.fit  5.32  1.76 0.039   105.4 from 267 sources of uvex_2487 r
r1022465.fit  6.62  2.18 0.036    40.6 from  37 sources of uvex_2487 U
r1022466.fit  6.36  2.10 0.029    74.0 from 122 sources of uvex_2487 g
r1022467.fit  5.42  1.79 0.058   132.2 from 246 sources of uvex_2487o r
r1022468.fit  7.63  2.52 0.022    47.0 from  36 sources of uvex_2487o U
r1022469.fit  7.11  2.35 0.030    76.2 from 103 sources of uvex_2487o g
r1022470.fit  6.30  2.08 0.042    10.7 from 297 sources of uvex_2489 r
r1022471.fit  7.62  2.51 0.029    41.2 from  46 sources of uvex_2489 U
r1022472.fit  7.44  2.46 0.034    70.2 from 155 sources of uvex_2489 g
r1022473.fit  6.76  2.23 0.028   120.6 from 233 sources of uvex_2489o r
r1022474.fit  7.32  2.42 0.021    43.0 from  43 sources of uvex_2489o U
r1022475.fit  7.17  2.37 0.030    71.0 from 153 sources of uvex_2489o g
r1022476.fit  7.01  2.31 0.062   119.0 from 279 sources of uvex_2492 r
r1022477.fit  6.36  2.10 0.034    39.8 from  50 sources of uvex_2492 U
r1022478.fit  6.23  2.06 0.047    71.9 from 251 sources of uvex_2492 g
r1022479.fit  5.61  1.85 0.041   120.7 from 373 sources of uvex_2492o r
r1022480.fit  7.89  2.60 0.029    45.8 from  34 sources of uvex_2492o U
r1022481.fit  6.70  2.21 0.033    31.0 from 211 sources of uvex_2492o g
r1022482.fit  6.41  2.12 0.037   135.6 from 297 sources of uvex_2493 r
r1022483.fit  6.25  2.06 0.035    53.1 from  58 sources of uvex_2493 U
r1022484.fit  5.25  1.73 0.029    80.4 from 293 sources of uvex_2493 g
r1022485.fit  4.88  1.61 0.042   133.3 from 434 sources of uvex_2493o r
r1022486.fit  6.27  2.07 0.029    53.7 from  50 sources of uvex_2493o U
r1022487.fit  5.71  1.88 0.051    82.1 from 246 sources of uvex_2493o g
r1022488.fit  4.74  1.56 0.034    93.7 from 523 sources of uvex_2494 r
r1022489.fit  5.85  1.93 0.042     9.0 from  81 sources of uvex_2494 U
r1022490.fit  6.47  2.14 0.059    59.5 from 242 sources of uvex_2494 g
r1022491.fit  5.73  1.89 0.065   111.6 from 385 sources of uvex_2494o r
r1022492.fit  6.18  2.04 0.039    50.7 from  64 sources of uvex_2494o U
r1022493.fit  6.37  2.10 0.044    73.9 from 257 sources of uvex_2494o g
r1022494.fit  6.33  2.09 0.050   128.9 from 345 sources of uvex_2496 r
r1022495.fit  6.40  2.11 0.029    77.5 from  62 sources of uvex_2496 U
r1022496.fit  6.89  2.27 0.038   113.3 from 239 sources of uvex_2496 g
r1022497.fit  6.86  2.26 0.033   166.5 from 293 sources of uvex_2496o r
r1022498.fit  7.27  2.40 0.019    90.5 from  74 sources of uvex_2496o U
r1022499.fit  6.53  2.15 0.030   115.7 from 239 sources of uvex_2496o g
r1022500.fit  6.64  2.19 0.031   149.2 from 199 sources of uvex_2498 r
r1022501.fit  8.52  2.81 0.033    76.2 from  30 sources of uvex_2498 U
r1022502.fit  8.13  2.68 0.034   117.1 from 103 sources of uvex_2498 g
r1022503.fit  7.33  2.42 0.042   153.0 from 169 sources of uvex_2498o r
r1022504.fit  8.81  2.91 0.027    85.7 from  33 sources of uvex_2498o U
r1022505.fit  8.04  2.65 0.031   116.5 from 108 sources of uvex_2498o g
r1022506.fit  4.24  1.40 0.357    31.4 from   3 sources of SA98-650 r
r1022507.fit  8.77  2.89 0.042    42.9 from  35 sources of SA98-650 U
r1022508.fit  7.01  2.31 0.056    35.6 from  73 sources of SA98-650 g
r1022509.fit  8.77  2.89 0.045    36.8 from  48 sources of SA98-650 Ha
r1022510.fit  9.43  3.11 0.051    64.2 from  85 sources of SA98-650 r
r1022511.fit  5.69  1.88 0.043    45.2 from 100 sources of SA98-650 i
r1022512.fit  6.56  2.16 0.035    78.9 from  91 sources of intphas_2321 Ha
r1022513.fit  7.25  2.39 0.048   196.4 from 241 sources of intphas_2321 r
r1022514.fit  7.52  2.48 0.034   138.2 from 155 sources of intphas_2321 i
r1022515.fit  6.80  2.24 0.034    80.5 from  91 sources of intphas_2321o Ha
r1022516.fit  8.21  2.71 0.037   200.1 from 169 sources of intphas_2321o r
r1022517.fit  6.39  2.11 0.035   141.1 from 180 sources of intphas_2321o i
r1022518.fit  6.88  2.27 0.044    73.2 from  98 sources of intphas_2468 Ha
r1022519.fit  7.18  2.37 0.036   168.0 from 243 sources of intphas_2468 r
r1022520.fit  6.16  2.03 0.039   131.2 from 221 sources of intphas_2468 i
r1022521.fit  6.97  2.30 0.055    73.0 from 108 sources of intphas_2468o Ha
r1022522.fit  8.56  2.82 0.039   144.9 from 204 sources of intphas_2468o r
r1022523.fit  7.98  2.63 0.039   110.9 from 156 sources of intphas_2468o i
r1022524.fit  7.01  2.31 0.052    72.4 from  94 sources of intphas_2519 Ha
r1022525.fit  7.43  2.45 0.043   162.3 from 215 sources of intphas_2519 r
r1022526.fit  7.46  2.46 0.048   127.0 from 137 sources of intphas_2519 i
r1022527.fit  6.98  2.30 0.034    70.6 from 104 sources of intphas_2519o Ha
r1022528.fit  7.23  2.39 0.044    54.4 from 242 sources of intphas_2519o r
r1022529.fit  6.30  2.08 0.049   132.0 from 191 sources of intphas_2519o i
r1022530.fit  7.10  2.34 0.031    71.9 from  86 sources of intphas_2354 Ha
r1022531.fit  8.44  2.79 0.053   168.3 from 198 sources of intphas_2354 r
r1022532.fit  5.76  1.90 0.073   131.9 from 243 sources of intphas_2354 i
r1022533.fit  7.23  2.39 0.034    73.9 from  87 sources of intphas_2354o Ha
r1022534.fit  7.91  2.61 0.050   164.6 from 210 sources of intphas_2354o r
r1022535.fit 11.36  3.75 0.046   132.5 from  81 sources of intphas_2354o i
r1022536.fit  7.51  2.48 0.051    78.8 from  60 sources of intphas_2457 Ha
r1022537.fit  9.29  3.07 0.027   178.5 from 123 sources of intphas_2457 r
r1022538.fit  6.83  2.25 0.043   135.5 from 135 sources of intphas_2457 i
r1022539.fit  7.73  2.55 0.027    69.7 from  55 sources of intphas_2457o Ha
r1022540.fit  8.68  2.86 0.024   153.0 from 127 sources of intphas_2457o r
r1022541.fit  7.37  2.43 0.023   132.5 from 111 sources of intphas_2457o i
r1022542.fit  7.79  2.57 0.029    76.0 from  70 sources of intphas_2462 Ha
r1022543.fit  8.02  2.65 0.051   167.1 from 159 sources of intphas_2462 r
r1022544.fit  6.89  2.27 0.032   131.8 from 136 sources of intphas_2462 i
r1022545.fit  7.62  2.51 0.033    76.4 from  67 sources of intphas_2462o Ha
r1022546.fit  8.47  2.80 0.053   167.0 from 145 sources of intphas_2462o r
r1022547.fit  7.65  2.52 0.031   133.6 from 111 sources of intphas_2462o i
r1022548.fit  7.72  2.55 0.039    75.8 from  80 sources of intphas_2464 Ha
r1022549.fit  7.34  2.42 0.044   166.7 from 232 sources of intphas_2464 r
r1022550.fit  8.21  2.71 0.039   131.2 from 140 sources of intphas_2464 i
r1022551.fit  7.95  2.62 0.031    76.9 from  81 sources of intphas_2464o Ha
r1022552.fit  5.97  1.97 0.044   170.4 from 298 sources of intphas_2464o r
r1022553.fit  6.81  2.25 0.048   136.0 from 168 sources of intphas_2464o i
r1022554.fit  8.10  2.67 0.041    66.2 from  66 sources of intphas_2466 Ha
r1022555.fit  6.92  2.28 0.037   176.6 from 274 sources of intphas_2466 r
r1022556.fit  6.03  1.99 0.032   134.3 from 239 sources of intphas_2466 i
r1022557.fit  7.57  2.50 0.046    78.1 from  71 sources of intphas_2466o Ha
r1022558.fit  7.13  2.35 0.043   173.9 from 251 sources of intphas_2466o r
r1022559.fit  8.67  2.86 0.043   145.4 from 117 sources of intphas_2466o i
r1022560.fit  9.49  3.13 0.037    91.7 from  63 sources of intphas_2469 Ha
r1022561.fit  8.60  2.84 0.034   193.9 from 219 sources of intphas_2469 r
r1022562.fit  8.19  2.70 0.042   144.4 from 151 sources of intphas_2469 i
r1022563.fit  8.81  2.91 0.036    95.0 from  77 sources of intphas_2469o Ha
r1022564.fit  7.30  2.41 0.031   186.4 from 247 sources of intphas_2469o r
r1022565.fit  6.42  2.12 0.040   146.1 from 232 sources of intphas_2469o i
r1022566.fit  7.05  2.33 0.032    81.2 from 191 sources of intphas_2470 Ha
r1022567.fit  7.70  2.54 0.039   182.4 from 379 sources of intphas_2470 r
r1022568.fit  8.52  2.81 0.050   148.7 from 258 sources of intphas_2470 i
r1022569.fit  7.67  2.53 0.028    54.7 from 171 sources of intphas_2470o Ha
r1022570.fit  7.60  2.51 0.041   210.8 from 407 sources of intphas_2470o r
r1022571.fit  8.77  2.89 0.052    71.2 from 249 sources of intphas_2470o i
r1022572.fit  8.67  2.86 0.036    91.3 from  68 sources of intphas_2471 Ha
r1022573.fit  8.10  2.67 0.038   230.8 from 192 sources of intphas_2471 r
r1022574.fit  6.53  2.15 0.036   178.0 from 192 sources of intphas_2471 i
r1022575.fit  7.89  2.60 0.048   113.1 from  89 sources of intphas_2471o Ha
r1022576.fit  7.44  2.46 0.051   345.9 from 232 sources of intphas_2471o r
r1022577.fit  6.35  2.10 0.038   264.3 from 211 sources of intphas_2471o i
r1022578.fit  8.61  2.84 0.049   120.2 from  48 sources of SA98-650 Ha
r1022579.fit  7.88  2.60 0.057   227.8 from 120 sources of SA98-650 r
r1022580.fit  5.89  1.94 0.047   139.0 from 100 sources of SA98-650 i
r1022581.fit  8.69  2.87 0.043   168.5 from  53 sources of Rubin149B Ha
r1022582.fit 10.01  3.30 0.027   529.2 from  93 sources of Rubin149B r
r1022583.fit  7.69  2.54 0.033   221.1 from  49 sources of Rubin149B i
r1022584.fit is not a target (SKY)
r1022585.fit is not a target (SKY)
r1022586.fit is not a target (SKY)
r1022587.fit is not a target (SKY)
r1022588.fit is not a target (SKY)
r1022589.fit is not a target (SKY)
r1022590.fit is not a target (SKY)
r1022591.fit is not a target (SKY)
r1022592.fit is not a target (SKY)
r1022593.fit is not a target (SKY)
r1022594.fit is not a target (SKY)
r1022595.fit is not a target (SKY)
r1022596.fit is not a target (SKY)
r1022597.fit is not a target (SKY)
r1022598.fit is not a target (SKY)
r1022599.fit is not a target (SKY)
r1022600.fit is not a target (SKY)
r1022601.fit is not a target (SKY)
r1022602.fit is not a target (SKY)
r1022603.fit is not a target (SKY)
r1022604.fit is not a target (SKY)
r1022605.fit is not a target (SKY)
r1022606.fit is not a target (SKY)
r1022607.fit is not a target (SKY)
