r1027026.fit is not a target (SKY)
r1027027.fit is not a target (SKY)
r1027028.fit is not a target (SKY)
r1027029.fit is not a target (SKY)
r1027030.fit is not a target (SKY)
r1027031.fit is not a target (SKY)
r1027032.fit is not a target (SKY)
r1027033.fit is not a target (SKY)
r1027034.fit is not a target (SKY)
r1027035.fit is not a target (SKY)
r1027036.fit is not a target (SKY)
r1027037.fit is not a target (SKY)
r1027038.fit is not a target (SKY)
r1027039.fit is not a target (SKY)
r1027040.fit is not a target (SKY)
r1027041.fit is not a target (SKY)
r1027042.fit is not a target (SKY)
r1027043.fit is not a target (SKY)
r1027044.fit is not a target (SKY)
r1027045.fit is not a target (SKY)
r1027046.fit is not a target (FOCUS)
r1027047.fit  3.93  1.30 0.093   147.8 from  71 sources of ST_L113 Ha
r1027048.fit  3.67  1.21 0.055   463.4 from 156 sources of ST_L113 r
r1027049.fit  3.26  1.08 0.040   132.7 from  83 sources of ST_L113 i
r1027050.fit  4.39  1.45 0.178   124.8 from 145 sources of ST_NGC7006 Ha
r1027051.fit  3.42  1.13 0.076   328.4 from 506 sources of ST_NGC7006 r
r1027052.fit  2.93  0.97 0.117   123.1 from 233 sources of ST_NGC7006 i
r1027053.fit  3.20  1.06 0.096   129.5 from 170 sources of intphas_7306o Ha
r1027054.fit  3.33  1.10 0.103   303.5 from 354 sources of intphas_7306o r
r1027055.fit  2.94  0.97 0.092   164.2 from 442 sources of intphas_7306o i
r1027056.fit  3.24  1.07 0.045   116.2 from 220 sources of intphas_7313 Ha
r1027057.fit  3.06  1.01 0.128   309.9 from 567 sources of intphas_7313 r
r1027058.fit  2.73  0.90 0.101   196.3 from 647 sources of intphas_7313 i
r1027059.fit  3.32  1.10 0.118   120.3 from 216 sources of intphas_7313o Ha
r1027060.fit  2.97  0.98 0.078   343.2 from 570 sources of intphas_7313o r
r1027061.fit  2.92  0.96 0.092   193.8 from 578 sources of intphas_7313o i
r1027062.fit  3.12  1.03 0.083   127.9 from 121 sources of intphas_7314 Ha
r1027063.fit  3.01  0.99 0.089   310.8 from 245 sources of intphas_7314 r
r1027064.fit  2.85  0.94 0.091   172.1 from 305 sources of intphas_7314 i
r1027065.fit  3.52  1.16 0.156   127.7 from 108 sources of intphas_7314o Ha
r1027066.fit  3.19  1.05 0.085   338.4 from 224 sources of intphas_7314o r
r1027067.fit  2.82  0.93 0.094   191.0 from 311 sources of intphas_7314o i
r1027068.fit  3.17  1.05 0.072   128.1 from 236 sources of intphas_7337 Ha
r1027069.fit  3.10  1.02 0.076   329.3 from 641 sources of intphas_7337 r
r1027070.fit  2.83  0.93 0.084   180.5 from 675 sources of intphas_7337 i
r1027071.fit  3.30  1.09 0.133   124.4 from 248 sources of intphas_7337o Ha
r1027072.fit  2.98  0.98 0.077   288.0 from 709 sources of intphas_7337o r
r1027073.fit  3.05  1.01 0.093   189.9 from 680 sources of intphas_7337o i
r1027074.fit  2.86  0.94 0.101   127.0 from 180 sources of intphas_7338 Ha
r1027075.fit  2.94  0.97 0.134   322.2 from 406 sources of intphas_7338 r
r1027076.fit  2.92  0.96 0.138   186.3 from 447 sources of intphas_7338 i
r1027077.fit  3.14  1.04 0.151   127.6 from 180 sources of intphas_7338o Ha
r1027078.fit  2.79  0.92 0.122   330.0 from 419 sources of intphas_7338o r
r1027079.fit  2.89  0.95 0.139   187.4 from 456 sources of intphas_7338o i
r1027080.fit  2.93  0.97 0.118   125.2 from 336 sources of intphas_7340 Ha
r1027081.fit  2.85  0.94 0.132   285.2 from 796 sources of intphas_7340 r
r1027082.fit  2.68  0.88 0.132   153.1 from 830 sources of intphas_7340 i
r1027083.fit  3.34  1.10 0.204   125.2 from 319 sources of intphas_7340o Ha
r1027084.fit  3.03  1.00 0.121   237.2 from 739 sources of intphas_7340o r
r1027085.fit  2.83  0.93 0.124   134.3 from 805 sources of intphas_7340o i
r1027086.fit  3.08  1.02 0.108   127.8 from 244 sources of intphas_7342 Ha
r1027087.fit  3.07  1.01 0.108   272.9 from 553 sources of intphas_7342 r
r1027088.fit  2.85  0.94 0.141   179.2 from 685 sources of intphas_7342 i
r1027089.fit  3.05  1.01 0.170   119.4 from 250 sources of intphas_7342o Ha
r1027090.fit  3.05  1.01 0.103   255.4 from 551 sources of intphas_7342o r
r1027091.fit  2.89  0.95 0.135   171.2 from 647 sources of intphas_7342o i
r1027092.fit  3.52  1.16 0.112   121.6 from 274 sources of intphas_0432o Ha
r1027093.fit  3.34  1.10 0.100   335.7 from 695 sources of intphas_0432o r
r1027094.fit  3.29  1.09 0.083   199.5 from 685 sources of intphas_0432o i
r1027095.fit  3.65  1.20 0.142   117.4 from 394 sources of intphas_0433 Ha
r1027096.fit  3.44  1.14 0.093   319.8 from 1000 sources of intphas_0433 r
r1027097.fit  3.16  1.04 0.108   184.2 from 880 sources of intphas_0433 i
r1027098.fit  3.73  1.23 0.173    81.5 from 418 sources of intphas_0433o Ha
r1027099.fit  3.49  1.15 0.117   332.1 from 1191 sources of intphas_0433o r
r1027100.fit  3.25  1.07 0.102   189.1 from 982 sources of intphas_0433o i
r1027101.fit  3.33  1.10 0.084   122.6 from 145 sources of intphas_0434 Ha
r1027102.fit  3.37  1.11 0.098   344.1 from 332 sources of intphas_0434 r
r1027103.fit  3.25  1.07 0.102   194.1 from 420 sources of intphas_0434 i
r1027104.fit  3.57  1.18 0.101   121.3 from 267 sources of intphas_0478o Ha
r1027105.fit  3.61  1.19 0.100   312.1 from 680 sources of intphas_0478o r
r1027106.fit  3.39  1.12 0.108   185.2 from 767 sources of intphas_0478o i
r1027107.fit  3.37  1.11 0.092   122.7 from 461 sources of intphas_0498 Ha
r1027108.fit  3.48  1.15 0.109   223.3 from 1249 sources of intphas_0498 r
r1027109.fit  3.33  1.10 0.113   136.1 from 1147 sources of intphas_0498 i
r1027110.fit  3.49  1.15 0.154   101.0 from 397 sources of intphas_0498o Ha
r1027111.fit  3.48  1.15 0.094   271.4 from 1164 sources of intphas_0498o r
r1027112.fit  3.32  1.10 0.119   157.6 from 1081 sources of intphas_0498o i
r1027113.fit  3.54  1.17 0.114    51.8 from 349 sources of intphas_0499 Ha
r1027114.fit  3.40  1.12 0.104   258.9 from 831 sources of intphas_0499 r
r1027115.fit  3.28  1.08 0.137   181.2 from 762 sources of intphas_0499 i
r1027116.fit  3.45  1.14 0.108   116.2 from 361 sources of intphas_0499o Ha
r1027117.fit  3.39  1.12 0.112   248.1 from 903 sources of intphas_0499o r
r1027118.fit  3.55  1.17 0.093   176.3 from 627 sources of intphas_0499o i
r1027119.fit  3.64  1.20 0.126   118.2 from 301 sources of intphas_0522 Ha
r1027120.fit  3.37  1.11 0.122   262.0 from 974 sources of intphas_0522 r
r1027121.fit  3.39  1.12 0.098   174.4 from 823 sources of intphas_0522 i
r1027122.fit  3.61  1.19 0.143   102.8 from 277 sources of intphas_0522o Ha
r1027123.fit  3.50  1.16 0.114   294.8 from 839 sources of intphas_0522o r
r1027124.fit  3.39  1.12 0.109   169.5 from 755 sources of intphas_0522o i
r1027125.fit  4.78  1.58 0.064   111.4 from  25 sources of ST_L92 Ha
r1027126.fit  4.29  1.42 0.113   306.1 from  39 sources of ST_L92 r
r1027127.fit  4.03  1.33 0.096   107.5 from  25 sources of ST_L92 i
r1027128.fit  4.16  1.37 0.092    67.3 from 275 sources of intphas_0815 Ha
r1027129.fit  4.16  1.37 0.114   247.5 from 772 sources of intphas_0815 r
r1027130.fit  3.66  1.21 0.138   142.4 from 712 sources of intphas_0815 i
r1027131.fit  3.97  1.31 0.160    68.3 from 350 sources of intphas_0815o Ha
r1027132.fit  3.65  1.20 0.117   230.0 from 1017 sources of intphas_0815o r
r1027133.fit  3.45  1.14 0.109   174.7 from 826 sources of intphas_0815o i
r1027134.fit  3.54  1.17 0.099   121.2 from 207 sources of intphas_0834 Ha
r1027135.fit  3.63  1.20 0.127   207.3 from 505 sources of intphas_0834 r
r1027136.fit  3.37  1.11 0.122    67.8 from 528 sources of intphas_0834 i
r1027137.fit  3.65  1.20 0.116   132.3 from 208 sources of intphas_0834o Ha
r1027138.fit  3.58  1.18 0.091   301.3 from 479 sources of intphas_0834o r
r1027139.fit  3.77  1.24 0.118   171.4 from 438 sources of intphas_0834o i
r1027140.fit  4.19  1.38 0.083   118.4 from 120 sources of intphas_0835 Ha
r1027141.fit  5.17  1.71 0.073   337.5 from 209 sources of intphas_0835 r
r1027142.fit  3.69  1.22 0.069   177.5 from 342 sources of intphas_0835 i
r1027143.fit  4.74  1.56 0.093   115.4 from 108 sources of intphas_0835o Ha
r1027144.fit  4.27  1.41 0.073   230.9 from 313 sources of intphas_0835o r
r1027145.fit  4.28  1.41 0.101   136.5 from 311 sources of intphas_0835o i
r1027146.fit  4.36  1.44 0.082   112.6 from 184 sources of intphas_0836o Ha
r1027147.fit  4.14  1.37 0.067   270.9 from 542 sources of intphas_0836o r
r1027148.fit  3.80  1.25 0.076   145.7 from 543 sources of intphas_0836o i
r1027149.fit  4.53  1.49 0.081   113.4 from 121 sources of intphas_0837 Ha
r1027150.fit  5.59  1.84 0.102   314.5 from 209 sources of intphas_0837 r
r1027151.fit  6.82  2.25 0.090   169.0 from 169 sources of intphas_0837 i
r1027152.fit  4.58  1.51 0.053   112.1 from 102 sources of intphas_0837o Ha
r1027153.fit  4.15  1.37 0.050   303.9 from 295 sources of intphas_0837o r
r1027154.fit  4.56  1.50 0.112   174.5 from 273 sources of intphas_0837o i
r1027155.fit  4.23  1.40 0.036   111.2 from 134 sources of intphas_0841 Ha
r1027156.fit  4.12  1.36 0.053   321.0 from 314 sources of intphas_0841 r
r1027157.fit  4.63  1.53 0.120   167.0 from 281 sources of intphas_0841 i
r1027158.fit  4.06  1.34 0.105   114.9 from 147 sources of intphas_0841o Ha
r1027159.fit  4.55  1.50 0.067   317.8 from 276 sources of intphas_0841o r
r1027160.fit  4.06  1.34 0.087   151.9 from 331 sources of intphas_0841o i
r1027161.fit  3.98  1.31 0.064   134.0 from 197 sources of intphas_0842 Ha
r1027162.fit  4.09  1.35 0.066   237.1 from 416 sources of intphas_0842 r
r1027163.fit  4.13  1.36 0.087   150.0 from 371 sources of intphas_0842 i
r1027164.fit  4.46  1.47 0.082   131.2 from 185 sources of intphas_0842o Ha
r1027165.fit  4.44  1.47 0.049   328.2 from 411 sources of intphas_0842o r
r1027166.fit  4.73  1.56 0.068   163.0 from 348 sources of intphas_0842o i
r1027167.fit  5.49  1.81 0.084    30.2 from  29 sources of f1
r1027168.fit  5.55  1.83 0.150   122.5 from  73 sources of f1
r1027169.fit  6.09  2.01 0.170    67.2 from  10 sources of f1
r1027170.fit  6.54  2.16 0.170   418.1 from  27 sources of f1
r1027171.fit  4.66  1.54 0.113    33.3 from  32 sources of f1
r1027172.fit  5.49  1.81 0.174   181.9 from  84 sources of f1
r1027173.fit  5.50  1.82 0.142    74.9 from  26 sources of f1
r1027174.fit  5.01  1.65 0.131   486.1 from  71 sources of f1
r1027175.fit  4.13  1.36 0.080    30.7 from  44 sources of f1
r1027176.fit  4.25  1.40 0.142   134.6 from 152 sources of f1
r1027177.fit  4.32  1.43 0.125    63.9 from  44 sources of f1
r1027178.fit  5.13  1.69 0.085   198.4 from  70 sources of f1
r1027179.fit  4.37  1.44 0.057    28.1 from  35 sources of f1
r1027180.fit  4.97  1.64 0.125   114.0 from  80 sources of f1
r1027181.fit  4.45  1.47 0.079    28.4 from  43 sources of f2
r1027182.fit  5.02  1.66 0.130   110.7 from  84 sources of f2
r1027183.fit  5.57  1.84 0.132    72.6 from  13 sources of f2
r1027184.fit  5.92  1.95 0.130   301.2 from  31 sources of f2
r1027185.fit  4.50  1.49 0.079    39.3 from  35 sources of f2
r1027186.fit  5.90  1.95 0.174   170.2 from  84 sources of f2
r1027187.fit  4.92  1.62 0.106    61.7 from  30 sources of f2
r1027188.fit  4.72  1.56 0.115   420.9 from  76 sources of f2
r1027189.fit  3.50  1.16 0.091    26.7 from  64 sources of f2
r1027190.fit  3.90  1.29 0.120   118.5 from 162 sources of f2
r1027191.fit  4.10  1.35 0.070    55.4 from  54 sources of f2
r1027192.fit  3.94  1.30 0.103   184.5 from  94 sources of f2
r1027193.fit  4.01  1.32 0.058    21.9 from  46 sources of f2
r1027194.fit  4.96  1.64 0.151   101.8 from  94 sources of f2
r1027195.fit  3.94  1.30 0.127    18.5 from  46 sources of f3
r1027196.fit  5.13  1.69 0.178   102.2 from  86 sources of f3
r1027197.fit  5.06  1.67 0.132    56.3 from  16 sources of f3
r1027198.fit  6.54  2.16 0.187   374.3 from  29 sources of f3
r1027199.fit  4.18  1.38 0.109    26.0 from  41 sources of f3
r1027200.fit  5.35  1.77 0.211   198.7 from  96 sources of f3
r1027201.fit  4.38  1.45 0.098    61.8 from  35 sources of f3
r1027202.fit  4.82  1.59 0.124   399.7 from  75 sources of f3
r1027203.fit  6.36  2.10 0.154    25.3 from  41 sources of f3
r1027204.fit  3.64  1.20 0.120   108.9 from 182 sources of f3
r1027205.fit  4.51  1.49 0.089    52.0 from  47 sources of f3
r1027206.fit  3.99  1.32 0.105   173.5 from 104 sources of f3
r1027207.fit  4.02  1.33 0.109    18.3 from  48 sources of f3
r1027208.fit  4.81  1.59 0.106    97.6 from  84 sources of f3
r1027209.fit  4.32  1.43 0.125    24.9 from   4 sources of f1
r1027211.fit  4.25  1.40 0.077    20.7 from  39 sources of f1
r1027212.fit  4.16  1.37 0.147   103.1 from 102 sources of f1
r1027213.fit  5.13  1.69 0.151    55.8 from  16 sources of f1
r1027214.fit  5.21  1.72 0.173   358.7 from  27 sources of f1
r1027215.fit  3.69  1.22 0.116    29.6 from  37 sources of f1
r1027216.fit  4.16  1.37 0.128   166.5 from 107 sources of f1
r1027217.fit  4.14  1.37 0.108    59.3 from  35 sources of f1
r1027218.fit  4.11  1.36 0.113   348.3 from  84 sources of f1
r1027219.fit  4.02  1.33 0.146    26.8 from  60 sources of f1
r1027220.fit  3.38  1.12 0.118   118.9 from 197 sources of f1
r1027221.fit  3.75  1.24 0.150    49.9 from  52 sources of f1
r1027222.fit  3.84  1.27 0.126   158.6 from 103 sources of f1
r1027223.fit  3.72  1.23 0.128    21.8 from  45 sources of f1
r1027224.fit  3.85  1.27 0.127   100.5 from 115 sources of f1
r1027225.fit  3.39  1.12 0.130    24.0 from  55 sources of f2
r1027226.fit  4.08  1.35 0.175    94.6 from 110 sources of f2
r1027227.fit  4.64  1.53 0.116    45.8 from  19 sources of f2
r1027228.fit  4.74  1.56 0.132   294.8 from  36 sources of f2
r1027229.fit  3.69  1.22 0.133    40.1 from  44 sources of f2
r1027230.fit  4.03  1.33 0.160   176.3 from 136 sources of f2
r1027231.fit  4.22  1.39 0.126    52.7 from  39 sources of f2
r1027232.fit  3.89  1.28 0.108   308.4 from  96 sources of f2
r1027233.fit  3.20  1.06 0.099     5.0 from  73 sources of f2
r1027234.fit  2.94  0.97 0.111    99.5 from 280 sources of f2
r1027235.fit  3.61  1.19 0.104    46.5 from  64 sources of f2
r1027236.fit  3.51  1.16 0.116   135.4 from 113 sources of f2
r1027237.fit  3.39  1.12 0.101     5.0 from  56 sources of f2
r1027238.fit  3.91  1.29 0.136    84.7 from 114 sources of f2
r1027239.fit  3.73  1.23 0.109    14.7 from  49 sources of f3
r1027240.fit  4.13  1.36 0.159    86.7 from 109 sources of f3
r1027241.fit  4.56  1.50 0.140    51.7 from  17 sources of f3
r1027242.fit  5.09  1.68 0.167   292.3 from  35 sources of f3
r1027243.fit  3.60  1.19 0.137    22.1 from  42 sources of f3
r1027244.fit  4.03  1.33 0.148   174.2 from 133 sources of f3
r1027245.fit  3.99  1.32 0.104    50.5 from  38 sources of f3
r1027246.fit  3.98  1.31 0.104   299.0 from  93 sources of f3
r1027247.fit  3.74  1.23 0.116    23.6 from  60 sources of f3
r1027248.fit  3.20  1.06 0.102   105.1 from 226 sources of f3
r1027249.fit  3.46  1.14 0.062    42.7 from  65 sources of f3
r1027250.fit  3.74  1.23 0.087   146.1 from 119 sources of f3
r1027251.fit  3.57  1.18 0.099    19.8 from  49 sources of f3
r1027252.fit  3.89  1.28 0.125    86.8 from 118 sources of f3
r1027253.fit  3.52  1.16 0.079    20.1 from  42 sources of f1
r1027254.fit  4.12  1.36 0.138    77.4 from 105 sources of f1
r1027255.fit  4.58  1.51 0.084    47.0 from  15 sources of f1
r1027256.fit  4.61  1.52 0.127   307.8 from  34 sources of f1
r1027257.fit  3.40  1.12 0.055    27.4 from  40 sources of f1
r1027258.fit  3.73  1.23 0.131   153.3 from 131 sources of f1
r1027259.fit  3.81  1.26 0.102    45.4 from  34 sources of f1
r1027260.fit  3.97  1.31 0.120   260.0 from  93 sources of f1
r1027261.fit  3.55  1.17 0.082    23.8 from  54 sources of f1
r1027262.fit  3.26  1.08 0.123    11.8 from 232 sources of f1
r1027263.fit  3.13  1.03 0.086    40.6 from  63 sources of f1
r1027264.fit  3.59  1.18 0.114    11.5 from 111 sources of f1
r1027265.fit  3.41  1.13 0.052    18.6 from  43 sources of f1
r1027266.fit  3.65  1.20 0.121    76.2 from 118 sources of f1
r1027267.fit  3.26  1.08 0.087    19.8 from  56 sources of f2
r1027268.fit  3.69  1.22 0.125    79.2 from 117 sources of f2
r1027269.fit  3.83  1.26 0.068    36.5 from  19 sources of f2
r1027270.fit  4.43  1.46 0.123   250.2 from  43 sources of f2
r1027271.fit  3.13  1.03 0.071    33.2 from  50 sources of f2
r1027272.fit  3.79  1.25 0.118   138.9 from 130 sources of f2
r1027273.fit  3.41  1.13 0.044    42.5 from  43 sources of f2
r1027274.fit  3.67  1.21 0.098   258.2 from 105 sources of f2
r1027275.fit  2.51  0.83 0.070    22.8 from  84 sources of f2
r1027276.fit  2.92  0.96 0.080    94.4 from 277 sources of f2
r1027277.fit  3.39  1.12 0.107    41.7 from  68 sources of f2
r1027278.fit  3.18  1.05 0.092   124.8 from 124 sources of f2
r1027279.fit  3.03  1.00 0.069    18.5 from  59 sources of f2
r1027280.fit  3.63  1.20 0.131    75.4 from 123 sources of f2
r1027281.fit  3.45  1.14 0.091    15.5 from  52 sources of f3
r1027282.fit  3.68  1.21 0.140    56.9 from 120 sources of f3
r1027283.fit  4.08  1.35 0.090    42.0 from  19 sources of f3
r1027284.fit  4.41  1.46 0.110   227.5 from  43 sources of f3
r1027285.fit  3.55  1.17 0.070    23.0 from  47 sources of f3
r1027286.fit  3.86  1.27 0.149   162.9 from 133 sources of f3
r1027287.fit  3.63  1.20 0.049    37.0 from  45 sources of f3
r1027288.fit  4.09  1.35 0.056   245.6 from  90 sources of f3
r1027289.fit  3.41  1.13 0.063    19.7 from  73 sources of f3
r1027290.fit  3.16  1.04 0.065    88.1 from 225 sources of f3
r1027291.fit  3.23  1.07 0.071    36.9 from  65 sources of f3
r1027292.fit  3.45  1.14 0.055   126.7 from 113 sources of f3
r1027293.fit  3.51  1.16 0.086    19.4 from  55 sources of f3
r1027294.fit  3.65  1.20 0.109    76.7 from 117 sources of f3
r1027295.fit  3.36  1.11 0.098    19.4 from  49 sources of f1
r1027296.fit  3.81  1.26 0.117    75.7 from 103 sources of f1
r1027297.fit  4.50  1.49 0.095    40.6 from  16 sources of f1
r1027298.fit  4.26  1.41 0.094   255.3 from  41 sources of f1
r1027299.fit  3.10  1.02 0.088    29.6 from  46 sources of f1
r1027300.fit  3.65  1.20 0.147   150.1 from 139 sources of f1
r1027301.fit  3.64  1.20 0.059    38.6 from  36 sources of f1
r1027302.fit  3.68  1.21 0.106   210.1 from  96 sources of f1
r1027303.fit  2.66  0.88 0.060    21.8 from  70 sources of f1
r1027304.fit  2.96  0.98 0.083    99.5 from 235 sources of f1
r1027305.fit  3.16  1.04 0.090    39.7 from  63 sources of f1
r1027306.fit  4.08  1.35 0.176   114.2 from 115 sources of f1
r1027307.fit  3.31  1.09 0.071    18.9 from  48 sources of f1
r1027308.fit  3.76  1.24 0.128    74.8 from 111 sources of f1
r1027309.fit  3.39  1.12 0.059    22.7 from  55 sources of f2
r1027310.fit  3.28  1.08 0.095    76.2 from 128 sources of f2
r1027311.fit  3.99  1.32 0.092    36.6 from  20 sources of f2
r1027312.fit  4.07  1.34 0.073   151.6 from  44 sources of f2
r1027313.fit  3.04  1.00 0.077    37.9 from  54 sources of f2
r1027314.fit  3.35  1.11 0.091   143.8 from 148 sources of f2
r1027315.fit  3.32  1.10 0.086    40.0 from  45 sources of f2
r1027316.fit  3.25  1.07 0.068   173.8 from 109 sources of f2
r1027317.fit  3.12  1.03 0.100    28.2 from  73 sources of f2
r1027318.fit  2.79  0.92 0.096   104.7 from 273 sources of f2
r1027319.fit  2.83  0.93 0.052    41.8 from  72 sources of f2
r1027320.fit  3.01  0.99 0.108   114.2 from 135 sources of f2
r1027321.fit  2.91  0.96 0.089    21.2 from  61 sources of f2
r1027322.fit  3.32  1.10 0.147    73.6 from 132 sources of f2
r1027323.fit  3.05  1.01 0.070    21.2 from  57 sources of f3
r1027324.fit  3.27  1.08 0.099    75.4 from 135 sources of f3
r1027325.fit  3.66  1.21 0.099    39.4 from  19 sources of f3
r1027326.fit  4.03  1.33 0.083   177.6 from  43 sources of f3
r1027327.fit  3.06  1.01 0.109    27.5 from  58 sources of f3
r1027328.fit  3.56  1.17 0.114   160.7 from 142 sources of f3
r1027329.fit  3.22  1.06 0.048    34.3 from  45 sources of f3
r1027330.fit  3.27  1.08 0.057   168.1 from 111 sources of f3
r1027331.fit  2.45  0.81 0.077    25.9 from  79 sources of f3
r1027332.fit  2.92  0.96 0.093   103.5 from 261 sources of f3
r1027333.fit  3.19  1.05 0.041    34.3 from  71 sources of f3
r1027334.fit  3.20  1.06 0.064   110.6 from 127 sources of f3
r1027335.fit  3.18  1.05 0.065    20.9 from  55 sources of f3
r1027336.fit  3.32  1.10 0.059    71.8 from 129 sources of f3
r1027337.fit  3.01  0.99 0.050    19.2 from  53 sources of f1
r1027338.fit  3.43  1.13 0.103    73.2 from 119 sources of f1
r1027339.fit  3.65  1.20 0.069    40.8 from  16 sources of f1
r1027340.fit  4.11  1.36 0.116   169.4 from  40 sources of f1
r1027341.fit  2.84  0.94 0.055    29.7 from  51 sources of f1
r1027342.fit  3.59  1.18 0.133   135.8 from 133 sources of f1
r1027343.fit  3.35  1.11 0.047    35.6 from  42 sources of f1
r1027344.fit  3.35  1.11 0.076   117.7 from 110 sources of f1
r1027345.fit  2.49  0.82 0.058    35.5 from  86 sources of f1
r1027346.fit  2.81  0.93 0.055   100.4 from 271 sources of f1
r1027347.fit  3.24  1.07 0.061    39.7 from  63 sources of f1
r1027348.fit  2.94  0.97 0.062    93.0 from 129 sources of f1
r1027349.fit  2.90  0.96 0.040    27.3 from  61 sources of f1
r1027350.fit  3.30  1.09 0.085    65.1 from 119 sources of f1
r1027351.fit  2.67  0.88 0.049    27.5 from  65 sources of f2
r1027352.fit  3.19  1.05 0.063    95.9 from 130 sources of f2
r1027353.fit  3.61  1.19 0.090    65.4 from  18 sources of f2
r1027354.fit  3.59  1.18 0.063   127.1 from  49 sources of f2
r1027355.fit  2.88  0.95 0.072    70.1 from  64 sources of f2
r1027356.fit  3.78  1.25 0.136   180.4 from 127 sources of f2
r1027357.fit  3.21  1.06 0.043    64.8 from  47 sources of f2
r1027358.fit  3.36  1.11 0.062   120.6 from  97 sources of f2
r1027359.fit  2.71  0.89 0.042    62.1 from  73 sources of f2
r1027360.fit  2.97  0.98 0.092   121.9 from 254 sources of f2
r1027361.fit  3.00  0.99 0.074    69.8 from  70 sources of f2
r1027362.fit  3.10  1.02 0.047   113.7 from 129 sources of f2
r1027363.fit  2.94  0.97 0.071    56.5 from  63 sources of f2
r1027364.fit  3.58  1.18 0.080    89.7 from 110 sources of f2
r1027365.fit  3.09  1.02 0.057    55.7 from  52 sources of f3
r1027366.fit  3.62  1.19 0.100    88.3 from 126 sources of f3
r1027367.fit  3.90  1.29 0.068    70.3 from  16 sources of f3
r1027368.fit  4.19  1.38 0.051   152.1 from  42 sources of f3
r1027369.fit  3.23  1.07 0.050    58.5 from  50 sources of f3
r1027370.fit  4.12  1.36 0.139   171.8 from 134 sources of f3
r1027371.fit  3.63  1.20 0.061    58.0 from  40 sources of f3
r1027372.fit  3.76  1.24 0.056   119.9 from  90 sources of f3
r1027373.fit  2.88  0.95 0.048    60.7 from  82 sources of f3
r1027374.fit  2.72  0.90 0.057   101.1 from 243 sources of f3
r1027375.fit  3.21  1.06 0.046    68.2 from  58 sources of f3
r1027376.fit  3.29  1.09 0.055   116.9 from 121 sources of f3
r1027377.fit  2.91  0.96 0.043    55.7 from  49 sources of f3
r1027378.fit  3.29  1.09 0.049    88.6 from 124 sources of f3
r1027379.fit  2.84  0.94 0.045    54.5 from  52 sources of f1
r1027380.fit  3.47  1.15 0.089    87.1 from 112 sources of f1
r1027381.fit  3.42  1.13 0.080    67.4 from  16 sources of f1
r1027382.fit  4.12  1.36 0.083   173.0 from  40 sources of f1
r1027383.fit  3.09  1.02 0.058    61.2 from  48 sources of f1
r1027384.fit  3.66  1.21 0.074   123.0 from 131 sources of f1
r1027385.fit  3.41  1.13 0.041    58.1 from  34 sources of f1
r1027386.fit  4.02  1.33 0.104   110.3 from  83 sources of f1
r1027387.fit  3.07  1.01 0.066    58.4 from  59 sources of f1
r1027388.fit  2.75  0.91 0.072   123.3 from 266 sources of f1
r1027389.fit  3.09  1.02 0.074    64.8 from  62 sources of f1
r1027390.fit  3.00  0.99 0.049   109.3 from 121 sources of f1
r1027391.fit  2.95  0.97 0.060    53.9 from  46 sources of f1
r1027392.fit  3.50  1.16 0.091    89.8 from 102 sources of f1
r1027393.fit  3.20  1.06 0.053    56.4 from  49 sources of f2
r1027394.fit  3.76  1.24 0.136    87.8 from 114 sources of f2
r1027395.fit  3.35  1.11 0.052    62.7 from  15 sources of f2
r1027396.fit  4.62  1.52 0.141   138.5 from  39 sources of f2
r1027397.fit  3.27  1.08 0.074    70.0 from  45 sources of f2
r1027398.fit  3.86  1.27 0.112   177.3 from 125 sources of f2
r1027399.fit  3.58  1.18 0.073    64.9 from  39 sources of f2
r1027400.fit  3.62  1.19 0.071   119.1 from  92 sources of f2
r1027401.fit  2.68  0.88 0.040    60.6 from  64 sources of f2
r1027402.fit  3.04  1.00 0.053   122.1 from 191 sources of f2
r1027403.fit  3.07  1.01 0.060    71.7 from  66 sources of f2
r1027404.fit  3.24  1.07 0.075   117.8 from 130 sources of f2
r1027405.fit  3.15  1.04 0.053    57.7 from  54 sources of f2
r1027406.fit  3.54  1.17 0.116    87.6 from 113 sources of f2
r1027407.fit  2.77  0.91 0.069    56.2 from  56 sources of f3
r1027408.fit  3.30  1.09 0.082    90.6 from 102 sources of f3
r1027409.fit  3.67  1.21 0.049    68.2 from  17 sources of f3
r1027410.fit  3.65  1.20 0.074   151.9 from  40 sources of f3
r1027411.fit  3.41  1.13 0.058    67.7 from  38 sources of f3
r1027412.fit  3.64  1.20 0.123   185.8 from 138 sources of f3
r1027413.fit  3.43  1.13 0.051    60.1 from  38 sources of f3
r1027414.fit  3.97  1.31 0.079   122.5 from  83 sources of f3
r1027415.fit  3.03  1.00 0.073    62.2 from  71 sources of f3
r1027416.fit  3.01  0.99 0.082   121.4 from 236 sources of f3
r1027417.fit  4.74  1.56 0.175    66.4 from  55 sources of f3
r1027418.fit  3.50  1.16 0.089   117.7 from 126 sources of f3
r1027419.fit  3.25  1.07 0.089    56.8 from  52 sources of f3
r1027420.fit  3.68  1.21 0.114    86.5 from 126 sources of f3
r1027421.fit  3.40  1.12 0.104    54.7 from  45 sources of f1
r1027422.fit  3.28  1.08 0.078    87.4 from 106 sources of f1
r1027423.fit  3.37  1.11 0.094    65.0 from  14 sources of f1
r1027424.fit  3.87  1.28 0.113   164.4 from  38 sources of f1
r1027425.fit  3.30  1.09 0.056    58.6 from  38 sources of f1
r1027426.fit  3.71  1.22 0.101   144.8 from 120 sources of f1
r1027427.fit  3.47  1.15 0.065    56.4 from  37 sources of f1
r1027428.fit  4.12  1.36 0.109   107.4 from  79 sources of f1
r1027429.fit  2.67  0.88 0.061    60.7 from  66 sources of f1
r1027430.fit  2.86  0.94 0.060   108.5 from 266 sources of f1
r1027431.fit  3.67  1.21 0.065    67.1 from  55 sources of f1
r1027432.fit  3.85  1.27 0.097   105.5 from 105 sources of f1
r1027433.fit  4.05  1.34 0.143    57.0 from  37 sources of f1
r1027434.fit  3.74  1.23 0.106    88.9 from  95 sources of f1
r1027435.fit  3.32  1.10 0.082    55.1 from  52 sources of f2
r1027436.fit  3.00  0.99 0.083    85.4 from 146 sources of f2
r1027437.fit  3.61  1.19 0.079    65.2 from  15 sources of f2
r1027438.fit  4.85  1.60 0.210   129.9 from  36 sources of f2
r1027439.fit  2.94  0.97 0.055    66.0 from  47 sources of f2
r1027440.fit  3.57  1.18 0.111   172.1 from 136 sources of f2
r1027441.fit  3.66  1.21 0.106    57.1 from  39 sources of f2
r1027442.fit  3.96  1.31 0.080   114.5 from  91 sources of f2
r1027443.fit  2.42  0.80 0.064    60.9 from  67 sources of f2
r1027444.fit  2.94  0.97 0.074   115.8 from 187 sources of f2
r1027445.fit  3.12  1.03 0.102    67.7 from  64 sources of f2
r1027446.fit  3.57  1.18 0.132   113.9 from  97 sources of f2
r1027447.fit  3.27  1.08 0.076    55.6 from  50 sources of f2
r1027448.fit  3.94  1.30 0.128    86.3 from  91 sources of f2
r1027449.fit  2.89  0.95 0.062    54.0 from  50 sources of f3
r1027450.fit  3.64  1.20 0.093    84.8 from  95 sources of f3
r1027451.fit  3.48  1.15 0.090    61.3 from  15 sources of f3
r1027452.fit  4.06  1.34 0.131   140.3 from  35 sources of f3
r1027453.fit  4.28  1.41 0.163    66.1 from  38 sources of f3
r1027454.fit  4.31  1.42 0.123   180.0 from  98 sources of f3
r1027455.fit  3.76  1.24 0.082    56.6 from  40 sources of f3
r1027456.fit  4.79  1.58 0.087   115.9 from  75 sources of f3
r1027457.fit  2.95  0.97 0.081    58.4 from  70 sources of f3
r1027458.fit  3.38  1.12 0.056   114.5 from 199 sources of f3
r1027459.fit  3.55  1.17 0.089    63.4 from  56 sources of f3
r1027460.fit  3.37  1.11 0.090   114.7 from 130 sources of f3
r1027461.fit  3.64  1.20 0.143    53.1 from  49 sources of f3
r1027462.fit  4.07  1.34 0.113    82.1 from 106 sources of f3
r1027463.fit  3.45  1.14 0.083    47.5 from  44 sources of f1
r1027464.fit  3.62  1.19 0.059    85.6 from 101 sources of f1
r1027465.fit  3.48  1.15 0.085    61.3 from  15 sources of f1
r1027466.fit  4.11  1.36 0.122   153.6 from  39 sources of f1
r1027467.fit  3.52  1.16 0.069    65.0 from  34 sources of f1
r1027468.fit  4.42  1.46 0.132   129.4 from  78 sources of f1
r1027469.fit  4.50  1.49 0.059    60.0 from  27 sources of f1
r1027470.fit  4.87  1.61 0.062   120.5 from  56 sources of f1
r1027471.fit  3.05  1.01 0.097    58.9 from  48 sources of f1
r1027472.fit  3.34  1.10 0.073   107.4 from 139 sources of f1
r1027473.fit  3.85  1.27 0.047    64.1 from  41 sources of f1
r1027474.fit  3.66  1.21 0.051   110.3 from  69 sources of f1
r1027475.fit  3.66  1.21 0.086    56.1 from  29 sources of f1
r1027476.fit  3.89  1.28 0.067    97.1 from  67 sources of f1
r1027477.fit  3.47  1.15 0.103    73.7 from  17 sources of BD+082015 Ha
r1027478.fit  3.25  1.07 0.084   118.9 from  32 sources of BD+082015 r
r1027479.fit  4.52  1.49 0.091    88.7 from   3 sources of BD+082015 i
r1027480.fit  3.73  1.23 0.110   141.9 from  21 sources of ST_PG0918 Ha
r1027481.fit  3.19  1.05 0.101   310.0 from  60 sources of ST_PG0918 r
r1027482.fit  2.96  0.98 0.092   223.2 from  20 sources of ST_PG0918 i
r1027483.fit is not a target (SKY)
r1027484.fit is not a target (SKY)
r1027485.fit is not a target (SKY)
r1027486.fit is not a target (SKY)
r1027487.fit is not a target (SKY)
r1027488.fit is not a target (SKY)
r1027489.fit is not a target (SKY)
r1027490.fit is not a target (SKY)
r1027491.fit is not a target (SKY)
r1027492.fit is not a target (SKY)
r1027493.fit is not a target (SKY)
r1027495.fit is not a target (SKY)
r1027496.fit is not a target (SKY)
r1027497.fit is not a target (SKY)
r1027498.fit is not a target (SKY)
r1027499.fit is not a target (SKY)
r1027500.fit is not a target (SKY)
r1027501.fit is not a target (SKY)
r1027502.fit is not a target (SKY)
