r1016595.fit is not a target (FLAT)
r1016596.fit is not a target (FLAT)
r1016597.fit is not a target (FLAT)
r1016598.fit is not a target (FLAT)
r1016599.fit is not a target (FLAT)
r1016600.fit is not a target (FLAT)
r1016601.fit is not a target (FLAT)
r1016602.fit is not a target (FLAT)
r1016603.fit is not a target (FLAT)
r1016604.fit is not a target (FLAT)
r1016605.fit is not a target (FLAT)
r1016606.fit is not a target (FLAT)
r1016607.fit is not a target (FLAT)
r1016608.fit is not a target (FLAT)
r1016609.fit is not a target (FLAT)
r1016610.fit is not a target (FLAT)
r1016611.fit is not a target (FLAT)
r1016612.fit is not a target (FLAT)
r1016613.fit is not a target (FLAT)
r1016614.fit is not a target (FLAT)
r1016615.fit is not a target (BIAS)
r1016616.fit is not a target (BIAS)
r1016617.fit is not a target (BIAS)
r1016618.fit is not a target (BIAS)
r1016619.fit is not a target (BIAS)
r1016620.fit is not a target (BIAS)
r1016621.fit is not a target (BIAS)
r1016622.fit is not a target (BIAS)
r1016623.fit is not a target (BIAS)
r1016624.fit is not a target (BIAS)
r1016625.fit is not a target (BIAS)
r1016626.fit is not a target (BIAS)
r1016627.fit is not a target (BIAS)
r1016628.fit is not a target (BIAS)
r1016629.fit is not a target (BIAS)
r1016630.fit is not a target (BIAS)
r1016631.fit is not a target (BIAS)
r1016632.fit is not a target (BIAS)
r1016633.fit is not a target (BIAS)
r1016634.fit is not a target (BIAS)
r1016635.fit is not a target (BIAS)
r1016636.fit is not a target (SKY)
r1016637.fit is not a target (SKY)
r1016638.fit is not a target (SKY)
r1016639.fit is not a target (SKY)
r1016640.fit is not a target (SKY)
r1016641.fit is not a target (SKY)
r1016642.fit is not a target (SKY)
r1016643.fit is not a target (SKY)
r1016644.fit is not a target (SKY)
r1016645.fit is not a target (SKY)
r1016646.fit is not a target (SKY)
r1016647.fit is not a target (FOCUS)
r1016648.fit  6.71  2.21 0.071   388.1 from 2244 sources of IDLIN087
r1016649.fit  5.67  1.87 0.077  2663.9 from 3760 sources of IDLIN087
r1016650.fit  5.30  1.75 0.095  4267.1 from 4495 sources of IDLIN087
r1016651.fit is not a target (BIAS)
r1016652.fit  4.76  1.57 0.101  3177.0 from 2289 sources of IDLIN087
r1016653.fit  4.88  1.61 0.067   707.5 from 3189 sources of IDLIN087
r1016654.fit  3.90  1.29 0.060  1888.0 from 5446 sources of IDLIN087
r1016655.fit  4.31  1.42 0.100  2563.8 from 5501 sources of IDLIN087
r1016656.fit  4.08  1.35 0.067  1927.9 from 2644 sources of IDLIN087
r1016657.fit  4.45  1.47 0.045  1217.6 from 3857 sources of IDLIN087
r1016658.fit  3.99  1.32 0.059  2448.5 from 6194 sources of IDLIN087
r1016659.fit  3.74  1.23 0.066  1931.8 from 7271 sources of IDLIN087
r1016660.fit  4.26  1.41 0.098  2562.1 from 2847 sources of IDLIN087
r1016661.fit  4.37  1.44 0.098   392.3 from 386 sources of IDLIN175
r1016662.fit  3.97  1.31 0.092  2115.4 from 562 sources of IDLIN175
r1016663.fit  4.02  1.33 0.139   403.4 from 686 sources of IDLIN175
r1016664.fit  4.23  1.40 0.090  3430.6 from 262 sources of IDLIN175
r1016665.fit  5.08  1.68 0.060  1390.6 from 347 sources of IDLIN175
r1016666.fit  4.75  1.57 0.066  2911.7 from 439 sources of IDLIN175
r1016667.fit  4.67  1.54 0.075  2369.3 from 527 sources of IDLIN175
r1016668.fit  4.26  1.41 0.082  3750.7 from 250 sources of IDLIN175
r1016669.fit  4.57  1.51 0.113   430.2 from 213 sources of IDLIN521
r1016670.fit  4.25  1.40 0.145  6318.4 from 265 sources of IDLIN521
r1016671.fit  4.16  1.37 0.140  4129.5 from 362 sources of IDLIN521
