r1009679.fit is not a target (BIAS)
r1009680.fit is not a target (FLAT)
r1009681.fit is not a target (FLAT)
r1009682.fit is not a target (FLAT)
r1009683.fit is not a target (FLAT)
r1009684.fit is not a target (FLAT)
r1009685.fit is not a target (FLAT)
r1009686.fit is not a target (FLAT)
r1009687.fit is not a target (FLAT)
r1009688.fit is not a target (BIAS)
r1009689.fit is not a target (BIAS)
r1009690.fit is not a target (BIAS)
r1009691.fit is not a target (BIAS)
r1009692.fit is not a target (BIAS)
r1009693.fit is not a target (BIAS)
r1009694.fit is not a target (BIAS)
r1009695.fit is not a target (BIAS)
r1009696.fit is not a target (BIAS)
r1009697.fit is not a target (BIAS)
r1009698.fit is not a target (BIAS)
r1009699.fit is not a target (BIAS)
r1009700.fit is not a target (BIAS)
r1009701.fit is not a target (BIAS)
r1009702.fit is not a target (BIAS)
r1009703.fit is not a target (BIAS)
r1009704.fit is not a target (BIAS)
r1009705.fit is not a target (BIAS)
r1009706.fit is not a target (BIAS)
r1009707.fit is not a target (BIAS)
r1009708.fit is not a target (BIAS)
r1009709.fit is not a target (BIAS)
r1009710.fit is not a target (BIAS)
r1009711.fit is not a target (BIAS)
r1009712.fit is not a target (BIAS)
r1009713.fit is not a target (BIAS)
r1009714.fit is not a target (BIAS)
r1009715.fit is not a target (BIAS)
r1009716.fit is not a target (BIAS)
r1009717.fit is not a target (BIAS)
r1009718.fit is not a target (BIAS)
r1009719.fit is not a target (BIAS)
r1009720.fit is not a target (BIAS)
r1009721.fit is not a target (BIAS)
r1009722.fit is not a target (BIAS)
r1009723.fit is not a target (BIAS)
r1009724.fit is not a target (BIAS)
r1009725.fit is not a target (BIAS)
r1009726.fit is not a target (BIAS)
r1009727.fit is not a target (BIAS)
r1009728.fit is not a target (BIAS)
r1009729.fit is not a target (BIAS)
r1009730.fit is not a target (FLAT)
r1009731.fit is not a target (FLAT)
r1009732.fit is not a target (FLAT)
r1009733.fit is not a target (FLAT)
r1009734.fit is not a target (FLAT)
r1009735.fit is not a target (FLAT)
r1009736.fit is not a target (SKY)
r1009737.fit is not a target (SKY)
r1009738.fit is not a target (SKY)
r1009739.fit is not a target (SKY)
r1009740.fit is not a target (SKY)
r1009741.fit is not a target (SKY)
r1009742.fit is not a target (SKY)
r1009743.fit is not a target (SKY)
r1009744.fit is not a target (SKY)
r1009745.fit is not a target (SKY)
r1009746.fit is not a target (SKY)
r1009747.fit is not a target (SKY)
r1009748.fit is not a target (SKY)
r1009749.fit is not a target (SKY)
r1009750.fit is not a target (FOCUS)
r1009751.fit is not a target (FOCUS)
r1009752.fit is not a target (FOCUS)
r1009755.fit  4.45  1.47 0.078    57.6 from  17 sources of ST_PG1633 He1
r1009756.fit  5.66  1.87 0.055   214.7 from  23 sources of ST_PG1633 He1
r1009757.fit  4.64  1.53 0.033   214.5 from  32 sources of ST_PG1633 r
r1009758.fit  6.72  2.22 0.071   221.0 from  26 sources of ST_PG1633 U
r1009759.fit  6.45  2.13 0.066   211.5 from  21 sources of ST_PG1633 g
r1009760.fit  6.40  2.11 0.072   352.0 from  18 sources of SA112-250 He1
r1009761.fit  6.40  2.11 0.035   329.6 from   7 sources of SA112-250 r
r1009762.fit  4.59  1.51 0.164   265.3 from   7 sources of SA112-250 U
r1009763.fit  7.27  2.40 0.049   245.3 from   5 sources of SA112-250 g
r1009764.fit  7.41  2.45 0.087   108.1 from  16 sources of ST_PG1525 He1
r1009765.fit  5.49  1.81 0.094    77.0 from  11 sources of ST_PG1525 r
r1009766.fit  4.39  1.45 0.180    92.2 from  15 sources of ST_PG1525 U
r1009767.fit  8.57  2.83 0.083    70.8 from  10 sources of ST_PG1525 g
r1009768.fit  5.72  1.89 0.056    57.9 from 107 sources of uvex_5973 He1
r1009769.fit  5.91  1.95 0.034   217.8 from  24 sources of SA110-246 Ha
r1009770.fit  5.84  1.93 0.077   216.0 from  16 sources of SA110-246 r
r1009771.fit  5.49  1.81 0.059   219.2 from  18 sources of SA110-246 i
r1009772.fit  5.75  1.90 0.040   217.8 from  23 sources of SA110-246 Ha
r1009773.fit  5.13  1.69 0.059   216.0 from  16 sources of SA110-246 r
r1009774.fit  3.76  1.24 0.034   218.7 from  36 sources of SA110-246 i
r1009775.fit  6.25  2.06 0.062   312.4 from  14 sources of SA112-250 Ha
r1009776.fit  7.75  2.56 0.060   317.6 from   6 sources of SA112-250 r
r1009777.fit  6.13  2.02 0.054   360.6 from   9 sources of SA112-250 i
r1009778.fit  6.38  2.11 0.076   340.8 from  19 sources of G93-48 Ha
r1009779.fit  6.47  2.14 0.088   316.5 from  30 sources of G93-48 r
r1009780.fit  6.15  2.03 0.146   375.0 from  15 sources of G93-48 i
r1009781.fit  5.55  1.83 0.084    43.1 from  21 sources of G93-48 Ha
r1009782.fit  6.14  2.03 0.075    61.6 from  30 sources of G93-48 r
r1009783.fit  5.52  1.82 0.086    49.6 from  22 sources of G93-48 i
r1009784.fit  5.57  1.84 0.081    92.0 from 139 sources of intphas_5823 Ha
r1009785.fit  5.22  1.72 0.065    92.6 from 351 sources of intphas_5823 r
r1009786.fit  5.12  1.69 0.075    95.4 from 318 sources of intphas_5823 i
r1009787.fit  5.66  1.87 0.108    88.0 from 317 sources of intphas_5624 Ha
r1009788.fit  5.28  1.74 0.093    82.9 from 347 sources of intphas_5624 Ha
r1009789.fit  5.36  1.77 0.100    91.4 from 951 sources of intphas_5624 r
r1009790.fit  4.94  1.63 0.124    89.2 from 926 sources of intphas_5624 i
r1009791.fit  5.73  1.89 0.160    89.0 from 460 sources of intphas_5308 Ha
r1009792.fit  5.38  1.78 0.117   120.7 from 1294 sources of intphas_5308 r
r1009793.fit  4.79  1.58 0.106   119.8 from 1134 sources of intphas_5308 i
r1009794.fit  4.65  1.53 0.101    88.8 from 544 sources of intphas_5308o Ha
r1009795.fit  4.62  1.52 0.139   128.2 from 1775 sources of intphas_5308o r
r1009796.fit  4.03  1.33 0.161   115.2 from 1613 sources of intphas_5308o i
r1009797.fit  4.09  1.35 0.122    85.7 from 606 sources of intphas_5305 Ha
r1009798.fit  4.15  1.37 0.145   131.7 from 1794 sources of intphas_5305 r
r1009799.fit  4.02  1.33 0.146   103.9 from 1587 sources of intphas_5305 i
r1009800.fit  4.16  1.37 0.130    89.4 from 645 sources of intphas_5305o Ha
r1009801.fit  4.80  1.58 0.156    99.1 from 1553 sources of intphas_5305o r
r1009802.fit  4.41  1.46 0.162    89.7 from 1479 sources of intphas_5305o i
r1009803.fit  5.27  1.74 0.207    85.9 from 598 sources of intphas_5160 Ha
r1009804.fit  4.90  1.62 0.154    78.8 from 1930 sources of intphas_5160 r
r1009805.fit  4.07  1.34 0.136    74.5 from 1694 sources of intphas_5160 i
r1009806.fit  4.29  1.42 0.150    60.6 from 767 sources of intphas_5160o Ha
r1009807.fit  3.61  1.19 0.103   150.1 from 2782 sources of intphas_5160o r
r1009808.fit  3.77  1.24 0.130    61.5 from 1872 sources of intphas_5160o i
r1009809.fit  4.53  1.49 0.083    87.0 from 238 sources of intphas_5826 Ha
r1009810.fit  4.49  1.48 0.090   153.3 from 586 sources of intphas_5826 r
r1009811.fit  4.36  1.44 0.090   133.5 from 636 sources of intphas_5826 i
r1009812.fit  3.90  1.29 0.122    93.4 from 905 sources of intphas_5173 Ha
r1009813.fit  3.64  1.20 0.113   164.8 from 2878 sources of intphas_5173 r
r1009814.fit  3.72  1.23 0.117   128.8 from 1827 sources of intphas_5173 i
r1009815.fit  3.71  1.22 0.117    93.2 from 1008 sources of intphas_5173o Ha
r1009816.fit  3.77  1.24 0.115   161.0 from 2705 sources of intphas_5173o r
r1009817.fit  3.14  1.04 0.115   122.0 from 2435 sources of intphas_5173o i
r1009818.fit  4.01  1.32 0.115   127.8 from 850 sources of intphas_5252 Ha
r1009819.fit  3.33  1.10 0.123   207.1 from 3119 sources of intphas_5252 r
r1009820.fit  3.19  1.05 0.101   125.9 from 2206 sources of intphas_5252 i
r1009821.fit  3.88  1.28 0.115   110.4 from 950 sources of intphas_5224 Ha
r1009822.fit  4.04  1.33 0.120   216.5 from 2622 sources of intphas_5224 r
r1009823.fit  3.74  1.23 0.140   143.5 from 2241 sources of intphas_5224 i
r1009824.fit  4.29  1.42 0.118   116.4 from 736 sources of intphas_5224o Ha
r1009825.fit  4.28  1.41 0.106   149.8 from 2270 sources of intphas_5224o r
r1009826.fit  4.24  1.40 0.110   142.0 from 1603 sources of intphas_5224o i
r1009827.fit  4.86  1.60 0.051   247.3 from 211 sources of intphas_5489o Ha
r1009828.fit  3.94  1.30 0.097   271.1 from 725 sources of intphas_5489o r
r1009829.fit  4.32  1.43 0.131   252.3 from 783 sources of intphas_5489o i
r1009830.fit  4.84  1.60 0.076   244.0 from 190 sources of intphas_5489 Ha
r1009831.fit  4.33  1.43 0.086   320.9 from 566 sources of intphas_5489 r
r1009832.fit  3.72  1.23 0.083   279.8 from 777 sources of intphas_5489 i
r1009833.fit  3.63  1.20 0.096   263.9 from 583 sources of intphas_5569 Ha
r1009834.fit  3.61  1.19 0.116   211.0 from 1814 sources of intphas_5569 r
r1009835.fit  2.89  0.95 0.132   211.8 from 2160 sources of intphas_5569 i
r1009836.fit  3.32  1.10 0.086   266.1 from 749 sources of intphas_5569o Ha
r1009837.fit  3.28  1.08 0.117   282.6 from 2124 sources of intphas_5569o r
r1009838.fit  3.44  1.14 0.107   222.6 from 1741 sources of intphas_5569o i
r1009839.fit  4.17  1.38 0.075    54.6 from  28 sources of G93-48 Ha
r1009840.fit  3.97  1.31 0.054    88.7 from  63 sources of G93-48 r
r1009841.fit  3.80  1.25 0.047    74.1 from  25 sources of G93-48 i
r1009842.fit  4.21  1.39 0.101    65.5 from  20 sources of Feige110 Ha
r1009843.fit  3.82  1.26 0.098    62.5 from  21 sources of Feige110 r
r1009844.fit  4.33  1.43 0.089    62.5 from  18 sources of Feige110 i
r1009845.fit  3.53  1.16 0.050    49.7 from  36 sources of SA112-250 Ha
r1009846.fit  3.59  1.18 0.065    50.9 from  30 sources of SA112-250 r
r1009847.fit  3.94  1.30 0.030    54.8 from  30 sources of SA112-250 i
r1009848.fit  3.98  1.31 0.088   106.9 from 741 sources of intphas_6949o Ha
r1009849.fit  4.05  1.34 0.085   157.6 from 1886 sources of intphas_6949o r
r1009850.fit  3.49  1.15 0.099   139.6 from 1615 sources of intphas_6949o i
r1009851.fit  3.65  1.20 0.100    78.0 from 818 sources of intphas_6952 Ha
r1009852.fit  3.90  1.29 0.080   125.1 from 1877 sources of intphas_6952 r
r1009853.fit  3.39  1.12 0.091   100.1 from 1655 sources of intphas_6952 i
r1009854.fit  3.88  1.28 0.107    93.1 from 784 sources of intphas_6952o Ha
r1009855.fit  3.79  1.25 0.098   165.9 from 2093 sources of intphas_6952o r
r1009858.fit  3.78  1.25 0.101   238.9 from 785 sources of intphas_6952o Ha
r1009859.fit  3.54  1.17 0.082   289.5 from 2248 sources of intphas_6952o r
r1009860.fit  3.24  1.07 0.094   272.7 from 1768 sources of intphas_6952o i
r1009861.fit  3.43  1.13 0.070   252.7 from 717 sources of intphas_6953 Ha
r1009862.fit  3.60  1.19 0.082   319.3 from 1764 sources of intphas_6953 r
r1009863.fit  3.21  1.06 0.098   270.1 from 1583 sources of intphas_6953 i
r1009864.fit  3.27  1.08 0.076   243.1 from 687 sources of intphas_6953o Ha
r1009865.fit  3.30  1.09 0.078   291.8 from 1932 sources of intphas_6953o r
r1009866.fit  3.24  1.07 0.074   283.0 from 1412 sources of intphas_6953o i
r1009867.fit  3.28  1.08 0.065   251.8 from 254 sources of intphas_6954 Ha
r1009868.fit  3.47  1.15 0.085   354.1 from 635 sources of intphas_6954 r
r1009869.fit  3.11  1.03 0.088   298.1 from 781 sources of intphas_6954 i
r1009870.fit  3.54  1.17 0.126   252.8 from 125 sources of intphas_7290 Ha
r1009871.fit  3.52  1.16 0.096   348.7 from 232 sources of intphas_7290 r
r1009872.fit  3.05  1.01 0.115   292.5 from 346 sources of intphas_7290 i
r1009873.fit  3.43  1.13 0.099   247.8 from 534 sources of intphas_7291 Ha
r1009874.fit  3.50  1.16 0.087   359.7 from 1266 sources of intphas_7291 r
r1009875.fit  3.50  1.16 0.102   275.1 from 927 sources of intphas_7291 i
r1009876.fit  3.62  1.19 0.091   238.0 from 454 sources of intphas_7291o Ha
r1009877.fit  3.64  1.20 0.104   322.3 from 1308 sources of intphas_7291o r
r1009878.fit  3.15  1.04 0.113   277.7 from 1136 sources of intphas_7291o i
r1009879.fit  3.37  1.11 0.112   248.6 from 471 sources of intphas_7292 Ha
r1009880.fit  3.52  1.16 0.112   358.0 from 1196 sources of intphas_7292 r
r1009881.fit  3.26  1.08 0.126   300.2 from 1132 sources of intphas_7292 i
r1009882.fit  3.83  1.26 0.172   249.0 from 498 sources of intphas_7292o Ha
r1009883.fit  3.39  1.12 0.084   272.8 from 1265 sources of intphas_7292o r
r1009884.fit  3.20  1.06 0.133   249.5 from 1148 sources of intphas_7292o i
r1009885.fit  3.65  1.20 0.111    75.0 from  26 sources of Feige110 Ha
r1009886.fit  3.23  1.07 0.042    78.2 from  18 sources of Feige110 r
r1009887.fit  3.11  1.03 0.089    76.2 from  16 sources of Feige110 i
r1009888.fit  4.01  1.32 0.082    79.8 from  20 sources of Feige110 He1
r1009889.fit  3.60  1.19 0.023    74.9 from  15 sources of Feige110 r
r1009890.fit  4.23  1.40 0.017    77.7 from   3 sources of Feige110 U
r1009891.fit  4.20  1.39 0.057    69.8 from   7 sources of Feige110 g
r1009892.fit  3.06  1.01 0.045    69.9 from   9 sources of SA114-548 r
r1009893.fit  4.59  1.51 0.165    91.8 from  10 sources of SA114-548 U
r1009894.fit  3.84  1.27 0.073    78.1 from  18 sources of SA114-548 g
r1009895.fit  4.48  1.48 0.045    57.1 from   6 sources of SA114-548 r
r1009896.fit  4.62  1.52 0.175    86.5 from   8 sources of SA114-548 U
r1009897.fit  3.96  1.31 0.038    55.5 from  16 sources of SA114-548 g
r1009898.fit  5.03  1.66 0.181   593.9 from 284 sources of uvex_1752 r
r1009899.fit  5.44  1.80 0.160   495.6 from  34 sources of uvex_1752 U
r1009900.fit  4.80  1.58 0.155   651.2 from 129 sources of uvex_1752 g
r1009901.fit  4.61  1.52 0.152   598.1 from 300 sources of uvex_1752o r
r1009902.fit  5.63  1.86 0.143   483.7 from  31 sources of uvex_1752o U
r1009903.fit  4.83  1.59 0.141   659.0 from 113 sources of uvex_1752o g
r1009904.fit  4.54  1.50 0.161   364.6 from 433 sources of uvex_1754 r
r1009905.fit  5.36  1.77 0.155   461.6 from  35 sources of uvex_1754 U
r1009906.fit  4.66  1.54 0.156   518.0 from 248 sources of uvex_1754 g
r1009907.fit  4.55  1.50 0.151   596.5 from 441 sources of uvex_1754o r
r1009908.fit  5.53  1.82 0.160   476.5 from  37 sources of uvex_1754o U
r1009909.fit  4.97  1.64 0.169   658.2 from 236 sources of uvex_1754o g
r1009910.fit  4.55  1.50 0.165   609.9 from 411 sources of uvex_1758 r
r1009911.fit  5.50  1.82 0.163   496.8 from  31 sources of uvex_1758 U
r1009912.fit  4.57  1.51 0.168   662.7 from 195 sources of uvex_1758 g
r1009913.fit  4.61  1.52 0.154   577.5 from 341 sources of uvex_1758o r
r1009914.fit  5.33  1.76 0.152   488.5 from  27 sources of uvex_1758o U
r1009915.fit  4.62  1.52 0.158   630.3 from 165 sources of uvex_1758o g
r1009916.fit  4.48  1.48 0.152   524.7 from 395 sources of uvex_1761 r
r1009917.fit  5.37  1.77 0.165   492.9 from  35 sources of uvex_1761 U
r1009918.fit  4.72  1.56 0.141   557.0 from 219 sources of uvex_1761 g
r1009919.fit  4.63  1.53 0.171   598.9 from 367 sources of uvex_1761o r
r1009920.fit  5.61  1.85 0.166   496.7 from  37 sources of uvex_1761o U
r1009921.fit  4.75  1.57 0.159   661.0 from 214 sources of uvex_1761o g
r1009922.fit  4.30  1.42 0.183   373.3 from 543 sources of uvex_1526 r
r1009923.fit  5.46  1.80 0.132   481.1 from  46 sources of uvex_1526 U
r1009924.fit  4.52  1.49 0.134   611.9 from 275 sources of uvex_1526 g
r1009925.fit  4.71  1.55 0.176   485.0 from 472 sources of uvex_1526o r
r1009926.fit  5.54  1.83 0.143   421.7 from  56 sources of uvex_1526o U
r1009927.fit  4.60  1.52 0.152   563.8 from 290 sources of uvex_1526o g
r1009928.fit  4.15  1.37 0.149   465.4 from 538 sources of uvex_1530 r
r1009929.fit  5.41  1.79 0.156   440.0 from  34 sources of uvex_1530 U
r1009930.fit  4.56  1.50 0.126   483.6 from 220 sources of uvex_1530 g
r1009931.fit  4.43  1.46 0.150   472.1 from 445 sources of uvex_1530o r
r1009932.fit  6.06  2.00 0.104   447.7 from  32 sources of uvex_1530o U
r1009933.fit  5.05  1.67 0.127   599.5 from 180 sources of uvex_1530o g
r1009934.fit  4.75  1.57 0.150   604.0 from 311 sources of uvex_1541 r
r1009935.fit  6.40  2.11 0.083   497.8 from  30 sources of uvex_1541 U
r1009936.fit 11.98  3.95 0.078   690.9 from  47 sources of uvex_1541 g
r1009937.fit  5.20  1.72 0.058   623.8 from 226 sources of uvex_1541o r
r1009938.fit  5.68  1.87 0.115   513.4 from  29 sources of uvex_1541o U
r1009939.fit  4.69  1.55 0.120   673.0 from 163 sources of uvex_1541o g
r1009940.fit  9.53  3.14 0.079   542.3 from 101 sources of uvex_1249 r
r1009941.fit  6.76  2.23 0.066   487.2 from  29 sources of uvex_1249 U
r1009942.fit 10.85  3.58 0.048   628.0 from  55 sources of uvex_1249 g
r1009943.fit  8.57  2.83 0.060   561.7 from 109 sources of uvex_1249o r
r1009944.fit  4.20  1.39 0.075   496.5 from  17 sources of uvex_1249o U
r1009945.fit  6.77  2.23 0.032   618.0 from  98 sources of uvex_1249o g
r1009946.fit  5.19  1.71 0.078   505.5 from 194 sources of uvex_1242 r
r1009947.fit  4.25  1.40 0.075   446.2 from  16 sources of uvex_1242 U
r1009948.fit  5.90  1.95 0.091   569.7 from  98 sources of uvex_1242 g
r1009949.fit  4.93  1.63 0.145   463.4 from 204 sources of uvex_1242o r
r1009950.fit  6.09  2.01 0.077   437.6 from  24 sources of uvex_1242o U
r1009951.fit  4.66  1.54 0.119   555.1 from 130 sources of uvex_1242o g
r1009952.fit  4.66  1.54 0.147   556.0 from 123 sources of uvex_1837 r
r1009953.fit  5.06  1.67 0.092   420.6 from  19 sources of uvex_1837 U
r1009954.fit  4.92  1.62 0.106   612.7 from  51 sources of uvex_1837 g
r1009955.fit  5.32  1.76 0.112   551.7 from 154 sources of uvex_1837o r
r1009956.fit  5.05  1.67 0.090   448.5 from  20 sources of uvex_1837o U
r1009957.fit  5.05  1.67 0.092   608.3 from  74 sources of uvex_1837o g
r1009958.fit  4.66  1.54 0.136   382.7 from 261 sources of uvex_1832 r
r1009959.fit  6.17  2.04 0.126   448.5 from  26 sources of uvex_1832 U
r1009960.fit  4.63  1.53 0.131   391.8 from 133 sources of uvex_1832 g
r1009961.fit  4.36  1.44 0.121   551.1 from 271 sources of uvex_1832o r
r1009962.fit  5.47  1.81 0.104   447.5 from  26 sources of uvex_1832o U
r1009963.fit  4.86  1.60 0.121   571.4 from 121 sources of uvex_1832o g
r1009964.fit  5.42  1.79 0.123   549.6 from 222 sources of uvex_1957 r
r1009965.fit  6.09  2.01 0.096   402.8 from  30 sources of uvex_1957 U
r1009966.fit  4.48  1.48 0.154   615.2 from 155 sources of uvex_1957 g
r1009967.fit  4.53  1.49 0.186   531.7 from 322 sources of uvex_1957o r
r1009968.fit  5.75  1.90 0.136   449.5 from  31 sources of uvex_1957o U
r1009969.fit  4.74  1.56 0.128   626.6 from 161 sources of uvex_1957o g
r1009970.fit  4.58  1.51 0.065   142.1 from  16 sources of Feige22 r
r1009971.fit  5.29  1.75 0.059    94.7 from   9 sources of Feige22 U
r1009972.fit  4.56  1.50 0.030   109.1 from  13 sources of Feige22 g
r1009973.fit  4.84  1.60 0.047   116.8 from  20 sources of Feige22 Ha
r1009974.fit  4.52  1.49 0.021   114.4 from  11 sources of Feige22 r
r1009975.fit  4.57  1.51 0.066   105.4 from  12 sources of Feige22 i
r1009976.fit  6.36  2.10 0.162   284.7 from  26 sources of G191B2B Ha
r1009977.fit  4.67  1.54 0.052   275.8 from  16 sources of G191B2B r
r1009978.fit  4.91  1.62 0.050   268.3 from  16 sources of G191B2B i
r1009979.fit  8.54  2.82 0.051   275.0 from   5 sources of G191B2B r
r1009980.fit  4.53  1.49 0.101   277.0 from   5 sources of G191B2B U
r1009981.fit  5.26  1.74 0.142   288.0 from  10 sources of G191B2B g
r1009982.fit  7.33  2.42 0.096   626.9 from  36 sources of HZ4 r
r1009983.fit  6.22  2.05 0.093   536.8 from  22 sources of HZ4 U
r1009984.fit  7.31  2.41 0.054   576.0 from  24 sources of HZ4 g
r1009985.fit  5.65  1.86 0.084   540.6 from  46 sources of HZ4 Ha
r1009986.fit  6.63  2.19 0.033   616.4 from  36 sources of HZ4 r
r1009987.fit  7.34  2.42 0.052   547.1 from  25 sources of HZ4 i
r1009988.fit is not a target (BIAS)
r1009989.fit is not a target (BIAS)
r1009990.fit is not a target (BIAS)
r1009991.fit is not a target (SKY)
r1009992.fit is not a target (SKY)
r1009993.fit is not a target (SKY)
r1009994.fit is not a target (SKY)
r1009995.fit is not a target (SKY)
r1009996.fit is not a target (SKY)
r1009997.fit is not a target (SKY)
r1009998.fit is not a target (SKY)
r1009999.fit is not a target (SKY)
r1010000.fit is not a target (SKY)
r1010001.fit is not a target (SKY)
r1010002.fit is not a target (SKY)
r1010003.fit is not a target (SKY)
r1010004.fit is not a target (SKY)
r1010005.fit is not a target (SKY)
r1010006.fit is not a target (SKY)
r1010007.fit is not a target (SKY)
r1010008.fit is not a target (SKY)
r1010009.fit is not a target (SKY)
r1010010.fit is not a target (SKY)
r1010011.fit is not a target (SKY)
r1010012.fit is not a target (SKY)
r1010013.fit is not a target (SKY)
r1010014.fit is not a target (BIAS)
