r1003099.fit is not a target (BIAS)
r1003100.fit is not a target (BIAS)
r1003101.fit is not a target (BIAS)
r1003102.fit is not a target (BIAS)
r1003103.fit is not a target (BIAS)
r1003104.fit is not a target (BIAS)
r1003105.fit is not a target (BIAS)
r1003106.fit is not a target (BIAS)
r1003107.fit is not a target (BIAS)
r1003108.fit is not a target (BIAS)
r1003109.fit is not a target (BIAS)
r1003110.fit is not a target (BIAS)
r1003111.fit is not a target (BIAS)
r1003112.fit is not a target (BIAS)
r1003113.fit is not a target (BIAS)
r1003114.fit is not a target (BIAS)
r1003115.fit is not a target (BIAS)
r1003116.fit is not a target (BIAS)
r1003117.fit is not a target (BIAS)
r1003118.fit is not a target (BIAS)
r1003119.fit is not a target (BIAS)
r1003120.fit is not a target (FLAT)
r1003121.fit is not a target (FLAT)
r1003122.fit is not a target (FLAT)
r1003123.fit is not a target (FLAT)
r1003124.fit is not a target (FLAT)
r1003125.fit is not a target (FLAT)
r1003126.fit is not a target (FLAT)
r1003127.fit is not a target (FLAT)
r1003128.fit is not a target (FLAT)
r1003129.fit is not a target (FLAT)
r1003130.fit is not a target (FLAT)
r1003131.fit is not a target (FLAT)
r1003132.fit is not a target (FLAT)
r1003133.fit is not a target (FLAT)
r1003134.fit is not a target (FLAT)
r1003135.fit is not a target (FLAT)
r1003136.fit is not a target (FLAT)
r1003137.fit is not a target (FLAT)
r1003138.fit is not a target (FLAT)
r1003139.fit is not a target (FLAT)
r1003140.fit is not a target (FLAT)
r1003141.fit is not a target (FLAT)
r1003142.fit is not a target (FLAT)
r1003143.fit is not a target (FLAT)
r1003144.fit is not a target (FLAT)
r1003145.fit is not a target (SKY)
r1003146.fit is not a target (SKY)
r1003147.fit is not a target (SKY)
r1003148.fit is not a target (SKY)
r1003149.fit is not a target (SKY)
r1003150.fit is not a target (SKY)
r1003151.fit is not a target (SKY)
r1003152.fit is not a target (SKY)
r1003153.fit is not a target (SKY)
r1003154.fit is not a target (SKY)
r1003155.fit is not a target (SKY)
r1003156.fit is not a target (SKY)
r1003157.fit is not a target (SKY)
r1003158.fit is not a target (FOCUS)
r1003159.fit is not a target (FOCUS)
r1003160.fit  3.29  1.09 0.086   235.1 from 128 sources of 109-381
r1003161.fit  3.35  1.11 0.086   229.9 from  50 sources of 109-381
r1003162.fit  3.64  1.20 0.124   241.1 from 104 sources of 109-381
r1003163.fit  2.78  0.92 0.061   242.1 from 124 sources of 109-381
r1003164.fit  3.39  1.12 0.120   243.6 from  41 sources of 109-381
r1003165.fit  2.95  0.97 0.103   271.1 from 123 sources of 109-381
r1003166.fit  3.83  1.26 0.130   852.1 from 5520 sources of ID126
r1003167.fit  3.85  1.27 0.167  1664.0 from 8691 sources of ID126
r1003168.fit  3.56  1.17 0.150  2151.2 from 10836 sources of ID126
r1003169.fit  3.68  1.21 0.149  1656.0 from 4773 sources of ID126
r1003170.fit  3.93  1.30 0.144   385.4 from 5356 sources of ID126
r1003171.fit  4.05  1.34 0.151  1704.5 from 8174 sources of ID126
r1003172.fit  3.84  1.27 0.145  1677.6 from 9579 sources of ID126
r1003173.fit  3.80  1.25 0.163  1461.7 from 4516 sources of ID126
r1003174.fit  3.81  1.26 0.111  1246.3 from 5367 sources of ID126
r1003175.fit  3.69  1.22 0.139  1741.3 from 8775 sources of ID126
r1003176.fit  3.30  1.09 0.160  2539.6 from 11369 sources of ID126
r1003177.fit  3.22  1.06 0.146  2493.5 from 5670 sources of ID126
r1003178.fit  4.74  1.56 0.114   239.2 from  21 sources of 114-750
r1003179.fit  4.26  1.41 0.090   238.0 from  20 sources of 114-750
r1003180.fit  4.08  1.35 0.096   264.5 from  41 sources of 114-750
r1003181.fit  4.11  1.36 0.127   257.2 from  18 sources of 114-750
r1003182.fit  3.98  1.31 0.107   332.4 from  61 sources of 114-750
r1003183.fit  3.75  1.24 0.100   353.4 from  22 sources of 114-750
r1003184.fit  3.86  1.27 0.127   440.0 from  57 sources of 114-750
r1003185.fit  3.20  1.06 0.048   227.9 from  77 sources of 112-223
r1003186.fit  3.88  1.28 0.103   231.9 from  86 sources of 112-223
r1003187.fit  2.70  0.89 0.063   242.4 from  94 sources of 112-223
r1003188.fit  3.31  1.09 0.111   246.4 from  37 sources of 112-223
r1003189.fit  2.78  0.92 0.104   269.2 from  84 sources of 112-223
r1003190.fit  4.20  1.39 0.158  1308.6 from 446 sources of ID319
r1003191.fit  3.95  1.30 0.144  1680.8 from 576 sources of ID319
r1003192.fit  3.53  1.16 0.126  2493.6 from 789 sources of ID319
r1003193.fit  3.64  1.20 0.146  2617.2 from 495 sources of ID319
r1003194.fit  4.02  1.33 0.131  1421.5 from 467 sources of ID319
r1003195.fit  3.93  1.30 0.141  1695.2 from 630 sources of ID319
r1003196.fit  3.93  1.30 0.153  2754.0 from 778 sources of ID319
r1003197.fit  3.83  1.26 0.151  2625.3 from 507 sources of ID319
r1003198.fit  3.81  1.26 0.114   690.2 from 482 sources of ID319
r1003199.fit  3.79  1.25 0.138  1147.5 from 653 sources of ID319
r1003200.fit  3.80  1.25 0.146  2577.3 from 822 sources of ID319
r1003201.fit  3.63  1.20 0.124  2120.2 from 502 sources of ID319
r1003202.fit  3.41  1.13 0.071   234.0 from  18 sources of 115-412
r1003203.fit  3.86  1.27 0.122   237.4 from  17 sources of 115-412
r1003204.fit  3.41  1.13 0.128   250.2 from  32 sources of 115-412
r1003205.fit  3.19  1.05 0.082   246.3 from  19 sources of 115-412
r1003206.fit  3.09  1.02 0.106   255.0 from  31 sources of 115-412
r1003207.fit  3.28  1.08 0.102   250.0 from  18 sources of 115-412
r1003208.fit  3.23  1.07 0.114   284.9 from  28 sources of 115-412
r1003210.fit  3.98  1.31 0.120  1326.0 from 195 sources of ID396
r1003211.fit  3.87  1.28 0.142   387.3 from 283 sources of ID396
r1003212.fit  3.66  1.21 0.142  2924.4 from 366 sources of ID396
r1003213.fit  3.58  1.18 0.166  2422.2 from 244 sources of ID396
r1003214.fit  3.78  1.25 0.098  1356.1 from 200 sources of ID396
r1003215.fit  3.55  1.17 0.120  2399.9 from 276 sources of ID396
r1003216.fit  3.42  1.13 0.128  2719.7 from 346 sources of ID396
r1003217.fit  3.45  1.14 0.141  2191.1 from 246 sources of ID396
r1003218.fit  3.80  1.25 0.099  1214.4 from 193 sources of ID396
r1003219.fit  3.44  1.14 0.113  1992.7 from 276 sources of ID396
r1003220.fit  3.55  1.17 0.112  2818.3 from 346 sources of ID396
r1003221.fit  3.19  1.05 0.137  1960.8 from 266 sources of ID396
r1003222.fit  3.16  1.04 0.039   246.5 from  29 sources of 115-412
r1003223.fit  3.10  1.02 0.063   255.8 from  39 sources of 115-412
r1003224.fit  3.11  1.03 0.037   240.7 from  21 sources of 115-412
r1003225.fit  3.11  1.03 0.052   256.4 from  31 sources of 115-412
r1003226.fit  2.81  0.93 0.050   262.8 from  23 sources of 115-412
r1003227.fit  2.57  0.85 0.059   282.2 from  33 sources of 115-412
r1003228.fit  3.24  1.07 0.048   234.2 from  31 sources of 115-412
r1003229.fit  2.77  0.91 0.041   241.0 from  37 sources of 115-412
r1003230.fit  2.74  0.90 0.050   241.1 from  25 sources of 115-412
r1003231.fit  2.40  0.79 0.052   246.7 from  38 sources of 115-412
r1003232.fit  3.03  1.00 0.072   247.2 from  23 sources of 115-412
r1003233.fit  2.39  0.79 0.052   268.6 from  30 sources of 115-412
r1003234.fit is not a target (SKY)
r1003235.fit is not a target (SKY)
r1003236.fit is not a target (SKY)
r1003238.fit is not a target (SKY)
r1003239.fit is not a target (SKY)
r1003240.fit is not a target (SKY)
