r1026547.fit is not a target (BIAS)
r1026548.fit is not a target (SKY)
r1026549.fit is not a target (SKY)
r1026550.fit is not a target (SKY)
r1026551.fit is not a target (SKY)
r1026552.fit is not a target (SKY)
r1026553.fit is not a target (SKY)
r1026554.fit is not a target (SKY)
r1026555.fit is not a target (SKY)
r1026556.fit is not a target (SKY)
r1026557.fit is not a target (SKY)
r1026558.fit is not a target (SKY)
r1026559.fit is not a target (SKY)
r1026560.fit is not a target (SKY)
r1026561.fit is not a target (SKY)
r1026562.fit is not a target (SKY)
r1026563.fit is not a target (SKY)
r1026564.fit is not a target (SKY)
r1026565.fit is not a target (SKY)
r1026566.fit is not a target (SKY)
r1026567.fit is not a target (FOCUS)
r1026568.fit  6.99  2.31 0.094   408.8 from  21 sources of SDSS2 50s
r1026569.fit -1.63 -0.54 0.085    63.4 from   3 sources of SDSS2 5s
r1026570.fit  4.94  1.63 0.065   228.1 from  14 sources of SDSS2 50s
r1026571.fit  6.73  2.22 0.047   367.1 from  23 sources of SDSS2 50s
r1026572.fit  7.83  2.58 0.099   367.7 from  21 sources of SDSS2 5s
r1026573.fit  8.94  2.95 0.059  3255.4 from  41 sources of SDSS2 50s
r1026574.fit  6.33  2.09 0.112   467.3 from  19 sources of SDSS2 5s
r1026575.fit  8.53  2.81 0.057  4428.8 from  47 sources of SDSS2 50s
r1026576.fit  8.06  2.66 0.073   546.3 from  16 sources of SDSS2 5s
r1026577.fit  8.20  2.71 0.071  3736.7 from  52 sources of SDSS2 50s
r1026578.fit  5.65  1.86 0.116   106.1 from  12 sources of G93-48 Ha
r1026579.fit  7.76  2.56 0.066   290.0 from  25 sources of G93-48 r
r1026580.fit  8.78  2.90 0.094   133.7 from   9 sources of G93-48 i
r1026581.fit  5.61  1.85 0.041   190.0 from  15 sources of NGC7293 Ha
r1026582.fit  6.76  2.23 0.042   471.0 from  28 sources of NGC7293 r
r1026583.fit  8.82  2.91 0.040   250.4 from  14 sources of NGC7293 i
r1026584.fit  6.12  2.02 0.055   100.2 from 173 sources of intphas_7333 Ha
r1026585.fit  6.57  2.17 0.064   280.4 from 369 sources of intphas_7333 r
r1026586.fit  7.15  2.36 0.056   162.6 from 226 sources of intphas_7333 i
r1026587.fit  6.49  2.14 0.061   103.6 from 129 sources of intphas_7333o Ha
r1026588.fit  6.49  2.14 0.072   210.3 from 350 sources of intphas_7333o r
r1026589.fit  6.98  2.30 0.104   161.9 from 303 sources of intphas_7333o i
r1026590.fit  6.58  2.17 0.044   105.3 from 131 sources of intphas_7359 Ha
r1026591.fit  6.93  2.29 0.066   258.1 from 310 sources of intphas_7359 r
r1026592.fit  8.30  2.74 0.050   153.1 from 194 sources of intphas_7359 i
r1026593.fit  8.34  2.75 0.033   107.2 from  83 sources of intphas_7359o Ha
r1026594.fit  6.85  2.26 0.095   277.8 from 299 sources of intphas_7359o r
r1026595.fit  6.31  2.08 0.077   165.6 from 300 sources of intphas_7359o i
r1026596.fit  5.83  1.92 0.094   104.2 from 150 sources of intphas_7370 Ha
r1026597.fit  6.03  1.99 0.108   268.0 from 495 sources of intphas_7370 r
r1026598.fit  6.54  2.16 0.124   156.7 from 463 sources of intphas_7370 i
r1026599.fit  6.16  2.03 0.138   103.2 from 161 sources of intphas_7370o Ha
r1026600.fit  6.05  2.00 0.117   262.0 from 469 sources of intphas_7370o r
r1026601.fit  5.93  1.96 0.115    50.2 from 453 sources of intphas_7370o i
r1026602.fit  5.57  1.84 0.103   104.0 from 158 sources of intphas_7392 Ha
r1026603.fit  5.67  1.87 0.117   275.6 from 429 sources of intphas_7392 r
r1026604.fit  5.89  1.94 0.125   167.7 from 440 sources of intphas_7392 i
r1026605.fit  4.89  1.61 0.175   105.6 from 166 sources of intphas_7392o Ha
r1026606.fit  5.38  1.78 0.112   257.6 from 410 sources of intphas_7392o r
r1026607.fit  5.64  1.86 0.146   151.7 from 439 sources of intphas_7392o i
r1026608.fit  5.14  1.70 0.128   101.4 from 246 sources of intphas_7394 Ha
r1026609.fit  5.51  1.82 0.137    67.9 from 706 sources of intphas_7394 r
r1026610.fit  5.94  1.96 0.165   121.4 from 580 sources of intphas_7394 i
r1026611.fit  4.94  1.63 0.130   103.3 from 233 sources of intphas_7394o Ha
r1026612.fit  5.43  1.79 0.141   204.4 from 669 sources of intphas_7394o r
r1026613.fit  5.26  1.74 0.147   154.7 from 668 sources of intphas_7394o i
r1026614.fit  5.49  1.81 0.158    84.9 from 182 sources of intphas_7447 Ha
r1026615.fit  6.14  2.03 0.141   259.9 from 366 sources of intphas_7447 r
r1026616.fit  6.28  2.07 0.151   152.0 from 365 sources of intphas_7447 i
r1026617.fit  5.40  1.78 0.170   102.5 from 169 sources of intphas_7447o Ha
r1026618.fit  6.11  2.02 0.126   245.8 from 395 sources of intphas_7447o r
r1026619.fit  6.99  2.31 0.150   159.3 from 394 sources of intphas_7447o i
r1026620.fit  5.43  1.79 0.122    93.2 from 263 sources of intphas_7448 Ha
r1026621.fit  5.83  1.92 0.113   254.1 from 578 sources of intphas_7448 r
r1026622.fit  6.62  2.18 0.137    91.1 from 509 sources of intphas_7448 i
r1026623.fit  4.83  1.59 0.101   102.2 from 210 sources of intphas_7448o Ha
r1026624.fit  5.36  1.77 0.083   190.6 from 537 sources of intphas_7448o r
r1026625.fit  5.75  1.90 0.108   150.1 from 453 sources of intphas_7448o i
r1026626.fit  5.07  1.67 0.093   100.2 from 215 sources of intphas_7486 Ha
r1026627.fit  5.23  1.73 0.091   234.5 from 625 sources of intphas_7486 r
r1026628.fit  5.78  1.91 0.093   113.4 from 543 sources of intphas_7486 i
r1026629.fit  4.79  1.58 0.159   102.0 from 201 sources of intphas_7486o Ha
r1026630.fit  5.34  1.76 0.101   213.9 from 571 sources of intphas_7486o r
r1026631.fit  5.23  1.73 0.110   126.7 from 590 sources of intphas_7486o i
r1026632.fit  4.87  1.61 0.104   100.3 from 228 sources of intphas_7489 Ha
r1026633.fit  5.18  1.71 0.092   195.7 from 545 sources of intphas_7489 r
r1026634.fit  5.35  1.77 0.097   120.9 from 498 sources of intphas_7489 i
r1026635.fit  4.72  1.56 0.099   101.1 from 218 sources of intphas_7489o Ha
r1026636.fit  5.07  1.67 0.097   175.2 from 569 sources of intphas_7489o r
r1026637.fit  5.28  1.74 0.107   144.8 from 559 sources of intphas_7489o i
r1026638.fit  5.20  1.72 0.147    68.3 from 246 sources of intphas_7498 Ha
r1026639.fit  5.17  1.71 0.098   258.0 from 821 sources of intphas_7498 r
r1026640.fit  5.38  1.78 0.117   123.8 from 622 sources of intphas_7498 i
r1026641.fit  4.83  1.59 0.100    97.5 from 333 sources of intphas_7498o Ha
r1026642.fit  5.19  1.71 0.094   191.6 from 818 sources of intphas_7498o r
r1026643.fit  5.08  1.68 0.103   117.6 from 712 sources of intphas_7498o i
r1026644.fit  4.60  1.52 0.094   104.7 from 117 sources of intphas_7306 Ha
r1026645.fit  4.70  1.55 0.109   240.1 from 276 sources of intphas_7306 r
r1026646.fit  4.73  1.56 0.127   148.7 from 316 sources of intphas_7306 i
r1026647.fit  4.81  1.59 0.128   383.8 from  25 sources of SDSS2 50s
r1026648.fit -1.98 -0.65 0.087    83.1 from   1 sources of SDSS2 5s
r1026649.fit  5.69  1.88 0.064   233.2 from  16 sources of SDSS2 50s
r1026650.fit  4.45  1.47 0.081   421.5 from  27 sources of SDSS2 50s
r1026651.fit  3.98  1.31 0.079   414.7 from  23 sources of SDSS2 5s
r1026652.fit  5.27  1.74 0.105  3014.2 from  61 sources of SDSS2 50s
r1026653.fit  5.07  1.67 0.148   548.6 from  23 sources of SDSS2 5s
r1026654.fit  5.19  1.71 0.133  4749.9 from 105 sources of SDSS2 50s
r1026655.fit  4.74  1.56 0.086   584.6 from  28 sources of SDSS2 5s
r1026656.fit  5.03  1.66 0.129  4404.9 from  95 sources of SDSS2 50s
r1026657.fit  5.48  1.81 0.131    80.2 from  16 sources of SDSS3 50s
r1026658.fit  6.11  2.02 0.238    54.4 from   4 sources of SDSS3 5s
r1026659.fit  4.30  1.42 0.061   130.8 from  13 sources of SDSS3 50s
r1026660.fit  5.29  1.75 0.122    76.4 from  18 sources of SDSS3 50s
r1026661.fit  6.37  2.10 0.101   103.6 from  10 sources of SDSS3 5s
r1026662.fit  6.49  2.14 0.106   590.3 from  48 sources of SDSS3 50s
r1026663.fit  6.60  2.18 0.069    84.5 from  11 sources of SDSS3 5s
r1026664.fit  6.38  2.11 0.077   373.7 from  58 sources of SDSS3 50s
r1026665.fit  5.70  1.88 0.130    89.3 from  17 sources of SDSS3 5s
r1026666.fit  6.87  2.27 0.089   514.2 from  52 sources of SDSS3 50s
r1026667.fit  4.87  1.61 0.086    74.7 from 218 sources of ST_NGC7790 Ha
r1026668.fit  4.80  1.58 0.100   143.1 from 758 sources of ST_NGC7790 r
r1026669.fit  5.21  1.72 0.103    68.9 from 326 sources of ST_NGC7790 i
r1026670.fit  4.95  1.63 0.119    95.1 from 206 sources of intphas_0673o Ha
r1026671.fit  6.10  2.01 0.153    84.4 from 616 sources of intphas_0673o r
r1026672.fit  5.68  1.87 0.111    64.2 from 586 sources of intphas_0673o i
r1026673.fit  5.51  1.82 0.113    97.9 from 224 sources of intphas_0675o Ha
r1026674.fit  5.58  1.84 0.082   252.0 from 632 sources of intphas_0675o r
r1026675.fit  5.52  1.82 0.107   145.0 from 605 sources of intphas_0675o i
r1026676.fit  4.98  1.64 0.078    95.7 from 229 sources of intphas_0677o Ha
r1026677.fit  5.31  1.75 0.088   192.7 from 564 sources of intphas_0677o r
r1026678.fit  5.15  1.70 0.090   152.1 from 510 sources of intphas_0677o i
r1026679.fit  4.98  1.64 0.100   102.6 from 190 sources of intphas_0798o Ha
r1026680.fit  5.47  1.81 0.093   254.5 from 410 sources of intphas_0798o r
r1026681.fit  5.42  1.79 0.077   150.8 from 333 sources of intphas_0798o i
r1026682.fit  5.53  1.82 0.088    95.1 from 211 sources of intphas_0800o Ha
r1026683.fit  5.88  1.94 0.145   244.4 from 653 sources of intphas_0800o r
r1026684.fit  5.88  1.94 0.118   141.9 from 451 sources of intphas_0800o i
r1026685.fit  5.17  1.71 0.113    94.4 from 142 sources of intphas_0801 Ha
r1026686.fit  5.88  1.94 0.111   250.2 from 313 sources of intphas_0801 r
r1026687.fit  6.50  2.15 0.136   151.0 from 320 sources of intphas_0801 i
r1026688.fit  6.27  2.07 0.138    96.8 from 189 sources of intphas_0814 Ha
r1026689.fit  6.64  2.19 0.104   219.8 from 451 sources of intphas_0814 r
r1026690.fit  6.76  2.23 0.142   147.5 from 425 sources of intphas_0814 i
r1026691.fit  6.17  2.04 0.151    95.9 from 187 sources of intphas_0814o Ha
r1026692.fit  6.35  2.10 0.098   213.7 from 500 sources of intphas_0814o r
r1026693.fit  6.62  2.18 0.126   150.3 from 408 sources of intphas_0814o i
r1026694.fit  6.53  2.15 0.078    37.2 from  23 sources of SDSS4 50s
r1026695.fit  4.57  1.51 0.087    19.8 from   3 sources of SDSS4 5s
r1026696.fit  4.19  1.38 0.094    97.7 from   9 sources of SDSS4 50s
r1026697.fit  5.54  1.83 0.119    35.8 from  23 sources of SDSS4 50s
r1026698.fit  6.48  2.14 0.076    57.3 from  15 sources of SDSS4 5s
r1026699.fit  7.24  2.39 0.106   499.1 from  46 sources of SDSS4 50s
r1026700.fit  7.27  2.40 0.102    42.3 from  18 sources of SDSS4 5s
r1026701.fit  6.91  2.28 0.133   323.0 from  76 sources of SDSS4 50s
r1026702.fit  5.96  1.97 0.143    52.0 from  26 sources of SDSS4 5s
r1026703.fit  6.56  2.16 0.132   439.2 from  64 sources of SDSS4 50s
r1026704.fit  7.35  2.43 0.090    21.2 from  17 sources of f1
r1026706.fit  7.20  2.38 0.093    24.7 from  21 sources of f1
r1026707.fit  7.81  2.58 0.108    92.3 from  56 sources of f1
r1026708.fit  9.40  3.10 0.145    41.2 from  13 sources of f1
r1026709.fit 10.51  3.47 0.108   265.8 from  22 sources of f1
r1026710.fit  8.71  2.87 0.132    37.2 from  12 sources of f1
r1026711.fit  9.26  3.06 0.093   142.3 from  54 sources of f1
r1026712.fit 10.09  3.33 0.103    41.4 from  12 sources of f1
r1026713.fit 10.71  3.53 0.087   322.8 from  38 sources of f1
r1026714.fit  8.90  2.94 0.113    26.7 from  17 sources of f1
r1026715.fit  8.71  2.87 0.065   110.2 from  60 sources of f1
r1026716.fit 10.05  3.32 0.135    47.6 from  19 sources of f1
r1026717.fit  9.46  3.12 0.063   144.6 from  48 sources of f1
r1026718.fit  8.36  2.76 0.095    25.9 from  16 sources of f1
r1026719.fit  9.66  3.19 0.074    87.5 from  51 sources of f1
r1026720.fit  9.88  3.26 0.070    25.1 from  12 sources of f2
r1026721.fit  9.82  3.24 0.100    79.6 from  60 sources of f2
r1026722.fit 10.83  3.57 0.162    51.5 from   9 sources of f2
r1026723.fit 12.07  3.98 0.057   180.2 from  24 sources of f2
r1026724.fit  8.63  2.85 0.074    75.2 from  14 sources of f2
r1026725.fit  9.01  2.97 0.089   167.9 from  64 sources of f2
r1026726.fit 10.16  3.35 0.092    45.1 from  16 sources of f2
r1026727.fit  9.77  3.22 0.093   282.9 from  49 sources of f2
r1026728.fit 11.08  3.66 0.113    27.7 from  13 sources of f2
r1026729.fit  9.24  3.05 0.112    86.2 from  73 sources of f2
r1026730.fit  9.53  3.14 0.132    45.0 from  28 sources of f2
r1026731.fit  8.03  2.65 0.094   135.5 from  62 sources of f2
r1026732.fit  7.17  2.37 0.112    16.7 from  23 sources of f2
r1026733.fit  7.18  2.37 0.074    83.8 from  74 sources of f2
r1026734.fit  7.17  2.37 0.119    24.1 from  23 sources of f3
r1026735.fit  7.21  2.38 0.116    79.2 from  74 sources of f3
r1026736.fit  8.33  2.75 0.107    40.7 from  13 sources of f3
r1026737.fit  8.45  2.79 0.115   251.5 from  27 sources of f3
r1026738.fit  6.50  2.15 0.049    36.0 from  21 sources of f3
r1026739.fit  7.44  2.46 0.110   164.2 from  79 sources of f3
r1026740.fit  6.94  2.29 0.074    44.5 from  23 sources of f3
r1026741.fit  7.81  2.58 0.089   286.7 from  52 sources of f3
r1026742.fit  7.24  2.39 0.061    23.9 from  24 sources of f3
r1026743.fit  8.28  2.73 0.097    91.1 from  76 sources of f3
r1026744.fit  7.21  2.38 0.043    38.7 from  30 sources of f3
r1026745.fit  6.94  2.29 0.065   131.7 from  65 sources of f3
r1026746.fit  8.46  2.79 0.093    24.0 from  20 sources of f3
r1026747.fit  8.39  2.77 0.069    78.6 from  67 sources of f3
r1026748.fit  6.18  2.04 0.075    20.6 from  23 sources of f1
r1026749.fit  6.60  2.18 0.088    70.3 from  61 sources of f1
r1026750.fit  7.01  2.31 0.058    34.5 from  11 sources of f1
r1026751.fit  7.41  2.45 0.078   199.8 from  28 sources of f1
r1026752.fit  5.71  1.88 0.097    34.7 from  20 sources of f1
r1026753.fit  5.95  1.96 0.060   109.6 from  65 sources of f1
r1026754.fit  6.58  2.17 0.065    37.0 from  20 sources of f1
r1026755.fit  6.02  1.99 0.090   222.6 from  46 sources of f1
r1026756.fit  5.00  1.65 0.055    19.6 from  35 sources of f1
r1026757.fit  6.92  2.28 0.069    75.5 from  63 sources of f1
r1026758.fit  4.98  1.64 0.061    26.3 from  31 sources of f1
r1026759.fit  6.34  2.09 0.118    90.8 from  60 sources of f1
r1026760.fit  6.30  2.08 0.057    18.9 from  19 sources of f1
r1026761.fit  5.78  1.91 0.079    58.4 from  65 sources of f1
r1026762.fit  5.06  1.67 0.078    14.9 from  24 sources of f2
r1026763.fit  6.23  2.06 0.061    51.1 from  71 sources of f2
r1026764.fit  5.83  1.92 0.098    34.8 from  12 sources of f2
r1026765.fit  7.13  2.35 0.082   144.9 from  23 sources of f2
r1026766.fit  5.99  1.98 0.069    46.4 from  15 sources of f2
r1026767.fit  6.50  2.15 0.097    96.0 from  66 sources of f2
r1026768.fit  6.04  1.99 0.079    29.3 from  20 sources of f2
r1026769.fit  6.61  2.18 0.102   129.3 from  54 sources of f2
r1026770.fit  6.55  2.16 0.114    18.9 from  24 sources of f2
r1026771.fit  5.75  1.90 0.098    50.4 from  77 sources of f2
r1026772.fit  6.44  2.13 0.089    30.3 from  27 sources of f2
r1026773.fit  6.76  2.23 0.134    70.5 from  56 sources of f2
r1026774.fit  4.99  1.65 0.073    17.7 from  19 sources of f2
r1026775.fit  6.77  2.23 0.153    44.4 from  63 sources of f2
r1026776.fit  6.42  2.12 0.059    16.9 from  18 sources of f3
r1026777.fit  6.09  2.01 0.133    45.3 from  66 sources of f3
r1026778.fit  7.34  2.42 0.096    26.6 from  11 sources of f3
r1026779.fit  6.69  2.21 0.156    98.5 from  25 sources of f3
r1026780.fit  5.83  1.92 0.124    28.9 from  12 sources of f3
r1026781.fit  6.12  2.02 0.160    81.9 from  54 sources of f3
r1026782.fit  6.23  2.06 0.179    26.5 from  18 sources of f3
r1026783.fit  7.18  2.37 0.199    94.5 from  44 sources of f3
r1026784.fit  4.34  1.43 0.111    16.9 from  23 sources of f3
r1026785.fit  5.85  1.93 0.176    44.9 from  62 sources of f3
r1026786.fit  7.47  2.47 0.164    26.8 from  17 sources of f3
r1026787.fit  6.50  2.15 0.139    56.7 from  42 sources of f3
r1026788.fit  4.67  1.54 0.161    15.7 from  15 sources of f3
r1026789.fit  5.84  1.93 0.140    36.9 from  50 sources of f3
r1026790.fit  4.80  1.58 0.170    19.2 from  14 sources of f1
r1026791.fit  5.07  1.67 0.157    33.3 from  47 sources of f1
r1026792.fit  5.55  1.83 0.124    22.1 from  11 sources of f1
r1026793.fit  7.04  2.32 0.165    43.2 from  22 sources of f1
r1026794.fit  5.66  1.87 0.152    18.1 from  10 sources of f1
r1026795.fit  5.07  1.67 0.154    41.3 from  32 sources of f1
r1026796.fit  5.36  1.77 0.096    20.9 from  13 sources of f1
r1026797.fit  5.32  1.76 0.129    45.8 from  30 sources of f1
r1026798.fit  4.33  1.43 0.180    15.5 from   9 sources of f1
r1026799.fit  4.57  1.51 0.173    29.9 from  39 sources of f1
r1026800.fit  4.19  1.38 0.215    21.1 from  15 sources of f1
r1026801.fit  5.20  1.72 0.168    31.9 from  25 sources of f1
r1026802.fit  4.65  1.53 0.351    14.4 from  11 sources of f1
r1026803.fit  4.88  1.61 0.302    23.3 from  23 sources of f1
r1026804.fit  4.29  1.42 0.403    16.8 from   8 sources of f2
r1026806.fit  4.25  1.40 0.072    16.7 from  39 sources of f2
r1026807.fit  4.66  1.54 0.085    63.0 from  99 sources of f2
r1026808.fit  5.78  1.91 0.057    37.5 from  15 sources of f2
r1026809.fit  5.98  1.97 0.099   140.9 from  34 sources of f2
r1026810.fit  3.81  1.26 0.073    37.8 from  40 sources of f2
r1026811.fit  4.45  1.47 0.110   148.9 from 113 sources of f2
r1026812.fit  4.45  1.47 0.065    31.9 from  41 sources of f2
r1026813.fit  4.20  1.39 0.069   159.6 from  84 sources of f2
r1026814.fit  3.44  1.14 0.089    27.1 from  76 sources of f2
r1026815.fit  4.07  1.34 0.075    74.4 from 161 sources of f2
r1026816.fit  5.02  1.66 0.082    35.8 from  49 sources of f2
r1026817.fit  4.79  1.58 0.072    98.3 from  90 sources of f2
r1026818.fit  4.46  1.47 0.072    22.6 from  39 sources of f2
r1026819.fit  4.70  1.55 0.056    62.2 from  95 sources of f2
r1026820.fit  3.96  1.31 0.078    20.7 from  45 sources of f3
r1026821.fit  4.53  1.49 0.114    61.7 from 100 sources of f3
r1026822.fit  5.62  1.85 0.082    33.7 from  15 sources of f3
r1026823.fit  5.01  1.65 0.101   155.2 from  37 sources of f3
r1026824.fit  4.16  1.37 0.083    30.4 from  41 sources of f3
r1026825.fit  4.18  1.38 0.105   149.8 from 134 sources of f3
r1026826.fit  4.27  1.41 0.100    28.7 from  37 sources of f3
r1026827.fit  4.10  1.35 0.116   109.8 from  92 sources of f3
r1026828.fit  3.93  1.30 0.087    22.5 from  55 sources of f3
r1026829.fit  3.60  1.19 0.097    74.7 from 193 sources of f3
r1026830.fit  3.48  1.15 0.091    34.0 from  69 sources of f3
r1026831.fit  3.79  1.25 0.093    83.6 from 108 sources of f3
r1026832.fit  3.77  1.24 0.082    18.9 from  51 sources of f3
r1026833.fit  4.09  1.35 0.086    52.6 from 113 sources of f3
r1026834.fit  3.82  1.26 0.084    20.2 from  43 sources of f1
r1026835.fit  4.02  1.33 0.116    50.5 from  99 sources of f1
r1026836.fit  4.38  1.45 0.078    24.5 from  16 sources of f1
r1026837.fit  4.66  1.54 0.079   144.5 from  35 sources of f1
r1026838.fit  3.84  1.27 0.078    26.8 from  39 sources of f1
r1026839.fit  3.96  1.31 0.073   103.2 from 116 sources of f1
r1026840.fit  4.01  1.32 0.084    22.8 from  33 sources of f1
r1026841.fit  4.01  1.32 0.050    74.4 from  84 sources of f1
r1026842.fit  3.20  1.06 0.076    16.7 from  73 sources of f1
r1026843.fit  3.38  1.12 0.080    60.8 from 201 sources of f1
r1026844.fit  4.39  1.45 0.100    23.4 from  48 sources of f1
r1026845.fit  3.79  1.25 0.053    69.0 from  95 sources of f1
r1026846.fit  3.68  1.21 0.064    18.4 from  43 sources of f1
r1026847.fit  3.82  1.26 0.076    46.0 from 101 sources of f1
r1026848.fit  3.60  1.19 0.086    16.1 from  54 sources of f2
r1026849.fit  4.08  1.35 0.057    43.6 from 102 sources of f2
r1026850.fit  4.44  1.47 0.062    25.8 from  17 sources of f2
r1026851.fit  4.81  1.59 0.055   108.3 from  36 sources of f2
r1026852.fit  4.00  1.32 0.062    26.9 from  37 sources of f2
r1026853.fit  4.39  1.45 0.080   125.6 from 113 sources of f2
r1026854.fit  4.16  1.37 0.056    19.5 from  42 sources of f2
r1026855.fit  4.33  1.43 0.068    80.6 from  86 sources of f2
r1026856.fit  3.46  1.14 0.074    19.2 from  67 sources of f2
r1026857.fit  3.40  1.12 0.058    68.2 from 210 sources of f2
r1026858.fit  4.20  1.39 0.080    24.2 from  54 sources of f2
r1026859.fit  3.50  1.16 0.058    75.6 from 114 sources of f2
r1026860.fit  3.39  1.12 0.050    17.6 from  53 sources of f2
r1026861.fit  4.12  1.36 0.072    45.1 from 103 sources of f2
r1026862.fit  3.28  1.08 0.077    18.0 from  50 sources of f3
r1026863.fit  3.67  1.21 0.073    45.0 from 123 sources of f3
r1026864.fit  4.42  1.46 0.047    26.1 from  17 sources of f3
r1026865.fit  4.61  1.52 0.059   129.1 from  45 sources of f3
r1026866.fit  4.45  1.47 0.037    32.8 from  38 sources of f3
r1026867.fit  3.99  1.32 0.082   135.0 from 123 sources of f3
r1026868.fit  4.21  1.39 0.070    24.2 from  38 sources of f3
r1026869.fit  4.41  1.46 0.080    83.8 from  90 sources of f3
r1026870.fit  3.60  1.19 0.090    22.1 from  66 sources of f3
r1026871.fit  3.66  1.21 0.121    70.5 from 196 sources of f3
r1026872.fit  3.85  1.27 0.080    29.7 from  57 sources of f3
r1026873.fit  4.25  1.40 0.054    77.0 from 105 sources of f3
r1026874.fit  4.37  1.44 0.055    45.0 from  45 sources of f3
r1026875.fit  5.03  1.66 0.080    77.5 from  87 sources of f3
r1026876.fit  4.17  1.38 0.071    45.9 from  38 sources of f1
r1026877.fit  4.16  1.37 0.048    78.5 from 101 sources of f1
r1026878.fit  4.74  1.56 0.054    61.5 from  14 sources of f1
r1026879.fit  5.09  1.68 0.051   177.0 from  33 sources of f1
r1026880.fit  4.17  1.38 0.061    57.8 from  33 sources of f1
r1026881.fit  4.86  1.60 0.073   133.0 from  86 sources of f1
r1026882.fit  4.96  1.64 0.052    55.2 from  28 sources of f1
r1026883.fit  5.06  1.67 0.077   117.0 from  65 sources of f1
r1026884.fit  3.51  1.16 0.061    52.0 from  51 sources of f1
r1026885.fit  3.61  1.19 0.063   106.3 from 170 sources of f1
r1026886.fit  4.00  1.32 0.043    62.4 from  48 sources of f1
r1026887.fit  4.04  1.33 0.033   101.1 from 100 sources of f1
r1026888.fit  3.64  1.20 0.050    48.0 from  41 sources of f1
r1026889.fit  3.93  1.30 0.039    81.4 from  99 sources of f1
r1026890.fit  4.05  1.34 0.096    54.8 from  70 sources of PraesepeA
r1026891.fit  4.45  1.47 0.065    63.8 from  64 sources of PraesepeA
r1026892.fit  4.81  1.59 0.103    44.4 from  58 sources of PraesepeA
r1026893.fit  4.50  1.49 0.073    43.9 from  61 sources of PraesepeA
r1026894.fit  4.66  1.54 0.121    72.4 from  61 sources of PraesepeA
r1026895.fit  4.27  1.41 0.101    71.9 from  63 sources of PraesepeA
r1026897.fit  4.51  1.49 0.103    74.6 from  69 sources of PraesepeB
r1026898.fit  3.81  1.26 0.076    73.1 from  71 sources of PraesepeB
r1026899.fit  4.12  1.36 0.062    61.6 from  72 sources of PraesepeB
r1026900.fit  4.33  1.43 0.083    61.4 from  71 sources of PraesepeB
r1026901.fit  4.35  1.44 0.084    40.7 from  60 sources of PraesepeB
r1026902.fit  4.89  1.61 0.074    39.9 from  57 sources of PraesepeB
r1026903.fit  4.12  1.36 0.044    44.6 from  46 sources of f2
r1026904.fit  3.62  1.19 0.097    75.8 from 117 sources of f2
r1026905.fit  3.65  1.20 0.055    61.7 from  16 sources of f2
r1026906.fit  4.01  1.32 0.039   138.7 from  39 sources of f2
r1026907.fit  3.06  1.01 0.070    57.5 from  45 sources of f2
r1026908.fit  3.75  1.24 0.084   162.9 from 128 sources of f2
r1026909.fit  3.47  1.15 0.055    56.1 from  42 sources of f2
r1026910.fit  3.86  1.27 0.066   114.5 from  87 sources of f2
r1026911.fit  3.28  1.08 0.069    48.6 from  65 sources of f2
r1026912.fit  3.06  1.01 0.069    92.9 from 224 sources of f2
r1026913.fit  3.51  1.16 0.042    61.9 from  56 sources of f2
r1026914.fit  3.49  1.15 0.050   106.7 from 102 sources of f2
r1026915.fit  3.31  1.09 0.066    49.9 from  53 sources of f2
r1026916.fit  3.58  1.18 0.056    75.4 from 105 sources of f2
r1026917.fit  3.60  1.19 0.038    45.5 from  46 sources of f3
r1026918.fit  4.19  1.38 0.061    77.5 from 102 sources of f3
r1026919.fit  4.01  1.32 0.048    60.3 from  18 sources of f3
r1026920.fit  4.26  1.41 0.054   153.3 from  42 sources of f3
r1026921.fit  3.93  1.30 0.051    66.6 from  38 sources of f3
r1026922.fit  4.18  1.38 0.056   161.6 from 120 sources of f3
r1026923.fit  3.92  1.29 0.083    52.9 from  33 sources of f3
r1026924.fit  4.68  1.54 0.064   110.6 from  81 sources of f3
r1026925.fit  4.08  1.35 0.051    58.2 from  59 sources of f3
r1026926.fit  3.85  1.27 0.089   103.4 from 175 sources of f3
r1026927.fit  3.86  1.27 0.042    61.5 from  58 sources of f3
r1026928.fit  4.23  1.40 0.071   109.0 from 105 sources of f3
r1026929.fit  3.43  1.13 0.039    46.1 from  50 sources of f3
r1026930.fit  4.18  1.38 0.048    77.2 from 102 sources of f3
r1026931.fit  4.05  1.34 0.033    46.1 from  38 sources of f1
r1026932.fit  5.43  1.79 0.101    79.3 from  78 sources of f1
r1026933.fit  6.28  2.07 0.038    58.5 from  13 sources of f1
r1026934.fit  5.50  1.82 0.046   165.3 from  30 sources of f1
r1026935.fit  3.76  1.24 0.062    56.6 from  35 sources of f1
r1026936.fit  4.48  1.48 0.086   165.6 from  94 sources of f1
r1026937.fit  6.44  2.13 0.070    54.5 from  25 sources of f1
r1026938.fit  5.16  1.70 0.044   111.3 from  67 sources of f1
r1026939.fit  5.21  1.72 0.058    53.8 from  37 sources of f1
r1026940.fit  4.61  1.52 0.042   107.9 from 115 sources of f1
r1026941.fit  6.43  2.12 0.056    61.9 from  28 sources of f1
r1026942.fit  5.57  1.84 0.057    87.8 from  63 sources of f1
r1026943.fit  5.12  1.69 0.032    50.2 from  28 sources of f1
r1026944.fit  6.17  2.04 0.073    79.9 from  68 sources of f1
r1026945.fit  5.43  1.79 0.049    52.0 from  26 sources of f2
r1026946.fit  6.79  2.24 0.076    83.5 from  68 sources of f2
r1026947.fit 14.87  4.91 0.265    73.3 from  10 sources of f2
r1026948.fit  7.70  2.54 0.058   129.8 from  27 sources of f2
r1026949.fit  6.92  2.28 0.156    79.0 from  23 sources of f2
r1026950.fit  7.16  2.36 0.085   157.9 from  69 sources of f2
r1026951.fit  5.13  1.69 0.085    54.7 from  28 sources of f2
r1026952.fit  5.53  1.82 0.069   110.5 from  65 sources of f2
r1026953.fit  3.30  1.09 0.077    59.3 from  74 sources of f2
r1026954.fit  4.58  1.51 0.071   104.4 from 134 sources of f2
r1026955.fit  4.82  1.59 0.096    60.5 from  48 sources of f2
r1026956.fit  4.38  1.45 0.065   103.5 from  84 sources of f2
r1026957.fit  4.50  1.49 0.054    53.4 from  37 sources of f2
r1026958.fit  4.83  1.59 0.098    75.6 from  92 sources of f2
r1026959.fit  4.31  1.42 0.088    47.3 from  39 sources of f3
r1026960.fit  5.17  1.71 0.104    77.5 from  88 sources of f3
r1026961.fit  4.61  1.52 0.071    55.8 from  15 sources of f3
r1026962.fit  5.23  1.73 0.131   142.5 from  39 sources of f3
r1026963.fit  4.16  1.37 0.075    64.5 from  34 sources of f3
r1026964.fit  5.69  1.88 0.175   159.5 from  93 sources of f3
r1026965.fit  5.81  1.92 0.072    50.8 from  23 sources of f3
r1026966.fit  6.45  2.13 0.065   114.5 from  62 sources of f3
r1026967.fit  6.66  2.20 0.139    55.1 from  19 sources of f3
r1026968.fit  5.58  1.84 0.051   108.9 from 104 sources of f3
r1026969.fit  5.84  1.93 0.051    59.3 from  31 sources of f3
r1026970.fit  5.94  1.96 0.095   111.4 from  75 sources of f3
r1026971.fit  5.68  1.87 0.095    48.4 from  27 sources of f3
r1026972.fit  5.85  1.93 0.094    77.2 from  82 sources of f3
r1026973.fit  4.90  1.62 0.044    46.4 from  31 sources of f1
r1026974.fit  5.34  1.76 0.137    79.5 from  81 sources of f1
r1026975.fit  5.93  1.96 0.091    55.5 from  16 sources of f1
r1026976.fit  6.90  2.28 0.087   147.3 from  30 sources of f1
r1026977.fit  7.46  2.46 0.092    65.1 from  16 sources of f1
r1026978.fit  6.95  2.29 0.119   131.3 from  70 sources of f1
r1026979.fit  5.92  1.95 0.072    53.2 from  25 sources of f1
r1026980.fit  8.38  2.77 0.080   119.3 from  47 sources of f1
r1026981.fit  4.66  1.54 0.075    52.3 from  34 sources of f1
r1026982.fit  5.68  1.87 0.053   113.0 from  88 sources of f1
r1026983.fit  6.62  2.18 0.097    59.7 from  32 sources of f1
r1026984.fit  5.09  1.68 0.065   102.4 from  75 sources of f1
r1026985.fit  4.51  1.49 0.068    45.2 from  34 sources of f1
r1026986.fit  5.44  1.80 0.097    79.7 from  79 sources of f1
r1026987.fit  4.23  1.40 0.088    57.0 from  40 sources of SDSS6 50s
r1026988.fit  3.68  1.21 0.088    38.1 from   3 sources of SDSS6 5s
r1026989.fit  4.72  1.56 0.057    54.7 from  25 sources of SDSS6 50s
r1026990.fit  3.75  1.24 0.026    56.7 from  46 sources of SDSS6 50s
r1026991.fit  4.05  1.34 0.034    51.1 from  41 sources of SDSS6 5s
r1026992.fit  4.14  1.37 0.041   151.0 from 206 sources of SDSS6 50s
r1026993.fit  3.64  1.20 0.062    66.3 from  54 sources of SDSS6 5s
r1026994.fit  3.86  1.27 0.111   286.0 from 270 sources of SDSS6 50s
r1026995.fit  3.73  1.23 0.060    59.5 from  53 sources of SDSS6 5s
r1026996.fit  4.03  1.33 0.060   263.6 from 262 sources of SDSS6 50s
