r1002960.fit is not a target (BIAS)
r1002961.fit is not a target (BIAS)
r1002962.fit is not a target (BIAS)
r1002963.fit is not a target (BIAS)
r1002964.fit is not a target (BIAS)
r1002965.fit is not a target (BIAS)
r1002966.fit is not a target (BIAS)
r1002967.fit is not a target (BIAS)
r1002968.fit is not a target (BIAS)
r1002969.fit is not a target (BIAS)
r1002970.fit is not a target (BIAS)
r1002971.fit is not a target (BIAS)
r1002972.fit is not a target (BIAS)
r1002973.fit is not a target (BIAS)
r1002974.fit is not a target (BIAS)
r1002975.fit is not a target (BIAS)
r1002976.fit is not a target (BIAS)
r1002977.fit is not a target (BIAS)
r1002978.fit is not a target (BIAS)
r1002979.fit is not a target (BIAS)
r1002980.fit is not a target (BIAS)
r1002981.fit is not a target (FLAT)
r1002982.fit is not a target (FLAT)
r1002983.fit is not a target (FLAT)
r1002984.fit is not a target (FLAT)
r1002986.fit is not a target (FLAT)
r1002987.fit is not a target (FLAT)
r1002988.fit is not a target (FLAT)
r1002989.fit is not a target (FLAT)
r1002990.fit is not a target (FLAT)
r1002991.fit is not a target (FLAT)
r1002992.fit is not a target (FLAT)
r1002993.fit is not a target (FLAT)
r1002994.fit is not a target (FLAT)
r1002995.fit is not a target (FLAT)
r1002996.fit is not a target (FLAT)
r1002997.fit is not a target (FLAT)
r1002998.fit is not a target (FLAT)
r1002999.fit is not a target (FLAT)
r1003000.fit is not a target (FLAT)
r1003001.fit is not a target (FLAT)
r1003002.fit is not a target (FLAT)
r1003003.fit is not a target (FLAT)
r1003004.fit is not a target (FLAT)
r1003006.fit is not a target (FLAT)
r1003007.fit is not a target (FLAT)
r1003008.fit is not a target (FLAT)
r1003009.fit is not a target (FLAT)
r1003010.fit is not a target (FLAT)
r1003011.fit is not a target (FLAT)
r1003012.fit is not a target (FLAT)
r1003013.fit is not a target (FLAT)
r1003014.fit is not a target (FLAT)
r1003015.fit is not a target (FLAT)
r1003016.fit is not a target (FLAT)
r1003017.fit is not a target (FLAT)
r1003018.fit is not a target (FLAT)
r1003019.fit  4.24  1.40 0.064    53.8 from  12 sources of test
r1003020.fit is not a target (FOCUS)
r1003021.fit is not a target (FOCUS)
r1003022.fit  4.35  1.44 0.074   242.6 from  91 sources of SA109-381
r1003023.fit  4.10  1.35 0.061   226.7 from  51 sources of SA109-381
r1003024.fit  4.35  1.44 0.075   238.8 from  90 sources of SA109-381
r1003025.fit  3.52  1.16 0.104 -1291.2 from  83 sources of SA109-381
r1003026.fit  4.52  1.49 0.059   223.4 from  31 sources of 109-381
r1003027.fit  3.79  1.25 0.083   263.9 from 179 sources of 109-381
r1003028.fit  3.65  1.20 0.077   243.2 from 143 sources of 109-381
r1003029.fit  3.19  1.05 0.106   232.5 from  97 sources of 109-381
r1003030.fit  3.37  1.11 0.045   225.7 from  27 sources of 109-381
r1003031.fit  3.69  1.22 0.068   258.1 from  89 sources of 109-381
r1003032.fit  4.49  1.48 0.049   226.5 from  48 sources of 109-381
r1003033.fit  3.47  1.15 0.054   244.0 from 133 sources of 109-381
r1003034.fit  3.56  1.17 0.072   232.5 from  69 sources of 109-381
r1003035.fit  3.81  1.26 0.088   231.5 from  67 sources of 109-381
r1003036.fit  3.39  1.12 0.052   346.1 from  93 sources of ID126
r1003037.fit  3.65  1.20 0.086   307.7 from 712 sources of ID126
r1003038.fit  4.43  1.46 0.167   362.3 from 156 sources of ID066
r1003039.fit  3.48  1.15 0.077   265.0 from 448 sources of ID126
r1003040.fit  4.39  1.45 0.098  1342.5 from 4332 sources of ID126
r1003041.fit  3.98  1.31 0.105  1390.5 from 7487 sources of ID126
r1003042.fit  3.54  1.17 0.121  1699.1 from 9585 sources of ID126
r1003043.fit  3.38  1.12 0.132  1301.5 from 4830 sources of ID126
r1003044.fit  4.00  1.32 0.063  1305.2 from 4746 sources of ID126
r1003045.fit  4.79  1.58 0.096   413.9 from 1871 sources of ID335
r1003046.fit  4.66  1.54 0.125   924.2 from 2813 sources of ID335
r1003047.fit  4.31  1.42 0.117  2942.4 from 3493 sources of ID335
r1003048.fit  6.59  2.17 0.257  2676.6 from 1386 sources of ID335
r1003049.fit  4.27  1.41 0.131  1652.0 from 1938 sources of ID335
r1003050.fit  4.33  1.43 0.101  1542.1 from 2083 sources of ID335
r1003051.fit  4.42  1.46 0.107  1333.9 from 2903 sources of ID335
r1003052.fit  3.85  1.27 0.119  1795.1 from 3899 sources of ID335
r1003053.fit  3.71  1.22 0.133  2925.6 from 2326 sources of ID335
r1003054.fit  4.04  1.33 0.076  1330.2 from 2165 sources of ID335
r1003055.fit  3.95  1.30 0.096  1106.7 from 3153 sources of ID335
r1003056.fit  4.03  1.33 0.123  3550.2 from 3675 sources of ID335
r1003057.fit  3.74  1.23 0.137  2817.8 from 2234 sources of ID335
r1003058.fit  5.71  1.88 0.186   231.2 from  13 sources of 114-670
r1003059.fit  3.31  1.09 0.067   227.8 from  29 sources of 114-670
r1003060.fit  4.08  1.35 0.070   228.4 from  14 sources of 114-670
r1003061.fit  3.25  1.07 0.088   236.8 from  31 sources of 114-670
r1003062.fit  3.05  1.01 0.065   222.8 from  32 sources of 114-750
r1003063.fit  3.11  1.03 0.100   262.2 from  43 sources of 114-750
r1003064.fit  3.17  1.05 0.069   246.2 from  23 sources of 114-750
r1003065.fit  3.50  1.16 0.077   383.2 from  50 sources of 114-750
r1003066.fit  3.21  1.06 0.162   332.5 from  51 sources of ID238
r1003067.fit  4.04  1.33 0.155  1309.8 from 341 sources of ID238
r1003068.fit  3.96  1.31 0.117  2297.3 from 439 sources of ID238
r1003069.fit  3.72  1.23 0.131  4020.3 from 579 sources of ID238
r1003070.fit  3.47  1.15 0.131  2772.5 from 600 sources of ID238
r1003071.fit  3.50  1.16 0.101  1755.3 from 460 sources of ID238
r1003072.fit  3.38  1.12 0.075  1376.9 from 349 sources of ID238
r1003073.fit  3.21  1.06 0.071   486.1 from 375 sources of ID238
r1003074.fit  2.93  0.97 0.077   590.7 from 552 sources of ID238
r1003075.fit  2.78  0.92 0.099  1775.5 from 669 sources of ID238
r1003076.fit  2.95  0.97 0.046   233.7 from  19 sources of 115-412
r1003077.fit  2.91  0.96 0.033   235.5 from  21 sources of 115-412
r1003078.fit  2.74  0.90 0.060   247.7 from  25 sources of 115-412
r1003079.fit  2.72  0.90 0.049   254.4 from  26 sources of 115-412
r1003080.fit  2.69  0.89 0.067   265.9 from  18 sources of 115-412
r1003081.fit  2.85  0.94 0.054   278.2 from  25 sources of 115-412
r1003082.fit  3.96  1.31 0.092   236.8 from  18 sources of 115-412
r1003083.fit  3.72  1.23 0.066   244.9 from  21 sources of 115-412
r1003084.fit  2.93  0.97 0.050   242.8 from  24 sources of 115-412
r1003085.fit  2.91  0.96 0.043   250.4 from  26 sources of 115-412
r1003086.fit  2.81  0.93 0.075   268.4 from  25 sources of 115-412
r1003087.fit  3.00  0.99 0.104   265.8 from  23 sources of 115-412
r1003088.fit  2.88  0.95 0.045   286.3 from  25 sources of 115-412
r1003089.fit  3.03  1.00 0.072   252.6 from  22 sources of 115-412
r1003090.fit  3.27  1.08 0.047   255.0 from  28 sources of 115-412
r1003091.fit  3.27  1.08 0.053   258.6 from  24 sources of 115-412
r1003092.fit is not a target (FLAT)
r1003093.fit is not a target (FLAT)
r1003094.fit is not a target (FLAT)
r1003095.fit is not a target (FLAT)
r1003096.fit is not a target (FLAT)
r1003097.fit is not a target (FLAT)
r1003098.fit is not a target (FLAT)
