r1003241.fit is not a target (BIAS)
r1003242.fit is not a target (BIAS)
r1003243.fit is not a target (BIAS)
r1003244.fit is not a target (BIAS)
r1003245.fit is not a target (BIAS)
r1003246.fit is not a target (BIAS)
r1003247.fit is not a target (BIAS)
r1003248.fit is not a target (BIAS)
r1003249.fit is not a target (BIAS)
r1003250.fit is not a target (BIAS)
r1003251.fit is not a target (BIAS)
r1003252.fit is not a target (BIAS)
r1003253.fit is not a target (BIAS)
r1003254.fit is not a target (BIAS)
r1003255.fit is not a target (BIAS)
r1003256.fit is not a target (BIAS)
r1003257.fit is not a target (BIAS)
r1003258.fit is not a target (BIAS)
r1003259.fit is not a target (BIAS)
r1003260.fit is not a target (BIAS)
r1003261.fit is not a target (BIAS)
r1003262.fit is not a target (SKY)
r1003263.fit is not a target (SKY)
r1003264.fit is not a target (SKY)
r1003265.fit is not a target (SKY)
r1003266.fit is not a target (SKY)
r1003267.fit is not a target (SKY)
r1003268.fit is not a target (SKY)
r1003269.fit is not a target (SKY)
r1003270.fit is not a target (SKY)
r1003271.fit is not a target (FOCUS)
r1003272.fit  2.91  0.96 0.075   226.1 from  59 sources of 109-381
r1003273.fit  3.35  1.11 0.067   240.8 from  95 sources of 109-381
r1003274.fit  3.60  1.19 0.065   243.7 from 100 sources of 109-381
r1003275.fit  3.12  1.03 0.111   244.0 from  95 sources of 109-381
r1003276.fit  3.19  1.05 0.102   254.0 from 114 sources of 109-381
r1003277.fit  3.84  1.27 0.051   247.1 from  88 sources of 109-381
r1003278.fit  4.14  1.37 0.045   227.1 from  68 sources of 109-381
r1003279.fit  4.47  1.48 0.060  1111.0 from 1251 sources of ID069
r1003280.fit  4.05  1.34 0.060  2069.1 from 1767 sources of ID069
r1003281.fit  3.71  1.22 0.076  2529.1 from 2223 sources of ID069
r1003282.fit  3.29  1.09 0.067  2323.9 from 1281 sources of ID069
r1003283.fit  4.09  1.35 0.053   827.1 from 1336 sources of ID069
r1003284.fit  4.24  1.40 0.048  2170.5 from 1648 sources of ID069
r1003285.fit  4.03  1.33 0.071  1890.4 from 1964 sources of ID069
r1003286.fit  3.36  1.11 0.085  1549.3 from 1172 sources of ID069
r1003287.fit  3.63  1.20 0.053  1144.4 from 1461 sources of ID069
r1003288.fit  3.89  1.28 0.040  1989.6 from 1769 sources of ID069
r1003289.fit  3.23  1.07 0.060  2982.9 from 2417 sources of ID069
r1003290.fit  3.63  1.20 0.078   751.7 from 1061 sources of ID069
r1003291.fit  4.56  1.50 0.044   222.8 from  42 sources of 112-223
r1003292.fit  4.32  1.43 0.049   227.0 from  63 sources of 112-223
r1003293.fit  3.16  1.04 0.075   234.9 from  81 sources of 112-223
r1003294.fit  3.64  1.20 0.050   243.2 from  52 sources of 112-223
r1003295.fit  3.73  1.23 0.107   257.8 from  64 sources of 112-223
r1003296.fit  4.14  1.37 0.061   219.6 from  54 sources of 112-223
r1003297.fit  3.98  1.31 0.077   225.7 from  71 sources of 112-223
r1003298.fit  3.56  1.17 0.050   232.7 from  74 sources of 112-223
r1003299.fit  3.04  1.00 0.083   266.9 from  86 sources of 112-223
r1003300.fit  4.22  1.39 0.123  1328.7 from 2394 sources of ID169
r1003301.fit  4.10  1.35 0.080   380.5 from 2899 sources of ID169
r1003302.fit  3.37  1.11 0.097  1796.0 from 3882 sources of ID169
r1003303.fit  3.21  1.06 0.111  2645.9 from 2254 sources of ID169
r1003304.fit  3.81  1.26 0.084   393.0 from 2508 sources of ID169
r1003305.fit  3.40  1.12 0.095   824.4 from 3455 sources of ID169
r1003306.fit  3.05  1.01 0.097  1278.1 from 4248 sources of ID169
r1003307.fit  3.18  1.05 0.096  2185.2 from 2293 sources of ID169
r1003308.fit  3.22  1.06 0.072  1270.8 from 2783 sources of ID169
r1003309.fit  2.86  0.94 0.080  2036.7 from 3825 sources of ID169
r1003310.fit  2.70  0.89 0.101  2182.8 from 4678 sources of ID169
r1003311.fit  2.61  0.86 0.104  2567.3 from 2639 sources of ID169
r1003312.fit  3.69  1.22 0.098   229.7 from  17 sources of 115-412
r1003313.fit  3.38  1.12 0.077   250.6 from  32 sources of 115-412
r1003314.fit  3.03  1.00 0.081   244.5 from  36 sources of 115-412
r1003315.fit  3.27  1.08 0.070   260.8 from  26 sources of 115-412
r1003316.fit  3.54  1.17 0.120   295.0 from  23 sources of 115-412
r1003317.fit  2.97  0.98 0.115   318.5 from  28 sources of 115-412
r1003318.fit  3.71  1.22 0.053   233.4 from  21 sources of 115-412
r1003319.fit  3.11  1.03 0.079   244.4 from  33 sources of 115-412
r1003320.fit  3.25  1.07 0.065   260.5 from  27 sources of 115-412
r1003321.fit  3.50  1.16 0.108   318.3 from  29 sources of 115-412
r1003322.fit  3.90  1.29 0.080  1165.6 from 6101 sources of ID368
r1003323.fit  3.30  1.09 0.084  1697.8 from 8986 sources of ID368
r1003324.fit  3.11  1.03 0.102  1634.0 from 10787 sources of ID368
r1003325.fit  2.98  0.98 0.089  2354.2 from 6446 sources of ID368
r1003326.fit  3.80  1.25 0.059   784.5 from 6252 sources of ID368
r1003328.fit  7.22  2.38 0.118   966.2 from 6358 sources of ID368
r1003330.fit  3.21  1.06 0.060  1365.5 from 9024 sources of ID368
r1003331.fit  3.39  1.12 0.067  1917.6 from 9749 sources of ID368
r1003332.fit  3.73  1.23 0.062  1139.7 from 6431 sources of ID368
r1003333.fit  3.42  1.13 0.068  1385.4 from 8828 sources of ID368
r1003334.fit  3.29  1.09 0.096  1877.2 from 10446 sources of ID368
r1003335.fit  3.69  1.22 0.085   245.5 from  22 sources of ID368
r1003336.fit  3.01  0.99 0.042   248.9 from  36 sources of ID368
r1003337.fit  2.72  0.90 0.060   239.8 from  28 sources of ID368
r1003338.fit  2.78  0.92 0.047   247.0 from  26 sources of ID368
r1003339.fit  2.89  0.95 0.055   282.5 from  32 sources of ID368
r1003340.fit  3.05  1.01 0.060   273.0 from  31 sources of ID368
r1003341.fit  2.97  0.98 0.091   253.7 from  30 sources of ID368
r1003342.fit  3.18  1.05 0.077   253.4 from  21 sources of ID368
r1003343.fit  2.85  0.94 0.065   242.8 from  26 sources of ID368
r1003344.fit  2.86  0.94 0.070   261.5 from  26 sources of ID368
r1003345.fit  3.08  1.02 0.057   270.6 from  28 sources of ID368
r1003346.fit is not a target (SKY)
r1003347.fit is not a target (SKY)
r1003348.fit is not a target (SKY)
r1003349.fit is not a target (SKY)
r1003350.fit is not a target (SKY)
r1003351.fit is not a target (SKY)
r1003352.fit is not a target (SKY)
r1003353.fit is not a target (SKY)
r1003354.fit is not a target (SKY)
r1003355.fit is not a target (SKY)
r1003356.fit is not a target (SKY)
r1003357.fit is not a target (SKY)
r1003358.fit is not a target (SKY)
r1003359.fit is not a target (SKY)
r1003360.fit is not a target (SKY)
r1003361.fit is not a target (SKY)
r1003362.fit is not a target (SKY)
r1003363.fit is not a target (SKY)
r1003364.fit is not a target (SKY)
r1003365.fit is not a target (SKY)
r1003366.fit is not a target (SKY)
r1003367.fit is not a target (SKY)
