r1016672.fit is not a target (BIAS)
r1016673.fit is not a target (BIAS)
r1016674.fit is not a target (BIAS)
r1016675.fit is not a target (BIAS)
r1016676.fit is not a target (BIAS)
r1016677.fit is not a target (BIAS)
r1016678.fit is not a target (BIAS)
r1016679.fit is not a target (BIAS)
r1016680.fit is not a target (BIAS)
r1016681.fit is not a target (BIAS)
r1016682.fit is not a target (BIAS)
r1016683.fit is not a target (BIAS)
r1016684.fit is not a target (BIAS)
r1016685.fit is not a target (BIAS)
r1016686.fit is not a target (BIAS)
r1016687.fit is not a target (BIAS)
r1016688.fit is not a target (BIAS)
r1016689.fit is not a target (BIAS)
r1016690.fit is not a target (BIAS)
r1016691.fit is not a target (BIAS)
r1016692.fit is not a target (BIAS)
r1016693.fit is not a target (BIAS)
r1016694.fit is not a target (BIAS)
r1016695.fit is not a target (BIAS)
r1016696.fit is not a target (BIAS)
r1016697.fit is not a target (BIAS)
r1016698.fit is not a target (BIAS)
r1016699.fit is not a target (BIAS)
r1016700.fit is not a target (BIAS)
r1016701.fit is not a target (BIAS)
r1016702.fit is not a target (BIAS)
r1016703.fit is not a target (BIAS)
r1016704.fit is not a target (BIAS)
r1016705.fit is not a target (BIAS)
r1016706.fit is not a target (BIAS)
r1016707.fit is not a target (BIAS)
r1016708.fit is not a target (BIAS)
r1016709.fit is not a target (BIAS)
r1016710.fit is not a target (BIAS)
r1016711.fit is not a target (BIAS)
r1016712.fit is not a target (BIAS)
r1016713.fit is not a target (BIAS)
r1016714.fit is not a target (BIAS)
r1016715.fit is not a target (BIAS)
r1016716.fit is not a target (BIAS)
r1016717.fit is not a target (BIAS)
r1016718.fit is not a target (BIAS)
r1016719.fit is not a target (BIAS)
r1016720.fit is not a target (BIAS)
r1016721.fit is not a target (BIAS)
r1016722.fit is not a target (BIAS)
r1016723.fit is not a target (BIAS)
r1016724.fit is not a target (BIAS)
r1016725.fit is not a target (BIAS)
r1016726.fit is not a target (BIAS)
r1016727.fit is not a target (BIAS)
r1016728.fit is not a target (BIAS)
r1016729.fit is not a target (BIAS)
r1016730.fit is not a target (BIAS)
r1016731.fit is not a target (BIAS)
r1016732.fit is not a target (BIAS)
r1016733.fit is not a target (BIAS)
r1016735.fit is not a target (SKY)
r1016736.fit is not a target (SKY)
r1016737.fit is not a target (SKY)
r1016738.fit is not a target (SKY)
r1016739.fit is not a target (SKY)
r1016740.fit  4.31  1.42 0.067   569.1 from  14 sources of exp test
r1016741.fit  4.59  1.51 0.080   286.4 from  14 sources of exp test 2
r1016742.fit  4.30  1.42 0.071   122.9 from  13 sources of exp test 3
r1016743.fit  4.43  1.46 0.194    69.0 from  17 sources of exp test 4
r1016744.fit  5.66  1.87 0.220     6.7 from  12 sources of HD189733B
r1016745.fit  6.39  2.11 0.108    14.3 from  10 sources of HD189733B
r1016746.fit  4.22  1.39 0.048    15.0 from  11 sources of HD189733B
r1016747.fit  5.61  1.85 0.091     6.1 from  11 sources of HD189733B
r1016748.fit  6.44  2.13 0.231    31.0 from  10 sources of HD189733B
r1016749.fit  6.23  2.06 0.221     5.2 from  10 sources of HD189733B
r1016750.fit  4.22  1.39 0.113     7.2 from  11 sources of HD189733B
r1016751.fit  6.70  2.21 0.042    18.9 from  11 sources of HD189733B
r1016752.fit  5.68  1.87 0.182    13.0 from  13 sources of HD189733B
r1016753.fit  4.36  1.44 0.098    31.6 from  10 sources of HD189733B
r1016754.fit  4.81  1.59 0.231    31.3 from  12 sources of HD189733B
r1016755.fit  5.91  1.95 0.270    16.2 from  10 sources of HD189733B
r1016756.fit  5.25  1.73 0.223    32.5 from  10 sources of HD189733B
r1016757.fit  6.81  2.25 0.227    34.2 from  11 sources of HD189733B
