r993743.fit is not a target (FLAT)
r993744.fit is not a target (FLAT)
r993745.fit is not a target (FLAT)
r993746.fit is not a target (FLAT)
r993747.fit is not a target (FLAT)
r993748.fit is not a target (FLAT)
r993749.fit is not a target (FLAT)
r993750.fit is not a target (FLAT)
r993751.fit is not a target (FLAT)
r993752.fit is not a target (FLAT)
r993753.fit is not a target (FLAT)
r993754.fit is not a target (FLAT)
r993755.fit is not a target (FLAT)
r993756.fit is not a target (FLAT)
r993757.fit is not a target (FLAT)
r993758.fit is not a target (FLAT)
r993759.fit is not a target (FLAT)
r993760.fit is not a target (FLAT)
r993761.fit is not a target (FLAT)
r993762.fit is not a target (FLAT)
r993763.fit is not a target (FLAT)
r993764.fit is not a target (FOCUS)
r993765.fit  4.31  1.42 0.056   231.4 from  14 sources of ST_PG1525 U
r993766.fit  4.33  1.43 0.070   195.3 from  45 sources of ST_PG1525 g
r993767.fit  4.99  1.65 0.044   112.1 from  47 sources of ST_PG1525 r
r993768.fit  4.22  1.39 0.128    97.4 from  41 sources of ST_PG1525 i
r993769.fit  5.10  1.68 0.077   183.1 from  32 sources of ST_L107 U
r993770.fit  4.62  1.52 0.092   249.4 from  61 sources of ST_L107 g
r993771.fit  3.96  1.31 0.108   176.2 from 121 sources of ST_L107 r
r993772.fit  3.73  1.23 0.080    98.0 from  52 sources of ST_L107 i
r993773.fit  4.97  1.64 0.127    82.7 from  23 sources of ST_PG1657 U
r993774.fit  4.19  1.38 0.078    97.9 from 109 sources of ST_PG1657 g
r993775.fit  4.39  1.45 0.160    95.2 from 128 sources of ST_PG1657 r
r993776.fit  3.78  1.25 0.084    65.7 from  57 sources of ST_PG1657 i
r993777.fit  4.80  1.58 0.136   154.6 from 249 sources of uvex_4442o r
r993778.fit  5.56  1.83 0.146    72.4 from  23 sources of uvex_4442o U
r993779.fit  4.68  1.54 0.136   102.0 from 143 sources of uvex_4442o g
r993780.fit  4.53  1.49 0.125   122.4 from 428 sources of uvex_4708 r
r993781.fit  5.35  1.77 0.173    65.7 from  33 sources of uvex_4708 U
r993782.fit  4.92  1.62 0.141    78.2 from 193 sources of uvex_4708 g
r993783.fit  5.50  1.82 0.218    96.3 from 498 sources of uvex_4894o r
r993784.fit  6.04  1.99 0.157    43.8 from  23 sources of uvex_4894o U
r993785.fit  5.21  1.72 0.173    70.4 from 255 sources of uvex_4894o g
r993786.fit  4.71  1.55 0.145   131.8 from 348 sources of uvex_4652o r
r993787.fit  5.26  1.74 0.158    60.8 from  29 sources of uvex_4652o U
r993788.fit  4.93  1.63 0.119    78.3 from 132 sources of uvex_4652o g
r993789.fit  4.36  1.44 0.123   138.5 from 417 sources of uvex_4663o r
r993790.fit  5.36  1.77 0.172    63.8 from  35 sources of uvex_4663o U
r993791.fit  4.66  1.54 0.164    94.3 from 141 sources of uvex_4663o g
r993792.fit  4.43  1.46 0.115   131.6 from 1322 sources of uvex_4737o r
r993793.fit  5.36  1.77 0.164    55.5 from  54 sources of uvex_4737o U
r993794.fit  4.68  1.54 0.139    79.7 from 474 sources of uvex_4737o g
r993795.fit  4.71  1.55 0.143   127.1 from 832 sources of uvex_4978 r
r993796.fit  5.41  1.79 0.154    61.0 from  58 sources of uvex_4978 U
r993797.fit  4.71  1.55 0.115    78.9 from 379 sources of uvex_4978 g
r993798.fit  4.60  1.52 0.141   127.1 from 1953 sources of uvex_5050 r
r993799.fit  5.51  1.82 0.170    67.3 from 122 sources of uvex_5050 U
r993800.fit  4.75  1.57 0.156    65.5 from 1208 sources of uvex_5050 g
r993801.fit  4.25  1.40 0.122   141.0 from 2266 sources of uvex_5131 r
r993802.fit  5.64  1.86 0.158    66.5 from 107 sources of uvex_5131 U
r993803.fit  4.81  1.59 0.185    92.3 from 1336 sources of uvex_5131 g
r993804.fit  4.94  1.63 0.238   121.6 from 1143 sources of uvex_4383 r
r993805.fit  5.23  1.73 0.156    64.5 from  57 sources of uvex_4383 U
r993806.fit  4.24  1.40 0.143    70.5 from 462 sources of uvex_4383 g
r993807.fit  4.71  1.55 0.177   143.6 from 631 sources of uvex_4768o r
r993808.fit  5.17  1.71 0.194    61.9 from  32 sources of uvex_4768o U
r993809.fit  4.79  1.58 0.184    92.4 from 222 sources of uvex_4768o g
r993810.fit  3.93  1.30 0.139   131.9 from 899 sources of uvex_4770 r
r993811.fit  5.34  1.76 0.188    65.0 from  56 sources of uvex_4770 U
r993812.fit  5.52  1.82 0.215    86.7 from 289 sources of uvex_4770 g
r993813.fit  4.17  1.38 0.156   142.8 from 771 sources of uvex_4770o r
r993814.fit  5.31  1.75 0.170    66.7 from  67 sources of uvex_4770o U
r993815.fit  4.38  1.45 0.111    90.8 from 331 sources of uvex_4770o g
r993816.fit  4.27  1.41 0.161   118.0 from 1315 sources of uvex_4837o r
r993817.fit  5.12  1.69 0.156    66.9 from  58 sources of uvex_4837o U
r993818.fit  4.30  1.42 0.140    85.6 from 488 sources of uvex_4837o g
r993819.fit  3.94  1.30 0.131   136.0 from 1480 sources of uvex_4893 r
r993820.fit  4.89  1.61 0.139    65.4 from  73 sources of uvex_4893 U
r993821.fit  4.50  1.49 0.168    85.2 from 550 sources of uvex_4893 g
r993822.fit  4.14  1.37 0.146   128.7 from 2389 sources of uvex_5048 r
r993823.fit  5.03  1.66 0.146    72.4 from  96 sources of uvex_5048 U
r993824.fit  4.46  1.47 0.157    87.5 from 1175 sources of uvex_5048 g
r993825.fit  4.44  1.47 0.090   106.3 from 430 sources of uvex_5572 r
r993826.fit  5.15  1.70 0.149    61.1 from  65 sources of uvex_5572 U
r993827.fit  4.61  1.52 0.169    81.8 from 227 sources of uvex_5572 g
r993828.fit  4.23  1.40 0.108    73.3 from 971 sources of uvex_5789o r
r993829.fit  5.17  1.71 0.163    61.4 from  67 sources of uvex_5789o U
r993830.fit  4.38  1.45 0.121    67.7 from 452 sources of uvex_5789o g
r993831.fit  3.93  1.30 0.095    99.8 from 920 sources of uvex_5838 r
r993832.fit  5.46  1.80 0.142    57.5 from  58 sources of uvex_5838 U
r993833.fit  4.29  1.42 0.124    85.4 from 347 sources of uvex_5838 g
r993834.fit  4.46  1.47 0.120   140.1 from 1170 sources of uvex_5638o r
r993835.fit  5.09  1.68 0.173    62.5 from 153 sources of uvex_5638o U
r993836.fit  4.56  1.50 0.143    80.0 from 735 sources of uvex_5638o g
r993837.fit  4.17  1.38 0.100   117.1 from 721 sources of uvex_5731o r
r993838.fit  5.08  1.68 0.134    57.3 from  72 sources of uvex_5731o U
r993839.fit  4.45  1.47 0.122    73.1 from 312 sources of uvex_5731o g
r993840.fit  4.33  1.43 0.081   118.3 from 489 sources of uvex_5733o r
r993841.fit  5.40  1.78 0.113    59.5 from  57 sources of uvex_5733o U
r993842.fit  4.69  1.55 0.108    68.7 from 235 sources of uvex_5733o g
r993843.fit  3.81  1.26 0.124   109.6 from 2071 sources of uvex_5002o r
r993844.fit  4.97  1.64 0.109   411.9 from  64 sources of uvex_5002o U
r993845.fit  4.13  1.36 0.110   429.0 from 815 sources of uvex_5002o g
r993846.fit  4.15  1.37 0.115   451.8 from 1513 sources of uvex_4884o r
r993847.fit  5.39  1.78 0.105   408.1 from  62 sources of uvex_4884o U
r993848.fit  4.15  1.37 0.108   427.1 from 737 sources of uvex_4884o g
r993849.fit  4.41  1.46 0.151   389.9 from 2488 sources of uvex_5254 r
r993850.fit  5.04  1.66 0.125   414.1 from 183 sources of uvex_5254 U
r993851.fit  4.47  1.48 0.137   431.8 from 1366 sources of uvex_5254 g
r993852.fit  4.18  1.38 0.132   475.4 from 2828 sources of uvex_5254o r
r993853.fit  5.15  1.70 0.112   414.1 from 159 sources of uvex_5254o U
r993854.fit  4.00  1.32 0.157   432.4 from 1818 sources of uvex_5254o g
r993855.fit  4.54  1.50 0.116   488.2 from 805 sources of uvex_5288 r
r993856.fit  4.88  1.61 0.122   411.8 from  70 sources of uvex_5288 U
r993857.fit  4.23  1.40 0.146   434.0 from 420 sources of uvex_5288 g
r993858.fit  4.33  1.43 0.177   478.2 from 2290 sources of uvex_5311 r
r993859.fit  5.26  1.74 0.162   411.9 from 171 sources of uvex_5311 U
r993860.fit  4.27  1.41 0.130   433.5 from 1333 sources of uvex_5311 g
r993861.fit  3.93  1.30 0.121   479.1 from 1766 sources of uvex_5601 r
r993862.fit  4.89  1.61 0.141   410.4 from 247 sources of uvex_5601 U
r993863.fit  3.97  1.31 0.150   434.2 from 1132 sources of uvex_5601 g
r993864.fit  4.09  1.35 0.160   470.9 from 1881 sources of uvex_5601o r
r993865.fit  5.24  1.73 0.131   415.2 from 223 sources of uvex_5601o U
r993866.fit  4.15  1.37 0.135   441.8 from 1058 sources of uvex_5601o g
r993867.fit  4.05  1.34 0.201   486.3 from 770 sources of uvex_5775 r
r993868.fit  5.24  1.73 0.161   417.7 from  81 sources of uvex_5775 U
r993869.fit  4.35  1.44 0.118   401.8 from 360 sources of uvex_5775 g
r993870.fit  4.02  1.33 0.158   488.5 from 795 sources of uvex_5775o r
r993871.fit  5.21  1.72 0.125   410.1 from  85 sources of uvex_5775o U
r993872.fit  4.24  1.40 0.127   443.8 from 345 sources of uvex_5775o g
r993873.fit  4.00  1.32 0.116   486.8 from 755 sources of uvex_5807 r
r993874.fit  5.27  1.74 0.152   416.6 from  99 sources of uvex_5807 U
r993875.fit  4.30  1.42 0.103   443.8 from 338 sources of uvex_5807 g
r993876.fit  3.84  1.27 0.148   473.1 from 862 sources of uvex_5807o r
r993877.fit  5.15  1.70 0.113   417.1 from  93 sources of uvex_5807o U
r993878.fit  4.09  1.35 0.146   445.0 from 365 sources of uvex_5807o g
r993879.fit  3.75  1.24 0.145   446.9 from 1038 sources of uvex_5828 r
r993880.fit  5.09  1.68 0.137   416.8 from  99 sources of uvex_5828 U
r993881.fit  4.06  1.34 0.107   433.9 from 396 sources of uvex_5828 g
r993882.fit  3.98  1.31 0.136   485.8 from 1029 sources of uvex_5828o r
r993883.fit  5.05  1.67 0.111   414.1 from  83 sources of uvex_5828o U
r993884.fit  4.22  1.39 0.115   447.2 from 434 sources of uvex_5828o g
r993885.fit  4.39  1.45 0.162   472.2 from 1025 sources of uvex_5876 r
r993886.fit  5.21  1.72 0.127   418.0 from 102 sources of uvex_5876 U
r993887.fit  4.17  1.38 0.109   433.7 from 515 sources of uvex_5876 g
r993888.fit  3.79  1.25 0.140   488.6 from 1227 sources of uvex_5876o r
r993889.fit  5.35  1.77 0.099   417.4 from  96 sources of uvex_5876o U
r993890.fit  4.20  1.39 0.149   445.7 from 559 sources of uvex_5876o g
r993891.fit  3.58  1.18 0.140   494.6 from 1545 sources of uvex_5088 r
r993892.fit  4.91  1.62 0.104   416.7 from  46 sources of uvex_5088 U
r993893.fit  3.98  1.31 0.100   436.5 from 435 sources of uvex_5088 g
r993894.fit  4.29  1.42 0.193   450.3 from 2407 sources of uvex_5354 r
r993895.fit  4.85  1.60 0.141   422.6 from 198 sources of uvex_5354 U
r993896.fit  4.15  1.37 0.133   434.2 from 1445 sources of uvex_5354 g
r993897.fit  3.51  1.16 0.146   480.9 from 1083 sources of uvex_5434 r
r993898.fit  5.17  1.71 0.143   421.9 from  67 sources of uvex_5434 U
r993899.fit  4.92  1.62 0.068   435.5 from 312 sources of uvex_5434 g
r993900.fit  5.45  1.80 0.058   494.3 from 418 sources of uvex_5434o r
r993901.fit  5.97  1.97 0.071   421.8 from  49 sources of uvex_5434o U
r993902.fit  4.65  1.53 0.086   441.0 from 301 sources of uvex_5434o g
r993903.fit  3.92  1.29 0.099   483.6 from 713 sources of uvex_5550o r
r993904.fit  4.90  1.62 0.087   423.2 from  75 sources of uvex_5550o U
r993905.fit  3.84  1.27 0.109   447.8 from 372 sources of uvex_5550o g
r993906.fit  3.63  1.20 0.119   490.1 from 977 sources of uvex_5717 r
r993907.fit  4.53  1.49 0.089   422.6 from  93 sources of uvex_5717 U
r993908.fit  3.87  1.28 0.087   457.4 from 487 sources of uvex_5717 g
r993909.fit  4.07  1.34 0.136   491.8 from 780 sources of uvex_5717o r
r993910.fit  5.21  1.72 0.094   421.8 from  84 sources of uvex_5717o U
r993911.fit  4.09  1.35 0.078   454.2 from 408 sources of uvex_5717o g
r993912.fit  4.29  1.42 0.131   466.5 from 2723 sources of uvex_5127 r
r993913.fit  5.32  1.76 0.092   404.7 from 171 sources of uvex_5127 U
r993914.fit  3.94  1.30 0.129   431.4 from 2220 sources of uvex_5127 g
r993915.fit  3.86  1.27 0.155   463.2 from 3632 sources of uvex_5127o r
r993916.fit  4.95  1.63 0.126   406.1 from 219 sources of uvex_5127o U
r993917.fit  4.29  1.42 0.136   441.3 from 2009 sources of uvex_5127o g
r993918.fit  5.12  1.69 0.084   106.5 from  19 sources of ST_PG1657 U
r993919.fit  5.32  1.76 0.063    97.1 from  45 sources of ST_PG1657 g
r993920.fit  4.37  1.44 0.030   107.6 from 108 sources of ST_PG1657 r
r993921.fit  3.85  1.27 0.048    90.6 from  39 sources of ST_PG1657 i
r993922.fit  5.92  1.95 0.039    85.5 from  11 sources of SA110-246 U
r993923.fit  5.70  1.88 0.340    83.6 from   3 sources of SA110-246 g
r993924.fit  5.22  1.72 0.299    83.8 from   8 sources of SA110-246 r
r993925.fit  4.76  1.57 0.049    64.2 from  57 sources of SA110-246 i
r993926.fit  5.25  1.73 0.069    64.9 from  21 sources of ST_L111_1969 U
r993927.fit  5.25  1.73 0.066    87.7 from 142 sources of ST_L111_1969 g
r993928.fit  4.78  1.58 0.063   107.5 from 312 sources of ST_L111_1969 r
r993929.fit  3.93  1.30 0.052    70.1 from 175 sources of ST_L111_1969 i
r993930.fit  3.74  1.23 0.092   111.9 from 2131 sources of uvex_5559o r
r993931.fit  5.07  1.67 0.074    84.1 from 154 sources of uvex_5559o U
r993932.fit  3.84  1.27 0.089    91.3 from 1350 sources of uvex_5559o g
r993933.fit  3.90  1.29 0.097    32.2 from 1812 sources of uvex_5581 r
r993934.fit  4.99  1.65 0.067    31.2 from 113 sources of uvex_5581 U
r993935.fit  3.78  1.25 0.101    31.9 from 1255 sources of uvex_5581 g
r993936.fit  4.10  1.35 0.094   127.0 from 1681 sources of uvex_5581o r
r993937.fit  5.13  1.69 0.056    82.2 from 124 sources of uvex_5581o U
r993938.fit  4.52  1.49 0.084   108.7 from 907 sources of uvex_5581o g
r993939.fit  4.15  1.37 0.103   101.6 from 1667 sources of uvex_5600 r
r993940.fit  5.02  1.66 0.064    77.5 from 117 sources of uvex_5600 U
r993941.fit  4.38  1.45 0.084    85.3 from 886 sources of uvex_5600 g
r993942.fit  4.19  1.38 0.076   150.2 from 1338 sources of uvex_5630 r
r993943.fit  5.22  1.72 0.048    83.0 from 102 sources of uvex_5630 U
r993944.fit  4.13  1.36 0.081   119.1 from 804 sources of uvex_5630 g
r993945.fit  5.16  1.70 0.207   163.5 from 1474 sources of uvex_5642 r
r993946.fit  4.95  1.63 0.056    77.7 from 127 sources of uvex_5642 U
r993947.fit  4.17  1.38 0.081   131.7 from 900 sources of uvex_5642 g
r993948.fit  3.44  1.14 0.097   140.2 from 1701 sources of uvex_5651o r
r993949.fit  4.62  1.52 0.051    73.9 from 126 sources of uvex_5651o U
r993950.fit  4.11  1.36 0.070   110.9 from 680 sources of uvex_5651o g
r993951.fit  4.20  1.39 0.058    50.5 from 123 sources of Cygnus4 3s i
r993952.fit  4.19  1.38 0.070   128.0 from 437 sources of Cygnus4 20s i
r993953.fit  4.19  1.38 0.078   399.7 from 1192 sources of Cygnus4 120s i
r993954.fit  4.43  1.46 0.047    55.7 from 120 sources of Cygnus4 3s i
r993955.fit  3.71  1.22 0.075   115.5 from 572 sources of Cygnus4 20s i
r993956.fit  3.73  1.23 0.085   479.5 from 1439 sources of Cygnus4 120s i
r993957.fit  3.92  1.29 0.128    43.6 from 141 sources of Cygnus4 3s i
r993958.fit  3.84  1.27 0.072   120.2 from 475 sources of Cygnus4 20s i
r993959.fit  3.99  1.32 0.069   524.5 from 1238 sources of Cygnus4 120s i
r993960.fit  4.52  1.49 0.060    46.1 from 133 sources of Cygnus4 3s i
r993961.fit  3.57  1.18 0.077   113.2 from 606 sources of Cygnus4 20s i
r993962.fit  3.96  1.31 0.072   463.8 from 1264 sources of Cygnus4 120s i
r993963.fit  3.38  1.12 0.083    47.0 from 169 sources of Cygnus4 3s i
r993964.fit  3.43  1.13 0.067   116.5 from 529 sources of Cygnus4 20s i
r993965.fit  3.91  1.29 0.066   269.4 from 1194 sources of Cygnus4 120s i
r993966.fit  4.77  1.57 0.128   148.2 from 1284 sources of uvex_5673 r
r993967.fit  4.30  1.42 0.069    58.0 from 176 sources of uvex_5673 U
r993968.fit  3.63  1.20 0.098    57.0 from 1272 sources of uvex_5673 g
r993969.fit  3.48  1.15 0.089   124.4 from 1517 sources of uvex_5680 r
r993970.fit  4.51  1.49 0.048    88.3 from 122 sources of uvex_5680 U
r993971.fit  3.92  1.29 0.077   103.7 from 709 sources of uvex_5680 g
r993972.fit  3.79  1.25 0.073   132.7 from 1363 sources of uvex_5683 r
r993973.fit  4.86  1.60 0.061    94.5 from 126 sources of uvex_5683 U
r993974.fit  3.83  1.26 0.073   124.7 from 796 sources of uvex_5683 g
r993975.fit  4.39  1.45 0.116   183.9 from 714 sources of uvex_6352 r
r993976.fit  5.46  1.80 0.055    86.2 from  61 sources of uvex_6352 U
r993977.fit  4.76  1.57 0.064   150.7 from 228 sources of uvex_6352 g
r993978.fit  3.71  1.22 0.102   141.2 from 1601 sources of uvex_5662 r
r993979.fit  4.90  1.62 0.052    92.1 from 128 sources of uvex_5662 U
r993980.fit  4.30  1.42 0.067   114.7 from 697 sources of uvex_5662 g
r993981.fit  4.11  1.36 0.052   159.1 from 490 sources of uvex_5942o r
r993982.fit  4.59  1.51 0.061    86.3 from  94 sources of uvex_5942o U
r993983.fit  3.78  1.25 0.059   138.3 from 326 sources of uvex_5942o g
r993984.fit  4.11  1.36 0.079    79.4 from 139 sources of uvex_6263 r
r993985.fit  5.55  1.83 0.071    57.9 from  54 sources of uvex_6263 U
r993986.fit  4.48  1.48 0.030   147.0 from  74 sources of uvex_6263 g
r993987.fit  4.15  1.37 0.097    54.0 from 1299 sources of uvex_6505o r
r993988.fit  5.60  1.85 0.054   101.4 from  87 sources of uvex_6505o U
r993989.fit  4.18  1.38 0.065    56.6 from 811 sources of uvex_6505o g
r993990.fit  3.67  1.21 0.097   152.9 from 1863 sources of uvex_5609o r
r993991.fit  4.74  1.56 0.054    91.0 from 170 sources of uvex_5609o U
r993992.fit  4.83  1.59 0.069   143.9 from 683 sources of uvex_5609o g
r993993.fit  4.47  1.48 0.109   154.9 from 1781 sources of uvex_5441 r
r993994.fit  5.46  1.80 0.086    89.9 from 153 sources of uvex_5441 U
r993995.fit  3.97  1.31 0.108   121.8 from 1597 sources of uvex_5441 g
r993996.fit  3.57  1.18 0.092    55.2 from 2713 sources of uvex_5441o r
r993997.fit  4.99  1.65 0.060    95.1 from 168 sources of uvex_5441o U
r993998.fit  3.91  1.29 0.091    56.1 from 1634 sources of uvex_5441o g
r993999.fit  3.69  1.22 0.095   147.7 from 404 sources of uvex_5873 r
r994000.fit  5.24  1.73 0.075    96.5 from  54 sources of uvex_5873 U
r994001.fit  4.65  1.53 0.050   144.0 from 168 sources of uvex_5873 g
r994002.fit  6.04  1.99 0.037   163.0 from 204 sources of uvex_5873o r
r994003.fit  5.42  1.79 0.053    96.0 from  51 sources of uvex_5873o U
r994004.fit  4.41  1.46 0.058   122.7 from 173 sources of uvex_5873o g
r994005.fit  3.86  1.27 0.055   176.5 from 564 sources of uvex_5877 r
r994006.fit  5.05  1.67 0.049   101.5 from  82 sources of uvex_5877 U
r994007.fit  4.17  1.38 0.060   139.9 from 285 sources of uvex_5877 g
r994008.fit  3.87  1.28 0.072   153.1 from 607 sources of uvex_5877o r
r994009.fit  5.03  1.66 0.041    97.5 from  60 sources of uvex_5877o U
r994010.fit  4.27  1.41 0.056   146.8 from 273 sources of uvex_5877o g
r994011.fit  4.29  1.42 0.042   170.7 from 438 sources of uvex_5881 r
r994012.fit  5.59  1.84 0.038   101.3 from  89 sources of uvex_5881 U
r994013.fit  4.25  1.40 0.051   154.5 from 259 sources of uvex_5881 g
r994014.fit  3.83  1.26 0.054   165.8 from 398 sources of uvex_5881o r
r994015.fit  5.04  1.66 0.045    97.4 from  85 sources of uvex_5881o U
r994016.fit  5.20  1.72 0.054   141.8 from 198 sources of uvex_5881o g
r994017.fit  4.35  1.44 0.032   169.3 from 390 sources of uvex_5883 r
r994018.fit  5.70  1.88 0.022   105.2 from  76 sources of uvex_5883 U
r994019.fit  4.22  1.39 0.038   142.3 from 251 sources of uvex_5883 g
r994020.fit  3.84  1.27 0.055   144.5 from 484 sources of uvex_5883o r
r994021.fit  5.32  1.76 0.055   105.5 from  90 sources of uvex_5883o U
r994022.fit  4.10  1.35 0.039   162.3 from 262 sources of uvex_5883o g
r994023.fit  4.01  1.32 0.042   178.0 from 539 sources of uvex_5884 r
r994024.fit  5.18  1.71 0.022   104.0 from  83 sources of uvex_5884 U
r994025.fit  4.04  1.33 0.066   145.0 from 340 sources of uvex_5884 g
r994026.fit  4.07  1.34 0.058   181.4 from 548 sources of uvex_5884o r
r994027.fit  5.10  1.68 0.055   105.9 from  84 sources of uvex_5884o U
r994028.fit  3.81  1.26 0.052   137.3 from 356 sources of uvex_5884o g
r994029.fit  4.28  1.41 0.028   116.8 from 473 sources of uvex_5896 r
r994030.fit  4.87  1.61 0.039    98.2 from  75 sources of uvex_5896 U
r994031.fit  4.10  1.35 0.049   143.6 from 301 sources of uvex_5896 g
r994032.fit  3.56  1.17 0.045   172.0 from 507 sources of uvex_5896o r
r994033.fit  4.65  1.53 0.043   108.2 from  72 sources of uvex_5896o U
r994034.fit  4.50  1.49 0.087   164.3 from 257 sources of uvex_5896o g
r994035.fit  4.35  1.44 0.058   118.9 from  20 sources of ST_L111_1969 U
r994036.fit  4.36  1.44 0.066   136.2 from 177 sources of ST_L111_1969 g
r994037.fit  4.37  1.44 0.056   145.9 from 362 sources of ST_L111_1969 r
r994038.fit  3.77  1.24 0.049    95.6 from 184 sources of ST_L111_1969 i
r994039.fit  4.59  1.51 0.069   113.3 from  37 sources of SA112-250 U
r994040.fit  4.04  1.33 0.032   134.5 from 139 sources of SA112-250 g
r994041.fit  3.95  1.30 0.051   135.5 from 199 sources of SA112-250 r
r994042.fit  2.70  0.89 0.029    92.9 from 115 sources of SA112-250 i
r994043.fit  4.77  1.57 0.060   102.4 from  37 sources of ST_L113 U
r994044.fit  4.10  1.35 0.031   212.4 from 120 sources of ST_L113 g
r994045.fit  3.67  1.21 0.029   213.7 from 154 sources of ST_L113 r
r994046.fit  3.49  1.15 0.040   111.7 from  86 sources of ST_L113 i
r994047.fit is not a target (BIAS)
r994048.fit is not a target (BIAS)
r994049.fit is not a target (BIAS)
r994050.fit is not a target (BIAS)
r994051.fit is not a target (BIAS)
