r1012768.fit is not a target (SKY)
r1012769.fit is not a target (SKY)
r1012770.fit is not a target (SKY)
r1012771.fit is not a target (SKY)
r1012772.fit is not a target (SKY)
r1012773.fit is not a target (SKY)
r1012774.fit is not a target (SKY)
r1012775.fit is not a target (SKY)
r1012776.fit is not a target (SKY)
r1012777.fit is not a target (SKY)
r1012778.fit is not a target (SKY)
r1012779.fit is not a target (SKY)
r1012780.fit is not a target (SKY)
r1012781.fit is not a target (SKY)
r1012782.fit is not a target (SKY)
r1012783.fit is not a target (FOCUS)
r1012784.fit  6.70  2.21 0.036    77.3 from  29 sources of SA110-246 i
r1012785.fit  8.35  2.76 0.089    68.3 from  12 sources of SA110-246 g
r1012786.fit  4.60  1.52 0.323    59.4 from  11 sources of SA110-246 U
r1012787.fit  6.71  2.21 0.033    62.2 from  18 sources of SA110-246 r
r1012788.fit  6.10  2.01 0.089    52.4 from  25 sources of SA110-246 Ha
r1012789.fit  6.25  2.06 0.037    57.2 from  29 sources of intphas_4085 Ha
r1012790.fit  5.97  1.97 0.054   156.5 from  29 sources of intphas_4085 r
r1012791.fit  6.58  2.17 0.101   117.8 from  45 sources of intphas_4085 i
r1012792.fit  6.76  2.23 0.048    68.8 from  25 sources of intphas_4085o Ha
r1012793.fit  6.38  2.11 0.093   151.8 from  28 sources of intphas_4085o r
r1012794.fit  6.63  2.19 0.067   126.3 from  37 sources of intphas_4085o i
r1012795.fit  5.76  1.90 0.027    83.7 from 111 sources of PTFS1118M
r1012796.fit  6.31  2.08 0.062    63.3 from 109 sources of intphas_4425 Ha
r1012797.fit  5.82  1.92 0.098   140.2 from 441 sources of intphas_4425 r
r1012798.fit  5.16  1.70 0.095    83.3 from 630 sources of intphas_4425 i
r1012799.fit  5.97  1.97 0.089    70.4 from 125 sources of intphas_4425o Ha
r1012800.fit  7.43  2.45 0.105   139.0 from 286 sources of intphas_4425o r
r1012801.fit  7.20  2.38 0.116   113.9 from 325 sources of intphas_4425o i
r1012802.fit  6.68  2.20 0.107    57.7 from 161 sources of intphas_4498o Ha
r1012803.fit  7.53  2.48 0.116   136.7 from 345 sources of intphas_4498o r
r1012804.fit  6.38  2.11 0.113   100.2 from 506 sources of intphas_4498o i
r1012805.fit  6.81  2.25 0.089    80.2 from 120 sources of intphas_4522 Ha
r1012806.fit  6.48  2.14 0.098   139.9 from 390 sources of intphas_4522 r
r1012807.fit  6.91  2.28 0.104   112.9 from 353 sources of intphas_4522 i
r1012808.fit  6.90  2.28 0.120    72.5 from 164 sources of intphas_4536 Ha
r1012809.fit  7.16  2.36 0.130   132.2 from 598 sources of intphas_4536 r
r1012810.fit  6.09  2.01 0.130   112.8 from 892 sources of intphas_4536 i
r1012811.fit  6.53  2.15 0.111    80.4 from 195 sources of intphas_4536o Ha
r1012812.fit  6.91  2.28 0.121   133.7 from 636 sources of intphas_4536o r
r1012813.fit  6.58  2.17 0.129   132.9 from 738 sources of intphas_4536o i
r1012814.fit  7.69  2.54 0.114    69.0 from 159 sources of intphas_4580o Ha
r1012815.fit  6.58  2.17 0.114   148.3 from 557 sources of intphas_4580o r
r1012816.fit  5.68  1.87 0.120    92.8 from 766 sources of intphas_4580o i
r1012817.fit  8.45  2.79 0.156    77.4 from  85 sources of intphas_4618o Ha
r1012818.fit  7.07  2.33 0.113   127.4 from 357 sources of intphas_4618o r
r1012819.fit  6.22  2.05 0.118   106.5 from 502 sources of intphas_4618o i
r1012820.fit  7.03  2.32 0.073    74.4 from  63 sources of intphas_4800 Ha
r1012821.fit  6.70  2.21 0.093   139.8 from 126 sources of intphas_4800 r
r1012822.fit  6.39  2.11 0.096   121.1 from 178 sources of intphas_4800 i
r1012823.fit  6.02  1.99 0.042    75.4 from  64 sources of intphas_4800o Ha
r1012824.fit  5.44  1.80 0.068   128.9 from 152 sources of intphas_4800o r
r1012825.fit  5.61  1.85 0.084   111.5 from 194 sources of intphas_4800o i
r1012826.fit  6.31  2.08 0.057    72.9 from  66 sources of intphas_4802 Ha
r1012827.fit  6.71  2.21 0.059    45.4 from 156 sources of intphas_4802 r
r1012828.fit  6.90  2.28 0.052   120.9 from 140 sources of intphas_4802 i
r1012829.fit  6.82  2.25 0.063    74.7 from  30 sources of intphas_4815 Ha
r1012830.fit  8.42  2.78 0.058   129.2 from  47 sources of intphas_4815 r
r1012831.fit  7.91  2.61 0.060   123.0 from  49 sources of intphas_4815 i
r1012832.fit  6.59  2.17 0.046    74.8 from  26 sources of intphas_4815o Ha
r1012833.fit  6.78  2.24 0.044   127.3 from  65 sources of intphas_4815o r
r1012834.fit  6.04  1.99 0.081   119.8 from 106 sources of intphas_4815o i
r1012835.fit  6.33  2.09 0.056    77.1 from  54 sources of intphas_4828 Ha
r1012836.fit  6.10  2.01 0.053   130.9 from 141 sources of intphas_4828 r
r1012837.fit  4.99  1.65 0.076   124.0 from 254 sources of intphas_4828 i
r1012838.fit  5.54  1.83 0.042    68.2 from  63 sources of intphas_4828o Ha
r1012839.fit  5.94  1.96 0.048   136.6 from 149 sources of intphas_4828o r
r1012840.fit  5.89  1.94 0.068   103.1 from 204 sources of intphas_4828o i
r1012841.fit  6.23  2.06 0.054    75.3 from  61 sources of intphas_4829 Ha
r1012842.fit  6.46  2.13 0.067   127.5 from 153 sources of intphas_4829 r
r1012843.fit  5.62  1.85 0.095   118.7 from 237 sources of intphas_4829 i
r1012844.fit  7.11  2.35 0.033    86.7 from  77 sources of SA112-250 i
r1012845.fit  7.51  2.48 0.081    53.0 from   4 sources of SA112-250 g
r1012846.fit  4.24  1.40 0.123    59.2 from   9 sources of SA112-250 U
r1012847.fit  7.84  2.59 0.083    52.4 from  11 sources of SA112-250 r
r1012848.fit  6.83  2.25 0.042    54.0 from  40 sources of SA112-250 Ha
r1012849.fit  6.21  2.05 0.053   379.5 from  84 sources of intphas_6793 Ha
r1012850.fit  6.82  2.25 0.045   429.1 from 157 sources of intphas_6793 r
r1012851.fit  6.09  2.01 0.046   418.2 from 193 sources of intphas_6793 i
r1012852.fit  6.51  2.15 0.050   299.2 from  81 sources of intphas_6793o Ha
r1012852.fit  6.51  2.15 0.050   299.2 from  81 sources of intphas_6793o Ha
r1012853.fit  6.72  2.22 0.052   362.0 from 185 sources of intphas_6793o r
r1012853.fit  6.72  2.22 0.052   362.0 from 185 sources of intphas_6793o r
r1012854.fit  6.26  2.07 0.074   352.8 from 104 sources of intphas_6793o i
r1012854.fit  6.10  2.01 0.066   352.8 from 210 sources of intphas_6793o i
r1012855.fit  6.47  2.14 0.035   331.1 from  70 sources of intphas_6797 Ha
r1012855.fit  6.47  2.14 0.035   331.1 from  70 sources of intphas_6797 Ha
r1012856.fit  5.90  1.95 0.072   384.6 from  65 sources of intphas_6797 r
r1012856.fit  5.76  1.90 0.067   378.6 from 209 sources of intphas_6797 r
r1012857.fit  4.63  1.53 0.100   380.1 from 294 sources of intphas_6797 i
r1012857.fit  4.63  1.53 0.100   380.1 from 294 sources of intphas_6797 i
r1012858.fit  5.65  1.86 0.044   332.9 from  54 sources of intphas_6440 Ha
r1012858.fit  5.65  1.86 0.044   332.9 from  54 sources of intphas_6440 Ha
r1012859.fit  5.09  1.68 0.072   339.0 from 128 sources of intphas_6440 r
r1012859.fit  5.09  1.68 0.072   339.0 from 128 sources of intphas_6440 r
r1012860.fit  4.56  1.50 0.063   333.9 from 166 sources of intphas_6440 i
r1012860.fit  4.56  1.50 0.063   333.9 from 166 sources of intphas_6440 i
r1012861.fit  4.74  1.56 0.034   289.7 from  72 sources of intphas_6440o Ha
r1012861.fit  4.74  1.56 0.034   289.7 from  72 sources of intphas_6440o Ha
r1012862.fit  4.55  1.50 0.034   307.9 from 170 sources of intphas_6440o r
r1012862.fit  4.55  1.50 0.034   307.9 from 170 sources of intphas_6440o r
r1012863.fit  4.16  1.37 0.054   309.3 from 202 sources of intphas_6440o i
r1012863.fit  4.16  1.37 0.054   309.3 from 202 sources of intphas_6440o i
r1012864.fit  4.95  1.63 0.041   141.9 from  44 sources of intphas_6447 Ha
r1012864.fit  4.95  1.63 0.041   141.9 from  44 sources of intphas_6447 Ha
r1012865.fit  5.26  1.74 0.036   297.4 from  88 sources of intphas_6447 r
r1012865.fit  5.26  1.74 0.036   297.4 from  88 sources of intphas_6447 r
r1012866.fit  4.88  1.61 0.051   296.5 from 117 sources of intphas_6447 i
r1012866.fit  4.88  1.61 0.051   296.5 from 117 sources of intphas_6447 i
r1012867.fit  5.53  1.82 0.050   233.1 from  46 sources of intphas_6447o Ha
r1012867.fit  5.53  1.82 0.050   233.1 from  46 sources of intphas_6447o Ha
r1012868.fit  5.59  1.84 0.040   263.7 from 113 sources of intphas_6447o r
r1012868.fit  5.59  1.84 0.040   263.7 from 113 sources of intphas_6447o r
r1012869.fit  5.93  1.96 0.063   258.5 from 111 sources of intphas_6447o i
r1012869.fit  5.93  1.96 0.063   258.5 from 111 sources of intphas_6447o i
r1012870.fit  4.83  1.59 0.050   228.2 from  68 sources of intphas_6448o Ha
r1012870.fit  4.83  1.59 0.050   228.2 from  68 sources of intphas_6448o Ha
r1012871.fit  4.96  1.64 0.068   266.8 from 145 sources of intphas_6448o r
r1012871.fit  4.96  1.64 0.068   266.8 from 145 sources of intphas_6448o r
r1012872.fit  4.74  1.56 0.074   261.1 from 182 sources of intphas_6448o i
r1012872.fit  4.74  1.56 0.074   261.1 from 182 sources of intphas_6448o i
r1012873.fit  5.14  1.70 0.071   222.0 from  63 sources of intphas_6448 Ha
r1012873.fit  5.14  1.70 0.071   222.0 from  63 sources of intphas_6448 Ha
r1012874.fit  5.25  1.73 0.061   267.7 from 141 sources of intphas_6448 r
r1012874.fit  5.25  1.73 0.061   267.7 from 141 sources of intphas_6448 r
r1012875.fit  5.53  1.82 0.101   269.4 from 158 sources of intphas_6448 i
r1012875.fit  5.53  1.82 0.101   269.4 from 158 sources of intphas_6448 i
r1012876.fit  6.15  2.03 0.091   223.4 from  79 sources of intphas_6471 Ha
r1012876.fit  6.15  2.03 0.091   223.4 from  79 sources of intphas_6471 Ha
r1012877.fit  5.30  1.75 0.072   266.4 from 221 sources of intphas_6471 r
r1012877.fit  5.30  1.75 0.072   266.4 from 221 sources of intphas_6471 r
r1012878.fit  5.28  1.74 0.079   257.6 from 229 sources of intphas_6471 i
r1012878.fit  5.28  1.74 0.079   257.6 from 229 sources of intphas_6471 i
r1012879.fit  5.46  1.80 0.087   228.7 from  89 sources of intphas_6471o Ha
r1012879.fit  5.46  1.80 0.087   228.7 from  89 sources of intphas_6471o Ha
r1012880.fit  5.94  1.96 0.058   268.7 from 181 sources of intphas_6471o r
r1012880.fit  5.94  1.96 0.058   268.7 from 181 sources of intphas_6471o r
r1012881.fit  4.85  1.60 0.082   264.6 from 255 sources of intphas_6471o i
r1012881.fit  4.85  1.60 0.082   264.6 from 255 sources of intphas_6471o i
r1012882.fit  4.77  1.57 0.061   229.0 from 146 sources of intphas_6642 Ha
r1012882.fit  4.68  1.54 0.058   229.0 from 259 sources of intphas_6642 Ha
r1012883.fit  4.71  1.55 0.087   274.0 from 760 sources of intphas_6642 r
r1012883.fit  4.71  1.55 0.087   274.0 from 760 sources of intphas_6642 r
r1012884.fit  4.37  1.44 0.085   264.3 from 682 sources of intphas_6642 i
r1012884.fit  4.37  1.44 0.085   264.3 from 682 sources of intphas_6642 i
r1012885.fit  4.79  1.58 0.076   226.3 from 156 sources of intphas_6642o Ha
r1012885.fit  4.66  1.54 0.066   226.3 from 262 sources of intphas_6642o Ha
r1012886.fit  4.90  1.62 0.078   275.5 from 738 sources of intphas_6642o r
r1012886.fit  4.90  1.62 0.078   275.5 from 738 sources of intphas_6642o r
r1012887.fit  4.37  1.44 0.113   270.0 from 725 sources of intphas_6642o i
r1012887.fit  4.37  1.44 0.113   270.0 from 725 sources of intphas_6642o i
r1012888.fit  4.34  1.43 0.080   231.3 from 260 sources of intphas_6752o Ha
r1012888.fit  4.34  1.43 0.080   231.3 from 260 sources of intphas_6752o Ha
r1012889.fit  4.40  1.45 0.074   211.6 from 655 sources of intphas_6752o r
r1012889.fit  4.40  1.45 0.074   211.6 from 655 sources of intphas_6752o r
r1012890.fit  4.34  1.43 0.089   221.4 from 591 sources of intphas_6752o i
r1012890.fit  4.34  1.43 0.089   221.4 from 591 sources of intphas_6752o i
r1012891.fit  3.79  1.25 0.107   230.9 from  69 sources of intphas_6752 Ha
r1012891.fit  3.78  1.25 0.100   226.0 from 303 sources of intphas_6752 Ha
r1012892.fit  4.53  1.49 0.102   256.1 from 396 sources of intphas_6752 r
r1012892.fit  4.25  1.40 0.093   256.1 from 675 sources of intphas_6752 r
r1012893.fit  4.25  1.40 0.079   253.3 from 544 sources of intphas_6752 i
r1012893.fit  4.25  1.40 0.079   253.3 from 544 sources of intphas_6752 i
r1012894.fit  4.60  1.52 0.128   392.1 from 156 sources of intphas_6765o Ha
r1012894.fit  4.60  1.52 0.128   392.1 from 156 sources of intphas_6765o Ha
r1012895.fit  3.79  1.25 0.068   286.2 from 249 sources of intphas_6765o r
r1012895.fit  3.70  1.22 0.058   286.2 from 432 sources of intphas_6765o r
r1012896.fit  3.40  1.12 0.094   268.2 from 487 sources of intphas_6765o i
r1012896.fit  3.40  1.12 0.094   268.2 from 487 sources of intphas_6765o i
r1012897.fit  3.67  1.21 0.071   253.5 from 183 sources of intphas_6765 Ha
r1012897.fit  3.67  1.21 0.071   253.5 from 183 sources of intphas_6765 Ha
r1012898.fit  3.57  1.18 0.070   287.8 from 461 sources of intphas_6765 r
r1012898.fit  3.57  1.18 0.070   287.8 from 461 sources of intphas_6765 r
r1012899.fit  3.95  1.30 0.115   297.0 from 192 sources of intphas_6765 i
r1012899.fit  3.57  1.18 0.108   269.1 from 505 sources of intphas_6765 i
r1012900.fit  3.99  1.32 0.078   228.3 from 282 sources of intphas_6766o Ha
r1012900.fit  3.99  1.32 0.078   228.3 from 282 sources of intphas_6766o Ha
r1012901.fit  4.12  1.36 0.089   266.7 from 213 sources of intphas_6766o r
r1012901.fit  4.02  1.33 0.084   266.7 from 702 sources of intphas_6766o r
r1012902.fit  3.22  1.06 0.116   254.0 from 821 sources of intphas_6766o i
r1012902.fit  3.22  1.06 0.116   254.0 from 821 sources of intphas_6766o i
r1012903.fit  4.20  1.39 0.078   226.6 from 278 sources of intphas_6766 Ha
r1012903.fit  4.20  1.39 0.078   226.6 from 278 sources of intphas_6766 Ha
r1012904.fit  4.10  1.35 0.107   288.5 from 263 sources of intphas_6766 r
r1012904.fit  4.03  1.33 0.099   277.6 from 818 sources of intphas_6766 r
r1012905.fit  3.93  1.30 0.109   285.6 from 294 sources of intphas_6766 i
r1012905.fit  3.86  1.27 0.119   264.5 from 724 sources of intphas_6766 i
r1012906.fit  4.04  1.33 0.084   249.1 from 176 sources of intphas_6772 Ha
r1012906.fit  4.04  1.33 0.084   249.1 from 176 sources of intphas_6772 Ha
r1012907.fit  4.00  1.32 0.092   284.8 from 479 sources of intphas_6772 r
r1012907.fit  4.00  1.32 0.092   284.8 from 479 sources of intphas_6772 r
r1012908.fit  3.59  1.18 0.076   301.9 from  68 sources of intphas_6772 i
r1012908.fit  3.67  1.21 0.091   274.5 from 484 sources of intphas_6772 i
r1012909.fit  4.41  1.46 0.098   243.3 from 167 sources of intphas_6772o Ha
r1012909.fit  4.41  1.46 0.098   243.3 from 167 sources of intphas_6772o Ha
r1012910.fit  4.22  1.39 0.079   295.5 from 150 sources of intphas_6772o r
r1012910.fit  4.31  1.42 0.080   285.5 from 442 sources of intphas_6772o r
r1012911.fit  3.93  1.30 0.062   289.9 from  64 sources of intphas_6772o i
r1012911.fit  3.98  1.31 0.075   277.7 from 440 sources of intphas_6772o i
r1012912.fit  4.25  1.40 0.065   225.0 from 227 sources of intphas_6775 Ha
r1012912.fit  4.25  1.40 0.065   225.0 from 227 sources of intphas_6775 Ha
r1012913.fit  3.77  1.24 0.096   271.6 from 728 sources of intphas_6775 r
r1012913.fit  3.77  1.24 0.096   271.6 from 728 sources of intphas_6775 r
r1012914.fit  3.54  1.17 0.109   260.7 from 661 sources of intphas_6775 i
r1012914.fit  3.54  1.17 0.109   260.7 from 661 sources of intphas_6775 i
r1012915.fit  4.08  1.35 0.069   227.3 from 253 sources of intphas_6775o Ha
r1012915.fit  4.08  1.35 0.069   227.3 from 253 sources of intphas_6775o Ha
r1012916.fit  4.07  1.34 0.086   268.9 from 680 sources of intphas_6775o r
r1012916.fit  4.07  1.34 0.086   268.9 from 680 sources of intphas_6775o r
r1012917.fit  3.52  1.16 0.116   256.0 from 758 sources of intphas_6775o i
r1012917.fit  3.52  1.16 0.116   256.0 from 758 sources of intphas_6775o i
r1012918.fit  3.80  1.25 0.087   222.1 from 386 sources of intphas_6776 Ha
r1012918.fit  3.80  1.25 0.087   222.1 from 386 sources of intphas_6776 Ha
r1012919.fit  3.56  1.17 0.072   260.2 from 1170 sources of intphas_6776 r
r1012919.fit  3.56  1.17 0.072   260.2 from 1170 sources of intphas_6776 r
r1012920.fit  3.50  1.16 0.084   274.0 from  87 sources of intphas_6776 i
r1012920.fit  3.66  1.21 0.089   250.9 from 960 sources of intphas_6776 i
r1012921.fit  3.72  1.23 0.076   232.6 from 334 sources of intphas_6779o Ha
r1012921.fit  3.72  1.23 0.076   232.6 from 334 sources of intphas_6779o Ha
r1012922.fit  3.56  1.17 0.058   295.1 from  37 sources of intphas_6779o r
r1012922.fit  3.67  1.21 0.075   265.4 from 959 sources of intphas_6779o r
r1012923.fit  3.20  1.06 0.083   275.0 from 998 sources of intphas_6779o i
r1012923.fit  3.20  1.06 0.083   275.0 from 998 sources of intphas_6779o i
r1012924.fit  3.65  1.20 0.051   222.2 from 355 sources of intphas_6783 Ha
r1012924.fit  3.65  1.20 0.051   222.2 from 355 sources of intphas_6783 Ha
r1012925.fit  3.73  1.23 0.077   276.7 from 923 sources of intphas_6783 r
r1012925.fit  3.73  1.23 0.077   276.7 from 923 sources of intphas_6783 r
r1012926.fit  3.45  1.14 0.055   253.2 from 899 sources of intphas_6783 i
r1012926.fit  3.45  1.14 0.055   253.2 from 899 sources of intphas_6783 i
r1012927.fit  3.82  1.26 0.045   224.9 from 300 sources of intphas_6783o Ha
r1012927.fit  3.82  1.26 0.045   224.9 from 300 sources of intphas_6783o Ha
r1012928.fit  3.71  1.22 0.050   271.1 from 861 sources of intphas_6783o r
r1012928.fit  3.71  1.22 0.050   271.1 from 861 sources of intphas_6783o r
r1012929.fit  4.06  1.34 0.054   262.9 from 598 sources of intphas_6783o i
r1012929.fit  4.06  1.34 0.054   262.9 from 598 sources of intphas_6783o i
r1012930.fit  3.65  1.20 0.051   224.6 from 438 sources of intphas_6769 Ha
r1012930.fit  3.65  1.20 0.051   224.6 from 438 sources of intphas_6769 Ha
r1012931.fit  3.37  1.11 0.058   262.6 from 1280 sources of intphas_6769 r
r1012931.fit  3.37  1.11 0.058   262.6 from 1280 sources of intphas_6769 r
r1012932.fit  3.25  1.07 0.071   264.8 from 1106 sources of intphas_6769 i
r1012932.fit  3.25  1.07 0.071   264.8 from 1106 sources of intphas_6769 i
r1012933.fit  4.23  1.40 0.082    93.7 from  36 sources of FEIGE110 i
r1012933.fit  4.23  1.40 0.082    93.7 from  36 sources of FEIGE110 i
r1012934.fit  4.18  1.38 0.046    48.1 from  13 sources of FEIGE110 g
r1012934.fit  4.18  1.38 0.046    48.1 from  13 sources of FEIGE110 g
r1012935.fit  5.50  1.82 0.054    43.7 from   7 sources of FEIGE110 U
r1012935.fit  5.50  1.82 0.054    43.7 from   7 sources of FEIGE110 U
r1012936.fit  4.67  1.54 0.050    54.5 from  11 sources of FEIGE110 r
r1012936.fit  4.67  1.54 0.050    54.5 from  11 sources of FEIGE110 r
r1012937.fit  4.22  1.39 0.035    62.8 from  28 sources of FEIGE110 Ha
r1012937.fit  4.22  1.39 0.035    62.8 from  28 sources of FEIGE110 Ha
r1012938.fit  4.52  1.49 0.067    48.1 from  82 sources of intphas_0408o Ha
r1012938.fit  4.52  1.49 0.067    48.1 from  82 sources of intphas_0408o Ha
r1012939.fit  4.57  1.51 0.078    85.1 from 208 sources of intphas_0408o r
r1012939.fit  4.57  1.51 0.078    85.1 from 208 sources of intphas_0408o r
r1012940.fit  4.27  1.41 0.087    98.5 from 206 sources of intphas_0408o i
r1012940.fit  4.27  1.41 0.087    98.5 from 206 sources of intphas_0408o i
r1012941.fit  4.33  1.43 0.096    34.4 from 111 sources of intphas_0408 Ha
r1012941.fit  4.33  1.43 0.096    34.4 from 111 sources of intphas_0408 Ha
r1012942.fit  4.39  1.45 0.097    98.7 from 240 sources of intphas_0408 r
r1012942.fit  4.39  1.45 0.097    98.7 from 240 sources of intphas_0408 r
r1012943.fit  4.23  1.40 0.097    90.5 from 283 sources of intphas_0408 i
r1012943.fit  4.23  1.40 0.097    90.5 from 283 sources of intphas_0408 i
r1012944.fit  4.21  1.39 0.089    41.3 from  87 sources of intphas_0428 Ha
r1012944.fit  4.21  1.39 0.089    41.3 from  87 sources of intphas_0428 Ha
r1012945.fit  4.08  1.35 0.061    92.7 from 209 sources of intphas_0428 r
r1012945.fit  4.08  1.35 0.061    92.7 from 209 sources of intphas_0428 r
r1012946.fit  3.79  1.25 0.080   132.4 from 277 sources of intphas_0428 i
r1012946.fit  3.79  1.25 0.080   132.4 from 277 sources of intphas_0428 i
r1012947.fit  4.36  1.44 0.081    63.6 from  78 sources of intphas_0428o Ha
r1012947.fit  4.36  1.44 0.081    63.6 from  78 sources of intphas_0428o Ha
r1012948.fit  4.50  1.49 0.078   113.9 from 183 sources of intphas_0428o r
r1012948.fit  4.50  1.49 0.078   113.9 from 183 sources of intphas_0428o r
r1012949.fit  4.22  1.39 0.083   110.3 from 219 sources of intphas_0428o i
r1012949.fit  4.22  1.39 0.083   110.3 from 219 sources of intphas_0428o i
r1012950.fit  4.30  1.42 0.081    82.1 from 178 sources of intphas_0429 Ha
r1012950.fit  4.30  1.42 0.081    82.1 from 178 sources of intphas_0429 Ha
r1012951.fit  4.45  1.47 0.084   116.9 from 434 sources of intphas_0429 r
r1012951.fit  4.45  1.47 0.084   116.9 from 434 sources of intphas_0429 r
r1012952.fit  4.05  1.34 0.091   117.1 from 406 sources of intphas_0429 i
r1012952.fit  4.05  1.34 0.091   117.1 from 406 sources of intphas_0429 i
r1012953.fit  4.44  1.47 0.076    73.9 from 144 sources of intphas_0429o Ha
r1012953.fit  4.44  1.47 0.076    73.9 from 144 sources of intphas_0429o Ha
r1012954.fit  4.39  1.45 0.100   130.0 from 426 sources of intphas_0429o r
r1012954.fit  4.39  1.45 0.100   130.0 from 426 sources of intphas_0429o r
r1012955.fit  4.09  1.35 0.088   118.1 from 415 sources of intphas_0429o i
r1012955.fit  4.09  1.35 0.088   118.1 from 415 sources of intphas_0429o i
r1012956.fit  4.09  1.35 0.070    72.6 from 193 sources of intphas_0430 Ha
r1012956.fit  4.09  1.35 0.070    72.6 from 193 sources of intphas_0430 Ha
r1012957.fit  4.16  1.37 0.099   107.2 from 534 sources of intphas_0430 r
r1012957.fit  4.16  1.37 0.099   107.2 from 534 sources of intphas_0430 r
r1012958.fit  4.20  1.39 0.085   116.2 from 478 sources of intphas_0430 i
r1012958.fit  4.20  1.39 0.085   116.2 from 478 sources of intphas_0430 i
r1012959.fit  4.46  1.47 0.068    57.6 from 165 sources of intphas_0430o Ha
r1012959.fit  4.46  1.47 0.068    57.6 from 165 sources of intphas_0430o Ha
r1012960.fit  4.02  1.33 0.088   102.6 from 470 sources of intphas_0430o r
r1012960.fit  4.02  1.33 0.088   102.6 from 470 sources of intphas_0430o r
r1012961.fit  3.70  1.22 0.086   102.1 from 494 sources of intphas_0430o i
r1012961.fit  3.70  1.22 0.086   102.1 from 494 sources of intphas_0430o i
r1012962.fit  4.00  1.32 0.051    57.0 from 174 sources of intphas_0431 Ha
r1012962.fit  4.00  1.32 0.051    57.0 from 174 sources of intphas_0431 Ha
r1012963.fit  5.15  1.70 0.077   108.3 from 325 sources of intphas_0431 r
r1012963.fit  5.15  1.70 0.077   108.3 from 325 sources of intphas_0431 r
r1012964.fit  3.94  1.30 0.070    93.0 from 384 sources of intphas_0431 i
r1012964.fit  3.94  1.30 0.070    93.0 from 384 sources of intphas_0431 i
r1012965.fit  4.37  1.44 0.084    65.9 from 160 sources of intphas_0431o Ha
r1012965.fit  4.37  1.44 0.084    65.9 from 160 sources of intphas_0431o Ha
r1012966.fit  4.64  1.53 0.076   118.5 from 363 sources of intphas_0431o r
r1012966.fit  4.64  1.53 0.076   118.5 from 363 sources of intphas_0431o r
r1012967.fit  4.14  1.37 0.051   113.6 from 364 sources of intphas_0431o i
r1012967.fit  4.14  1.37 0.051   113.6 from 364 sources of intphas_0431o i
r1012968.fit  4.59  1.51 0.067    44.7 from 132 sources of intphas_0432 Ha
r1012968.fit  4.59  1.51 0.067    44.7 from 132 sources of intphas_0432 Ha
r1012969.fit  4.41  1.46 0.079    38.9 from 352 sources of intphas_0432 r
r1012969.fit  4.41  1.46 0.079    38.9 from 352 sources of intphas_0432 r
r1012970.fit  3.81  1.26 0.060    40.4 from 401 sources of intphas_0432 i
r1012970.fit  3.81  1.26 0.060    40.4 from 401 sources of intphas_0432 i
r1012971.fit  4.25  1.40 0.086    67.3 from 148 sources of intphas_0432o Ha
r1012971.fit  4.25  1.40 0.086    67.3 from 148 sources of intphas_0432o Ha
r1012972.fit  4.88  1.61 0.043   115.2 from 314 sources of intphas_0432o r
r1012972.fit  4.88  1.61 0.043   115.2 from 314 sources of intphas_0432o r
r1012973.fit  4.24  1.40 0.083   115.2 from 370 sources of intphas_0432o i
r1012973.fit  4.24  1.40 0.083   115.2 from 370 sources of intphas_0432o i
r1012974.fit  4.41  1.46 0.053    69.2 from 252 sources of intphas_0433 Ha
r1012974.fit  4.41  1.46 0.053    69.2 from 252 sources of intphas_0433 Ha
r1012975.fit  4.91  1.62 0.074   127.9 from 538 sources of intphas_0433 r
r1012975.fit  4.91  1.62 0.074   127.9 from 538 sources of intphas_0433 r
r1012976.fit  4.14  1.37 0.058    78.4 from 492 sources of intphas_0433 i
r1012976.fit  4.14  1.37 0.058    78.4 from 492 sources of intphas_0433 i
r1012977.fit  4.21  1.39 0.053    68.7 from 265 sources of intphas_0433o Ha
r1012977.fit  4.21  1.39 0.053    68.7 from 265 sources of intphas_0433o Ha
r1012978.fit  4.36  1.44 0.063   126.3 from 665 sources of intphas_0433o r
r1012978.fit  4.36  1.44 0.063   126.3 from 665 sources of intphas_0433o r
r1012979.fit  4.15  1.37 0.073   115.8 from 530 sources of intphas_0433o i
r1012979.fit  4.15  1.37 0.073   115.8 from 530 sources of intphas_0433o i
r1012980.fit  4.49  1.48 0.064    76.9 from  82 sources of intphas_0434 Ha
r1012980.fit  4.49  1.48 0.064    76.9 from  82 sources of intphas_0434 Ha
r1012981.fit  4.48  1.48 0.079   116.0 from 182 sources of intphas_0434 r
r1012981.fit  4.48  1.48 0.079   116.0 from 182 sources of intphas_0434 r
r1012982.fit  4.04  1.33 0.074   114.4 from 214 sources of intphas_0434 i
r1012982.fit  4.04  1.33 0.074   114.4 from 214 sources of intphas_0434 i
r1012983.fit  5.06  1.67 0.090    60.1 from  27 sources of FEIGE22 i
r1012983.fit  5.06  1.67 0.090    60.1 from  27 sources of FEIGE22 i
r1012984.fit  4.50  1.49 0.059    21.9 from  16 sources of FEIGE22 g
r1012984.fit  4.50  1.49 0.059    21.9 from  16 sources of FEIGE22 g
r1012985.fit  4.56  1.50 0.051    35.6 from   7 sources of FEIGE22 U
r1012985.fit  4.56  1.50 0.051    35.6 from   7 sources of FEIGE22 U
r1012986.fit  4.34  1.43 0.066    36.7 from  25 sources of FEIGE22 r
r1012986.fit  4.34  1.43 0.066    36.7 from  25 sources of FEIGE22 r
r1012987.fit  4.92  1.62 0.078    24.8 from  22 sources of FEIGE22 Ha
r1012987.fit  4.92  1.62 0.078    24.8 from  22 sources of FEIGE22 Ha
r1012988.fit  5.50  1.82 0.108   108.9 from 390 sources of uvex_2393 r
r1012988.fit  5.50  1.82 0.108   108.9 from 390 sources of uvex_2393 r
r1012989.fit  6.70  2.21 0.116    38.2 from  57 sources of uvex_2393 U
r1012989.fit  6.70  2.21 0.116    38.2 from  57 sources of uvex_2393 U
r1012990.fit  6.30  2.08 0.125    61.2 from 249 sources of uvex_2393 g
r1012990.fit  6.30  2.08 0.125    61.2 from 249 sources of uvex_2393 g
r1012991.fit  6.34  2.09 0.079   108.8 from 306 sources of uvex_2393o r
r1012991.fit  6.34  2.09 0.079   108.8 from 306 sources of uvex_2393o r
r1012992.fit  6.72  2.22 0.115    38.0 from  57 sources of uvex_2393o U
r1012992.fit  6.72  2.22 0.115    38.0 from  57 sources of uvex_2393o U
r1012993.fit  6.00  1.98 0.078    60.5 from 236 sources of uvex_2393o g
r1012993.fit  6.00  1.98 0.078    60.5 from 236 sources of uvex_2393o g
r1012994.fit  5.27  1.74 0.104   100.8 from 312 sources of uvex_1622 r
r1012994.fit  5.27  1.74 0.104   100.8 from 312 sources of uvex_1622 r
r1012995.fit  6.19  2.04 0.099    31.5 from  30 sources of uvex_1622 U
r1012995.fit  6.19  2.04 0.099    31.5 from  30 sources of uvex_1622 U
r1012996.fit  5.43  1.79 0.080    57.4 from 181 sources of uvex_1622 g
r1012996.fit  5.43  1.79 0.080    57.4 from 181 sources of uvex_1622 g
r1012997.fit  5.48  1.81 0.127   101.0 from 328 sources of uvex_1622o r
r1012997.fit  5.48  1.81 0.127   101.0 from 328 sources of uvex_1622o r
r1012998.fit  6.08  2.01 0.097    33.2 from  30 sources of uvex_1622o U
r1012998.fit  6.08  2.01 0.097    33.2 from  30 sources of uvex_1622o U
r1012999.fit  5.08  1.68 0.072    60.0 from 211 sources of uvex_1622o g
r1012999.fit  5.08  1.68 0.072    60.0 from 211 sources of uvex_1622o g
r1013000.fit  5.79  1.91 0.089     4.7 from 339 sources of uvex_2193 r
r1013000.fit  5.79  1.91 0.089     4.7 from 339 sources of uvex_2193 r
r1013001.fit  6.87  2.27 0.126    31.8 from  42 sources of uvex_2193 U
r1013001.fit  6.87  2.27 0.126    31.8 from  42 sources of uvex_2193 U
r1013002.fit  5.89  1.94 0.103    63.0 from 212 sources of uvex_2193 g
r1013002.fit  5.89  1.94 0.103    63.0 from 212 sources of uvex_2193 g
r1013003.fit  5.61  1.85 0.081   104.9 from 376 sources of uvex_2193o r
r1013003.fit  5.61  1.85 0.081   104.9 from 376 sources of uvex_2193o r
r1013004.fit  6.81  2.25 0.097    31.7 from  45 sources of uvex_2193o U
r1013004.fit  6.81  2.25 0.097    31.7 from  45 sources of uvex_2193o U
r1013005.fit  6.04  1.99 0.107    56.4 from 247 sources of uvex_2193o g
r1013005.fit  6.04  1.99 0.107    56.4 from 247 sources of uvex_2193o g
r1013006.fit  5.82  1.92 0.094    97.9 from 295 sources of uvex_1745 r
r1013006.fit  5.82  1.92 0.094    97.9 from 295 sources of uvex_1745 r
r1013007.fit  6.49  2.14 0.098    30.5 from  44 sources of uvex_1745 U
r1013007.fit  6.49  2.14 0.098    30.5 from  44 sources of uvex_1745 U
r1013008.fit  5.34  1.76 0.064    54.6 from 226 sources of uvex_1745 g
r1013008.fit  5.34  1.76 0.064    54.6 from 226 sources of uvex_1745 g
r1013009.fit  4.87  1.61 0.059    95.7 from 377 sources of uvex_1745o r
r1013009.fit  4.87  1.61 0.059    95.7 from 377 sources of uvex_1745o r
r1013010.fit  6.65  2.19 0.105    32.8 from  57 sources of uvex_1745o U
r1013010.fit  6.65  2.19 0.105    32.8 from  57 sources of uvex_1745o U
r1013011.fit  5.56  1.83 0.068    57.1 from 217 sources of uvex_1745o g
r1013011.fit  5.56  1.83 0.068    57.1 from 217 sources of uvex_1745o g
r1013012.fit  5.84  1.93 0.088   104.8 from 369 sources of uvex_1988 r
r1013012.fit  5.84  1.93 0.088   104.8 from 369 sources of uvex_1988 r
r1013013.fit  7.01  2.31 0.117    35.3 from  48 sources of uvex_1988 U
r1013013.fit  7.01  2.31 0.117    35.3 from  48 sources of uvex_1988 U
r1013014.fit  5.97  1.97 0.104    67.2 from 248 sources of uvex_1988 g
r1013014.fit  5.97  1.97 0.104    67.2 from 248 sources of uvex_1988 g
r1013015.fit  5.83  1.92 0.110    89.2 from 385 sources of uvex_1988o r
r1013015.fit  5.83  1.92 0.110    89.2 from 385 sources of uvex_1988o r
r1013016.fit  6.92  2.28 0.127    38.4 from  45 sources of uvex_1988o U
r1013016.fit  6.92  2.28 0.127    38.4 from  45 sources of uvex_1988o U
r1013017.fit  6.45  2.13 0.116    60.5 from 220 sources of uvex_1988o g
r1013017.fit  6.45  2.13 0.116    60.5 from 220 sources of uvex_1988o g
r1013018.fit  5.31  1.75 0.101    91.4 from 366 sources of uvex_1982 r
r1013018.fit  5.31  1.75 0.101    91.4 from 366 sources of uvex_1982 r
r1013019.fit  6.22  2.05 0.097    33.3 from  39 sources of uvex_1982 U
r1013019.fit  6.22  2.05 0.097    33.3 from  39 sources of uvex_1982 U
r1013020.fit  5.54  1.83 0.077    62.4 from 198 sources of uvex_1982 g
r1013020.fit  5.54  1.83 0.077    62.4 from 198 sources of uvex_1982 g
r1013021.fit  5.17  1.71 0.078    90.1 from 338 sources of uvex_1982o r
r1013021.fit  5.17  1.71 0.078    90.1 from 338 sources of uvex_1982o r
r1013022.fit  6.59  2.17 0.108    36.3 from  32 sources of uvex_1982o U
r1013022.fit  6.59  2.17 0.108    36.3 from  32 sources of uvex_1982o U
r1013023.fit  5.41  1.79 0.098    51.8 from 201 sources of uvex_1982o g
r1013023.fit  5.41  1.79 0.098    51.8 from 201 sources of uvex_1982o g
r1013024.fit  5.36  1.77 0.086    93.7 from 541 sources of uvex_1972 r
r1013024.fit  5.36  1.77 0.086    93.7 from 541 sources of uvex_1972 r
r1013025.fit  6.55  2.16 0.099    38.9 from  72 sources of uvex_1972 U
r1013025.fit  6.55  2.16 0.099    38.9 from  72 sources of uvex_1972 U
r1013026.fit  5.65  1.86 0.084    54.7 from 353 sources of uvex_1972 g
r1013026.fit  5.65  1.86 0.084    54.7 from 353 sources of uvex_1972 g
r1013027.fit  4.91  1.62 0.096   101.7 from 560 sources of uvex_1972o r
r1013027.fit  4.91  1.62 0.096   101.7 from 560 sources of uvex_1972o r
r1013028.fit  6.55  2.16 0.091    32.5 from  74 sources of uvex_1972o U
r1013028.fit  6.55  2.16 0.091    32.5 from  74 sources of uvex_1972o U
r1013029.fit  5.70  1.88 0.081    58.1 from 326 sources of uvex_1972o g
r1013029.fit  5.70  1.88 0.081    58.1 from 326 sources of uvex_1972o g
r1013030.fit  5.37  1.77 0.089    79.6 from 213 sources of uvex_1971 r
r1013030.fit  5.37  1.77 0.089    79.6 from 213 sources of uvex_1971 r
r1013031.fit  6.36  2.10 0.086    35.7 from  21 sources of uvex_1971 U
r1013031.fit  6.36  2.10 0.086    35.7 from  21 sources of uvex_1971 U
r1013032.fit  5.15  1.70 0.083    61.1 from 119 sources of uvex_1971 g
r1013032.fit  5.15  1.70 0.083    61.1 from 119 sources of uvex_1971 g
r1013033.fit  5.08  1.68 0.090    97.2 from 236 sources of uvex_1971o r
r1013033.fit  5.08  1.68 0.090    97.2 from 236 sources of uvex_1971o r
r1013034.fit  6.37  2.10 0.117    31.6 from  30 sources of uvex_1971o U
r1013034.fit  6.37  2.10 0.117    31.6 from  30 sources of uvex_1971o U
r1013035.fit  5.30  1.75 0.085    57.5 from 133 sources of uvex_1971o g
r1013035.fit  5.30  1.75 0.085    57.5 from 133 sources of uvex_1971o g
r1013036.fit  5.32  1.76 0.081    90.5 from 326 sources of uvex_2081 r
r1013036.fit  5.32  1.76 0.081    90.5 from 326 sources of uvex_2081 r
r1013037.fit  6.45  2.13 0.113    34.6 from  38 sources of uvex_2081 U
r1013037.fit  6.45  2.13 0.113    34.6 from  38 sources of uvex_2081 U
r1013038.fit  5.55  1.83 0.093    56.0 from 196 sources of uvex_2081 g
r1013038.fit  5.55  1.83 0.093    56.0 from 196 sources of uvex_2081 g
r1013039.fit  5.20  1.72 0.075    98.4 from 314 sources of uvex_2081o r
r1013039.fit  5.20  1.72 0.075    98.4 from 314 sources of uvex_2081o r
r1013040.fit  6.19  2.04 0.095    28.9 from  45 sources of uvex_2081o U
r1013040.fit  6.19  2.04 0.095    28.9 from  45 sources of uvex_2081o U
r1013041.fit  5.59  1.84 0.071    54.1 from 202 sources of uvex_2081o g
r1013041.fit  5.59  1.84 0.071    54.1 from 202 sources of uvex_2081o g
r1013042.fit  5.24  1.73 0.103    84.4 from 573 sources of uvex_2200 r
r1013042.fit  5.24  1.73 0.103    84.4 from 573 sources of uvex_2200 r
r1013043.fit  6.29  2.08 0.103    37.9 from  71 sources of uvex_2200 U
r1013043.fit  6.29  2.08 0.103    37.9 from  71 sources of uvex_2200 U
r1013044.fit  5.37  1.77 0.083    48.3 from 428 sources of uvex_2200 g
r1013044.fit  5.37  1.77 0.083    48.3 from 428 sources of uvex_2200 g
r1013045.fit  5.28  1.74 0.092    91.8 from 586 sources of uvex_2200o r
r1013045.fit  5.28  1.74 0.092    91.8 from 586 sources of uvex_2200o r
r1013046.fit  6.31  2.08 0.083    36.9 from  70 sources of uvex_2200o U
r1013046.fit  6.31  2.08 0.083    36.9 from  70 sources of uvex_2200o U
r1013047.fit  5.34  1.76 0.084    55.4 from 428 sources of uvex_2200o g
r1013047.fit  5.34  1.76 0.084    55.4 from 428 sources of uvex_2200o g
r1013048.fit  5.23  1.73 0.087   127.8 from 291 sources of uvex_1961 r
r1013048.fit  5.28  1.74 0.085    89.1 from 655 sources of uvex_1961 r
r1013049.fit  6.24  2.06 0.077    33.5 from 130 sources of uvex_1961 U
r1013049.fit  6.24  2.06 0.077    33.5 from 130 sources of uvex_1961 U
r1013050.fit  5.67  1.87 0.073    88.3 from 138 sources of uvex_1961 g
r1013050.fit  5.71  1.88 0.075    51.3 from 442 sources of uvex_1961 g
r1013051.fit  5.94  1.96 0.099   108.9 from 192 sources of uvex_1961o r
r1013051.fit  5.95  1.96 0.100    96.0 from 544 sources of uvex_1961o r
r1013052.fit  6.70  2.21 0.068    36.7 from 118 sources of uvex_1961o U
r1013052.fit  6.70  2.21 0.068    36.7 from 118 sources of uvex_1961o U
r1013053.fit  6.15  2.03 0.075    87.7 from  98 sources of uvex_1961o g
r1013053.fit  6.16  2.03 0.073    55.5 from 386 sources of uvex_1961o g
r1013054.fit  5.42  1.79 0.054    97.7 from 255 sources of uvex_1960 r
r1013054.fit  5.42  1.79 0.054    97.7 from 255 sources of uvex_1960 r
r1013055.fit  6.60  2.18 0.067    36.4 from  26 sources of uvex_1960 U
r1013055.fit  6.60  2.18 0.067    36.4 from  26 sources of uvex_1960 U
r1013056.fit  5.92  1.95 0.076    60.3 from 133 sources of uvex_1960 g
r1013056.fit  5.92  1.95 0.076    60.3 from 133 sources of uvex_1960 g
r1013057.fit  4.66  1.54 0.087    90.7 from 319 sources of uvex_1960o r
r1013057.fit  4.66  1.54 0.087    90.7 from 319 sources of uvex_1960o r
r1013058.fit  5.78  1.91 0.078    32.9 from  27 sources of uvex_1960o U
r1013058.fit  5.78  1.91 0.078    32.9 from  27 sources of uvex_1960o U
r1013059.fit  5.55  1.83 0.083    61.6 from 124 sources of uvex_1960o g
r1013059.fit  5.55  1.83 0.083    61.6 from 124 sources of uvex_1960o g
r1013060.fit  4.91  1.62 0.067    95.1 from 213 sources of uvex_2045 r
r1013060.fit  4.91  1.62 0.067    95.1 from 213 sources of uvex_2045 r
r1013061.fit  6.31  2.08 0.071    32.3 from  34 sources of uvex_2045 U
r1013061.fit  6.31  2.08 0.071    32.3 from  34 sources of uvex_2045 U
r1013062.fit  5.39  1.78 0.079    63.1 from 106 sources of uvex_2045 g
r1013062.fit  5.39  1.78 0.079    63.1 from 106 sources of uvex_2045 g
r1013063.fit  5.17  1.71 0.080    94.2 from 187 sources of uvex_2045o r
r1013063.fit  5.17  1.71 0.080    94.2 from 187 sources of uvex_2045o r
r1013064.fit  6.16  2.03 0.075    37.8 from  33 sources of uvex_2045o U
r1013064.fit  6.16  2.03 0.075    37.8 from  33 sources of uvex_2045o U
r1013065.fit  5.64  1.86 0.070    59.7 from  93 sources of uvex_2045o g
r1013065.fit  5.64  1.86 0.070    59.7 from  93 sources of uvex_2045o g
r1013066.fit  5.10  1.68 0.094    93.6 from 386 sources of uvex_2144 r
r1013066.fit  5.10  1.68 0.094    93.6 from 386 sources of uvex_2144 r
r1013067.fit  6.26  2.07 0.084    37.2 from  37 sources of uvex_2144 U
r1013067.fit  6.26  2.07 0.084    37.2 from  37 sources of uvex_2144 U
r1013068.fit  5.12  1.69 0.079    60.4 from 238 sources of uvex_2144 g
r1013068.fit  5.12  1.69 0.079    60.4 from 238 sources of uvex_2144 g
r1013069.fit  4.57  1.51 0.039    74.8 from  49 sources of SA95-271 i
r1013069.fit  4.57  1.51 0.039    74.8 from  49 sources of SA95-271 i
r1013070.fit  5.35  1.77 0.065    37.4 from  27 sources of SA95-271 g
r1013070.fit  5.35  1.77 0.065    37.4 from  27 sources of SA95-271 g
r1013071.fit  6.29  2.08 0.054    60.8 from  16 sources of SA95-271 U
r1013071.fit  6.29  2.08 0.054    60.8 from  16 sources of SA95-271 U
r1013072.fit  5.22  1.72 0.040    35.1 from  22 sources of SA95-271 r
r1013072.fit  5.22  1.72 0.040    35.1 from  22 sources of SA95-271 r
r1013073.fit  4.71  1.55 0.056    27.9 from  30 sources of SA95-271 Ha
r1013073.fit  4.71  1.55 0.056    27.9 from  30 sources of SA95-271 Ha
r1013074.fit is not a target (SKY)
r1013074.fit is not a target (SKY)
r1013075.fit is not a target (SKY)
r1013075.fit is not a target (SKY)
r1013076.fit is not a target (SKY)
r1013076.fit is not a target (SKY)
r1013077.fit is not a target (SKY)
r1013077.fit is not a target (SKY)
r1013078.fit is not a target (SKY)
r1013078.fit is not a target (SKY)
r1013079.fit is not a target (SKY)
r1013079.fit is not a target (SKY)
r1013080.fit is not a target (SKY)
r1013080.fit is not a target (SKY)
r1013081.fit is not a target (SKY)
r1013081.fit is not a target (SKY)
r1013082.fit is not a target (SKY)
r1013082.fit is not a target (SKY)
r1013083.fit is not a target (SKY)
r1013083.fit is not a target (SKY)
r1013084.fit is not a target (SKY)
r1013084.fit is not a target (SKY)
r1013085.fit is not a target (SKY)
r1013085.fit is not a target (SKY)
r1013086.fit is not a target (SKY)
r1013086.fit is not a target (SKY)
r1013087.fit is not a target (SKY)
r1013087.fit is not a target (SKY)
r1013088.fit is not a target (SKY)
r1013088.fit is not a target (SKY)
